Bootstrapping complete
SCC. build: 20:42:55, Jun  2 2019. Time: 10:33:18 [Apr  3 2019]
===============================================================
Input graph (directed)		 (-g=)=../graphs/LiveJ.edges
Input number of trim levels	 (-t=)=1
Pivot selection			 (-p=)=4
Specify FW-BW variant		 (-m=)=1
Specify maximum workers		 (-w=)=8
Specify randwalk iterations	 (-rand=)=10
Specify trim cutoff point	 (-cutoff=)=0
Specify how often to trim	 (-steps=)=1
Print help section		 (-h=)=No
Print SCC output to file	 (-out=)=No
Name to append output file	 (-suffix=)=Trim_1_C8_iteration1
Print timers			 (-time=)=3
Print debug information		 (-a=)=0

Loading graph
Graph loaded
Starting
Done

Writing timer output
Bootstrapping complete
SCC. build: 20:42:55, Jun  2 2019. Time: 10:35:16 [Apr  3 2019]
===============================================================
Input graph (directed)		 (-g=)=../graphs/LiveJ.edges
Input number of trim levels	 (-t=)=1
Pivot selection			 (-p=)=4
Specify FW-BW variant		 (-m=)=1
Specify maximum workers		 (-w=)=8
Specify randwalk iterations	 (-rand=)=10
Specify trim cutoff point	 (-cutoff=)=0
Specify how often to trim	 (-steps=)=1
Print help section		 (-h=)=No
Print SCC output to file	 (-out=)=No
Name to append output file	 (-suffix=)=Trim_1_C8_iteration2
Print timers			 (-time=)=3
Print debug information		 (-a=)=0

Loading graph
Graph loaded
Starting
Done

Writing timer output
Bootstrapping complete
SCC. build: 20:42:55, Jun  2 2019. Time: 10:37:11 [Apr  3 2019]
===============================================================
Input graph (directed)		 (-g=)=../graphs/LiveJ.edges
Input number of trim levels	 (-t=)=1
Pivot selection			 (-p=)=4
Specify FW-BW variant		 (-m=)=1
Specify maximum workers		 (-w=)=8
Specify randwalk iterations	 (-rand=)=10
Specify trim cutoff point	 (-cutoff=)=0
Specify how often to trim	 (-steps=)=1
Print help section		 (-h=)=No
Print SCC output to file	 (-out=)=No
Name to append output file	 (-suffix=)=Trim_1_C8_iteration3
Print timers			 (-time=)=3
Print debug information		 (-a=)=0

Loading graph
Graph loaded
Starting
Done

Writing timer output
Bootstrapping complete
SCC. build: 20:42:55, Jun  2 2019. Time: 10:39:07 [Apr  3 2019]
===============================================================
Input graph (directed)		 (-g=)=../graphs/LiveJ.edges
Input number of trim levels	 (-t=)=1
Pivot selection			 (-p=)=4
Specify FW-BW variant		 (-m=)=1
Specify maximum workers		 (-w=)=8
Specify randwalk iterations	 (-rand=)=10
Specify trim cutoff point	 (-cutoff=)=0
Specify how often to trim	 (-steps=)=1
Print help section		 (-h=)=No
Print SCC output to file	 (-out=)=No
Name to append output file	 (-suffix=)=Trim_1_C8_iteration4
Print timers			 (-time=)=3
Print debug information		 (-a=)=0

Loading graph
Graph loaded
Starting
Done

Writing timer output
Bootstrapping complete
SCC. build: 20:42:55, Jun  2 2019. Time: 10:41:04 [Apr  3 2019]
===============================================================
Input graph (directed)		 (-g=)=../graphs/LiveJ.edges
Input number of trim levels	 (-t=)=1
Pivot selection			 (-p=)=4
Specify FW-BW variant		 (-m=)=1
Specify maximum workers		 (-w=)=8
Specify randwalk iterations	 (-rand=)=10
Specify trim cutoff point	 (-cutoff=)=0
Specify how often to trim	 (-steps=)=1
Print help section		 (-h=)=No
Print SCC output to file	 (-out=)=No
Name to append output file	 (-suffix=)=Trim_1_C8_iteration5
Print timers			 (-time=)=3
Print debug information		 (-a=)=0

Loading graph
Graph loaded
Starting
Done

Writing timer output
Bootstrapping complete
SCC. build: 20:42:55, Jun  2 2019. Time: 10:43:00 [Apr  3 2019]
===============================================================
Input graph (directed)		 (-g=)=../graphs/LiveJ.edges
Input number of trim levels	 (-t=)=1
Pivot selection			 (-p=)=4
Specify FW-BW variant		 (-m=)=1
Specify maximum workers		 (-w=)=8
Specify randwalk iterations	 (-rand=)=10
Specify trim cutoff point	 (-cutoff=)=0
Specify how often to trim	 (-steps=)=1
Print help section		 (-h=)=No
Print SCC output to file	 (-out=)=No
Name to append output file	 (-suffix=)=Trim_1_C8_iteration6
Print timers			 (-time=)=3
Print debug information		 (-a=)=0

Loading graph
Graph loaded
Starting
Done

Writing timer output
Bootstrapping complete
SCC. build: 20:42:55, Jun  2 2019. Time: 10:45:00 [Apr  3 2019]
===============================================================
Input graph (directed)		 (-g=)=../graphs/LiveJ.edges
Input number of trim levels	 (-t=)=1
Pivot selection			 (-p=)=4
Specify FW-BW variant		 (-m=)=1
Specify maximum workers		 (-w=)=8
Specify randwalk iterations	 (-rand=)=10
Specify trim cutoff point	 (-cutoff=)=0
Specify how often to trim	 (-steps=)=1
Print help section		 (-h=)=No
Print SCC output to file	 (-out=)=No
Name to append output file	 (-suffix=)=Trim_1_C8_iteration7
Print timers			 (-time=)=3
Print debug information		 (-a=)=0

Loading graph
Graph loaded
Starting
Done

Writing timer output
Bootstrapping complete
SCC. build: 20:42:55, Jun  2 2019. Time: 10:47:02 [Apr  3 2019]
===============================================================
Input graph (directed)		 (-g=)=../graphs/LiveJ.edges
Input number of trim levels	 (-t=)=1
Pivot selection			 (-p=)=4
Specify FW-BW variant		 (-m=)=1
Specify maximum workers		 (-w=)=8
Specify randwalk iterations	 (-rand=)=10
Specify trim cutoff point	 (-cutoff=)=0
Specify how often to trim	 (-steps=)=1
Print help section		 (-h=)=No
Print SCC output to file	 (-out=)=No
Name to append output file	 (-suffix=)=Trim_1_C8_iteration8
Print timers			 (-time=)=3
Print debug information		 (-a=)=0

Loading graph
Graph loaded
Starting
Done

Writing timer output
Bootstrapping complete
SCC. build: 20:42:55, Jun  2 2019. Time: 10:49:01 [Apr  3 2019]
===============================================================
Input graph (directed)		 (-g=)=../graphs/LiveJ.edges
Input number of trim levels	 (-t=)=1
Pivot selection			 (-p=)=4
Specify FW-BW variant		 (-m=)=1
Specify maximum workers		 (-w=)=8
Specify randwalk iterations	 (-rand=)=10
Specify trim cutoff point	 (-cutoff=)=0
Specify how often to trim	 (-steps=)=1
Print help section		 (-h=)=No
Print SCC output to file	 (-out=)=No
Name to append output file	 (-suffix=)=Trim_1_C8_iteration9
Print timers			 (-time=)=3
Print debug information		 (-a=)=0

Loading graph
Graph loaded
Starting
Done

Writing timer output
Bootstrapping complete
SCC. build: 20:42:55, Jun  2 2019. Time: 10:50:56 [Apr  3 2019]
===============================================================
Input graph (directed)		 (-g=)=../graphs/LiveJ.edges
Input number of trim levels	 (-t=)=1
Pivot selection			 (-p=)=4
Specify FW-BW variant		 (-m=)=1
Specify maximum workers		 (-w=)=8
Specify randwalk iterations	 (-rand=)=10
Specify trim cutoff point	 (-cutoff=)=0
Specify how often to trim	 (-steps=)=1
Print help section		 (-h=)=No
Print SCC output to file	 (-out=)=No
Name to append output file	 (-suffix=)=Trim_1_C8_iteration10
Print timers			 (-time=)=3
Print debug information		 (-a=)=0

Loading graph
Graph loaded
Starting
Done

Writing timer output
Bootstrapping complete
SCC. build: 20:42:55, Jun  2 2019. Time: 10:52:53 [Apr  3 2019]
===============================================================
Input graph (directed)		 (-g=)=../graphs/LiveJ.edges
Input number of trim levels	 (-t=)=2
Pivot selection			 (-p=)=4
Specify FW-BW variant		 (-m=)=1
Specify maximum workers		 (-w=)=8
Specify randwalk iterations	 (-rand=)=10
Specify trim cutoff point	 (-cutoff=)=0
Specify how often to trim	 (-steps=)=1
Print help section		 (-h=)=No
Print SCC output to file	 (-out=)=No
Name to append output file	 (-suffix=)=Trim_2_C8_iteration1
Print timers			 (-time=)=3
Print debug information		 (-a=)=0

Loading graph
Graph loaded
Starting
Done

Writing timer output
Bootstrapping complete
SCC. build: 20:42:55, Jun  2 2019. Time: 10:54:13 [Apr  3 2019]
===============================================================
Input graph (directed)		 (-g=)=../graphs/LiveJ.edges
Input number of trim levels	 (-t=)=2
Pivot selection			 (-p=)=4
Specify FW-BW variant		 (-m=)=1
Specify maximum workers		 (-w=)=8
Specify randwalk iterations	 (-rand=)=10
Specify trim cutoff point	 (-cutoff=)=0
Specify how often to trim	 (-steps=)=1
Print help section		 (-h=)=No
Print SCC output to file	 (-out=)=No
Name to append output file	 (-suffix=)=Trim_2_C8_iteration2
Print timers			 (-time=)=3
Print debug information		 (-a=)=0

Loading graph
Graph loaded
Starting
Done

Writing timer output
Bootstrapping complete
SCC. build: 20:42:55, Jun  2 2019. Time: 10:55:38 [Apr  3 2019]
===============================================================
Input graph (directed)		 (-g=)=../graphs/LiveJ.edges
Input number of trim levels	 (-t=)=2
Pivot selection			 (-p=)=4
Specify FW-BW variant		 (-m=)=1
Specify maximum workers		 (-w=)=8
Specify randwalk iterations	 (-rand=)=10
Specify trim cutoff point	 (-cutoff=)=0
Specify how often to trim	 (-steps=)=1
Print help section		 (-h=)=No
Print SCC output to file	 (-out=)=No
Name to append output file	 (-suffix=)=Trim_2_C8_iteration3
Print timers			 (-time=)=3
Print debug information		 (-a=)=0

Loading graph
Graph loaded
Starting
Done

Writing timer output
Bootstrapping complete
SCC. build: 20:42:55, Jun  2 2019. Time: 10:57:04 [Apr  3 2019]
===============================================================
Input graph (directed)		 (-g=)=../graphs/LiveJ.edges
Input number of trim levels	 (-t=)=2
Pivot selection			 (-p=)=4
Specify FW-BW variant		 (-m=)=1
Specify maximum workers		 (-w=)=8
Specify randwalk iterations	 (-rand=)=10
Specify trim cutoff point	 (-cutoff=)=0
Specify how often to trim	 (-steps=)=1
Print help section		 (-h=)=No
Print SCC output to file	 (-out=)=No
Name to append output file	 (-suffix=)=Trim_2_C8_iteration4
Print timers			 (-time=)=3
Print debug information		 (-a=)=0

Loading graph
Graph loaded
Starting
Done

Writing timer output
Bootstrapping complete
SCC. build: 20:42:55, Jun  2 2019. Time: 10:58:31 [Apr  3 2019]
===============================================================
Input graph (directed)		 (-g=)=../graphs/LiveJ.edges
Input number of trim levels	 (-t=)=2
Pivot selection			 (-p=)=4
Specify FW-BW variant		 (-m=)=1
Specify maximum workers		 (-w=)=8
Specify randwalk iterations	 (-rand=)=10
Specify trim cutoff point	 (-cutoff=)=0
Specify how often to trim	 (-steps=)=1
Print help section		 (-h=)=No
Print SCC output to file	 (-out=)=No
Name to append output file	 (-suffix=)=Trim_2_C8_iteration5
Print timers			 (-time=)=3
Print debug information		 (-a=)=0

Loading graph
Graph loaded
Starting
Done

Writing timer output
Bootstrapping complete
SCC. build: 20:42:55, Jun  2 2019. Time: 10:59:52 [Apr  3 2019]
===============================================================
Input graph (directed)		 (-g=)=../graphs/LiveJ.edges
Input number of trim levels	 (-t=)=2
Pivot selection			 (-p=)=4
Specify FW-BW variant		 (-m=)=1
Specify maximum workers		 (-w=)=8
Specify randwalk iterations	 (-rand=)=10
Specify trim cutoff point	 (-cutoff=)=0
Specify how often to trim	 (-steps=)=1
Print help section		 (-h=)=No
Print SCC output to file	 (-out=)=No
Name to append output file	 (-suffix=)=Trim_2_C8_iteration6
Print timers			 (-time=)=3
Print debug information		 (-a=)=0

Loading graph
Graph loaded
Starting
Done

Writing timer output
Bootstrapping complete
SCC. build: 20:42:55, Jun  2 2019. Time: 11:01:16 [Apr  3 2019]
===============================================================
Input graph (directed)		 (-g=)=../graphs/LiveJ.edges
Input number of trim levels	 (-t=)=2
Pivot selection			 (-p=)=4
Specify FW-BW variant		 (-m=)=1
Specify maximum workers		 (-w=)=8
Specify randwalk iterations	 (-rand=)=10
Specify trim cutoff point	 (-cutoff=)=0
Specify how often to trim	 (-steps=)=1
Print help section		 (-h=)=No
Print SCC output to file	 (-out=)=No
Name to append output file	 (-suffix=)=Trim_2_C8_iteration7
Print timers			 (-time=)=3
Print debug information		 (-a=)=0

Loading graph
Graph loaded
Starting
Done

Writing timer output
Bootstrapping complete
SCC. build: 20:42:55, Jun  2 2019. Time: 11:02:41 [Apr  3 2019]
===============================================================
Input graph (directed)		 (-g=)=../graphs/LiveJ.edges
Input number of trim levels	 (-t=)=2
Pivot selection			 (-p=)=4
Specify FW-BW variant		 (-m=)=1
Specify maximum workers		 (-w=)=8
Specify randwalk iterations	 (-rand=)=10
Specify trim cutoff point	 (-cutoff=)=0
Specify how often to trim	 (-steps=)=1
Print help section		 (-h=)=No
Print SCC output to file	 (-out=)=No
Name to append output file	 (-suffix=)=Trim_2_C8_iteration8
Print timers			 (-time=)=3
Print debug information		 (-a=)=0

Loading graph
Graph loaded
Starting
Done

Writing timer output
Bootstrapping complete
SCC. build: 20:42:55, Jun  2 2019. Time: 11:04:08 [Apr  3 2019]
===============================================================
Input graph (directed)		 (-g=)=../graphs/LiveJ.edges
Input number of trim levels	 (-t=)=2
Pivot selection			 (-p=)=4
Specify FW-BW variant		 (-m=)=1
Specify maximum workers		 (-w=)=8
Specify randwalk iterations	 (-rand=)=10
Specify trim cutoff point	 (-cutoff=)=0
Specify how often to trim	 (-steps=)=1
Print help section		 (-h=)=No
Print SCC output to file	 (-out=)=No
Name to append output file	 (-suffix=)=Trim_2_C8_iteration9
Print timers			 (-time=)=3
Print debug information		 (-a=)=0

Loading graph
Graph loaded
Starting
Done

Writing timer output
Bootstrapping complete
SCC. build: 20:42:55, Jun  2 2019. Time: 11:05:30 [Apr  3 2019]
===============================================================
Input graph (directed)		 (-g=)=../graphs/LiveJ.edges
Input number of trim levels	 (-t=)=2
Pivot selection			 (-p=)=4
Specify FW-BW variant		 (-m=)=1
Specify maximum workers		 (-w=)=8
Specify randwalk iterations	 (-rand=)=10
Specify trim cutoff point	 (-cutoff=)=0
Specify how often to trim	 (-steps=)=1
Print help section		 (-h=)=No
Print SCC output to file	 (-out=)=No
Name to append output file	 (-suffix=)=Trim_2_C8_iteration10
Print timers			 (-time=)=3
Print debug information		 (-a=)=0

Loading graph
Graph loaded
Starting
Done

Writing timer output
Bootstrapping complete
SCC. build: 20:42:55, Jun  2 2019. Time: 11:06:53 [Apr  3 2019]
===============================================================
Input graph (directed)		 (-g=)=../graphs/LiveJ.edges
Input number of trim levels	 (-t=)=3
Pivot selection			 (-p=)=4
Specify FW-BW variant		 (-m=)=1
Specify maximum workers		 (-w=)=8
Specify randwalk iterations	 (-rand=)=10
Specify trim cutoff point	 (-cutoff=)=0
Specify how often to trim	 (-steps=)=1
Print help section		 (-h=)=No
Print SCC output to file	 (-out=)=No
Name to append output file	 (-suffix=)=Trim_3_C8_iteration1
Print timers			 (-time=)=3
Print debug information		 (-a=)=3

Loading graph
Graph loaded
Starting
Done

Writing timer output

Writing debug output
Done
Bootstrapping complete
SCC. build: 20:42:55, Jun  2 2019. Time: 11:08:11 [Apr  3 2019]
===============================================================
Input graph (directed)		 (-g=)=../graphs/LiveJ.edges
Input number of trim levels	 (-t=)=3
Pivot selection			 (-p=)=4
Specify FW-BW variant		 (-m=)=1
Specify maximum workers		 (-w=)=8
Specify randwalk iterations	 (-rand=)=10
Specify trim cutoff point	 (-cutoff=)=0
Specify how often to trim	 (-steps=)=1
Print help section		 (-h=)=No
Print SCC output to file	 (-out=)=No
Name to append output file	 (-suffix=)=Trim_3_C8_iteration2
Print timers			 (-time=)=3
Print debug information		 (-a=)=3

Loading graph
Graph loaded
Starting
Done

Writing timer output

Writing debug output
Done
Bootstrapping complete
SCC. build: 20:42:55, Jun  2 2019. Time: 11:09:28 [Apr  3 2019]
===============================================================
Input graph (directed)		 (-g=)=../graphs/LiveJ.edges
Input number of trim levels	 (-t=)=3
Pivot selection			 (-p=)=4
Specify FW-BW variant		 (-m=)=1
Specify maximum workers		 (-w=)=8
Specify randwalk iterations	 (-rand=)=10
Specify trim cutoff point	 (-cutoff=)=0
Specify how often to trim	 (-steps=)=1
Print help section		 (-h=)=No
Print SCC output to file	 (-out=)=No
Name to append output file	 (-suffix=)=Trim_3_C8_iteration3
Print timers			 (-time=)=3
Print debug information		 (-a=)=3

Loading graph
Graph loaded
Starting
Done

Writing timer output

Writing debug output
Done
Bootstrapping complete
SCC. build: 20:42:55, Jun  2 2019. Time: 11:10:45 [Apr  3 2019]
===============================================================
Input graph (directed)		 (-g=)=../graphs/LiveJ.edges
Input number of trim levels	 (-t=)=3
Pivot selection			 (-p=)=4
Specify FW-BW variant		 (-m=)=1
Specify maximum workers		 (-w=)=8
Specify randwalk iterations	 (-rand=)=10
Specify trim cutoff point	 (-cutoff=)=0
Specify how often to trim	 (-steps=)=1
Print help section		 (-h=)=No
Print SCC output to file	 (-out=)=No
Name to append output file	 (-suffix=)=Trim_3_C8_iteration4
Print timers			 (-time=)=3
Print debug information		 (-a=)=3

Loading graph
Graph loaded
Starting
Done

Writing timer output

Writing debug output
Done
Bootstrapping complete
SCC. build: 20:42:55, Jun  2 2019. Time: 11:12:09 [Apr  3 2019]
===============================================================
Input graph (directed)		 (-g=)=../graphs/LiveJ.edges
Input number of trim levels	 (-t=)=3
Pivot selection			 (-p=)=4
Specify FW-BW variant		 (-m=)=1
Specify maximum workers		 (-w=)=8
Specify randwalk iterations	 (-rand=)=10
Specify trim cutoff point	 (-cutoff=)=0
Specify how often to trim	 (-steps=)=1
Print help section		 (-h=)=No
Print SCC output to file	 (-out=)=No
Name to append output file	 (-suffix=)=Trim_3_C8_iteration5
Print timers			 (-time=)=3
Print debug information		 (-a=)=3

Loading graph
Graph loaded
Starting
Done

Writing timer output

Writing debug output
Done
Bootstrapping complete
SCC. build: 20:42:55, Jun  2 2019. Time: 11:13:32 [Apr  3 2019]
===============================================================
Input graph (directed)		 (-g=)=../graphs/LiveJ.edges
Input number of trim levels	 (-t=)=3
Pivot selection			 (-p=)=4
Specify FW-BW variant		 (-m=)=1
Specify maximum workers		 (-w=)=8
Specify randwalk iterations	 (-rand=)=10
Specify trim cutoff point	 (-cutoff=)=0
Specify how often to trim	 (-steps=)=1
Print help section		 (-h=)=No
Print SCC output to file	 (-out=)=No
Name to append output file	 (-suffix=)=Trim_3_C8_iteration6
Print timers			 (-time=)=3
Print debug information		 (-a=)=3

Loading graph
Graph loaded
Starting
Done

Writing timer output

Writing debug output
Done
Bootstrapping complete
SCC. build: 20:42:55, Jun  2 2019. Time: 11:14:50 [Apr  3 2019]
===============================================================
Input graph (directed)		 (-g=)=../graphs/LiveJ.edges
Input number of trim levels	 (-t=)=3
Pivot selection			 (-p=)=4
Specify FW-BW variant		 (-m=)=1
Specify maximum workers		 (-w=)=8
Specify randwalk iterations	 (-rand=)=10
Specify trim cutoff point	 (-cutoff=)=0
Specify how often to trim	 (-steps=)=1
Print help section		 (-h=)=No
Print SCC output to file	 (-out=)=No
Name to append output file	 (-suffix=)=Trim_3_C8_iteration7
Print timers			 (-time=)=3
Print debug information		 (-a=)=3

Loading graph
Graph loaded
Starting
Done

Writing timer output

Writing debug output
Done
Bootstrapping complete
SCC. build: 20:42:55, Jun  2 2019. Time: 11:16:08 [Apr  3 2019]
===============================================================
Input graph (directed)		 (-g=)=../graphs/LiveJ.edges
Input number of trim levels	 (-t=)=3
Pivot selection			 (-p=)=4
Specify FW-BW variant		 (-m=)=1
Specify maximum workers		 (-w=)=8
Specify randwalk iterations	 (-rand=)=10
Specify trim cutoff point	 (-cutoff=)=0
Specify how often to trim	 (-steps=)=1
Print help section		 (-h=)=No
Print SCC output to file	 (-out=)=No
Name to append output file	 (-suffix=)=Trim_3_C8_iteration8
Print timers			 (-time=)=3
Print debug information		 (-a=)=3

Loading graph
Graph loaded
Starting
Done

Writing timer output

Writing debug output
Done
Bootstrapping complete
SCC. build: 20:42:55, Jun  2 2019. Time: 11:17:26 [Apr  3 2019]
===============================================================
Input graph (directed)		 (-g=)=../graphs/LiveJ.edges
Input number of trim levels	 (-t=)=3
Pivot selection			 (-p=)=4
Specify FW-BW variant		 (-m=)=1
Specify maximum workers		 (-w=)=8
Specify randwalk iterations	 (-rand=)=10
Specify trim cutoff point	 (-cutoff=)=0
Specify how often to trim	 (-steps=)=1
Print help section		 (-h=)=No
Print SCC output to file	 (-out=)=No
Name to append output file	 (-suffix=)=Trim_3_C8_iteration9
Print timers			 (-time=)=3
Print debug information		 (-a=)=3

Loading graph
Graph loaded
Starting
Done

Writing timer output

Writing debug output
Done
Bootstrapping complete
SCC. build: 20:42:55, Jun  2 2019. Time: 11:18:43 [Apr  3 2019]
===============================================================
Input graph (directed)		 (-g=)=../graphs/LiveJ.edges
Input number of trim levels	 (-t=)=3
Pivot selection			 (-p=)=4
Specify FW-BW variant		 (-m=)=1
Specify maximum workers		 (-w=)=8
Specify randwalk iterations	 (-rand=)=10
Specify trim cutoff point	 (-cutoff=)=0
Specify how often to trim	 (-steps=)=1
Print help section		 (-h=)=No
Print SCC output to file	 (-out=)=No
Name to append output file	 (-suffix=)=Trim_3_C8_iteration10
Print timers			 (-time=)=3
Print debug information		 (-a=)=3

Loading graph
Graph loaded
Starting
Done

Writing timer output

Writing debug output
Done
