Bootstrapping complete
SCC. build: 20:42:55, Jun  2 2019. Time: 10:21:48 [Apr  3 2019]
===============================================================
Input graph (directed)		 (-g=)=../graphs/Pokec.edges
Input number of trim levels	 (-t=)=1
Pivot selection			 (-p=)=4
Specify FW-BW variant		 (-m=)=1
Specify maximum workers		 (-w=)=8
Specify randwalk iterations	 (-rand=)=10
Specify trim cutoff point	 (-cutoff=)=0
Specify how often to trim	 (-steps=)=1
Print help section		 (-h=)=No
Print SCC output to file	 (-out=)=No
Name to append output file	 (-suffix=)=Trim_1_C8_iteration1
Print timers			 (-time=)=3
Print debug information		 (-a=)=0

Loading graph
Graph loaded
Starting
Done

Writing timer output
Bootstrapping complete
SCC. build: 20:42:55, Jun  2 2019. Time: 10:22:13 [Apr  3 2019]
===============================================================
Input graph (directed)		 (-g=)=../graphs/Pokec.edges
Input number of trim levels	 (-t=)=1
Pivot selection			 (-p=)=4
Specify FW-BW variant		 (-m=)=1
Specify maximum workers		 (-w=)=8
Specify randwalk iterations	 (-rand=)=10
Specify trim cutoff point	 (-cutoff=)=0
Specify how often to trim	 (-steps=)=1
Print help section		 (-h=)=No
Print SCC output to file	 (-out=)=No
Name to append output file	 (-suffix=)=Trim_1_C8_iteration2
Print timers			 (-time=)=3
Print debug information		 (-a=)=0

Loading graph
Graph loaded
Starting
Done

Writing timer output
Bootstrapping complete
SCC. build: 20:42:55, Jun  2 2019. Time: 10:22:37 [Apr  3 2019]
===============================================================
Input graph (directed)		 (-g=)=../graphs/Pokec.edges
Input number of trim levels	 (-t=)=1
Pivot selection			 (-p=)=4
Specify FW-BW variant		 (-m=)=1
Specify maximum workers		 (-w=)=8
Specify randwalk iterations	 (-rand=)=10
Specify trim cutoff point	 (-cutoff=)=0
Specify how often to trim	 (-steps=)=1
Print help section		 (-h=)=No
Print SCC output to file	 (-out=)=No
Name to append output file	 (-suffix=)=Trim_1_C8_iteration3
Print timers			 (-time=)=3
Print debug information		 (-a=)=0

Loading graph
Graph loaded
Starting
Done

Writing timer output
Bootstrapping complete
SCC. build: 20:42:55, Jun  2 2019. Time: 10:23:01 [Apr  3 2019]
===============================================================
Input graph (directed)		 (-g=)=../graphs/Pokec.edges
Input number of trim levels	 (-t=)=1
Pivot selection			 (-p=)=4
Specify FW-BW variant		 (-m=)=1
Specify maximum workers		 (-w=)=8
Specify randwalk iterations	 (-rand=)=10
Specify trim cutoff point	 (-cutoff=)=0
Specify how often to trim	 (-steps=)=1
Print help section		 (-h=)=No
Print SCC output to file	 (-out=)=No
Name to append output file	 (-suffix=)=Trim_1_C8_iteration4
Print timers			 (-time=)=3
Print debug information		 (-a=)=0

Loading graph
Graph loaded
Starting
Done

Writing timer output
Bootstrapping complete
SCC. build: 20:42:55, Jun  2 2019. Time: 10:23:26 [Apr  3 2019]
===============================================================
Input graph (directed)		 (-g=)=../graphs/Pokec.edges
Input number of trim levels	 (-t=)=1
Pivot selection			 (-p=)=4
Specify FW-BW variant		 (-m=)=1
Specify maximum workers		 (-w=)=8
Specify randwalk iterations	 (-rand=)=10
Specify trim cutoff point	 (-cutoff=)=0
Specify how often to trim	 (-steps=)=1
Print help section		 (-h=)=No
Print SCC output to file	 (-out=)=No
Name to append output file	 (-suffix=)=Trim_1_C8_iteration5
Print timers			 (-time=)=3
Print debug information		 (-a=)=0

Loading graph
Graph loaded
Starting
Done

Writing timer output
Bootstrapping complete
SCC. build: 20:42:55, Jun  2 2019. Time: 10:23:50 [Apr  3 2019]
===============================================================
Input graph (directed)		 (-g=)=../graphs/Pokec.edges
Input number of trim levels	 (-t=)=1
Pivot selection			 (-p=)=4
Specify FW-BW variant		 (-m=)=1
Specify maximum workers		 (-w=)=8
Specify randwalk iterations	 (-rand=)=10
Specify trim cutoff point	 (-cutoff=)=0
Specify how often to trim	 (-steps=)=1
Print help section		 (-h=)=No
Print SCC output to file	 (-out=)=No
Name to append output file	 (-suffix=)=Trim_1_C8_iteration6
Print timers			 (-time=)=3
Print debug information		 (-a=)=0

Loading graph
Graph loaded
Starting
Done

Writing timer output
Bootstrapping complete
SCC. build: 20:42:55, Jun  2 2019. Time: 10:24:14 [Apr  3 2019]
===============================================================
Input graph (directed)		 (-g=)=../graphs/Pokec.edges
Input number of trim levels	 (-t=)=1
Pivot selection			 (-p=)=4
Specify FW-BW variant		 (-m=)=1
Specify maximum workers		 (-w=)=8
Specify randwalk iterations	 (-rand=)=10
Specify trim cutoff point	 (-cutoff=)=0
Specify how often to trim	 (-steps=)=1
Print help section		 (-h=)=No
Print SCC output to file	 (-out=)=No
Name to append output file	 (-suffix=)=Trim_1_C8_iteration7
Print timers			 (-time=)=3
Print debug information		 (-a=)=0

Loading graph
Graph loaded
Starting
Done

Writing timer output
Bootstrapping complete
SCC. build: 20:42:55, Jun  2 2019. Time: 10:24:38 [Apr  3 2019]
===============================================================
Input graph (directed)		 (-g=)=../graphs/Pokec.edges
Input number of trim levels	 (-t=)=1
Pivot selection			 (-p=)=4
Specify FW-BW variant		 (-m=)=1
Specify maximum workers		 (-w=)=8
Specify randwalk iterations	 (-rand=)=10
Specify trim cutoff point	 (-cutoff=)=0
Specify how often to trim	 (-steps=)=1
Print help section		 (-h=)=No
Print SCC output to file	 (-out=)=No
Name to append output file	 (-suffix=)=Trim_1_C8_iteration8
Print timers			 (-time=)=3
Print debug information		 (-a=)=0

Loading graph
Graph loaded
Starting
Done

Writing timer output
Bootstrapping complete
SCC. build: 20:42:55, Jun  2 2019. Time: 10:25:02 [Apr  3 2019]
===============================================================
Input graph (directed)		 (-g=)=../graphs/Pokec.edges
Input number of trim levels	 (-t=)=1
Pivot selection			 (-p=)=4
Specify FW-BW variant		 (-m=)=1
Specify maximum workers		 (-w=)=8
Specify randwalk iterations	 (-rand=)=10
Specify trim cutoff point	 (-cutoff=)=0
Specify how often to trim	 (-steps=)=1
Print help section		 (-h=)=No
Print SCC output to file	 (-out=)=No
Name to append output file	 (-suffix=)=Trim_1_C8_iteration9
Print timers			 (-time=)=3
Print debug information		 (-a=)=0

Loading graph
Graph loaded
Starting
Done

Writing timer output
Bootstrapping complete
SCC. build: 20:42:55, Jun  2 2019. Time: 10:25:26 [Apr  3 2019]
===============================================================
Input graph (directed)		 (-g=)=../graphs/Pokec.edges
Input number of trim levels	 (-t=)=1
Pivot selection			 (-p=)=4
Specify FW-BW variant		 (-m=)=1
Specify maximum workers		 (-w=)=8
Specify randwalk iterations	 (-rand=)=10
Specify trim cutoff point	 (-cutoff=)=0
Specify how often to trim	 (-steps=)=1
Print help section		 (-h=)=No
Print SCC output to file	 (-out=)=No
Name to append output file	 (-suffix=)=Trim_1_C8_iteration10
Print timers			 (-time=)=3
Print debug information		 (-a=)=0

Loading graph
Graph loaded
Starting
Done

Writing timer output
Bootstrapping complete
SCC. build: 20:42:55, Jun  2 2019. Time: 10:25:51 [Apr  3 2019]
===============================================================
Input graph (directed)		 (-g=)=../graphs/Pokec.edges
Input number of trim levels	 (-t=)=2
Pivot selection			 (-p=)=4
Specify FW-BW variant		 (-m=)=1
Specify maximum workers		 (-w=)=8
Specify randwalk iterations	 (-rand=)=10
Specify trim cutoff point	 (-cutoff=)=0
Specify how often to trim	 (-steps=)=1
Print help section		 (-h=)=No
Print SCC output to file	 (-out=)=No
Name to append output file	 (-suffix=)=Trim_2_C8_iteration1
Print timers			 (-time=)=3
Print debug information		 (-a=)=0

Loading graph
Graph loaded
Starting
Done

Writing timer output
Bootstrapping complete
SCC. build: 20:42:55, Jun  2 2019. Time: 10:26:13 [Apr  3 2019]
===============================================================
Input graph (directed)		 (-g=)=../graphs/Pokec.edges
Input number of trim levels	 (-t=)=2
Pivot selection			 (-p=)=4
Specify FW-BW variant		 (-m=)=1
Specify maximum workers		 (-w=)=8
Specify randwalk iterations	 (-rand=)=10
Specify trim cutoff point	 (-cutoff=)=0
Specify how often to trim	 (-steps=)=1
Print help section		 (-h=)=No
Print SCC output to file	 (-out=)=No
Name to append output file	 (-suffix=)=Trim_2_C8_iteration2
Print timers			 (-time=)=3
Print debug information		 (-a=)=0

Loading graph
Graph loaded
Starting
Done

Writing timer output
Bootstrapping complete
SCC. build: 20:42:55, Jun  2 2019. Time: 10:26:37 [Apr  3 2019]
===============================================================
Input graph (directed)		 (-g=)=../graphs/Pokec.edges
Input number of trim levels	 (-t=)=2
Pivot selection			 (-p=)=4
Specify FW-BW variant		 (-m=)=1
Specify maximum workers		 (-w=)=8
Specify randwalk iterations	 (-rand=)=10
Specify trim cutoff point	 (-cutoff=)=0
Specify how often to trim	 (-steps=)=1
Print help section		 (-h=)=No
Print SCC output to file	 (-out=)=No
Name to append output file	 (-suffix=)=Trim_2_C8_iteration3
Print timers			 (-time=)=3
Print debug information		 (-a=)=0

Loading graph
Graph loaded
Starting
Done

Writing timer output
Bootstrapping complete
SCC. build: 20:42:55, Jun  2 2019. Time: 10:27:01 [Apr  3 2019]
===============================================================
Input graph (directed)		 (-g=)=../graphs/Pokec.edges
Input number of trim levels	 (-t=)=2
Pivot selection			 (-p=)=4
Specify FW-BW variant		 (-m=)=1
Specify maximum workers		 (-w=)=8
Specify randwalk iterations	 (-rand=)=10
Specify trim cutoff point	 (-cutoff=)=0
Specify how often to trim	 (-steps=)=1
Print help section		 (-h=)=No
Print SCC output to file	 (-out=)=No
Name to append output file	 (-suffix=)=Trim_2_C8_iteration4
Print timers			 (-time=)=3
Print debug information		 (-a=)=0

Loading graph
Graph loaded
Starting
Done

Writing timer output
Bootstrapping complete
SCC. build: 20:42:55, Jun  2 2019. Time: 10:27:23 [Apr  3 2019]
===============================================================
Input graph (directed)		 (-g=)=../graphs/Pokec.edges
Input number of trim levels	 (-t=)=2
Pivot selection			 (-p=)=4
Specify FW-BW variant		 (-m=)=1
Specify maximum workers		 (-w=)=8
Specify randwalk iterations	 (-rand=)=10
Specify trim cutoff point	 (-cutoff=)=0
Specify how often to trim	 (-steps=)=1
Print help section		 (-h=)=No
Print SCC output to file	 (-out=)=No
Name to append output file	 (-suffix=)=Trim_2_C8_iteration5
Print timers			 (-time=)=3
Print debug information		 (-a=)=0

Loading graph
Graph loaded
Starting
Done

Writing timer output
Bootstrapping complete
SCC. build: 20:42:55, Jun  2 2019. Time: 10:27:46 [Apr  3 2019]
===============================================================
Input graph (directed)		 (-g=)=../graphs/Pokec.edges
Input number of trim levels	 (-t=)=2
Pivot selection			 (-p=)=4
Specify FW-BW variant		 (-m=)=1
Specify maximum workers		 (-w=)=8
Specify randwalk iterations	 (-rand=)=10
Specify trim cutoff point	 (-cutoff=)=0
Specify how often to trim	 (-steps=)=1
Print help section		 (-h=)=No
Print SCC output to file	 (-out=)=No
Name to append output file	 (-suffix=)=Trim_2_C8_iteration6
Print timers			 (-time=)=3
Print debug information		 (-a=)=0

Loading graph
Graph loaded
Starting
Done

Writing timer output
Bootstrapping complete
SCC. build: 20:42:55, Jun  2 2019. Time: 10:28:09 [Apr  3 2019]
===============================================================
Input graph (directed)		 (-g=)=../graphs/Pokec.edges
Input number of trim levels	 (-t=)=2
Pivot selection			 (-p=)=4
Specify FW-BW variant		 (-m=)=1
Specify maximum workers		 (-w=)=8
Specify randwalk iterations	 (-rand=)=10
Specify trim cutoff point	 (-cutoff=)=0
Specify how often to trim	 (-steps=)=1
Print help section		 (-h=)=No
Print SCC output to file	 (-out=)=No
Name to append output file	 (-suffix=)=Trim_2_C8_iteration7
Print timers			 (-time=)=3
Print debug information		 (-a=)=0

Loading graph
Graph loaded
Starting
Done

Writing timer output
Bootstrapping complete
SCC. build: 20:42:55, Jun  2 2019. Time: 10:28:32 [Apr  3 2019]
===============================================================
Input graph (directed)		 (-g=)=../graphs/Pokec.edges
Input number of trim levels	 (-t=)=2
Pivot selection			 (-p=)=4
Specify FW-BW variant		 (-m=)=1
Specify maximum workers		 (-w=)=8
Specify randwalk iterations	 (-rand=)=10
Specify trim cutoff point	 (-cutoff=)=0
Specify how often to trim	 (-steps=)=1
Print help section		 (-h=)=No
Print SCC output to file	 (-out=)=No
Name to append output file	 (-suffix=)=Trim_2_C8_iteration8
Print timers			 (-time=)=3
Print debug information		 (-a=)=0

Loading graph
Graph loaded
Starting
Done

Writing timer output
Bootstrapping complete
SCC. build: 20:42:55, Jun  2 2019. Time: 10:28:57 [Apr  3 2019]
===============================================================
Input graph (directed)		 (-g=)=../graphs/Pokec.edges
Input number of trim levels	 (-t=)=2
Pivot selection			 (-p=)=4
Specify FW-BW variant		 (-m=)=1
Specify maximum workers		 (-w=)=8
Specify randwalk iterations	 (-rand=)=10
Specify trim cutoff point	 (-cutoff=)=0
Specify how often to trim	 (-steps=)=1
Print help section		 (-h=)=No
Print SCC output to file	 (-out=)=No
Name to append output file	 (-suffix=)=Trim_2_C8_iteration9
Print timers			 (-time=)=3
Print debug information		 (-a=)=0

Loading graph
Graph loaded
Starting
Done

Writing timer output
Bootstrapping complete
SCC. build: 20:42:55, Jun  2 2019. Time: 10:29:21 [Apr  3 2019]
===============================================================
Input graph (directed)		 (-g=)=../graphs/Pokec.edges
Input number of trim levels	 (-t=)=2
Pivot selection			 (-p=)=4
Specify FW-BW variant		 (-m=)=1
Specify maximum workers		 (-w=)=8
Specify randwalk iterations	 (-rand=)=10
Specify trim cutoff point	 (-cutoff=)=0
Specify how often to trim	 (-steps=)=1
Print help section		 (-h=)=No
Print SCC output to file	 (-out=)=No
Name to append output file	 (-suffix=)=Trim_2_C8_iteration10
Print timers			 (-time=)=3
Print debug information		 (-a=)=0

Loading graph
Graph loaded
Starting
Done

Writing timer output
Bootstrapping complete
SCC. build: 20:42:55, Jun  2 2019. Time: 10:29:42 [Apr  3 2019]
===============================================================
Input graph (directed)		 (-g=)=../graphs/Pokec.edges
Input number of trim levels	 (-t=)=3
Pivot selection			 (-p=)=4
Specify FW-BW variant		 (-m=)=1
Specify maximum workers		 (-w=)=8
Specify randwalk iterations	 (-rand=)=10
Specify trim cutoff point	 (-cutoff=)=0
Specify how often to trim	 (-steps=)=1
Print help section		 (-h=)=No
Print SCC output to file	 (-out=)=No
Name to append output file	 (-suffix=)=Trim_3_C8_iteration1
Print timers			 (-time=)=3
Print debug information		 (-a=)=3

Loading graph
Graph loaded
Starting
Done

Writing timer output

Writing debug output
Done
Bootstrapping complete
SCC. build: 20:42:55, Jun  2 2019. Time: 10:30:03 [Apr  3 2019]
===============================================================
Input graph (directed)		 (-g=)=../graphs/Pokec.edges
Input number of trim levels	 (-t=)=3
Pivot selection			 (-p=)=4
Specify FW-BW variant		 (-m=)=1
Specify maximum workers		 (-w=)=8
Specify randwalk iterations	 (-rand=)=10
Specify trim cutoff point	 (-cutoff=)=0
Specify how often to trim	 (-steps=)=1
Print help section		 (-h=)=No
Print SCC output to file	 (-out=)=No
Name to append output file	 (-suffix=)=Trim_3_C8_iteration2
Print timers			 (-time=)=3
Print debug information		 (-a=)=3

Loading graph
Graph loaded
Starting
Done

Writing timer output

Writing debug output
Done
Bootstrapping complete
SCC. build: 20:42:55, Jun  2 2019. Time: 10:30:24 [Apr  3 2019]
===============================================================
Input graph (directed)		 (-g=)=../graphs/Pokec.edges
Input number of trim levels	 (-t=)=3
Pivot selection			 (-p=)=4
Specify FW-BW variant		 (-m=)=1
Specify maximum workers		 (-w=)=8
Specify randwalk iterations	 (-rand=)=10
Specify trim cutoff point	 (-cutoff=)=0
Specify how often to trim	 (-steps=)=1
Print help section		 (-h=)=No
Print SCC output to file	 (-out=)=No
Name to append output file	 (-suffix=)=Trim_3_C8_iteration3
Print timers			 (-time=)=3
Print debug information		 (-a=)=3

Loading graph
Graph loaded
Starting
Done

Writing timer output

Writing debug output
Done
Bootstrapping complete
SCC. build: 20:42:55, Jun  2 2019. Time: 10:30:45 [Apr  3 2019]
===============================================================
Input graph (directed)		 (-g=)=../graphs/Pokec.edges
Input number of trim levels	 (-t=)=3
Pivot selection			 (-p=)=4
Specify FW-BW variant		 (-m=)=1
Specify maximum workers		 (-w=)=8
Specify randwalk iterations	 (-rand=)=10
Specify trim cutoff point	 (-cutoff=)=0
Specify how often to trim	 (-steps=)=1
Print help section		 (-h=)=No
Print SCC output to file	 (-out=)=No
Name to append output file	 (-suffix=)=Trim_3_C8_iteration4
Print timers			 (-time=)=3
Print debug information		 (-a=)=3

Loading graph
Graph loaded
Starting
Done

Writing timer output

Writing debug output
Done
Bootstrapping complete
SCC. build: 20:42:55, Jun  2 2019. Time: 10:31:06 [Apr  3 2019]
===============================================================
Input graph (directed)		 (-g=)=../graphs/Pokec.edges
Input number of trim levels	 (-t=)=3
Pivot selection			 (-p=)=4
Specify FW-BW variant		 (-m=)=1
Specify maximum workers		 (-w=)=8
Specify randwalk iterations	 (-rand=)=10
Specify trim cutoff point	 (-cutoff=)=0
Specify how often to trim	 (-steps=)=1
Print help section		 (-h=)=No
Print SCC output to file	 (-out=)=No
Name to append output file	 (-suffix=)=Trim_3_C8_iteration5
Print timers			 (-time=)=3
Print debug information		 (-a=)=3

Loading graph
Graph loaded
Starting
Done

Writing timer output

Writing debug output
Done
Bootstrapping complete
SCC. build: 20:42:55, Jun  2 2019. Time: 10:31:27 [Apr  3 2019]
===============================================================
Input graph (directed)		 (-g=)=../graphs/Pokec.edges
Input number of trim levels	 (-t=)=3
Pivot selection			 (-p=)=4
Specify FW-BW variant		 (-m=)=1
Specify maximum workers		 (-w=)=8
Specify randwalk iterations	 (-rand=)=10
Specify trim cutoff point	 (-cutoff=)=0
Specify how often to trim	 (-steps=)=1
Print help section		 (-h=)=No
Print SCC output to file	 (-out=)=No
Name to append output file	 (-suffix=)=Trim_3_C8_iteration6
Print timers			 (-time=)=3
Print debug information		 (-a=)=3

Loading graph
Graph loaded
Starting
Done

Writing timer output

Writing debug output
Done
Bootstrapping complete
SCC. build: 20:42:55, Jun  2 2019. Time: 10:31:48 [Apr  3 2019]
===============================================================
Input graph (directed)		 (-g=)=../graphs/Pokec.edges
Input number of trim levels	 (-t=)=3
Pivot selection			 (-p=)=4
Specify FW-BW variant		 (-m=)=1
Specify maximum workers		 (-w=)=8
Specify randwalk iterations	 (-rand=)=10
Specify trim cutoff point	 (-cutoff=)=0
Specify how often to trim	 (-steps=)=1
Print help section		 (-h=)=No
Print SCC output to file	 (-out=)=No
Name to append output file	 (-suffix=)=Trim_3_C8_iteration7
Print timers			 (-time=)=3
Print debug information		 (-a=)=3

Loading graph
Graph loaded
Starting
Done

Writing timer output

Writing debug output
Done
Bootstrapping complete
SCC. build: 20:42:55, Jun  2 2019. Time: 10:32:10 [Apr  3 2019]
===============================================================
Input graph (directed)		 (-g=)=../graphs/Pokec.edges
Input number of trim levels	 (-t=)=3
Pivot selection			 (-p=)=4
Specify FW-BW variant		 (-m=)=1
Specify maximum workers		 (-w=)=8
Specify randwalk iterations	 (-rand=)=10
Specify trim cutoff point	 (-cutoff=)=0
Specify how often to trim	 (-steps=)=1
Print help section		 (-h=)=No
Print SCC output to file	 (-out=)=No
Name to append output file	 (-suffix=)=Trim_3_C8_iteration8
Print timers			 (-time=)=3
Print debug information		 (-a=)=3

Loading graph
Graph loaded
Starting
Done

Writing timer output

Writing debug output
Done
Bootstrapping complete
SCC. build: 20:42:55, Jun  2 2019. Time: 10:32:30 [Apr  3 2019]
===============================================================
Input graph (directed)		 (-g=)=../graphs/Pokec.edges
Input number of trim levels	 (-t=)=3
Pivot selection			 (-p=)=4
Specify FW-BW variant		 (-m=)=1
Specify maximum workers		 (-w=)=8
Specify randwalk iterations	 (-rand=)=10
Specify trim cutoff point	 (-cutoff=)=0
Specify how often to trim	 (-steps=)=1
Print help section		 (-h=)=No
Print SCC output to file	 (-out=)=No
Name to append output file	 (-suffix=)=Trim_3_C8_iteration9
Print timers			 (-time=)=3
Print debug information		 (-a=)=3

Loading graph
Graph loaded
Starting
Done

Writing timer output

Writing debug output
Done
Bootstrapping complete
SCC. build: 20:42:55, Jun  2 2019. Time: 10:32:54 [Apr  3 2019]
===============================================================
Input graph (directed)		 (-g=)=../graphs/Pokec.edges
Input number of trim levels	 (-t=)=3
Pivot selection			 (-p=)=4
Specify FW-BW variant		 (-m=)=1
Specify maximum workers		 (-w=)=8
Specify randwalk iterations	 (-rand=)=10
Specify trim cutoff point	 (-cutoff=)=0
Specify how often to trim	 (-steps=)=1
Print help section		 (-h=)=No
Print SCC output to file	 (-out=)=No
Name to append output file	 (-suffix=)=Trim_3_C8_iteration10
Print timers			 (-time=)=3
Print debug information		 (-a=)=3

Loading graph
Graph loaded
Starting
Done

Writing timer output

Writing debug output
Done
