Bootstrapping complete
SCC. build: 20:42:55, Jun  2 2019. Time: 20:45:09 [Apr  3 2019]
===============================================================
Input graph (directed)		 (-g=)=../graphs/Stanford.edges
Input number of trim levels	 (-t=)=0
Pivot selection			 (-p=)=4
Specify FW-BW variant		 (-m=)=1
Specify maximum workers		 (-w=)=1
Specify randwalk iterations	 (-rand=)=10
Specify trim cutoff point	 (-cutoff=)=0
Specify how often to trim	 (-steps=)=1
Print help section		 (-h=)=No
Print SCC output to file	 (-out=)=No
Name to append output file	 (-suffix=)=Trim_0_C1_iteration1
Print timers			 (-time=)=3
Print debug information		 (-a=)=0

Loading graph
Graph loaded
Starting
Done

Writing timer output
Bootstrapping complete
SCC. build: 20:42:55, Jun  2 2019. Time: 20:45:33 [Apr  3 2019]
===============================================================
Input graph (directed)		 (-g=)=../graphs/Stanford.edges
Input number of trim levels	 (-t=)=0
Pivot selection			 (-p=)=4
Specify FW-BW variant		 (-m=)=1
Specify maximum workers		 (-w=)=1
Specify randwalk iterations	 (-rand=)=10
Specify trim cutoff point	 (-cutoff=)=0
Specify how often to trim	 (-steps=)=1
Print help section		 (-h=)=No
Print SCC output to file	 (-out=)=No
Name to append output file	 (-suffix=)=Trim_0_C1_iteration2
Print timers			 (-time=)=3
Print debug information		 (-a=)=0

Loading graph
Graph loaded
Starting
Done

Writing timer output
Bootstrapping complete
SCC. build: 20:42:55, Jun  2 2019. Time: 20:45:57 [Apr  3 2019]
===============================================================
Input graph (directed)		 (-g=)=../graphs/Stanford.edges
Input number of trim levels	 (-t=)=0
Pivot selection			 (-p=)=4
Specify FW-BW variant		 (-m=)=1
Specify maximum workers		 (-w=)=1
Specify randwalk iterations	 (-rand=)=10
Specify trim cutoff point	 (-cutoff=)=0
Specify how often to trim	 (-steps=)=1
Print help section		 (-h=)=No
Print SCC output to file	 (-out=)=No
Name to append output file	 (-suffix=)=Trim_0_C1_iteration3
Print timers			 (-time=)=3
Print debug information		 (-a=)=0

Loading graph
Graph loaded
Starting
Done

Writing timer output
Bootstrapping complete
SCC. build: 20:42:55, Jun  2 2019. Time: 20:46:21 [Apr  3 2019]
===============================================================
Input graph (directed)		 (-g=)=../graphs/Stanford.edges
Input number of trim levels	 (-t=)=0
Pivot selection			 (-p=)=4
Specify FW-BW variant		 (-m=)=1
Specify maximum workers		 (-w=)=1
Specify randwalk iterations	 (-rand=)=10
Specify trim cutoff point	 (-cutoff=)=0
Specify how often to trim	 (-steps=)=1
Print help section		 (-h=)=No
Print SCC output to file	 (-out=)=No
Name to append output file	 (-suffix=)=Trim_0_C1_iteration4
Print timers			 (-time=)=3
Print debug information		 (-a=)=0

Loading graph
Graph loaded
Starting
Done

Writing timer output
Bootstrapping complete
SCC. build: 20:42:55, Jun  2 2019. Time: 20:46:45 [Apr  3 2019]
===============================================================
Input graph (directed)		 (-g=)=../graphs/Stanford.edges
Input number of trim levels	 (-t=)=0
Pivot selection			 (-p=)=4
Specify FW-BW variant		 (-m=)=1
Specify maximum workers		 (-w=)=1
Specify randwalk iterations	 (-rand=)=10
Specify trim cutoff point	 (-cutoff=)=0
Specify how often to trim	 (-steps=)=1
Print help section		 (-h=)=No
Print SCC output to file	 (-out=)=No
Name to append output file	 (-suffix=)=Trim_0_C1_iteration5
Print timers			 (-time=)=3
Print debug information		 (-a=)=0

Loading graph
Graph loaded
Starting
Done

Writing timer output
Bootstrapping complete
SCC. build: 20:42:55, Jun  2 2019. Time: 20:47:08 [Apr  3 2019]
===============================================================
Input graph (directed)		 (-g=)=../graphs/Stanford.edges
Input number of trim levels	 (-t=)=0
Pivot selection			 (-p=)=4
Specify FW-BW variant		 (-m=)=1
Specify maximum workers		 (-w=)=1
Specify randwalk iterations	 (-rand=)=10
Specify trim cutoff point	 (-cutoff=)=0
Specify how often to trim	 (-steps=)=1
Print help section		 (-h=)=No
Print SCC output to file	 (-out=)=No
Name to append output file	 (-suffix=)=Trim_0_C1_iteration6
Print timers			 (-time=)=3
Print debug information		 (-a=)=0

Loading graph
Graph loaded
Starting
Done

Writing timer output
Bootstrapping complete
SCC. build: 20:42:55, Jun  2 2019. Time: 20:47:31 [Apr  3 2019]
===============================================================
Input graph (directed)		 (-g=)=../graphs/Stanford.edges
Input number of trim levels	 (-t=)=0
Pivot selection			 (-p=)=4
Specify FW-BW variant		 (-m=)=1
Specify maximum workers		 (-w=)=1
Specify randwalk iterations	 (-rand=)=10
Specify trim cutoff point	 (-cutoff=)=0
Specify how often to trim	 (-steps=)=1
Print help section		 (-h=)=No
Print SCC output to file	 (-out=)=No
Name to append output file	 (-suffix=)=Trim_0_C1_iteration7
Print timers			 (-time=)=3
Print debug information		 (-a=)=0

Loading graph
Graph loaded
Starting
Done

Writing timer output
Bootstrapping complete
SCC. build: 20:42:55, Jun  2 2019. Time: 20:47:53 [Apr  3 2019]
===============================================================
Input graph (directed)		 (-g=)=../graphs/Stanford.edges
Input number of trim levels	 (-t=)=0
Pivot selection			 (-p=)=4
Specify FW-BW variant		 (-m=)=1
Specify maximum workers		 (-w=)=1
Specify randwalk iterations	 (-rand=)=10
Specify trim cutoff point	 (-cutoff=)=0
Specify how often to trim	 (-steps=)=1
Print help section		 (-h=)=No
Print SCC output to file	 (-out=)=No
Name to append output file	 (-suffix=)=Trim_0_C1_iteration8
Print timers			 (-time=)=3
Print debug information		 (-a=)=0

Loading graph
Graph loaded
Starting
Done

Writing timer output
Bootstrapping complete
SCC. build: 20:42:55, Jun  2 2019. Time: 20:48:16 [Apr  3 2019]
===============================================================
Input graph (directed)		 (-g=)=../graphs/Stanford.edges
Input number of trim levels	 (-t=)=0
Pivot selection			 (-p=)=4
Specify FW-BW variant		 (-m=)=1
Specify maximum workers		 (-w=)=1
Specify randwalk iterations	 (-rand=)=10
Specify trim cutoff point	 (-cutoff=)=0
Specify how often to trim	 (-steps=)=1
Print help section		 (-h=)=No
Print SCC output to file	 (-out=)=No
Name to append output file	 (-suffix=)=Trim_0_C1_iteration9
Print timers			 (-time=)=3
Print debug information		 (-a=)=0

Loading graph
Graph loaded
Starting
Done

Writing timer output
Bootstrapping complete
SCC. build: 20:42:55, Jun  2 2019. Time: 20:48:39 [Apr  3 2019]
===============================================================
Input graph (directed)		 (-g=)=../graphs/Stanford.edges
Input number of trim levels	 (-t=)=0
Pivot selection			 (-p=)=4
Specify FW-BW variant		 (-m=)=1
Specify maximum workers		 (-w=)=1
Specify randwalk iterations	 (-rand=)=10
Specify trim cutoff point	 (-cutoff=)=0
Specify how often to trim	 (-steps=)=1
Print help section		 (-h=)=No
Print SCC output to file	 (-out=)=No
Name to append output file	 (-suffix=)=Trim_0_C1_iteration10
Print timers			 (-time=)=3
Print debug information		 (-a=)=0

Loading graph
Graph loaded
Starting
Done

Writing timer output
Bootstrapping complete
SCC. build: 20:42:55, Jun  2 2019. Time: 20:49:02 [Apr  3 2019]
===============================================================
Input graph (directed)		 (-g=)=../graphs/Stanford.edges
Input number of trim levels	 (-t=)=0
Pivot selection			 (-p=)=4
Specify FW-BW variant		 (-m=)=1
Specify maximum workers		 (-w=)=2
Specify randwalk iterations	 (-rand=)=10
Specify trim cutoff point	 (-cutoff=)=0
Specify how often to trim	 (-steps=)=1
Print help section		 (-h=)=No
Print SCC output to file	 (-out=)=No
Name to append output file	 (-suffix=)=Trim_0_C2_iteration1
Print timers			 (-time=)=3
Print debug information		 (-a=)=0

Loading graph
Graph loaded
Starting
Done

Writing timer output
Bootstrapping complete
SCC. build: 20:42:55, Jun  2 2019. Time: 20:49:19 [Apr  3 2019]
===============================================================
Input graph (directed)		 (-g=)=../graphs/Stanford.edges
Input number of trim levels	 (-t=)=0
Pivot selection			 (-p=)=4
Specify FW-BW variant		 (-m=)=1
Specify maximum workers		 (-w=)=2
Specify randwalk iterations	 (-rand=)=10
Specify trim cutoff point	 (-cutoff=)=0
Specify how often to trim	 (-steps=)=1
Print help section		 (-h=)=No
Print SCC output to file	 (-out=)=No
Name to append output file	 (-suffix=)=Trim_0_C2_iteration2
Print timers			 (-time=)=3
Print debug information		 (-a=)=0

Loading graph
Graph loaded
Starting
Done

Writing timer output
Bootstrapping complete
SCC. build: 20:42:55, Jun  2 2019. Time: 20:49:37 [Apr  3 2019]
===============================================================
Input graph (directed)		 (-g=)=../graphs/Stanford.edges
Input number of trim levels	 (-t=)=0
Pivot selection			 (-p=)=4
Specify FW-BW variant		 (-m=)=1
Specify maximum workers		 (-w=)=2
Specify randwalk iterations	 (-rand=)=10
Specify trim cutoff point	 (-cutoff=)=0
Specify how often to trim	 (-steps=)=1
Print help section		 (-h=)=No
Print SCC output to file	 (-out=)=No
Name to append output file	 (-suffix=)=Trim_0_C2_iteration3
Print timers			 (-time=)=3
Print debug information		 (-a=)=0

Loading graph
Graph loaded
Starting
Done

Writing timer output
Bootstrapping complete
SCC. build: 20:42:55, Jun  2 2019. Time: 20:49:54 [Apr  3 2019]
===============================================================
Input graph (directed)		 (-g=)=../graphs/Stanford.edges
Input number of trim levels	 (-t=)=0
Pivot selection			 (-p=)=4
Specify FW-BW variant		 (-m=)=1
Specify maximum workers		 (-w=)=2
Specify randwalk iterations	 (-rand=)=10
Specify trim cutoff point	 (-cutoff=)=0
Specify how often to trim	 (-steps=)=1
Print help section		 (-h=)=No
Print SCC output to file	 (-out=)=No
Name to append output file	 (-suffix=)=Trim_0_C2_iteration4
Print timers			 (-time=)=3
Print debug information		 (-a=)=0

Loading graph
Graph loaded
Starting
Done

Writing timer output
Bootstrapping complete
SCC. build: 20:42:55, Jun  2 2019. Time: 20:50:11 [Apr  3 2019]
===============================================================
Input graph (directed)		 (-g=)=../graphs/Stanford.edges
Input number of trim levels	 (-t=)=0
Pivot selection			 (-p=)=4
Specify FW-BW variant		 (-m=)=1
Specify maximum workers		 (-w=)=2
Specify randwalk iterations	 (-rand=)=10
Specify trim cutoff point	 (-cutoff=)=0
Specify how often to trim	 (-steps=)=1
Print help section		 (-h=)=No
Print SCC output to file	 (-out=)=No
Name to append output file	 (-suffix=)=Trim_0_C2_iteration5
Print timers			 (-time=)=3
Print debug information		 (-a=)=0

Loading graph
Graph loaded
Starting
Done

Writing timer output
Bootstrapping complete
SCC. build: 20:42:55, Jun  2 2019. Time: 20:50:27 [Apr  3 2019]
===============================================================
Input graph (directed)		 (-g=)=../graphs/Stanford.edges
Input number of trim levels	 (-t=)=0
Pivot selection			 (-p=)=4
Specify FW-BW variant		 (-m=)=1
Specify maximum workers		 (-w=)=2
Specify randwalk iterations	 (-rand=)=10
Specify trim cutoff point	 (-cutoff=)=0
Specify how often to trim	 (-steps=)=1
Print help section		 (-h=)=No
Print SCC output to file	 (-out=)=No
Name to append output file	 (-suffix=)=Trim_0_C2_iteration6
Print timers			 (-time=)=3
Print debug information		 (-a=)=0

Loading graph
Graph loaded
Starting
Done

Writing timer output
Bootstrapping complete
SCC. build: 20:42:55, Jun  2 2019. Time: 20:50:44 [Apr  3 2019]
===============================================================
Input graph (directed)		 (-g=)=../graphs/Stanford.edges
Input number of trim levels	 (-t=)=0
Pivot selection			 (-p=)=4
Specify FW-BW variant		 (-m=)=1
Specify maximum workers		 (-w=)=2
Specify randwalk iterations	 (-rand=)=10
Specify trim cutoff point	 (-cutoff=)=0
Specify how often to trim	 (-steps=)=1
Print help section		 (-h=)=No
Print SCC output to file	 (-out=)=No
Name to append output file	 (-suffix=)=Trim_0_C2_iteration7
Print timers			 (-time=)=3
Print debug information		 (-a=)=0

Loading graph
Graph loaded
Starting
Done

Writing timer output
Bootstrapping complete
SCC. build: 20:42:55, Jun  2 2019. Time: 20:51:00 [Apr  3 2019]
===============================================================
Input graph (directed)		 (-g=)=../graphs/Stanford.edges
Input number of trim levels	 (-t=)=0
Pivot selection			 (-p=)=4
Specify FW-BW variant		 (-m=)=1
Specify maximum workers		 (-w=)=2
Specify randwalk iterations	 (-rand=)=10
Specify trim cutoff point	 (-cutoff=)=0
Specify how often to trim	 (-steps=)=1
Print help section		 (-h=)=No
Print SCC output to file	 (-out=)=No
Name to append output file	 (-suffix=)=Trim_0_C2_iteration8
Print timers			 (-time=)=3
Print debug information		 (-a=)=0

Loading graph
Graph loaded
Starting
Done

Writing timer output
Bootstrapping complete
SCC. build: 20:42:55, Jun  2 2019. Time: 20:51:17 [Apr  3 2019]
===============================================================
Input graph (directed)		 (-g=)=../graphs/Stanford.edges
Input number of trim levels	 (-t=)=0
Pivot selection			 (-p=)=4
Specify FW-BW variant		 (-m=)=1
Specify maximum workers		 (-w=)=2
Specify randwalk iterations	 (-rand=)=10
Specify trim cutoff point	 (-cutoff=)=0
Specify how often to trim	 (-steps=)=1
Print help section		 (-h=)=No
Print SCC output to file	 (-out=)=No
Name to append output file	 (-suffix=)=Trim_0_C2_iteration9
Print timers			 (-time=)=3
Print debug information		 (-a=)=0

Loading graph
Graph loaded
Starting
Done

Writing timer output
Bootstrapping complete
SCC. build: 20:42:55, Jun  2 2019. Time: 20:51:34 [Apr  3 2019]
===============================================================
Input graph (directed)		 (-g=)=../graphs/Stanford.edges
Input number of trim levels	 (-t=)=0
Pivot selection			 (-p=)=4
Specify FW-BW variant		 (-m=)=1
Specify maximum workers		 (-w=)=2
Specify randwalk iterations	 (-rand=)=10
Specify trim cutoff point	 (-cutoff=)=0
Specify how often to trim	 (-steps=)=1
Print help section		 (-h=)=No
Print SCC output to file	 (-out=)=No
Name to append output file	 (-suffix=)=Trim_0_C2_iteration10
Print timers			 (-time=)=3
Print debug information		 (-a=)=0

Loading graph
Graph loaded
Starting
Done

Writing timer output
Bootstrapping complete
SCC. build: 20:42:55, Jun  2 2019. Time: 20:51:51 [Apr  3 2019]
===============================================================
Input graph (directed)		 (-g=)=../graphs/Stanford.edges
Input number of trim levels	 (-t=)=0
Pivot selection			 (-p=)=4
Specify FW-BW variant		 (-m=)=1
Specify maximum workers		 (-w=)=4
Specify randwalk iterations	 (-rand=)=10
Specify trim cutoff point	 (-cutoff=)=0
Specify how often to trim	 (-steps=)=1
Print help section		 (-h=)=No
Print SCC output to file	 (-out=)=No
Name to append output file	 (-suffix=)=Trim_0_C4_iteration1
Print timers			 (-time=)=3
Print debug information		 (-a=)=0

Loading graph
Graph loaded
Starting
Done

Writing timer output
Bootstrapping complete
SCC. build: 20:42:55, Jun  2 2019. Time: 20:52:05 [Apr  3 2019]
===============================================================
Input graph (directed)		 (-g=)=../graphs/Stanford.edges
Input number of trim levels	 (-t=)=0
Pivot selection			 (-p=)=4
Specify FW-BW variant		 (-m=)=1
Specify maximum workers		 (-w=)=4
Specify randwalk iterations	 (-rand=)=10
Specify trim cutoff point	 (-cutoff=)=0
Specify how often to trim	 (-steps=)=1
Print help section		 (-h=)=No
Print SCC output to file	 (-out=)=No
Name to append output file	 (-suffix=)=Trim_0_C4_iteration2
Print timers			 (-time=)=3
Print debug information		 (-a=)=0

Loading graph
Graph loaded
Starting
Done

Writing timer output
Bootstrapping complete
SCC. build: 20:42:55, Jun  2 2019. Time: 20:52:19 [Apr  3 2019]
===============================================================
Input graph (directed)		 (-g=)=../graphs/Stanford.edges
Input number of trim levels	 (-t=)=0
Pivot selection			 (-p=)=4
Specify FW-BW variant		 (-m=)=1
Specify maximum workers		 (-w=)=4
Specify randwalk iterations	 (-rand=)=10
Specify trim cutoff point	 (-cutoff=)=0
Specify how often to trim	 (-steps=)=1
Print help section		 (-h=)=No
Print SCC output to file	 (-out=)=No
Name to append output file	 (-suffix=)=Trim_0_C4_iteration3
Print timers			 (-time=)=3
Print debug information		 (-a=)=0

Loading graph
Graph loaded
Starting
Done

Writing timer output
Bootstrapping complete
SCC. build: 20:42:55, Jun  2 2019. Time: 20:52:32 [Apr  3 2019]
===============================================================
Input graph (directed)		 (-g=)=../graphs/Stanford.edges
Input number of trim levels	 (-t=)=0
Pivot selection			 (-p=)=4
Specify FW-BW variant		 (-m=)=1
Specify maximum workers		 (-w=)=4
Specify randwalk iterations	 (-rand=)=10
Specify trim cutoff point	 (-cutoff=)=0
Specify how often to trim	 (-steps=)=1
Print help section		 (-h=)=No
Print SCC output to file	 (-out=)=No
Name to append output file	 (-suffix=)=Trim_0_C4_iteration4
Print timers			 (-time=)=3
Print debug information		 (-a=)=0

Loading graph
Graph loaded
Starting
Done

Writing timer output
Bootstrapping complete
SCC. build: 20:42:55, Jun  2 2019. Time: 20:52:45 [Apr  3 2019]
===============================================================
Input graph (directed)		 (-g=)=../graphs/Stanford.edges
Input number of trim levels	 (-t=)=0
Pivot selection			 (-p=)=4
Specify FW-BW variant		 (-m=)=1
Specify maximum workers		 (-w=)=4
Specify randwalk iterations	 (-rand=)=10
Specify trim cutoff point	 (-cutoff=)=0
Specify how often to trim	 (-steps=)=1
Print help section		 (-h=)=No
Print SCC output to file	 (-out=)=No
Name to append output file	 (-suffix=)=Trim_0_C4_iteration5
Print timers			 (-time=)=3
Print debug information		 (-a=)=0

Loading graph
Graph loaded
Starting
Done

Writing timer output
Bootstrapping complete
SCC. build: 20:42:55, Jun  2 2019. Time: 20:52:59 [Apr  3 2019]
===============================================================
Input graph (directed)		 (-g=)=../graphs/Stanford.edges
Input number of trim levels	 (-t=)=0
Pivot selection			 (-p=)=4
Specify FW-BW variant		 (-m=)=1
Specify maximum workers		 (-w=)=4
Specify randwalk iterations	 (-rand=)=10
Specify trim cutoff point	 (-cutoff=)=0
Specify how often to trim	 (-steps=)=1
Print help section		 (-h=)=No
Print SCC output to file	 (-out=)=No
Name to append output file	 (-suffix=)=Trim_0_C4_iteration6
Print timers			 (-time=)=3
Print debug information		 (-a=)=0

Loading graph
Graph loaded
Starting
Done

Writing timer output
Bootstrapping complete
SCC. build: 20:42:55, Jun  2 2019. Time: 20:53:12 [Apr  3 2019]
===============================================================
Input graph (directed)		 (-g=)=../graphs/Stanford.edges
Input number of trim levels	 (-t=)=0
Pivot selection			 (-p=)=4
Specify FW-BW variant		 (-m=)=1
Specify maximum workers		 (-w=)=4
Specify randwalk iterations	 (-rand=)=10
Specify trim cutoff point	 (-cutoff=)=0
Specify how often to trim	 (-steps=)=1
Print help section		 (-h=)=No
Print SCC output to file	 (-out=)=No
Name to append output file	 (-suffix=)=Trim_0_C4_iteration7
Print timers			 (-time=)=3
Print debug information		 (-a=)=0

Loading graph
Graph loaded
Starting
Done

Writing timer output
Bootstrapping complete
SCC. build: 20:42:55, Jun  2 2019. Time: 20:53:25 [Apr  3 2019]
===============================================================
Input graph (directed)		 (-g=)=../graphs/Stanford.edges
Input number of trim levels	 (-t=)=0
Pivot selection			 (-p=)=4
Specify FW-BW variant		 (-m=)=1
Specify maximum workers		 (-w=)=4
Specify randwalk iterations	 (-rand=)=10
Specify trim cutoff point	 (-cutoff=)=0
Specify how often to trim	 (-steps=)=1
Print help section		 (-h=)=No
Print SCC output to file	 (-out=)=No
Name to append output file	 (-suffix=)=Trim_0_C4_iteration8
Print timers			 (-time=)=3
Print debug information		 (-a=)=0

Loading graph
Graph loaded
Starting
Done

Writing timer output
Bootstrapping complete
SCC. build: 20:42:55, Jun  2 2019. Time: 20:53:39 [Apr  3 2019]
===============================================================
Input graph (directed)		 (-g=)=../graphs/Stanford.edges
Input number of trim levels	 (-t=)=0
Pivot selection			 (-p=)=4
Specify FW-BW variant		 (-m=)=1
Specify maximum workers		 (-w=)=4
Specify randwalk iterations	 (-rand=)=10
Specify trim cutoff point	 (-cutoff=)=0
Specify how often to trim	 (-steps=)=1
Print help section		 (-h=)=No
Print SCC output to file	 (-out=)=No
Name to append output file	 (-suffix=)=Trim_0_C4_iteration9
Print timers			 (-time=)=3
Print debug information		 (-a=)=0

Loading graph
Graph loaded
Starting
Done

Writing timer output
Bootstrapping complete
SCC. build: 20:42:55, Jun  2 2019. Time: 20:53:53 [Apr  3 2019]
===============================================================
Input graph (directed)		 (-g=)=../graphs/Stanford.edges
Input number of trim levels	 (-t=)=0
Pivot selection			 (-p=)=4
Specify FW-BW variant		 (-m=)=1
Specify maximum workers		 (-w=)=4
Specify randwalk iterations	 (-rand=)=10
Specify trim cutoff point	 (-cutoff=)=0
Specify how often to trim	 (-steps=)=1
Print help section		 (-h=)=No
Print SCC output to file	 (-out=)=No
Name to append output file	 (-suffix=)=Trim_0_C4_iteration10
Print timers			 (-time=)=3
Print debug information		 (-a=)=0

Loading graph
Graph loaded
Starting
Done

Writing timer output
Bootstrapping complete
SCC. build: 20:42:55, Jun  2 2019. Time: 20:54:07 [Apr  3 2019]
===============================================================
Input graph (directed)		 (-g=)=../graphs/Stanford.edges
Input number of trim levels	 (-t=)=1
Pivot selection			 (-p=)=4
Specify FW-BW variant		 (-m=)=1
Specify maximum workers		 (-w=)=1
Specify randwalk iterations	 (-rand=)=10
Specify trim cutoff point	 (-cutoff=)=0
Specify how often to trim	 (-steps=)=1
Print help section		 (-h=)=No
Print SCC output to file	 (-out=)=No
Name to append output file	 (-suffix=)=Trim_1_C1_iteration1
Print timers			 (-time=)=3
Print debug information		 (-a=)=0

Loading graph
Graph loaded
Starting
Done

Writing timer output
Bootstrapping complete
SCC. build: 20:42:55, Jun  2 2019. Time: 20:54:24 [Apr  3 2019]
===============================================================
Input graph (directed)		 (-g=)=../graphs/Stanford.edges
Input number of trim levels	 (-t=)=1
Pivot selection			 (-p=)=4
Specify FW-BW variant		 (-m=)=1
Specify maximum workers		 (-w=)=1
Specify randwalk iterations	 (-rand=)=10
Specify trim cutoff point	 (-cutoff=)=0
Specify how often to trim	 (-steps=)=1
Print help section		 (-h=)=No
Print SCC output to file	 (-out=)=No
Name to append output file	 (-suffix=)=Trim_1_C1_iteration2
Print timers			 (-time=)=3
Print debug information		 (-a=)=0

Loading graph
Graph loaded
Starting
Done

Writing timer output
Bootstrapping complete
SCC. build: 20:42:55, Jun  2 2019. Time: 20:54:39 [Apr  3 2019]
===============================================================
Input graph (directed)		 (-g=)=../graphs/Stanford.edges
Input number of trim levels	 (-t=)=1
Pivot selection			 (-p=)=4
Specify FW-BW variant		 (-m=)=1
Specify maximum workers		 (-w=)=1
Specify randwalk iterations	 (-rand=)=10
Specify trim cutoff point	 (-cutoff=)=0
Specify how often to trim	 (-steps=)=1
Print help section		 (-h=)=No
Print SCC output to file	 (-out=)=No
Name to append output file	 (-suffix=)=Trim_1_C1_iteration3
Print timers			 (-time=)=3
Print debug information		 (-a=)=0

Loading graph
Graph loaded
Starting
Done

Writing timer output
Bootstrapping complete
SCC. build: 20:42:55, Jun  2 2019. Time: 20:54:55 [Apr  3 2019]
===============================================================
Input graph (directed)		 (-g=)=../graphs/Stanford.edges
Input number of trim levels	 (-t=)=1
Pivot selection			 (-p=)=4
Specify FW-BW variant		 (-m=)=1
Specify maximum workers		 (-w=)=1
Specify randwalk iterations	 (-rand=)=10
Specify trim cutoff point	 (-cutoff=)=0
Specify how often to trim	 (-steps=)=1
Print help section		 (-h=)=No
Print SCC output to file	 (-out=)=No
Name to append output file	 (-suffix=)=Trim_1_C1_iteration4
Print timers			 (-time=)=3
Print debug information		 (-a=)=0

Loading graph
Graph loaded
Starting
Done

Writing timer output
Bootstrapping complete
SCC. build: 20:42:55, Jun  2 2019. Time: 20:55:11 [Apr  3 2019]
===============================================================
Input graph (directed)		 (-g=)=../graphs/Stanford.edges
Input number of trim levels	 (-t=)=1
Pivot selection			 (-p=)=4
Specify FW-BW variant		 (-m=)=1
Specify maximum workers		 (-w=)=1
Specify randwalk iterations	 (-rand=)=10
Specify trim cutoff point	 (-cutoff=)=0
Specify how often to trim	 (-steps=)=1
Print help section		 (-h=)=No
Print SCC output to file	 (-out=)=No
Name to append output file	 (-suffix=)=Trim_1_C1_iteration5
Print timers			 (-time=)=3
Print debug information		 (-a=)=0

Loading graph
Graph loaded
Starting
Done

Writing timer output
Bootstrapping complete
SCC. build: 20:42:55, Jun  2 2019. Time: 20:55:26 [Apr  3 2019]
===============================================================
Input graph (directed)		 (-g=)=../graphs/Stanford.edges
Input number of trim levels	 (-t=)=1
Pivot selection			 (-p=)=4
Specify FW-BW variant		 (-m=)=1
Specify maximum workers		 (-w=)=1
Specify randwalk iterations	 (-rand=)=10
Specify trim cutoff point	 (-cutoff=)=0
Specify how often to trim	 (-steps=)=1
Print help section		 (-h=)=No
Print SCC output to file	 (-out=)=No
Name to append output file	 (-suffix=)=Trim_1_C1_iteration6
Print timers			 (-time=)=3
Print debug information		 (-a=)=0

Loading graph
Graph loaded
Starting
Done

Writing timer output
Bootstrapping complete
SCC. build: 20:42:55, Jun  2 2019. Time: 20:55:41 [Apr  3 2019]
===============================================================
Input graph (directed)		 (-g=)=../graphs/Stanford.edges
Input number of trim levels	 (-t=)=1
Pivot selection			 (-p=)=4
Specify FW-BW variant		 (-m=)=1
Specify maximum workers		 (-w=)=1
Specify randwalk iterations	 (-rand=)=10
Specify trim cutoff point	 (-cutoff=)=0
Specify how often to trim	 (-steps=)=1
Print help section		 (-h=)=No
Print SCC output to file	 (-out=)=No
Name to append output file	 (-suffix=)=Trim_1_C1_iteration7
Print timers			 (-time=)=3
Print debug information		 (-a=)=0

Loading graph
Graph loaded
Starting
Done

Writing timer output
Bootstrapping complete
SCC. build: 20:42:55, Jun  2 2019. Time: 20:55:56 [Apr  3 2019]
===============================================================
Input graph (directed)		 (-g=)=../graphs/Stanford.edges
Input number of trim levels	 (-t=)=1
Pivot selection			 (-p=)=4
Specify FW-BW variant		 (-m=)=1
Specify maximum workers		 (-w=)=1
Specify randwalk iterations	 (-rand=)=10
Specify trim cutoff point	 (-cutoff=)=0
Specify how often to trim	 (-steps=)=1
Print help section		 (-h=)=No
Print SCC output to file	 (-out=)=No
Name to append output file	 (-suffix=)=Trim_1_C1_iteration8
Print timers			 (-time=)=3
Print debug information		 (-a=)=0

Loading graph
Graph loaded
Starting
Done

Writing timer output
Bootstrapping complete
SCC. build: 20:42:55, Jun  2 2019. Time: 20:56:12 [Apr  3 2019]
===============================================================
Input graph (directed)		 (-g=)=../graphs/Stanford.edges
Input number of trim levels	 (-t=)=1
Pivot selection			 (-p=)=4
Specify FW-BW variant		 (-m=)=1
Specify maximum workers		 (-w=)=1
Specify randwalk iterations	 (-rand=)=10
Specify trim cutoff point	 (-cutoff=)=0
Specify how often to trim	 (-steps=)=1
Print help section		 (-h=)=No
Print SCC output to file	 (-out=)=No
Name to append output file	 (-suffix=)=Trim_1_C1_iteration9
Print timers			 (-time=)=3
Print debug information		 (-a=)=0

Loading graph
Graph loaded
Starting
Done

Writing timer output
Bootstrapping complete
SCC. build: 20:42:55, Jun  2 2019. Time: 20:56:28 [Apr  3 2019]
===============================================================
Input graph (directed)		 (-g=)=../graphs/Stanford.edges
Input number of trim levels	 (-t=)=1
Pivot selection			 (-p=)=4
Specify FW-BW variant		 (-m=)=1
Specify maximum workers		 (-w=)=1
Specify randwalk iterations	 (-rand=)=10
Specify trim cutoff point	 (-cutoff=)=0
Specify how often to trim	 (-steps=)=1
Print help section		 (-h=)=No
Print SCC output to file	 (-out=)=No
Name to append output file	 (-suffix=)=Trim_1_C1_iteration10
Print timers			 (-time=)=3
Print debug information		 (-a=)=0

Loading graph
Graph loaded
Starting
Done

Writing timer output
Bootstrapping complete
SCC. build: 20:42:55, Jun  2 2019. Time: 20:56:42 [Apr  3 2019]
===============================================================
Input graph (directed)		 (-g=)=../graphs/Stanford.edges
Input number of trim levels	 (-t=)=1
Pivot selection			 (-p=)=4
Specify FW-BW variant		 (-m=)=1
Specify maximum workers		 (-w=)=2
Specify randwalk iterations	 (-rand=)=10
Specify trim cutoff point	 (-cutoff=)=0
Specify how often to trim	 (-steps=)=1
Print help section		 (-h=)=No
Print SCC output to file	 (-out=)=No
Name to append output file	 (-suffix=)=Trim_1_C2_iteration1
Print timers			 (-time=)=3
Print debug information		 (-a=)=0

Loading graph
Graph loaded
Starting
Done

Writing timer output
Bootstrapping complete
SCC. build: 20:42:55, Jun  2 2019. Time: 20:56:54 [Apr  3 2019]
===============================================================
Input graph (directed)		 (-g=)=../graphs/Stanford.edges
Input number of trim levels	 (-t=)=1
Pivot selection			 (-p=)=4
Specify FW-BW variant		 (-m=)=1
Specify maximum workers		 (-w=)=2
Specify randwalk iterations	 (-rand=)=10
Specify trim cutoff point	 (-cutoff=)=0
Specify how often to trim	 (-steps=)=1
Print help section		 (-h=)=No
Print SCC output to file	 (-out=)=No
Name to append output file	 (-suffix=)=Trim_1_C2_iteration2
Print timers			 (-time=)=3
Print debug information		 (-a=)=0

Loading graph
Graph loaded
Starting
Done

Writing timer output
Bootstrapping complete
SCC. build: 20:42:55, Jun  2 2019. Time: 20:57:05 [Apr  3 2019]
===============================================================
Input graph (directed)		 (-g=)=../graphs/Stanford.edges
Input number of trim levels	 (-t=)=1
Pivot selection			 (-p=)=4
Specify FW-BW variant		 (-m=)=1
Specify maximum workers		 (-w=)=2
Specify randwalk iterations	 (-rand=)=10
Specify trim cutoff point	 (-cutoff=)=0
Specify how often to trim	 (-steps=)=1
Print help section		 (-h=)=No
Print SCC output to file	 (-out=)=No
Name to append output file	 (-suffix=)=Trim_1_C2_iteration3
Print timers			 (-time=)=3
Print debug information		 (-a=)=0

Loading graph
Graph loaded
Starting
Done

Writing timer output
Bootstrapping complete
SCC. build: 20:42:55, Jun  2 2019. Time: 20:57:17 [Apr  3 2019]
===============================================================
Input graph (directed)		 (-g=)=../graphs/Stanford.edges
Input number of trim levels	 (-t=)=1
Pivot selection			 (-p=)=4
Specify FW-BW variant		 (-m=)=1
Specify maximum workers		 (-w=)=2
Specify randwalk iterations	 (-rand=)=10
Specify trim cutoff point	 (-cutoff=)=0
Specify how often to trim	 (-steps=)=1
Print help section		 (-h=)=No
Print SCC output to file	 (-out=)=No
Name to append output file	 (-suffix=)=Trim_1_C2_iteration4
Print timers			 (-time=)=3
Print debug information		 (-a=)=0

Loading graph
Graph loaded
Starting
Done

Writing timer output
Bootstrapping complete
SCC. build: 20:42:55, Jun  2 2019. Time: 20:57:29 [Apr  3 2019]
===============================================================
Input graph (directed)		 (-g=)=../graphs/Stanford.edges
Input number of trim levels	 (-t=)=1
Pivot selection			 (-p=)=4
Specify FW-BW variant		 (-m=)=1
Specify maximum workers		 (-w=)=2
Specify randwalk iterations	 (-rand=)=10
Specify trim cutoff point	 (-cutoff=)=0
Specify how often to trim	 (-steps=)=1
Print help section		 (-h=)=No
Print SCC output to file	 (-out=)=No
Name to append output file	 (-suffix=)=Trim_1_C2_iteration5
Print timers			 (-time=)=3
Print debug information		 (-a=)=0

Loading graph
Graph loaded
Starting
Done

Writing timer output
Bootstrapping complete
SCC. build: 20:42:55, Jun  2 2019. Time: 20:57:40 [Apr  3 2019]
===============================================================
Input graph (directed)		 (-g=)=../graphs/Stanford.edges
Input number of trim levels	 (-t=)=1
Pivot selection			 (-p=)=4
Specify FW-BW variant		 (-m=)=1
Specify maximum workers		 (-w=)=2
Specify randwalk iterations	 (-rand=)=10
Specify trim cutoff point	 (-cutoff=)=0
Specify how often to trim	 (-steps=)=1
Print help section		 (-h=)=No
Print SCC output to file	 (-out=)=No
Name to append output file	 (-suffix=)=Trim_1_C2_iteration6
Print timers			 (-time=)=3
Print debug information		 (-a=)=0

Loading graph
Graph loaded
Starting
Done

Writing timer output
Bootstrapping complete
SCC. build: 20:42:55, Jun  2 2019. Time: 20:57:52 [Apr  3 2019]
===============================================================
Input graph (directed)		 (-g=)=../graphs/Stanford.edges
Input number of trim levels	 (-t=)=1
Pivot selection			 (-p=)=4
Specify FW-BW variant		 (-m=)=1
Specify maximum workers		 (-w=)=2
Specify randwalk iterations	 (-rand=)=10
Specify trim cutoff point	 (-cutoff=)=0
Specify how often to trim	 (-steps=)=1
Print help section		 (-h=)=No
Print SCC output to file	 (-out=)=No
Name to append output file	 (-suffix=)=Trim_1_C2_iteration7
Print timers			 (-time=)=3
Print debug information		 (-a=)=0

Loading graph
Graph loaded
Starting
Done

Writing timer output
Bootstrapping complete
SCC. build: 20:42:55, Jun  2 2019. Time: 20:58:04 [Apr  3 2019]
===============================================================
Input graph (directed)		 (-g=)=../graphs/Stanford.edges
Input number of trim levels	 (-t=)=1
Pivot selection			 (-p=)=4
Specify FW-BW variant		 (-m=)=1
Specify maximum workers		 (-w=)=2
Specify randwalk iterations	 (-rand=)=10
Specify trim cutoff point	 (-cutoff=)=0
Specify how often to trim	 (-steps=)=1
Print help section		 (-h=)=No
Print SCC output to file	 (-out=)=No
Name to append output file	 (-suffix=)=Trim_1_C2_iteration8
Print timers			 (-time=)=3
Print debug information		 (-a=)=0

Loading graph
Graph loaded
Starting
Done

Writing timer output
Bootstrapping complete
SCC. build: 20:42:55, Jun  2 2019. Time: 20:58:16 [Apr  3 2019]
===============================================================
Input graph (directed)		 (-g=)=../graphs/Stanford.edges
Input number of trim levels	 (-t=)=1
Pivot selection			 (-p=)=4
Specify FW-BW variant		 (-m=)=1
Specify maximum workers		 (-w=)=2
Specify randwalk iterations	 (-rand=)=10
Specify trim cutoff point	 (-cutoff=)=0
Specify how often to trim	 (-steps=)=1
Print help section		 (-h=)=No
Print SCC output to file	 (-out=)=No
Name to append output file	 (-suffix=)=Trim_1_C2_iteration9
Print timers			 (-time=)=3
Print debug information		 (-a=)=0

Loading graph
Graph loaded
Starting
Done

Writing timer output
Bootstrapping complete
SCC. build: 20:42:55, Jun  2 2019. Time: 20:58:28 [Apr  3 2019]
===============================================================
Input graph (directed)		 (-g=)=../graphs/Stanford.edges
Input number of trim levels	 (-t=)=1
Pivot selection			 (-p=)=4
Specify FW-BW variant		 (-m=)=1
Specify maximum workers		 (-w=)=2
Specify randwalk iterations	 (-rand=)=10
Specify trim cutoff point	 (-cutoff=)=0
Specify how often to trim	 (-steps=)=1
Print help section		 (-h=)=No
Print SCC output to file	 (-out=)=No
Name to append output file	 (-suffix=)=Trim_1_C2_iteration10
Print timers			 (-time=)=3
Print debug information		 (-a=)=0

Loading graph
Graph loaded
Starting
Done

Writing timer output
Bootstrapping complete
SCC. build: 20:42:55, Jun  2 2019. Time: 20:58:40 [Apr  3 2019]
===============================================================
Input graph (directed)		 (-g=)=../graphs/Stanford.edges
Input number of trim levels	 (-t=)=1
Pivot selection			 (-p=)=4
Specify FW-BW variant		 (-m=)=1
Specify maximum workers		 (-w=)=4
Specify randwalk iterations	 (-rand=)=10
Specify trim cutoff point	 (-cutoff=)=0
Specify how often to trim	 (-steps=)=1
Print help section		 (-h=)=No
Print SCC output to file	 (-out=)=No
Name to append output file	 (-suffix=)=Trim_1_C4_iteration1
Print timers			 (-time=)=3
Print debug information		 (-a=)=0

Loading graph
Graph loaded
Starting
Done

Writing timer output
Bootstrapping complete
SCC. build: 20:42:55, Jun  2 2019. Time: 20:58:51 [Apr  3 2019]
===============================================================
Input graph (directed)		 (-g=)=../graphs/Stanford.edges
Input number of trim levels	 (-t=)=1
Pivot selection			 (-p=)=4
Specify FW-BW variant		 (-m=)=1
Specify maximum workers		 (-w=)=4
Specify randwalk iterations	 (-rand=)=10
Specify trim cutoff point	 (-cutoff=)=0
Specify how often to trim	 (-steps=)=1
Print help section		 (-h=)=No
Print SCC output to file	 (-out=)=No
Name to append output file	 (-suffix=)=Trim_1_C4_iteration2
Print timers			 (-time=)=3
Print debug information		 (-a=)=0

Loading graph
Graph loaded
Starting
Done

Writing timer output
Bootstrapping complete
SCC. build: 20:42:55, Jun  2 2019. Time: 20:59:01 [Apr  3 2019]
===============================================================
Input graph (directed)		 (-g=)=../graphs/Stanford.edges
Input number of trim levels	 (-t=)=1
Pivot selection			 (-p=)=4
Specify FW-BW variant		 (-m=)=1
Specify maximum workers		 (-w=)=4
Specify randwalk iterations	 (-rand=)=10
Specify trim cutoff point	 (-cutoff=)=0
Specify how often to trim	 (-steps=)=1
Print help section		 (-h=)=No
Print SCC output to file	 (-out=)=No
Name to append output file	 (-suffix=)=Trim_1_C4_iteration3
Print timers			 (-time=)=3
Print debug information		 (-a=)=0

Loading graph
Graph loaded
Starting
Done

Writing timer output
Bootstrapping complete
SCC. build: 20:42:55, Jun  2 2019. Time: 20:59:11 [Apr  3 2019]
===============================================================
Input graph (directed)		 (-g=)=../graphs/Stanford.edges
Input number of trim levels	 (-t=)=1
Pivot selection			 (-p=)=4
Specify FW-BW variant		 (-m=)=1
Specify maximum workers		 (-w=)=4
Specify randwalk iterations	 (-rand=)=10
Specify trim cutoff point	 (-cutoff=)=0
Specify how often to trim	 (-steps=)=1
Print help section		 (-h=)=No
Print SCC output to file	 (-out=)=No
Name to append output file	 (-suffix=)=Trim_1_C4_iteration4
Print timers			 (-time=)=3
Print debug information		 (-a=)=0

Loading graph
Graph loaded
Starting
Done

Writing timer output
Bootstrapping complete
SCC. build: 20:42:55, Jun  2 2019. Time: 20:59:22 [Apr  3 2019]
===============================================================
Input graph (directed)		 (-g=)=../graphs/Stanford.edges
Input number of trim levels	 (-t=)=1
Pivot selection			 (-p=)=4
Specify FW-BW variant		 (-m=)=1
Specify maximum workers		 (-w=)=4
Specify randwalk iterations	 (-rand=)=10
Specify trim cutoff point	 (-cutoff=)=0
Specify how often to trim	 (-steps=)=1
Print help section		 (-h=)=No
Print SCC output to file	 (-out=)=No
Name to append output file	 (-suffix=)=Trim_1_C4_iteration5
Print timers			 (-time=)=3
Print debug information		 (-a=)=0

Loading graph
Graph loaded
Starting
Done

Writing timer output
Bootstrapping complete
SCC. build: 20:42:55, Jun  2 2019. Time: 20:59:32 [Apr  3 2019]
===============================================================
Input graph (directed)		 (-g=)=../graphs/Stanford.edges
Input number of trim levels	 (-t=)=1
Pivot selection			 (-p=)=4
Specify FW-BW variant		 (-m=)=1
Specify maximum workers		 (-w=)=4
Specify randwalk iterations	 (-rand=)=10
Specify trim cutoff point	 (-cutoff=)=0
Specify how often to trim	 (-steps=)=1
Print help section		 (-h=)=No
Print SCC output to file	 (-out=)=No
Name to append output file	 (-suffix=)=Trim_1_C4_iteration6
Print timers			 (-time=)=3
Print debug information		 (-a=)=0

Loading graph
Graph loaded
Starting
Done

Writing timer output
Bootstrapping complete
SCC. build: 20:42:55, Jun  2 2019. Time: 20:59:42 [Apr  3 2019]
===============================================================
Input graph (directed)		 (-g=)=../graphs/Stanford.edges
Input number of trim levels	 (-t=)=1
Pivot selection			 (-p=)=4
Specify FW-BW variant		 (-m=)=1
Specify maximum workers		 (-w=)=4
Specify randwalk iterations	 (-rand=)=10
Specify trim cutoff point	 (-cutoff=)=0
Specify how often to trim	 (-steps=)=1
Print help section		 (-h=)=No
Print SCC output to file	 (-out=)=No
Name to append output file	 (-suffix=)=Trim_1_C4_iteration7
Print timers			 (-time=)=3
Print debug information		 (-a=)=0

Loading graph
Graph loaded
Starting
Done

Writing timer output
Bootstrapping complete
SCC. build: 20:42:55, Jun  2 2019. Time: 20:59:52 [Apr  3 2019]
===============================================================
Input graph (directed)		 (-g=)=../graphs/Stanford.edges
Input number of trim levels	 (-t=)=1
Pivot selection			 (-p=)=4
Specify FW-BW variant		 (-m=)=1
Specify maximum workers		 (-w=)=4
Specify randwalk iterations	 (-rand=)=10
Specify trim cutoff point	 (-cutoff=)=0
Specify how often to trim	 (-steps=)=1
Print help section		 (-h=)=No
Print SCC output to file	 (-out=)=No
Name to append output file	 (-suffix=)=Trim_1_C4_iteration8
Print timers			 (-time=)=3
Print debug information		 (-a=)=0

Loading graph
Graph loaded
Starting
Done

Writing timer output
Bootstrapping complete
SCC. build: 20:42:55, Jun  2 2019. Time: 21:00:03 [Apr  3 2019]
===============================================================
Input graph (directed)		 (-g=)=../graphs/Stanford.edges
Input number of trim levels	 (-t=)=1
Pivot selection			 (-p=)=4
Specify FW-BW variant		 (-m=)=1
Specify maximum workers		 (-w=)=4
Specify randwalk iterations	 (-rand=)=10
Specify trim cutoff point	 (-cutoff=)=0
Specify how often to trim	 (-steps=)=1
Print help section		 (-h=)=No
Print SCC output to file	 (-out=)=No
Name to append output file	 (-suffix=)=Trim_1_C4_iteration9
Print timers			 (-time=)=3
Print debug information		 (-a=)=0

Loading graph
Graph loaded
Starting
Done

Writing timer output
Bootstrapping complete
SCC. build: 20:42:55, Jun  2 2019. Time: 21:00:13 [Apr  3 2019]
===============================================================
Input graph (directed)		 (-g=)=../graphs/Stanford.edges
Input number of trim levels	 (-t=)=1
Pivot selection			 (-p=)=4
Specify FW-BW variant		 (-m=)=1
Specify maximum workers		 (-w=)=4
Specify randwalk iterations	 (-rand=)=10
Specify trim cutoff point	 (-cutoff=)=0
Specify how often to trim	 (-steps=)=1
Print help section		 (-h=)=No
Print SCC output to file	 (-out=)=No
Name to append output file	 (-suffix=)=Trim_1_C4_iteration10
Print timers			 (-time=)=3
Print debug information		 (-a=)=0

Loading graph
Graph loaded
Starting
Done

Writing timer output
Bootstrapping complete
SCC. build: 20:42:55, Jun  2 2019. Time: 21:00:23 [Apr  3 2019]
===============================================================
Input graph (directed)		 (-g=)=../graphs/Stanford.edges
Input number of trim levels	 (-t=)=2
Pivot selection			 (-p=)=4
Specify FW-BW variant		 (-m=)=1
Specify maximum workers		 (-w=)=1
Specify randwalk iterations	 (-rand=)=10
Specify trim cutoff point	 (-cutoff=)=0
Specify how often to trim	 (-steps=)=1
Print help section		 (-h=)=No
Print SCC output to file	 (-out=)=No
Name to append output file	 (-suffix=)=Trim_2_C1_iteration1
Print timers			 (-time=)=3
Print debug information		 (-a=)=0

Loading graph
Graph loaded
Starting
Done

Writing timer output
Bootstrapping complete
SCC. build: 20:42:55, Jun  2 2019. Time: 21:00:42 [Apr  3 2019]
===============================================================
Input graph (directed)		 (-g=)=../graphs/Stanford.edges
Input number of trim levels	 (-t=)=2
Pivot selection			 (-p=)=4
Specify FW-BW variant		 (-m=)=1
Specify maximum workers		 (-w=)=1
Specify randwalk iterations	 (-rand=)=10
Specify trim cutoff point	 (-cutoff=)=0
Specify how often to trim	 (-steps=)=1
Print help section		 (-h=)=No
Print SCC output to file	 (-out=)=No
Name to append output file	 (-suffix=)=Trim_2_C1_iteration2
Print timers			 (-time=)=3
Print debug information		 (-a=)=0

Loading graph
Graph loaded
Starting
Done

Writing timer output
Bootstrapping complete
SCC. build: 20:42:55, Jun  2 2019. Time: 21:01:03 [Apr  3 2019]
===============================================================
Input graph (directed)		 (-g=)=../graphs/Stanford.edges
Input number of trim levels	 (-t=)=2
Pivot selection			 (-p=)=4
Specify FW-BW variant		 (-m=)=1
Specify maximum workers		 (-w=)=1
Specify randwalk iterations	 (-rand=)=10
Specify trim cutoff point	 (-cutoff=)=0
Specify how often to trim	 (-steps=)=1
Print help section		 (-h=)=No
Print SCC output to file	 (-out=)=No
Name to append output file	 (-suffix=)=Trim_2_C1_iteration3
Print timers			 (-time=)=3
Print debug information		 (-a=)=0

Loading graph
Graph loaded
Starting
Done

Writing timer output
Bootstrapping complete
SCC. build: 20:42:55, Jun  2 2019. Time: 21:01:24 [Apr  3 2019]
===============================================================
Input graph (directed)		 (-g=)=../graphs/Stanford.edges
Input number of trim levels	 (-t=)=2
Pivot selection			 (-p=)=4
Specify FW-BW variant		 (-m=)=1
Specify maximum workers		 (-w=)=1
Specify randwalk iterations	 (-rand=)=10
Specify trim cutoff point	 (-cutoff=)=0
Specify how often to trim	 (-steps=)=1
Print help section		 (-h=)=No
Print SCC output to file	 (-out=)=No
Name to append output file	 (-suffix=)=Trim_2_C1_iteration4
Print timers			 (-time=)=3
Print debug information		 (-a=)=0

Loading graph
Graph loaded
Starting
Done

Writing timer output
Bootstrapping complete
SCC. build: 20:42:55, Jun  2 2019. Time: 21:01:46 [Apr  3 2019]
===============================================================
Input graph (directed)		 (-g=)=../graphs/Stanford.edges
Input number of trim levels	 (-t=)=2
Pivot selection			 (-p=)=4
Specify FW-BW variant		 (-m=)=1
Specify maximum workers		 (-w=)=1
Specify randwalk iterations	 (-rand=)=10
Specify trim cutoff point	 (-cutoff=)=0
Specify how often to trim	 (-steps=)=1
Print help section		 (-h=)=No
Print SCC output to file	 (-out=)=No
Name to append output file	 (-suffix=)=Trim_2_C1_iteration5
Print timers			 (-time=)=3
Print debug information		 (-a=)=0

Loading graph
Graph loaded
Starting
Done

Writing timer output
Bootstrapping complete
SCC. build: 20:42:55, Jun  2 2019. Time: 21:02:06 [Apr  3 2019]
===============================================================
Input graph (directed)		 (-g=)=../graphs/Stanford.edges
Input number of trim levels	 (-t=)=2
Pivot selection			 (-p=)=4
Specify FW-BW variant		 (-m=)=1
Specify maximum workers		 (-w=)=1
Specify randwalk iterations	 (-rand=)=10
Specify trim cutoff point	 (-cutoff=)=0
Specify how often to trim	 (-steps=)=1
Print help section		 (-h=)=No
Print SCC output to file	 (-out=)=No
Name to append output file	 (-suffix=)=Trim_2_C1_iteration6
Print timers			 (-time=)=3
Print debug information		 (-a=)=0

Loading graph
Graph loaded
Starting
Done

Writing timer output
Bootstrapping complete
SCC. build: 20:42:55, Jun  2 2019. Time: 21:02:25 [Apr  3 2019]
===============================================================
Input graph (directed)		 (-g=)=../graphs/Stanford.edges
Input number of trim levels	 (-t=)=2
Pivot selection			 (-p=)=4
Specify FW-BW variant		 (-m=)=1
Specify maximum workers		 (-w=)=1
Specify randwalk iterations	 (-rand=)=10
Specify trim cutoff point	 (-cutoff=)=0
Specify how often to trim	 (-steps=)=1
Print help section		 (-h=)=No
Print SCC output to file	 (-out=)=No
Name to append output file	 (-suffix=)=Trim_2_C1_iteration7
Print timers			 (-time=)=3
Print debug information		 (-a=)=0

Loading graph
Graph loaded
Starting
Done

Writing timer output
Bootstrapping complete
SCC. build: 20:42:55, Jun  2 2019. Time: 21:02:44 [Apr  3 2019]
===============================================================
Input graph (directed)		 (-g=)=../graphs/Stanford.edges
Input number of trim levels	 (-t=)=2
Pivot selection			 (-p=)=4
Specify FW-BW variant		 (-m=)=1
Specify maximum workers		 (-w=)=1
Specify randwalk iterations	 (-rand=)=10
Specify trim cutoff point	 (-cutoff=)=0
Specify how often to trim	 (-steps=)=1
Print help section		 (-h=)=No
Print SCC output to file	 (-out=)=No
Name to append output file	 (-suffix=)=Trim_2_C1_iteration8
Print timers			 (-time=)=3
Print debug information		 (-a=)=0

Loading graph
Graph loaded
Starting
Done

Writing timer output
Bootstrapping complete
SCC. build: 20:42:55, Jun  2 2019. Time: 21:03:04 [Apr  3 2019]
===============================================================
Input graph (directed)		 (-g=)=../graphs/Stanford.edges
Input number of trim levels	 (-t=)=2
Pivot selection			 (-p=)=4
Specify FW-BW variant		 (-m=)=1
Specify maximum workers		 (-w=)=1
Specify randwalk iterations	 (-rand=)=10
Specify trim cutoff point	 (-cutoff=)=0
Specify how often to trim	 (-steps=)=1
Print help section		 (-h=)=No
Print SCC output to file	 (-out=)=No
Name to append output file	 (-suffix=)=Trim_2_C1_iteration9
Print timers			 (-time=)=3
Print debug information		 (-a=)=0

Loading graph
Graph loaded
Starting
Done

Writing timer output
Bootstrapping complete
SCC. build: 20:42:55, Jun  2 2019. Time: 21:03:24 [Apr  3 2019]
===============================================================
Input graph (directed)		 (-g=)=../graphs/Stanford.edges
Input number of trim levels	 (-t=)=2
Pivot selection			 (-p=)=4
Specify FW-BW variant		 (-m=)=1
Specify maximum workers		 (-w=)=1
Specify randwalk iterations	 (-rand=)=10
Specify trim cutoff point	 (-cutoff=)=0
Specify how often to trim	 (-steps=)=1
Print help section		 (-h=)=No
Print SCC output to file	 (-out=)=No
Name to append output file	 (-suffix=)=Trim_2_C1_iteration10
Print timers			 (-time=)=3
Print debug information		 (-a=)=0

Loading graph
Graph loaded
Starting
Done

Writing timer output
Bootstrapping complete
SCC. build: 20:42:55, Jun  2 2019. Time: 21:03:44 [Apr  3 2019]
===============================================================
Input graph (directed)		 (-g=)=../graphs/Stanford.edges
Input number of trim levels	 (-t=)=2
Pivot selection			 (-p=)=4
Specify FW-BW variant		 (-m=)=1
Specify maximum workers		 (-w=)=2
Specify randwalk iterations	 (-rand=)=10
Specify trim cutoff point	 (-cutoff=)=0
Specify how often to trim	 (-steps=)=1
Print help section		 (-h=)=No
Print SCC output to file	 (-out=)=No
Name to append output file	 (-suffix=)=Trim_2_C2_iteration1
Print timers			 (-time=)=3
Print debug information		 (-a=)=0

Loading graph
Graph loaded
Starting
Done

Writing timer output
Bootstrapping complete
SCC. build: 20:42:55, Jun  2 2019. Time: 21:03:59 [Apr  3 2019]
===============================================================
Input graph (directed)		 (-g=)=../graphs/Stanford.edges
Input number of trim levels	 (-t=)=2
Pivot selection			 (-p=)=4
Specify FW-BW variant		 (-m=)=1
Specify maximum workers		 (-w=)=2
Specify randwalk iterations	 (-rand=)=10
Specify trim cutoff point	 (-cutoff=)=0
Specify how often to trim	 (-steps=)=1
Print help section		 (-h=)=No
Print SCC output to file	 (-out=)=No
Name to append output file	 (-suffix=)=Trim_2_C2_iteration2
Print timers			 (-time=)=3
Print debug information		 (-a=)=0

Loading graph
Graph loaded
Starting
Done

Writing timer output
Bootstrapping complete
SCC. build: 20:42:55, Jun  2 2019. Time: 21:04:13 [Apr  3 2019]
===============================================================
Input graph (directed)		 (-g=)=../graphs/Stanford.edges
Input number of trim levels	 (-t=)=2
Pivot selection			 (-p=)=4
Specify FW-BW variant		 (-m=)=1
Specify maximum workers		 (-w=)=2
Specify randwalk iterations	 (-rand=)=10
Specify trim cutoff point	 (-cutoff=)=0
Specify how often to trim	 (-steps=)=1
Print help section		 (-h=)=No
Print SCC output to file	 (-out=)=No
Name to append output file	 (-suffix=)=Trim_2_C2_iteration3
Print timers			 (-time=)=3
Print debug information		 (-a=)=0

Loading graph
Graph loaded
Starting
Done

Writing timer output
Bootstrapping complete
SCC. build: 20:42:55, Jun  2 2019. Time: 21:04:27 [Apr  3 2019]
===============================================================
Input graph (directed)		 (-g=)=../graphs/Stanford.edges
Input number of trim levels	 (-t=)=2
Pivot selection			 (-p=)=4
Specify FW-BW variant		 (-m=)=1
Specify maximum workers		 (-w=)=2
Specify randwalk iterations	 (-rand=)=10
Specify trim cutoff point	 (-cutoff=)=0
Specify how often to trim	 (-steps=)=1
Print help section		 (-h=)=No
Print SCC output to file	 (-out=)=No
Name to append output file	 (-suffix=)=Trim_2_C2_iteration4
Print timers			 (-time=)=3
Print debug information		 (-a=)=0

Loading graph
Graph loaded
Starting
Done

Writing timer output
Bootstrapping complete
SCC. build: 20:42:55, Jun  2 2019. Time: 21:04:42 [Apr  3 2019]
===============================================================
Input graph (directed)		 (-g=)=../graphs/Stanford.edges
Input number of trim levels	 (-t=)=2
Pivot selection			 (-p=)=4
Specify FW-BW variant		 (-m=)=1
Specify maximum workers		 (-w=)=2
Specify randwalk iterations	 (-rand=)=10
Specify trim cutoff point	 (-cutoff=)=0
Specify how often to trim	 (-steps=)=1
Print help section		 (-h=)=No
Print SCC output to file	 (-out=)=No
Name to append output file	 (-suffix=)=Trim_2_C2_iteration5
Print timers			 (-time=)=3
Print debug information		 (-a=)=0

Loading graph
Graph loaded
Starting
Done

Writing timer output
Bootstrapping complete
SCC. build: 20:42:55, Jun  2 2019. Time: 21:04:56 [Apr  3 2019]
===============================================================
Input graph (directed)		 (-g=)=../graphs/Stanford.edges
Input number of trim levels	 (-t=)=2
Pivot selection			 (-p=)=4
Specify FW-BW variant		 (-m=)=1
Specify maximum workers		 (-w=)=2
Specify randwalk iterations	 (-rand=)=10
Specify trim cutoff point	 (-cutoff=)=0
Specify how often to trim	 (-steps=)=1
Print help section		 (-h=)=No
Print SCC output to file	 (-out=)=No
Name to append output file	 (-suffix=)=Trim_2_C2_iteration6
Print timers			 (-time=)=3
Print debug information		 (-a=)=0

Loading graph
Graph loaded
Starting
Done

Writing timer output
Bootstrapping complete
SCC. build: 20:42:55, Jun  2 2019. Time: 21:05:11 [Apr  3 2019]
===============================================================
Input graph (directed)		 (-g=)=../graphs/Stanford.edges
Input number of trim levels	 (-t=)=2
Pivot selection			 (-p=)=4
Specify FW-BW variant		 (-m=)=1
Specify maximum workers		 (-w=)=2
Specify randwalk iterations	 (-rand=)=10
Specify trim cutoff point	 (-cutoff=)=0
Specify how often to trim	 (-steps=)=1
Print help section		 (-h=)=No
Print SCC output to file	 (-out=)=No
Name to append output file	 (-suffix=)=Trim_2_C2_iteration7
Print timers			 (-time=)=3
Print debug information		 (-a=)=0

Loading graph
Graph loaded
Starting
Done

Writing timer output
Bootstrapping complete
SCC. build: 20:42:55, Jun  2 2019. Time: 21:05:26 [Apr  3 2019]
===============================================================
Input graph (directed)		 (-g=)=../graphs/Stanford.edges
Input number of trim levels	 (-t=)=2
Pivot selection			 (-p=)=4
Specify FW-BW variant		 (-m=)=1
Specify maximum workers		 (-w=)=2
Specify randwalk iterations	 (-rand=)=10
Specify trim cutoff point	 (-cutoff=)=0
Specify how often to trim	 (-steps=)=1
Print help section		 (-h=)=No
Print SCC output to file	 (-out=)=No
Name to append output file	 (-suffix=)=Trim_2_C2_iteration8
Print timers			 (-time=)=3
Print debug information		 (-a=)=0

Loading graph
Graph loaded
Starting
Done

Writing timer output
Bootstrapping complete
SCC. build: 20:42:55, Jun  2 2019. Time: 21:05:40 [Apr  3 2019]
===============================================================
Input graph (directed)		 (-g=)=../graphs/Stanford.edges
Input number of trim levels	 (-t=)=2
Pivot selection			 (-p=)=4
Specify FW-BW variant		 (-m=)=1
Specify maximum workers		 (-w=)=2
Specify randwalk iterations	 (-rand=)=10
Specify trim cutoff point	 (-cutoff=)=0
Specify how often to trim	 (-steps=)=1
Print help section		 (-h=)=No
Print SCC output to file	 (-out=)=No
Name to append output file	 (-suffix=)=Trim_2_C2_iteration9
Print timers			 (-time=)=3
Print debug information		 (-a=)=0

Loading graph
Graph loaded
Starting
Done

Writing timer output
Bootstrapping complete
SCC. build: 20:42:55, Jun  2 2019. Time: 21:05:54 [Apr  3 2019]
===============================================================
Input graph (directed)		 (-g=)=../graphs/Stanford.edges
Input number of trim levels	 (-t=)=2
Pivot selection			 (-p=)=4
Specify FW-BW variant		 (-m=)=1
Specify maximum workers		 (-w=)=2
Specify randwalk iterations	 (-rand=)=10
Specify trim cutoff point	 (-cutoff=)=0
Specify how often to trim	 (-steps=)=1
Print help section		 (-h=)=No
Print SCC output to file	 (-out=)=No
Name to append output file	 (-suffix=)=Trim_2_C2_iteration10
Print timers			 (-time=)=3
Print debug information		 (-a=)=0

Loading graph
Graph loaded
Starting
Done

Writing timer output
Bootstrapping complete
SCC. build: 20:42:55, Jun  2 2019. Time: 21:06:09 [Apr  3 2019]
===============================================================
Input graph (directed)		 (-g=)=../graphs/Stanford.edges
Input number of trim levels	 (-t=)=2
Pivot selection			 (-p=)=4
Specify FW-BW variant		 (-m=)=1
Specify maximum workers		 (-w=)=4
Specify randwalk iterations	 (-rand=)=10
Specify trim cutoff point	 (-cutoff=)=0
Specify how often to trim	 (-steps=)=1
Print help section		 (-h=)=No
Print SCC output to file	 (-out=)=No
Name to append output file	 (-suffix=)=Trim_2_C4_iteration1
Print timers			 (-time=)=3
Print debug information		 (-a=)=0

Loading graph
Graph loaded
Starting
Done

Writing timer output
Bootstrapping complete
SCC. build: 20:42:55, Jun  2 2019. Time: 21:06:21 [Apr  3 2019]
===============================================================
Input graph (directed)		 (-g=)=../graphs/Stanford.edges
Input number of trim levels	 (-t=)=2
Pivot selection			 (-p=)=4
Specify FW-BW variant		 (-m=)=1
Specify maximum workers		 (-w=)=4
Specify randwalk iterations	 (-rand=)=10
Specify trim cutoff point	 (-cutoff=)=0
Specify how often to trim	 (-steps=)=1
Print help section		 (-h=)=No
Print SCC output to file	 (-out=)=No
Name to append output file	 (-suffix=)=Trim_2_C4_iteration2
Print timers			 (-time=)=3
Print debug information		 (-a=)=0

Loading graph
Graph loaded
Starting
Done

Writing timer output
Bootstrapping complete
SCC. build: 20:42:55, Jun  2 2019. Time: 21:06:33 [Apr  3 2019]
===============================================================
Input graph (directed)		 (-g=)=../graphs/Stanford.edges
Input number of trim levels	 (-t=)=2
Pivot selection			 (-p=)=4
Specify FW-BW variant		 (-m=)=1
Specify maximum workers		 (-w=)=4
Specify randwalk iterations	 (-rand=)=10
Specify trim cutoff point	 (-cutoff=)=0
Specify how often to trim	 (-steps=)=1
Print help section		 (-h=)=No
Print SCC output to file	 (-out=)=No
Name to append output file	 (-suffix=)=Trim_2_C4_iteration3
Print timers			 (-time=)=3
Print debug information		 (-a=)=0

Loading graph
Graph loaded
Starting
Done

Writing timer output
Bootstrapping complete
SCC. build: 20:42:55, Jun  2 2019. Time: 21:06:44 [Apr  3 2019]
===============================================================
Input graph (directed)		 (-g=)=../graphs/Stanford.edges
Input number of trim levels	 (-t=)=2
Pivot selection			 (-p=)=4
Specify FW-BW variant		 (-m=)=1
Specify maximum workers		 (-w=)=4
Specify randwalk iterations	 (-rand=)=10
Specify trim cutoff point	 (-cutoff=)=0
Specify how often to trim	 (-steps=)=1
Print help section		 (-h=)=No
Print SCC output to file	 (-out=)=No
Name to append output file	 (-suffix=)=Trim_2_C4_iteration4
Print timers			 (-time=)=3
Print debug information		 (-a=)=0

Loading graph
Graph loaded
Starting
Done

Writing timer output
Bootstrapping complete
SCC. build: 20:42:55, Jun  2 2019. Time: 21:06:56 [Apr  3 2019]
===============================================================
Input graph (directed)		 (-g=)=../graphs/Stanford.edges
Input number of trim levels	 (-t=)=2
Pivot selection			 (-p=)=4
Specify FW-BW variant		 (-m=)=1
Specify maximum workers		 (-w=)=4
Specify randwalk iterations	 (-rand=)=10
Specify trim cutoff point	 (-cutoff=)=0
Specify how often to trim	 (-steps=)=1
Print help section		 (-h=)=No
Print SCC output to file	 (-out=)=No
Name to append output file	 (-suffix=)=Trim_2_C4_iteration5
Print timers			 (-time=)=3
Print debug information		 (-a=)=0

Loading graph
Graph loaded
Starting
Done

Writing timer output
Bootstrapping complete
SCC. build: 20:42:55, Jun  2 2019. Time: 21:07:08 [Apr  3 2019]
===============================================================
Input graph (directed)		 (-g=)=../graphs/Stanford.edges
Input number of trim levels	 (-t=)=2
Pivot selection			 (-p=)=4
Specify FW-BW variant		 (-m=)=1
Specify maximum workers		 (-w=)=4
Specify randwalk iterations	 (-rand=)=10
Specify trim cutoff point	 (-cutoff=)=0
Specify how often to trim	 (-steps=)=1
Print help section		 (-h=)=No
Print SCC output to file	 (-out=)=No
Name to append output file	 (-suffix=)=Trim_2_C4_iteration6
Print timers			 (-time=)=3
Print debug information		 (-a=)=0

Loading graph
Graph loaded
Starting
Done

Writing timer output
Bootstrapping complete
SCC. build: 20:42:55, Jun  2 2019. Time: 21:07:20 [Apr  3 2019]
===============================================================
Input graph (directed)		 (-g=)=../graphs/Stanford.edges
Input number of trim levels	 (-t=)=2
Pivot selection			 (-p=)=4
Specify FW-BW variant		 (-m=)=1
Specify maximum workers		 (-w=)=4
Specify randwalk iterations	 (-rand=)=10
Specify trim cutoff point	 (-cutoff=)=0
Specify how often to trim	 (-steps=)=1
Print help section		 (-h=)=No
Print SCC output to file	 (-out=)=No
Name to append output file	 (-suffix=)=Trim_2_C4_iteration7
Print timers			 (-time=)=3
Print debug information		 (-a=)=0

Loading graph
Graph loaded
Starting
Done

Writing timer output
Bootstrapping complete
SCC. build: 20:42:55, Jun  2 2019. Time: 21:07:32 [Apr  3 2019]
===============================================================
Input graph (directed)		 (-g=)=../graphs/Stanford.edges
Input number of trim levels	 (-t=)=2
Pivot selection			 (-p=)=4
Specify FW-BW variant		 (-m=)=1
Specify maximum workers		 (-w=)=4
Specify randwalk iterations	 (-rand=)=10
Specify trim cutoff point	 (-cutoff=)=0
Specify how often to trim	 (-steps=)=1
Print help section		 (-h=)=No
Print SCC output to file	 (-out=)=No
Name to append output file	 (-suffix=)=Trim_2_C4_iteration8
Print timers			 (-time=)=3
Print debug information		 (-a=)=0

Loading graph
Graph loaded
Starting
Done

Writing timer output
Bootstrapping complete
SCC. build: 20:42:55, Jun  2 2019. Time: 21:07:43 [Apr  3 2019]
===============================================================
Input graph (directed)		 (-g=)=../graphs/Stanford.edges
Input number of trim levels	 (-t=)=2
Pivot selection			 (-p=)=4
Specify FW-BW variant		 (-m=)=1
Specify maximum workers		 (-w=)=4
Specify randwalk iterations	 (-rand=)=10
Specify trim cutoff point	 (-cutoff=)=0
Specify how often to trim	 (-steps=)=1
Print help section		 (-h=)=No
Print SCC output to file	 (-out=)=No
Name to append output file	 (-suffix=)=Trim_2_C4_iteration9
Print timers			 (-time=)=3
Print debug information		 (-a=)=0

Loading graph
Graph loaded
Starting
Done

Writing timer output
Bootstrapping complete
SCC. build: 20:42:55, Jun  2 2019. Time: 21:07:55 [Apr  3 2019]
===============================================================
Input graph (directed)		 (-g=)=../graphs/Stanford.edges
Input number of trim levels	 (-t=)=2
Pivot selection			 (-p=)=4
Specify FW-BW variant		 (-m=)=1
Specify maximum workers		 (-w=)=4
Specify randwalk iterations	 (-rand=)=10
Specify trim cutoff point	 (-cutoff=)=0
Specify how often to trim	 (-steps=)=1
Print help section		 (-h=)=No
Print SCC output to file	 (-out=)=No
Name to append output file	 (-suffix=)=Trim_2_C4_iteration10
Print timers			 (-time=)=3
Print debug information		 (-a=)=0

Loading graph
Graph loaded
Starting
Done

Writing timer output
Bootstrapping complete
SCC. build: 20:42:55, Jun  2 2019. Time: 21:08:07 [Apr  3 2019]
===============================================================
Input graph (directed)		 (-g=)=../graphs/Stanford.edges
Input number of trim levels	 (-t=)=3
Pivot selection			 (-p=)=4
Specify FW-BW variant		 (-m=)=1
Specify maximum workers		 (-w=)=1
Specify randwalk iterations	 (-rand=)=10
Specify trim cutoff point	 (-cutoff=)=0
Specify how often to trim	 (-steps=)=1
Print help section		 (-h=)=No
Print SCC output to file	 (-out=)=No
Name to append output file	 (-suffix=)=Trim_3_C1_iteration1
Print timers			 (-time=)=3
Print debug information		 (-a=)=3

Loading graph
Graph loaded
Starting
Done

Writing timer output

Writing debug output
Done
Bootstrapping complete
SCC. build: 20:42:55, Jun  2 2019. Time: 21:08:31 [Apr  3 2019]
===============================================================
Input graph (directed)		 (-g=)=../graphs/Stanford.edges
Input number of trim levels	 (-t=)=3
Pivot selection			 (-p=)=4
Specify FW-BW variant		 (-m=)=1
Specify maximum workers		 (-w=)=1
Specify randwalk iterations	 (-rand=)=10
Specify trim cutoff point	 (-cutoff=)=0
Specify how often to trim	 (-steps=)=1
Print help section		 (-h=)=No
Print SCC output to file	 (-out=)=No
Name to append output file	 (-suffix=)=Trim_3_C1_iteration2
Print timers			 (-time=)=3
Print debug information		 (-a=)=3

Loading graph
Graph loaded
Starting
Done

Writing timer output

Writing debug output
Done
Bootstrapping complete
SCC. build: 20:42:55, Jun  2 2019. Time: 21:08:56 [Apr  3 2019]
===============================================================
Input graph (directed)		 (-g=)=../graphs/Stanford.edges
Input number of trim levels	 (-t=)=3
Pivot selection			 (-p=)=4
Specify FW-BW variant		 (-m=)=1
Specify maximum workers		 (-w=)=1
Specify randwalk iterations	 (-rand=)=10
Specify trim cutoff point	 (-cutoff=)=0
Specify how often to trim	 (-steps=)=1
Print help section		 (-h=)=No
Print SCC output to file	 (-out=)=No
Name to append output file	 (-suffix=)=Trim_3_C1_iteration3
Print timers			 (-time=)=3
Print debug information		 (-a=)=3

Loading graph
Graph loaded
Starting
Done

Writing timer output

Writing debug output
Done
Bootstrapping complete
SCC. build: 20:42:55, Jun  2 2019. Time: 21:09:20 [Apr  3 2019]
===============================================================
Input graph (directed)		 (-g=)=../graphs/Stanford.edges
Input number of trim levels	 (-t=)=3
Pivot selection			 (-p=)=4
Specify FW-BW variant		 (-m=)=1
Specify maximum workers		 (-w=)=1
Specify randwalk iterations	 (-rand=)=10
Specify trim cutoff point	 (-cutoff=)=0
Specify how often to trim	 (-steps=)=1
Print help section		 (-h=)=No
Print SCC output to file	 (-out=)=No
Name to append output file	 (-suffix=)=Trim_3_C1_iteration4
Print timers			 (-time=)=3
Print debug information		 (-a=)=3

Loading graph
Graph loaded
Starting
Done

Writing timer output

Writing debug output
Done
Bootstrapping complete
SCC. build: 20:42:55, Jun  2 2019. Time: 21:09:45 [Apr  3 2019]
===============================================================
Input graph (directed)		 (-g=)=../graphs/Stanford.edges
Input number of trim levels	 (-t=)=3
Pivot selection			 (-p=)=4
Specify FW-BW variant		 (-m=)=1
Specify maximum workers		 (-w=)=1
Specify randwalk iterations	 (-rand=)=10
Specify trim cutoff point	 (-cutoff=)=0
Specify how often to trim	 (-steps=)=1
Print help section		 (-h=)=No
Print SCC output to file	 (-out=)=No
Name to append output file	 (-suffix=)=Trim_3_C1_iteration5
Print timers			 (-time=)=3
Print debug information		 (-a=)=3

Loading graph
Graph loaded
Starting
Done

Writing timer output

Writing debug output
Done
Bootstrapping complete
SCC. build: 20:42:55, Jun  2 2019. Time: 21:10:09 [Apr  3 2019]
===============================================================
Input graph (directed)		 (-g=)=../graphs/Stanford.edges
Input number of trim levels	 (-t=)=3
Pivot selection			 (-p=)=4
Specify FW-BW variant		 (-m=)=1
Specify maximum workers		 (-w=)=1
Specify randwalk iterations	 (-rand=)=10
Specify trim cutoff point	 (-cutoff=)=0
Specify how often to trim	 (-steps=)=1
Print help section		 (-h=)=No
Print SCC output to file	 (-out=)=No
Name to append output file	 (-suffix=)=Trim_3_C1_iteration6
Print timers			 (-time=)=3
Print debug information		 (-a=)=3

Loading graph
Graph loaded
Starting
Done

Writing timer output

Writing debug output
Done
Bootstrapping complete
SCC. build: 20:42:55, Jun  2 2019. Time: 21:10:33 [Apr  3 2019]
===============================================================
Input graph (directed)		 (-g=)=../graphs/Stanford.edges
Input number of trim levels	 (-t=)=3
Pivot selection			 (-p=)=4
Specify FW-BW variant		 (-m=)=1
Specify maximum workers		 (-w=)=1
Specify randwalk iterations	 (-rand=)=10
Specify trim cutoff point	 (-cutoff=)=0
Specify how often to trim	 (-steps=)=1
Print help section		 (-h=)=No
Print SCC output to file	 (-out=)=No
Name to append output file	 (-suffix=)=Trim_3_C1_iteration7
Print timers			 (-time=)=3
Print debug information		 (-a=)=3

Loading graph
Graph loaded
Starting
Done

Writing timer output

Writing debug output
Done
Bootstrapping complete
SCC. build: 20:42:55, Jun  2 2019. Time: 21:10:57 [Apr  3 2019]
===============================================================
Input graph (directed)		 (-g=)=../graphs/Stanford.edges
Input number of trim levels	 (-t=)=3
Pivot selection			 (-p=)=4
Specify FW-BW variant		 (-m=)=1
Specify maximum workers		 (-w=)=1
Specify randwalk iterations	 (-rand=)=10
Specify trim cutoff point	 (-cutoff=)=0
Specify how often to trim	 (-steps=)=1
Print help section		 (-h=)=No
Print SCC output to file	 (-out=)=No
Name to append output file	 (-suffix=)=Trim_3_C1_iteration8
Print timers			 (-time=)=3
Print debug information		 (-a=)=3

Loading graph
Graph loaded
Starting
Done

Writing timer output

Writing debug output
Done
Bootstrapping complete
SCC. build: 20:42:55, Jun  2 2019. Time: 21:11:21 [Apr  3 2019]
===============================================================
Input graph (directed)		 (-g=)=../graphs/Stanford.edges
Input number of trim levels	 (-t=)=3
Pivot selection			 (-p=)=4
Specify FW-BW variant		 (-m=)=1
Specify maximum workers		 (-w=)=1
Specify randwalk iterations	 (-rand=)=10
Specify trim cutoff point	 (-cutoff=)=0
Specify how often to trim	 (-steps=)=1
Print help section		 (-h=)=No
Print SCC output to file	 (-out=)=No
Name to append output file	 (-suffix=)=Trim_3_C1_iteration9
Print timers			 (-time=)=3
Print debug information		 (-a=)=3

Loading graph
Graph loaded
Starting
Done

Writing timer output

Writing debug output
Done
Bootstrapping complete
SCC. build: 20:42:55, Jun  2 2019. Time: 21:11:45 [Apr  3 2019]
===============================================================
Input graph (directed)		 (-g=)=../graphs/Stanford.edges
Input number of trim levels	 (-t=)=3
Pivot selection			 (-p=)=4
Specify FW-BW variant		 (-m=)=1
Specify maximum workers		 (-w=)=1
Specify randwalk iterations	 (-rand=)=10
Specify trim cutoff point	 (-cutoff=)=0
Specify how often to trim	 (-steps=)=1
Print help section		 (-h=)=No
Print SCC output to file	 (-out=)=No
Name to append output file	 (-suffix=)=Trim_3_C1_iteration10
Print timers			 (-time=)=3
Print debug information		 (-a=)=3

Loading graph
Graph loaded
Starting
Done

Writing timer output

Writing debug output
Done
Bootstrapping complete
SCC. build: 20:42:55, Jun  2 2019. Time: 21:12:09 [Apr  3 2019]
===============================================================
Input graph (directed)		 (-g=)=../graphs/Stanford.edges
Input number of trim levels	 (-t=)=3
Pivot selection			 (-p=)=4
Specify FW-BW variant		 (-m=)=1
Specify maximum workers		 (-w=)=2
Specify randwalk iterations	 (-rand=)=10
Specify trim cutoff point	 (-cutoff=)=0
Specify how often to trim	 (-steps=)=1
Print help section		 (-h=)=No
Print SCC output to file	 (-out=)=No
Name to append output file	 (-suffix=)=Trim_3_C2_iteration1
Print timers			 (-time=)=3
Print debug information		 (-a=)=3

Loading graph
Graph loaded
Starting
Done

Writing timer output

Writing debug output
Done
Bootstrapping complete
SCC. build: 20:42:55, Jun  2 2019. Time: 21:12:26 [Apr  3 2019]
===============================================================
Input graph (directed)		 (-g=)=../graphs/Stanford.edges
Input number of trim levels	 (-t=)=3
Pivot selection			 (-p=)=4
Specify FW-BW variant		 (-m=)=1
Specify maximum workers		 (-w=)=2
Specify randwalk iterations	 (-rand=)=10
Specify trim cutoff point	 (-cutoff=)=0
Specify how often to trim	 (-steps=)=1
Print help section		 (-h=)=No
Print SCC output to file	 (-out=)=No
Name to append output file	 (-suffix=)=Trim_3_C2_iteration2
Print timers			 (-time=)=3
Print debug information		 (-a=)=3

Loading graph
Graph loaded
Starting
Done

Writing timer output

Writing debug output
Done
Bootstrapping complete
SCC. build: 20:42:55, Jun  2 2019. Time: 21:12:44 [Apr  3 2019]
===============================================================
Input graph (directed)		 (-g=)=../graphs/Stanford.edges
Input number of trim levels	 (-t=)=3
Pivot selection			 (-p=)=4
Specify FW-BW variant		 (-m=)=1
Specify maximum workers		 (-w=)=2
Specify randwalk iterations	 (-rand=)=10
Specify trim cutoff point	 (-cutoff=)=0
Specify how often to trim	 (-steps=)=1
Print help section		 (-h=)=No
Print SCC output to file	 (-out=)=No
Name to append output file	 (-suffix=)=Trim_3_C2_iteration3
Print timers			 (-time=)=3
Print debug information		 (-a=)=3

Loading graph
Graph loaded
Starting
Done

Writing timer output

Writing debug output
Done
Bootstrapping complete
SCC. build: 20:42:55, Jun  2 2019. Time: 21:13:01 [Apr  3 2019]
===============================================================
Input graph (directed)		 (-g=)=../graphs/Stanford.edges
Input number of trim levels	 (-t=)=3
Pivot selection			 (-p=)=4
Specify FW-BW variant		 (-m=)=1
Specify maximum workers		 (-w=)=2
Specify randwalk iterations	 (-rand=)=10
Specify trim cutoff point	 (-cutoff=)=0
Specify how often to trim	 (-steps=)=1
Print help section		 (-h=)=No
Print SCC output to file	 (-out=)=No
Name to append output file	 (-suffix=)=Trim_3_C2_iteration4
Print timers			 (-time=)=3
Print debug information		 (-a=)=3

Loading graph
Graph loaded
Starting
Done

Writing timer output

Writing debug output
Done
Bootstrapping complete
SCC. build: 20:42:55, Jun  2 2019. Time: 21:13:19 [Apr  3 2019]
===============================================================
Input graph (directed)		 (-g=)=../graphs/Stanford.edges
Input number of trim levels	 (-t=)=3
Pivot selection			 (-p=)=4
Specify FW-BW variant		 (-m=)=1
Specify maximum workers		 (-w=)=2
Specify randwalk iterations	 (-rand=)=10
Specify trim cutoff point	 (-cutoff=)=0
Specify how often to trim	 (-steps=)=1
Print help section		 (-h=)=No
Print SCC output to file	 (-out=)=No
Name to append output file	 (-suffix=)=Trim_3_C2_iteration5
Print timers			 (-time=)=3
Print debug information		 (-a=)=3

Loading graph
Graph loaded
Starting
Done

Writing timer output

Writing debug output
Done
Bootstrapping complete
SCC. build: 20:42:55, Jun  2 2019. Time: 21:13:36 [Apr  3 2019]
===============================================================
Input graph (directed)		 (-g=)=../graphs/Stanford.edges
Input number of trim levels	 (-t=)=3
Pivot selection			 (-p=)=4
Specify FW-BW variant		 (-m=)=1
Specify maximum workers		 (-w=)=2
Specify randwalk iterations	 (-rand=)=10
Specify trim cutoff point	 (-cutoff=)=0
Specify how often to trim	 (-steps=)=1
Print help section		 (-h=)=No
Print SCC output to file	 (-out=)=No
Name to append output file	 (-suffix=)=Trim_3_C2_iteration6
Print timers			 (-time=)=3
Print debug information		 (-a=)=3

Loading graph
Graph loaded
Starting
Done

Writing timer output

Writing debug output
Done
Bootstrapping complete
SCC. build: 20:42:55, Jun  2 2019. Time: 21:13:54 [Apr  3 2019]
===============================================================
Input graph (directed)		 (-g=)=../graphs/Stanford.edges
Input number of trim levels	 (-t=)=3
Pivot selection			 (-p=)=4
Specify FW-BW variant		 (-m=)=1
Specify maximum workers		 (-w=)=2
Specify randwalk iterations	 (-rand=)=10
Specify trim cutoff point	 (-cutoff=)=0
Specify how often to trim	 (-steps=)=1
Print help section		 (-h=)=No
Print SCC output to file	 (-out=)=No
Name to append output file	 (-suffix=)=Trim_3_C2_iteration7
Print timers			 (-time=)=3
Print debug information		 (-a=)=3

Loading graph
Graph loaded
Starting
Done

Writing timer output

Writing debug output
Done
Bootstrapping complete
SCC. build: 20:42:55, Jun  2 2019. Time: 21:14:11 [Apr  3 2019]
===============================================================
Input graph (directed)		 (-g=)=../graphs/Stanford.edges
Input number of trim levels	 (-t=)=3
Pivot selection			 (-p=)=4
Specify FW-BW variant		 (-m=)=1
Specify maximum workers		 (-w=)=2
Specify randwalk iterations	 (-rand=)=10
Specify trim cutoff point	 (-cutoff=)=0
Specify how often to trim	 (-steps=)=1
Print help section		 (-h=)=No
Print SCC output to file	 (-out=)=No
Name to append output file	 (-suffix=)=Trim_3_C2_iteration8
Print timers			 (-time=)=3
Print debug information		 (-a=)=3

Loading graph
Graph loaded
Starting
Done

Writing timer output

Writing debug output
Done
Bootstrapping complete
SCC. build: 20:42:55, Jun  2 2019. Time: 21:14:29 [Apr  3 2019]
===============================================================
Input graph (directed)		 (-g=)=../graphs/Stanford.edges
Input number of trim levels	 (-t=)=3
Pivot selection			 (-p=)=4
Specify FW-BW variant		 (-m=)=1
Specify maximum workers		 (-w=)=2
Specify randwalk iterations	 (-rand=)=10
Specify trim cutoff point	 (-cutoff=)=0
Specify how often to trim	 (-steps=)=1
Print help section		 (-h=)=No
Print SCC output to file	 (-out=)=No
Name to append output file	 (-suffix=)=Trim_3_C2_iteration9
Print timers			 (-time=)=3
Print debug information		 (-a=)=3

Loading graph
Graph loaded
Starting
Done

Writing timer output

Writing debug output
Done
Bootstrapping complete
SCC. build: 20:42:55, Jun  2 2019. Time: 21:14:46 [Apr  3 2019]
===============================================================
Input graph (directed)		 (-g=)=../graphs/Stanford.edges
Input number of trim levels	 (-t=)=3
Pivot selection			 (-p=)=4
Specify FW-BW variant		 (-m=)=1
Specify maximum workers		 (-w=)=2
Specify randwalk iterations	 (-rand=)=10
Specify trim cutoff point	 (-cutoff=)=0
Specify how often to trim	 (-steps=)=1
Print help section		 (-h=)=No
Print SCC output to file	 (-out=)=No
Name to append output file	 (-suffix=)=Trim_3_C2_iteration10
Print timers			 (-time=)=3
Print debug information		 (-a=)=3

Loading graph
Graph loaded
Starting
Done

Writing timer output

Writing debug output
Done
Bootstrapping complete
SCC. build: 20:42:55, Jun  2 2019. Time: 21:15:03 [Apr  3 2019]
===============================================================
Input graph (directed)		 (-g=)=../graphs/Stanford.edges
Input number of trim levels	 (-t=)=3
Pivot selection			 (-p=)=4
Specify FW-BW variant		 (-m=)=1
Specify maximum workers		 (-w=)=4
Specify randwalk iterations	 (-rand=)=10
Specify trim cutoff point	 (-cutoff=)=0
Specify how often to trim	 (-steps=)=1
Print help section		 (-h=)=No
Print SCC output to file	 (-out=)=No
Name to append output file	 (-suffix=)=Trim_3_C4_iteration1
Print timers			 (-time=)=3
Print debug information		 (-a=)=3

Loading graph
Graph loaded
Starting
Done

Writing timer output

Writing debug output
Done
Bootstrapping complete
SCC. build: 20:42:55, Jun  2 2019. Time: 21:15:17 [Apr  3 2019]
===============================================================
Input graph (directed)		 (-g=)=../graphs/Stanford.edges
Input number of trim levels	 (-t=)=3
Pivot selection			 (-p=)=4
Specify FW-BW variant		 (-m=)=1
Specify maximum workers		 (-w=)=4
Specify randwalk iterations	 (-rand=)=10
Specify trim cutoff point	 (-cutoff=)=0
Specify how often to trim	 (-steps=)=1
Print help section		 (-h=)=No
Print SCC output to file	 (-out=)=No
Name to append output file	 (-suffix=)=Trim_3_C4_iteration2
Print timers			 (-time=)=3
Print debug information		 (-a=)=3

Loading graph
Graph loaded
Starting
Done

Writing timer output

Writing debug output
Done
Bootstrapping complete
SCC. build: 20:42:55, Jun  2 2019. Time: 21:15:30 [Apr  3 2019]
===============================================================
Input graph (directed)		 (-g=)=../graphs/Stanford.edges
Input number of trim levels	 (-t=)=3
Pivot selection			 (-p=)=4
Specify FW-BW variant		 (-m=)=1
Specify maximum workers		 (-w=)=4
Specify randwalk iterations	 (-rand=)=10
Specify trim cutoff point	 (-cutoff=)=0
Specify how often to trim	 (-steps=)=1
Print help section		 (-h=)=No
Print SCC output to file	 (-out=)=No
Name to append output file	 (-suffix=)=Trim_3_C4_iteration3
Print timers			 (-time=)=3
Print debug information		 (-a=)=3

Loading graph
Graph loaded
Starting
Done

Writing timer output

Writing debug output
Done
Bootstrapping complete
SCC. build: 20:42:55, Jun  2 2019. Time: 21:15:44 [Apr  3 2019]
===============================================================
Input graph (directed)		 (-g=)=../graphs/Stanford.edges
Input number of trim levels	 (-t=)=3
Pivot selection			 (-p=)=4
Specify FW-BW variant		 (-m=)=1
Specify maximum workers		 (-w=)=4
Specify randwalk iterations	 (-rand=)=10
Specify trim cutoff point	 (-cutoff=)=0
Specify how often to trim	 (-steps=)=1
Print help section		 (-h=)=No
Print SCC output to file	 (-out=)=No
Name to append output file	 (-suffix=)=Trim_3_C4_iteration4
Print timers			 (-time=)=3
Print debug information		 (-a=)=3

Loading graph
Graph loaded
Starting
Done

Writing timer output

Writing debug output
Done
Bootstrapping complete
SCC. build: 20:42:55, Jun  2 2019. Time: 21:15:58 [Apr  3 2019]
===============================================================
Input graph (directed)		 (-g=)=../graphs/Stanford.edges
Input number of trim levels	 (-t=)=3
Pivot selection			 (-p=)=4
Specify FW-BW variant		 (-m=)=1
Specify maximum workers		 (-w=)=4
Specify randwalk iterations	 (-rand=)=10
Specify trim cutoff point	 (-cutoff=)=0
Specify how often to trim	 (-steps=)=1
Print help section		 (-h=)=No
Print SCC output to file	 (-out=)=No
Name to append output file	 (-suffix=)=Trim_3_C4_iteration5
Print timers			 (-time=)=3
Print debug information		 (-a=)=3

Loading graph
Graph loaded
Starting
Done

Writing timer output

Writing debug output
Done
Bootstrapping complete
SCC. build: 20:42:55, Jun  2 2019. Time: 21:16:11 [Apr  3 2019]
===============================================================
Input graph (directed)		 (-g=)=../graphs/Stanford.edges
Input number of trim levels	 (-t=)=3
Pivot selection			 (-p=)=4
Specify FW-BW variant		 (-m=)=1
Specify maximum workers		 (-w=)=4
Specify randwalk iterations	 (-rand=)=10
Specify trim cutoff point	 (-cutoff=)=0
Specify how often to trim	 (-steps=)=1
Print help section		 (-h=)=No
Print SCC output to file	 (-out=)=No
Name to append output file	 (-suffix=)=Trim_3_C4_iteration6
Print timers			 (-time=)=3
Print debug information		 (-a=)=3

Loading graph
Graph loaded
Starting
Done

Writing timer output

Writing debug output
Done
Bootstrapping complete
SCC. build: 20:42:55, Jun  2 2019. Time: 21:16:25 [Apr  3 2019]
===============================================================
Input graph (directed)		 (-g=)=../graphs/Stanford.edges
Input number of trim levels	 (-t=)=3
Pivot selection			 (-p=)=4
Specify FW-BW variant		 (-m=)=1
Specify maximum workers		 (-w=)=4
Specify randwalk iterations	 (-rand=)=10
Specify trim cutoff point	 (-cutoff=)=0
Specify how often to trim	 (-steps=)=1
Print help section		 (-h=)=No
Print SCC output to file	 (-out=)=No
Name to append output file	 (-suffix=)=Trim_3_C4_iteration7
Print timers			 (-time=)=3
Print debug information		 (-a=)=3

Loading graph
Graph loaded
Starting
Done

Writing timer output

Writing debug output
Done
Bootstrapping complete
SCC. build: 20:42:55, Jun  2 2019. Time: 21:16:38 [Apr  3 2019]
===============================================================
Input graph (directed)		 (-g=)=../graphs/Stanford.edges
Input number of trim levels	 (-t=)=3
Pivot selection			 (-p=)=4
Specify FW-BW variant		 (-m=)=1
Specify maximum workers		 (-w=)=4
Specify randwalk iterations	 (-rand=)=10
Specify trim cutoff point	 (-cutoff=)=0
Specify how often to trim	 (-steps=)=1
Print help section		 (-h=)=No
Print SCC output to file	 (-out=)=No
Name to append output file	 (-suffix=)=Trim_3_C4_iteration8
Print timers			 (-time=)=3
Print debug information		 (-a=)=3

Loading graph
Graph loaded
Starting
Done

Writing timer output

Writing debug output
Done
Bootstrapping complete
SCC. build: 20:42:55, Jun  2 2019. Time: 21:16:52 [Apr  3 2019]
===============================================================
Input graph (directed)		 (-g=)=../graphs/Stanford.edges
Input number of trim levels	 (-t=)=3
Pivot selection			 (-p=)=4
Specify FW-BW variant		 (-m=)=1
Specify maximum workers		 (-w=)=4
Specify randwalk iterations	 (-rand=)=10
Specify trim cutoff point	 (-cutoff=)=0
Specify how often to trim	 (-steps=)=1
Print help section		 (-h=)=No
Print SCC output to file	 (-out=)=No
Name to append output file	 (-suffix=)=Trim_3_C4_iteration9
Print timers			 (-time=)=3
Print debug information		 (-a=)=3

Loading graph
Graph loaded
Starting
Done

Writing timer output

Writing debug output
Done
Bootstrapping complete
SCC. build: 20:42:55, Jun  2 2019. Time: 21:17:05 [Apr  3 2019]
===============================================================
Input graph (directed)		 (-g=)=../graphs/Stanford.edges
Input number of trim levels	 (-t=)=3
Pivot selection			 (-p=)=4
Specify FW-BW variant		 (-m=)=1
Specify maximum workers		 (-w=)=4
Specify randwalk iterations	 (-rand=)=10
Specify trim cutoff point	 (-cutoff=)=0
Specify how often to trim	 (-steps=)=1
Print help section		 (-h=)=No
Print SCC output to file	 (-out=)=No
Name to append output file	 (-suffix=)=Trim_3_C4_iteration10
Print timers			 (-time=)=3
Print debug information		 (-a=)=3

Loading graph
Graph loaded
Starting
Done

Writing timer output

Writing debug output
Done
