Bootstrapping complete
SCC. build: 20:42:55, Jun  2 2019. Time: 10:14:51 [Apr  3 2019]
===============================================================
Input graph (directed)		 (-g=)=../graphs/Google.edges
Input number of trim levels	 (-t=)=1
Pivot selection			 (-p=)=4
Specify FW-BW variant		 (-m=)=1
Specify maximum workers		 (-w=)=8
Specify randwalk iterations	 (-rand=)=10
Specify trim cutoff point	 (-cutoff=)=0
Specify how often to trim	 (-steps=)=1
Print help section		 (-h=)=No
Print SCC output to file	 (-out=)=No
Name to append output file	 (-suffix=)=Trim_1_C8_iteration1
Print timers			 (-time=)=3
Print debug information		 (-a=)=0

Loading graph
Graph loaded
Starting
Done

Writing timer output
Bootstrapping complete
SCC. build: 20:42:55, Jun  2 2019. Time: 10:15:05 [Apr  3 2019]
===============================================================
Input graph (directed)		 (-g=)=../graphs/Google.edges
Input number of trim levels	 (-t=)=1
Pivot selection			 (-p=)=4
Specify FW-BW variant		 (-m=)=1
Specify maximum workers		 (-w=)=8
Specify randwalk iterations	 (-rand=)=10
Specify trim cutoff point	 (-cutoff=)=0
Specify how often to trim	 (-steps=)=1
Print help section		 (-h=)=No
Print SCC output to file	 (-out=)=No
Name to append output file	 (-suffix=)=Trim_1_C8_iteration2
Print timers			 (-time=)=3
Print debug information		 (-a=)=0

Loading graph
Graph loaded
Starting
Done

Writing timer output
Bootstrapping complete
SCC. build: 20:42:55, Jun  2 2019. Time: 10:15:18 [Apr  3 2019]
===============================================================
Input graph (directed)		 (-g=)=../graphs/Google.edges
Input number of trim levels	 (-t=)=1
Pivot selection			 (-p=)=4
Specify FW-BW variant		 (-m=)=1
Specify maximum workers		 (-w=)=8
Specify randwalk iterations	 (-rand=)=10
Specify trim cutoff point	 (-cutoff=)=0
Specify how often to trim	 (-steps=)=1
Print help section		 (-h=)=No
Print SCC output to file	 (-out=)=No
Name to append output file	 (-suffix=)=Trim_1_C8_iteration3
Print timers			 (-time=)=3
Print debug information		 (-a=)=0

Loading graph
Graph loaded
Starting
Done

Writing timer output
Bootstrapping complete
SCC. build: 20:42:55, Jun  2 2019. Time: 10:15:30 [Apr  3 2019]
===============================================================
Input graph (directed)		 (-g=)=../graphs/Google.edges
Input number of trim levels	 (-t=)=1
Pivot selection			 (-p=)=4
Specify FW-BW variant		 (-m=)=1
Specify maximum workers		 (-w=)=8
Specify randwalk iterations	 (-rand=)=10
Specify trim cutoff point	 (-cutoff=)=0
Specify how often to trim	 (-steps=)=1
Print help section		 (-h=)=No
Print SCC output to file	 (-out=)=No
Name to append output file	 (-suffix=)=Trim_1_C8_iteration4
Print timers			 (-time=)=3
Print debug information		 (-a=)=0

Loading graph
Graph loaded
Starting
Done

Writing timer output
Bootstrapping complete
SCC. build: 20:42:55, Jun  2 2019. Time: 10:15:41 [Apr  3 2019]
===============================================================
Input graph (directed)		 (-g=)=../graphs/Google.edges
Input number of trim levels	 (-t=)=1
Pivot selection			 (-p=)=4
Specify FW-BW variant		 (-m=)=1
Specify maximum workers		 (-w=)=8
Specify randwalk iterations	 (-rand=)=10
Specify trim cutoff point	 (-cutoff=)=0
Specify how often to trim	 (-steps=)=1
Print help section		 (-h=)=No
Print SCC output to file	 (-out=)=No
Name to append output file	 (-suffix=)=Trim_1_C8_iteration5
Print timers			 (-time=)=3
Print debug information		 (-a=)=0

Loading graph
Graph loaded
Starting
Done

Writing timer output
Bootstrapping complete
SCC. build: 20:42:55, Jun  2 2019. Time: 10:15:53 [Apr  3 2019]
===============================================================
Input graph (directed)		 (-g=)=../graphs/Google.edges
Input number of trim levels	 (-t=)=1
Pivot selection			 (-p=)=4
Specify FW-BW variant		 (-m=)=1
Specify maximum workers		 (-w=)=8
Specify randwalk iterations	 (-rand=)=10
Specify trim cutoff point	 (-cutoff=)=0
Specify how often to trim	 (-steps=)=1
Print help section		 (-h=)=No
Print SCC output to file	 (-out=)=No
Name to append output file	 (-suffix=)=Trim_1_C8_iteration6
Print timers			 (-time=)=3
Print debug information		 (-a=)=0

Loading graph
Graph loaded
Starting
Done

Writing timer output
Bootstrapping complete
SCC. build: 20:42:55, Jun  2 2019. Time: 10:16:05 [Apr  3 2019]
===============================================================
Input graph (directed)		 (-g=)=../graphs/Google.edges
Input number of trim levels	 (-t=)=1
Pivot selection			 (-p=)=4
Specify FW-BW variant		 (-m=)=1
Specify maximum workers		 (-w=)=8
Specify randwalk iterations	 (-rand=)=10
Specify trim cutoff point	 (-cutoff=)=0
Specify how often to trim	 (-steps=)=1
Print help section		 (-h=)=No
Print SCC output to file	 (-out=)=No
Name to append output file	 (-suffix=)=Trim_1_C8_iteration7
Print timers			 (-time=)=3
Print debug information		 (-a=)=0

Loading graph
Graph loaded
Starting
Done

Writing timer output
Bootstrapping complete
SCC. build: 20:42:55, Jun  2 2019. Time: 10:16:19 [Apr  3 2019]
===============================================================
Input graph (directed)		 (-g=)=../graphs/Google.edges
Input number of trim levels	 (-t=)=1
Pivot selection			 (-p=)=4
Specify FW-BW variant		 (-m=)=1
Specify maximum workers		 (-w=)=8
Specify randwalk iterations	 (-rand=)=10
Specify trim cutoff point	 (-cutoff=)=0
Specify how often to trim	 (-steps=)=1
Print help section		 (-h=)=No
Print SCC output to file	 (-out=)=No
Name to append output file	 (-suffix=)=Trim_1_C8_iteration8
Print timers			 (-time=)=3
Print debug information		 (-a=)=0

Loading graph
Graph loaded
Starting
Done

Writing timer output
Bootstrapping complete
SCC. build: 20:42:55, Jun  2 2019. Time: 10:16:31 [Apr  3 2019]
===============================================================
Input graph (directed)		 (-g=)=../graphs/Google.edges
Input number of trim levels	 (-t=)=1
Pivot selection			 (-p=)=4
Specify FW-BW variant		 (-m=)=1
Specify maximum workers		 (-w=)=8
Specify randwalk iterations	 (-rand=)=10
Specify trim cutoff point	 (-cutoff=)=0
Specify how often to trim	 (-steps=)=1
Print help section		 (-h=)=No
Print SCC output to file	 (-out=)=No
Name to append output file	 (-suffix=)=Trim_1_C8_iteration9
Print timers			 (-time=)=3
Print debug information		 (-a=)=0

Loading graph
Graph loaded
Starting
Done

Writing timer output
Bootstrapping complete
SCC. build: 20:42:55, Jun  2 2019. Time: 10:16:42 [Apr  3 2019]
===============================================================
Input graph (directed)		 (-g=)=../graphs/Google.edges
Input number of trim levels	 (-t=)=1
Pivot selection			 (-p=)=4
Specify FW-BW variant		 (-m=)=1
Specify maximum workers		 (-w=)=8
Specify randwalk iterations	 (-rand=)=10
Specify trim cutoff point	 (-cutoff=)=0
Specify how often to trim	 (-steps=)=1
Print help section		 (-h=)=No
Print SCC output to file	 (-out=)=No
Name to append output file	 (-suffix=)=Trim_1_C8_iteration10
Print timers			 (-time=)=3
Print debug information		 (-a=)=0

Loading graph
Graph loaded
Starting
Done

Writing timer output
Bootstrapping complete
SCC. build: 20:42:55, Jun  2 2019. Time: 10:16:54 [Apr  3 2019]
===============================================================
Input graph (directed)		 (-g=)=../graphs/Google.edges
Input number of trim levels	 (-t=)=2
Pivot selection			 (-p=)=4
Specify FW-BW variant		 (-m=)=1
Specify maximum workers		 (-w=)=8
Specify randwalk iterations	 (-rand=)=10
Specify trim cutoff point	 (-cutoff=)=0
Specify how often to trim	 (-steps=)=1
Print help section		 (-h=)=No
Print SCC output to file	 (-out=)=No
Name to append output file	 (-suffix=)=Trim_2_C8_iteration1
Print timers			 (-time=)=3
Print debug information		 (-a=)=0

Loading graph
Graph loaded
Starting
Done

Writing timer output
Bootstrapping complete
SCC. build: 20:42:55, Jun  2 2019. Time: 10:17:07 [Apr  3 2019]
===============================================================
Input graph (directed)		 (-g=)=../graphs/Google.edges
Input number of trim levels	 (-t=)=2
Pivot selection			 (-p=)=4
Specify FW-BW variant		 (-m=)=1
Specify maximum workers		 (-w=)=8
Specify randwalk iterations	 (-rand=)=10
Specify trim cutoff point	 (-cutoff=)=0
Specify how often to trim	 (-steps=)=1
Print help section		 (-h=)=No
Print SCC output to file	 (-out=)=No
Name to append output file	 (-suffix=)=Trim_2_C8_iteration2
Print timers			 (-time=)=3
Print debug information		 (-a=)=0

Loading graph
Graph loaded
Starting
Done

Writing timer output
Bootstrapping complete
SCC. build: 20:42:55, Jun  2 2019. Time: 10:17:20 [Apr  3 2019]
===============================================================
Input graph (directed)		 (-g=)=../graphs/Google.edges
Input number of trim levels	 (-t=)=2
Pivot selection			 (-p=)=4
Specify FW-BW variant		 (-m=)=1
Specify maximum workers		 (-w=)=8
Specify randwalk iterations	 (-rand=)=10
Specify trim cutoff point	 (-cutoff=)=0
Specify how often to trim	 (-steps=)=1
Print help section		 (-h=)=No
Print SCC output to file	 (-out=)=No
Name to append output file	 (-suffix=)=Trim_2_C8_iteration3
Print timers			 (-time=)=3
Print debug information		 (-a=)=0

Loading graph
Graph loaded
Starting
Done

Writing timer output
Bootstrapping complete
SCC. build: 20:42:55, Jun  2 2019. Time: 10:17:33 [Apr  3 2019]
===============================================================
Input graph (directed)		 (-g=)=../graphs/Google.edges
Input number of trim levels	 (-t=)=2
Pivot selection			 (-p=)=4
Specify FW-BW variant		 (-m=)=1
Specify maximum workers		 (-w=)=8
Specify randwalk iterations	 (-rand=)=10
Specify trim cutoff point	 (-cutoff=)=0
Specify how often to trim	 (-steps=)=1
Print help section		 (-h=)=No
Print SCC output to file	 (-out=)=No
Name to append output file	 (-suffix=)=Trim_2_C8_iteration4
Print timers			 (-time=)=3
Print debug information		 (-a=)=0

Loading graph
Graph loaded
Starting
Done

Writing timer output
Bootstrapping complete
SCC. build: 20:42:55, Jun  2 2019. Time: 10:17:47 [Apr  3 2019]
===============================================================
Input graph (directed)		 (-g=)=../graphs/Google.edges
Input number of trim levels	 (-t=)=2
Pivot selection			 (-p=)=4
Specify FW-BW variant		 (-m=)=1
Specify maximum workers		 (-w=)=8
Specify randwalk iterations	 (-rand=)=10
Specify trim cutoff point	 (-cutoff=)=0
Specify how often to trim	 (-steps=)=1
Print help section		 (-h=)=No
Print SCC output to file	 (-out=)=No
Name to append output file	 (-suffix=)=Trim_2_C8_iteration5
Print timers			 (-time=)=3
Print debug information		 (-a=)=0

Loading graph
Graph loaded
Starting
Done

Writing timer output
Bootstrapping complete
SCC. build: 20:42:55, Jun  2 2019. Time: 10:18:00 [Apr  3 2019]
===============================================================
Input graph (directed)		 (-g=)=../graphs/Google.edges
Input number of trim levels	 (-t=)=2
Pivot selection			 (-p=)=4
Specify FW-BW variant		 (-m=)=1
Specify maximum workers		 (-w=)=8
Specify randwalk iterations	 (-rand=)=10
Specify trim cutoff point	 (-cutoff=)=0
Specify how often to trim	 (-steps=)=1
Print help section		 (-h=)=No
Print SCC output to file	 (-out=)=No
Name to append output file	 (-suffix=)=Trim_2_C8_iteration6
Print timers			 (-time=)=3
Print debug information		 (-a=)=0

Loading graph
Graph loaded
Starting
Done

Writing timer output
Bootstrapping complete
SCC. build: 20:42:55, Jun  2 2019. Time: 10:18:13 [Apr  3 2019]
===============================================================
Input graph (directed)		 (-g=)=../graphs/Google.edges
Input number of trim levels	 (-t=)=2
Pivot selection			 (-p=)=4
Specify FW-BW variant		 (-m=)=1
Specify maximum workers		 (-w=)=8
Specify randwalk iterations	 (-rand=)=10
Specify trim cutoff point	 (-cutoff=)=0
Specify how often to trim	 (-steps=)=1
Print help section		 (-h=)=No
Print SCC output to file	 (-out=)=No
Name to append output file	 (-suffix=)=Trim_2_C8_iteration7
Print timers			 (-time=)=3
Print debug information		 (-a=)=0

Loading graph
Graph loaded
Starting
Done

Writing timer output
Bootstrapping complete
SCC. build: 20:42:55, Jun  2 2019. Time: 10:18:27 [Apr  3 2019]
===============================================================
Input graph (directed)		 (-g=)=../graphs/Google.edges
Input number of trim levels	 (-t=)=2
Pivot selection			 (-p=)=4
Specify FW-BW variant		 (-m=)=1
Specify maximum workers		 (-w=)=8
Specify randwalk iterations	 (-rand=)=10
Specify trim cutoff point	 (-cutoff=)=0
Specify how often to trim	 (-steps=)=1
Print help section		 (-h=)=No
Print SCC output to file	 (-out=)=No
Name to append output file	 (-suffix=)=Trim_2_C8_iteration8
Print timers			 (-time=)=3
Print debug information		 (-a=)=0

Loading graph
Graph loaded
Starting
Done

Writing timer output
Bootstrapping complete
SCC. build: 20:42:55, Jun  2 2019. Time: 10:18:40 [Apr  3 2019]
===============================================================
Input graph (directed)		 (-g=)=../graphs/Google.edges
Input number of trim levels	 (-t=)=2
Pivot selection			 (-p=)=4
Specify FW-BW variant		 (-m=)=1
Specify maximum workers		 (-w=)=8
Specify randwalk iterations	 (-rand=)=10
Specify trim cutoff point	 (-cutoff=)=0
Specify how often to trim	 (-steps=)=1
Print help section		 (-h=)=No
Print SCC output to file	 (-out=)=No
Name to append output file	 (-suffix=)=Trim_2_C8_iteration9
Print timers			 (-time=)=3
Print debug information		 (-a=)=0

Loading graph
Graph loaded
Starting
Done

Writing timer output
Bootstrapping complete
SCC. build: 20:42:55, Jun  2 2019. Time: 10:18:55 [Apr  3 2019]
===============================================================
Input graph (directed)		 (-g=)=../graphs/Google.edges
Input number of trim levels	 (-t=)=2
Pivot selection			 (-p=)=4
Specify FW-BW variant		 (-m=)=1
Specify maximum workers		 (-w=)=8
Specify randwalk iterations	 (-rand=)=10
Specify trim cutoff point	 (-cutoff=)=0
Specify how often to trim	 (-steps=)=1
Print help section		 (-h=)=No
Print SCC output to file	 (-out=)=No
Name to append output file	 (-suffix=)=Trim_2_C8_iteration10
Print timers			 (-time=)=3
Print debug information		 (-a=)=0

Loading graph
Graph loaded
Starting
Done

Writing timer output
Bootstrapping complete
SCC. build: 20:42:55, Jun  2 2019. Time: 10:19:09 [Apr  3 2019]
===============================================================
Input graph (directed)		 (-g=)=../graphs/Google.edges
Input number of trim levels	 (-t=)=3
Pivot selection			 (-p=)=4
Specify FW-BW variant		 (-m=)=1
Specify maximum workers		 (-w=)=8
Specify randwalk iterations	 (-rand=)=10
Specify trim cutoff point	 (-cutoff=)=0
Specify how often to trim	 (-steps=)=1
Print help section		 (-h=)=No
Print SCC output to file	 (-out=)=No
Name to append output file	 (-suffix=)=Trim_3_C8_iteration1
Print timers			 (-time=)=3
Print debug information		 (-a=)=3

Loading graph
Graph loaded
Starting
Done

Writing timer output

Writing debug output
Done
Bootstrapping complete
SCC. build: 20:42:55, Jun  2 2019. Time: 10:19:25 [Apr  3 2019]
===============================================================
Input graph (directed)		 (-g=)=../graphs/Google.edges
Input number of trim levels	 (-t=)=3
Pivot selection			 (-p=)=4
Specify FW-BW variant		 (-m=)=1
Specify maximum workers		 (-w=)=8
Specify randwalk iterations	 (-rand=)=10
Specify trim cutoff point	 (-cutoff=)=0
Specify how often to trim	 (-steps=)=1
Print help section		 (-h=)=No
Print SCC output to file	 (-out=)=No
Name to append output file	 (-suffix=)=Trim_3_C8_iteration2
Print timers			 (-time=)=3
Print debug information		 (-a=)=3

Loading graph
Graph loaded
Starting
Done

Writing timer output

Writing debug output
Done
Bootstrapping complete
SCC. build: 20:42:55, Jun  2 2019. Time: 10:19:41 [Apr  3 2019]
===============================================================
Input graph (directed)		 (-g=)=../graphs/Google.edges
Input number of trim levels	 (-t=)=3
Pivot selection			 (-p=)=4
Specify FW-BW variant		 (-m=)=1
Specify maximum workers		 (-w=)=8
Specify randwalk iterations	 (-rand=)=10
Specify trim cutoff point	 (-cutoff=)=0
Specify how often to trim	 (-steps=)=1
Print help section		 (-h=)=No
Print SCC output to file	 (-out=)=No
Name to append output file	 (-suffix=)=Trim_3_C8_iteration3
Print timers			 (-time=)=3
Print debug information		 (-a=)=3

Loading graph
Graph loaded
Starting
Done

Writing timer output

Writing debug output
Done
Bootstrapping complete
SCC. build: 20:42:55, Jun  2 2019. Time: 10:19:57 [Apr  3 2019]
===============================================================
Input graph (directed)		 (-g=)=../graphs/Google.edges
Input number of trim levels	 (-t=)=3
Pivot selection			 (-p=)=4
Specify FW-BW variant		 (-m=)=1
Specify maximum workers		 (-w=)=8
Specify randwalk iterations	 (-rand=)=10
Specify trim cutoff point	 (-cutoff=)=0
Specify how often to trim	 (-steps=)=1
Print help section		 (-h=)=No
Print SCC output to file	 (-out=)=No
Name to append output file	 (-suffix=)=Trim_3_C8_iteration4
Print timers			 (-time=)=3
Print debug information		 (-a=)=3

Loading graph
Graph loaded
Starting
Done

Writing timer output

Writing debug output
Done
Bootstrapping complete
SCC. build: 20:42:55, Jun  2 2019. Time: 10:20:13 [Apr  3 2019]
===============================================================
Input graph (directed)		 (-g=)=../graphs/Google.edges
Input number of trim levels	 (-t=)=3
Pivot selection			 (-p=)=4
Specify FW-BW variant		 (-m=)=1
Specify maximum workers		 (-w=)=8
Specify randwalk iterations	 (-rand=)=10
Specify trim cutoff point	 (-cutoff=)=0
Specify how often to trim	 (-steps=)=1
Print help section		 (-h=)=No
Print SCC output to file	 (-out=)=No
Name to append output file	 (-suffix=)=Trim_3_C8_iteration5
Print timers			 (-time=)=3
Print debug information		 (-a=)=3

Loading graph
Graph loaded
Starting
Done

Writing timer output

Writing debug output
Done
Bootstrapping complete
SCC. build: 20:42:55, Jun  2 2019. Time: 10:20:29 [Apr  3 2019]
===============================================================
Input graph (directed)		 (-g=)=../graphs/Google.edges
Input number of trim levels	 (-t=)=3
Pivot selection			 (-p=)=4
Specify FW-BW variant		 (-m=)=1
Specify maximum workers		 (-w=)=8
Specify randwalk iterations	 (-rand=)=10
Specify trim cutoff point	 (-cutoff=)=0
Specify how often to trim	 (-steps=)=1
Print help section		 (-h=)=No
Print SCC output to file	 (-out=)=No
Name to append output file	 (-suffix=)=Trim_3_C8_iteration6
Print timers			 (-time=)=3
Print debug information		 (-a=)=3

Loading graph
Graph loaded
Starting
Done

Writing timer output

Writing debug output
Done
Bootstrapping complete
SCC. build: 20:42:55, Jun  2 2019. Time: 10:20:45 [Apr  3 2019]
===============================================================
Input graph (directed)		 (-g=)=../graphs/Google.edges
Input number of trim levels	 (-t=)=3
Pivot selection			 (-p=)=4
Specify FW-BW variant		 (-m=)=1
Specify maximum workers		 (-w=)=8
Specify randwalk iterations	 (-rand=)=10
Specify trim cutoff point	 (-cutoff=)=0
Specify how often to trim	 (-steps=)=1
Print help section		 (-h=)=No
Print SCC output to file	 (-out=)=No
Name to append output file	 (-suffix=)=Trim_3_C8_iteration7
Print timers			 (-time=)=3
Print debug information		 (-a=)=3

Loading graph
Graph loaded
Starting
Done

Writing timer output

Writing debug output
Done
Bootstrapping complete
SCC. build: 20:42:55, Jun  2 2019. Time: 10:21:00 [Apr  3 2019]
===============================================================
Input graph (directed)		 (-g=)=../graphs/Google.edges
Input number of trim levels	 (-t=)=3
Pivot selection			 (-p=)=4
Specify FW-BW variant		 (-m=)=1
Specify maximum workers		 (-w=)=8
Specify randwalk iterations	 (-rand=)=10
Specify trim cutoff point	 (-cutoff=)=0
Specify how often to trim	 (-steps=)=1
Print help section		 (-h=)=No
Print SCC output to file	 (-out=)=No
Name to append output file	 (-suffix=)=Trim_3_C8_iteration8
Print timers			 (-time=)=3
Print debug information		 (-a=)=3

Loading graph
Graph loaded
Starting
Done

Writing timer output

Writing debug output
Done
Bootstrapping complete
SCC. build: 20:42:55, Jun  2 2019. Time: 10:21:16 [Apr  3 2019]
===============================================================
Input graph (directed)		 (-g=)=../graphs/Google.edges
Input number of trim levels	 (-t=)=3
Pivot selection			 (-p=)=4
Specify FW-BW variant		 (-m=)=1
Specify maximum workers		 (-w=)=8
Specify randwalk iterations	 (-rand=)=10
Specify trim cutoff point	 (-cutoff=)=0
Specify how often to trim	 (-steps=)=1
Print help section		 (-h=)=No
Print SCC output to file	 (-out=)=No
Name to append output file	 (-suffix=)=Trim_3_C8_iteration9
Print timers			 (-time=)=3
Print debug information		 (-a=)=3

Loading graph
Graph loaded
Starting
Done

Writing timer output

Writing debug output
Done
Bootstrapping complete
SCC. build: 20:42:55, Jun  2 2019. Time: 10:21:32 [Apr  3 2019]
===============================================================
Input graph (directed)		 (-g=)=../graphs/Google.edges
Input number of trim levels	 (-t=)=3
Pivot selection			 (-p=)=4
Specify FW-BW variant		 (-m=)=1
Specify maximum workers		 (-w=)=8
Specify randwalk iterations	 (-rand=)=10
Specify trim cutoff point	 (-cutoff=)=0
Specify how often to trim	 (-steps=)=1
Print help section		 (-h=)=No
Print SCC output to file	 (-out=)=No
Name to append output file	 (-suffix=)=Trim_3_C8_iteration10
Print timers			 (-time=)=3
Print debug information		 (-a=)=3

Loading graph
Graph loaded
Starting
Done

Writing timer output

Writing debug output
Done
