Bootstrapping complete
SCC. build: 00:03:57, May 30 2019. Time: 00:11:45 [Apr  3 2019]
===============================================================
Input graph (directed)		 (-g=)=Slashdot0902.txt
Input number of trim levels	 (-t=)=0
Pivot selection			 (-p=)=2
Specify FW-BW variant		 (-m=)=1
Specify maximum workers		 (-w=)=1
Specify randwalk iterations	 (-rand=)=10
Print help section		 (-h=)=No
Print SCC output to file	 (-out=)=No
Name to append output file	 (-suffix=)=PivotMaxDeg_Col_C1_iteration1
Print timers			 (-time=)=3
Print debug information		 (-a=)=3

Loading graph
Graph loaded
Starting
Done

Writing timer output

Writing debug output
Done
Bootstrapping complete
SCC. build: 00:03:57, May 30 2019. Time: 00:11:55 [Apr  3 2019]
===============================================================
Input graph (directed)		 (-g=)=Slashdot0902.txt
Input number of trim levels	 (-t=)=0
Pivot selection			 (-p=)=2
Specify FW-BW variant		 (-m=)=1
Specify maximum workers		 (-w=)=1
Specify randwalk iterations	 (-rand=)=10
Print help section		 (-h=)=No
Print SCC output to file	 (-out=)=No
Name to append output file	 (-suffix=)=PivotMaxDeg_Col_C1_iteration2
Print timers			 (-time=)=3
Print debug information		 (-a=)=3

Loading graph
Graph loaded
Starting
Done

Writing timer output

Writing debug output
Done
Bootstrapping complete
SCC. build: 00:03:57, May 30 2019. Time: 00:12:06 [Apr  3 2019]
===============================================================
Input graph (directed)		 (-g=)=Slashdot0902.txt
Input number of trim levels	 (-t=)=0
Pivot selection			 (-p=)=2
Specify FW-BW variant		 (-m=)=1
Specify maximum workers		 (-w=)=1
Specify randwalk iterations	 (-rand=)=10
Print help section		 (-h=)=No
Print SCC output to file	 (-out=)=No
Name to append output file	 (-suffix=)=PivotMaxDeg_Col_C1_iteration3
Print timers			 (-time=)=3
Print debug information		 (-a=)=3

Loading graph
Graph loaded
Starting
Done

Writing timer output

Writing debug output
Done
Bootstrapping complete
SCC. build: 00:03:57, May 30 2019. Time: 00:12:16 [Apr  3 2019]
===============================================================
Input graph (directed)		 (-g=)=Slashdot0902.txt
Input number of trim levels	 (-t=)=0
Pivot selection			 (-p=)=2
Specify FW-BW variant		 (-m=)=1
Specify maximum workers		 (-w=)=1
Specify randwalk iterations	 (-rand=)=10
Print help section		 (-h=)=No
Print SCC output to file	 (-out=)=No
Name to append output file	 (-suffix=)=PivotMaxDeg_Col_C1_iteration4
Print timers			 (-time=)=3
Print debug information		 (-a=)=3

Loading graph
Graph loaded
Starting
Done

Writing timer output

Writing debug output
Done
Bootstrapping complete
SCC. build: 00:03:57, May 30 2019. Time: 00:12:26 [Apr  3 2019]
===============================================================
Input graph (directed)		 (-g=)=Slashdot0902.txt
Input number of trim levels	 (-t=)=0
Pivot selection			 (-p=)=2
Specify FW-BW variant		 (-m=)=1
Specify maximum workers		 (-w=)=1
Specify randwalk iterations	 (-rand=)=10
Print help section		 (-h=)=No
Print SCC output to file	 (-out=)=No
Name to append output file	 (-suffix=)=PivotMaxDeg_Col_C1_iteration5
Print timers			 (-time=)=3
Print debug information		 (-a=)=3

Loading graph
Graph loaded
Starting
Done

Writing timer output

Writing debug output
Done
Bootstrapping complete
SCC. build: 00:03:57, May 30 2019. Time: 00:12:36 [Apr  3 2019]
===============================================================
Input graph (directed)		 (-g=)=Slashdot0902.txt
Input number of trim levels	 (-t=)=0
Pivot selection			 (-p=)=2
Specify FW-BW variant		 (-m=)=1
Specify maximum workers		 (-w=)=1
Specify randwalk iterations	 (-rand=)=10
Print help section		 (-h=)=No
Print SCC output to file	 (-out=)=No
Name to append output file	 (-suffix=)=PivotMaxDeg_Col_C1_iteration6
Print timers			 (-time=)=3
Print debug information		 (-a=)=3

Loading graph
Graph loaded
Starting
Done

Writing timer output

Writing debug output
Done
Bootstrapping complete
SCC. build: 00:03:57, May 30 2019. Time: 00:12:46 [Apr  3 2019]
===============================================================
Input graph (directed)		 (-g=)=Slashdot0902.txt
Input number of trim levels	 (-t=)=0
Pivot selection			 (-p=)=2
Specify FW-BW variant		 (-m=)=1
Specify maximum workers		 (-w=)=1
Specify randwalk iterations	 (-rand=)=10
Print help section		 (-h=)=No
Print SCC output to file	 (-out=)=No
Name to append output file	 (-suffix=)=PivotMaxDeg_Col_C1_iteration7
Print timers			 (-time=)=3
Print debug information		 (-a=)=3

Loading graph
Graph loaded
Starting
Done

Writing timer output

Writing debug output
Done
Bootstrapping complete
SCC. build: 00:03:57, May 30 2019. Time: 00:12:56 [Apr  3 2019]
===============================================================
Input graph (directed)		 (-g=)=Slashdot0902.txt
Input number of trim levels	 (-t=)=0
Pivot selection			 (-p=)=2
Specify FW-BW variant		 (-m=)=1
Specify maximum workers		 (-w=)=1
Specify randwalk iterations	 (-rand=)=10
Print help section		 (-h=)=No
Print SCC output to file	 (-out=)=No
Name to append output file	 (-suffix=)=PivotMaxDeg_Col_C1_iteration8
Print timers			 (-time=)=3
Print debug information		 (-a=)=3

Loading graph
Graph loaded
Starting
Done

Writing timer output

Writing debug output
Done
Bootstrapping complete
SCC. build: 00:03:57, May 30 2019. Time: 00:13:06 [Apr  3 2019]
===============================================================
Input graph (directed)		 (-g=)=Slashdot0902.txt
Input number of trim levels	 (-t=)=0
Pivot selection			 (-p=)=2
Specify FW-BW variant		 (-m=)=1
Specify maximum workers		 (-w=)=1
Specify randwalk iterations	 (-rand=)=10
Print help section		 (-h=)=No
Print SCC output to file	 (-out=)=No
Name to append output file	 (-suffix=)=PivotMaxDeg_Col_C1_iteration9
Print timers			 (-time=)=3
Print debug information		 (-a=)=3

Loading graph
Graph loaded
Starting
Done

Writing timer output

Writing debug output
Done
Bootstrapping complete
SCC. build: 00:03:57, May 30 2019. Time: 00:13:17 [Apr  3 2019]
===============================================================
Input graph (directed)		 (-g=)=Slashdot0902.txt
Input number of trim levels	 (-t=)=0
Pivot selection			 (-p=)=2
Specify FW-BW variant		 (-m=)=1
Specify maximum workers		 (-w=)=1
Specify randwalk iterations	 (-rand=)=10
Print help section		 (-h=)=No
Print SCC output to file	 (-out=)=No
Name to append output file	 (-suffix=)=PivotMaxDeg_Col_C1_iteration10
Print timers			 (-time=)=3
Print debug information		 (-a=)=3

Loading graph
Graph loaded
Starting
Done

Writing timer output

Writing debug output
Done
Bootstrapping complete
SCC. build: 00:03:57, May 30 2019. Time: 00:13:27 [Apr  3 2019]
===============================================================
Input graph (directed)		 (-g=)=Slashdot0902.txt
Input number of trim levels	 (-t=)=0
Pivot selection			 (-p=)=2
Specify FW-BW variant		 (-m=)=1
Specify maximum workers		 (-w=)=2
Specify randwalk iterations	 (-rand=)=10
Print help section		 (-h=)=No
Print SCC output to file	 (-out=)=No
Name to append output file	 (-suffix=)=PivotMaxDeg_Col_C2_iteration1
Print timers			 (-time=)=3
Print debug information		 (-a=)=3

Loading graph
Graph loaded
Starting
Done

Writing timer output

Writing debug output
Done
Bootstrapping complete
SCC. build: 00:03:57, May 30 2019. Time: 00:13:33 [Apr  3 2019]
===============================================================
Input graph (directed)		 (-g=)=Slashdot0902.txt
Input number of trim levels	 (-t=)=0
Pivot selection			 (-p=)=2
Specify FW-BW variant		 (-m=)=1
Specify maximum workers		 (-w=)=2
Specify randwalk iterations	 (-rand=)=10
Print help section		 (-h=)=No
Print SCC output to file	 (-out=)=No
Name to append output file	 (-suffix=)=PivotMaxDeg_Col_C2_iteration2
Print timers			 (-time=)=3
Print debug information		 (-a=)=3

Loading graph
Graph loaded
Starting
Done

Writing timer output

Writing debug output
Done
Bootstrapping complete
SCC. build: 00:03:57, May 30 2019. Time: 00:13:39 [Apr  3 2019]
===============================================================
Input graph (directed)		 (-g=)=Slashdot0902.txt
Input number of trim levels	 (-t=)=0
Pivot selection			 (-p=)=2
Specify FW-BW variant		 (-m=)=1
Specify maximum workers		 (-w=)=2
Specify randwalk iterations	 (-rand=)=10
Print help section		 (-h=)=No
Print SCC output to file	 (-out=)=No
Name to append output file	 (-suffix=)=PivotMaxDeg_Col_C2_iteration3
Print timers			 (-time=)=3
Print debug information		 (-a=)=3

Loading graph
Graph loaded
Starting
Done

Writing timer output

Writing debug output
Done
Bootstrapping complete
SCC. build: 00:03:57, May 30 2019. Time: 00:13:46 [Apr  3 2019]
===============================================================
Input graph (directed)		 (-g=)=Slashdot0902.txt
Input number of trim levels	 (-t=)=0
Pivot selection			 (-p=)=2
Specify FW-BW variant		 (-m=)=1
Specify maximum workers		 (-w=)=2
Specify randwalk iterations	 (-rand=)=10
Print help section		 (-h=)=No
Print SCC output to file	 (-out=)=No
Name to append output file	 (-suffix=)=PivotMaxDeg_Col_C2_iteration4
Print timers			 (-time=)=3
Print debug information		 (-a=)=3

Loading graph
Graph loaded
Starting
Done

Writing timer output

Writing debug output
Done
Bootstrapping complete
SCC. build: 00:03:57, May 30 2019. Time: 00:13:52 [Apr  3 2019]
===============================================================
Input graph (directed)		 (-g=)=Slashdot0902.txt
Input number of trim levels	 (-t=)=0
Pivot selection			 (-p=)=2
Specify FW-BW variant		 (-m=)=1
Specify maximum workers		 (-w=)=2
Specify randwalk iterations	 (-rand=)=10
Print help section		 (-h=)=No
Print SCC output to file	 (-out=)=No
Name to append output file	 (-suffix=)=PivotMaxDeg_Col_C2_iteration5
Print timers			 (-time=)=3
Print debug information		 (-a=)=3

Loading graph
Graph loaded
Starting
Done

Writing timer output

Writing debug output
Done
Bootstrapping complete
SCC. build: 00:03:57, May 30 2019. Time: 00:13:58 [Apr  3 2019]
===============================================================
Input graph (directed)		 (-g=)=Slashdot0902.txt
Input number of trim levels	 (-t=)=0
Pivot selection			 (-p=)=2
Specify FW-BW variant		 (-m=)=1
Specify maximum workers		 (-w=)=2
Specify randwalk iterations	 (-rand=)=10
Print help section		 (-h=)=No
Print SCC output to file	 (-out=)=No
Name to append output file	 (-suffix=)=PivotMaxDeg_Col_C2_iteration6
Print timers			 (-time=)=3
Print debug information		 (-a=)=3

Loading graph
Graph loaded
Starting
Done

Writing timer output

Writing debug output
Done
Bootstrapping complete
SCC. build: 00:03:57, May 30 2019. Time: 00:14:05 [Apr  3 2019]
===============================================================
Input graph (directed)		 (-g=)=Slashdot0902.txt
Input number of trim levels	 (-t=)=0
Pivot selection			 (-p=)=2
Specify FW-BW variant		 (-m=)=1
Specify maximum workers		 (-w=)=2
Specify randwalk iterations	 (-rand=)=10
Print help section		 (-h=)=No
Print SCC output to file	 (-out=)=No
Name to append output file	 (-suffix=)=PivotMaxDeg_Col_C2_iteration7
Print timers			 (-time=)=3
Print debug information		 (-a=)=3

Loading graph
Graph loaded
Starting
Done

Writing timer output

Writing debug output
Done
Bootstrapping complete
SCC. build: 00:03:57, May 30 2019. Time: 00:14:11 [Apr  3 2019]
===============================================================
Input graph (directed)		 (-g=)=Slashdot0902.txt
Input number of trim levels	 (-t=)=0
Pivot selection			 (-p=)=2
Specify FW-BW variant		 (-m=)=1
Specify maximum workers		 (-w=)=2
Specify randwalk iterations	 (-rand=)=10
Print help section		 (-h=)=No
Print SCC output to file	 (-out=)=No
Name to append output file	 (-suffix=)=PivotMaxDeg_Col_C2_iteration8
Print timers			 (-time=)=3
Print debug information		 (-a=)=3

Loading graph
Graph loaded
Starting
Done

Writing timer output

Writing debug output
Done
Bootstrapping complete
SCC. build: 00:03:57, May 30 2019. Time: 00:14:17 [Apr  3 2019]
===============================================================
Input graph (directed)		 (-g=)=Slashdot0902.txt
Input number of trim levels	 (-t=)=0
Pivot selection			 (-p=)=2
Specify FW-BW variant		 (-m=)=1
Specify maximum workers		 (-w=)=2
Specify randwalk iterations	 (-rand=)=10
Print help section		 (-h=)=No
Print SCC output to file	 (-out=)=No
Name to append output file	 (-suffix=)=PivotMaxDeg_Col_C2_iteration9
Print timers			 (-time=)=3
Print debug information		 (-a=)=3

Loading graph
Graph loaded
Starting
Done

Writing timer output

Writing debug output
Done
Bootstrapping complete
SCC. build: 00:03:57, May 30 2019. Time: 00:14:24 [Apr  3 2019]
===============================================================
Input graph (directed)		 (-g=)=Slashdot0902.txt
Input number of trim levels	 (-t=)=0
Pivot selection			 (-p=)=2
Specify FW-BW variant		 (-m=)=1
Specify maximum workers		 (-w=)=2
Specify randwalk iterations	 (-rand=)=10
Print help section		 (-h=)=No
Print SCC output to file	 (-out=)=No
Name to append output file	 (-suffix=)=PivotMaxDeg_Col_C2_iteration10
Print timers			 (-time=)=3
Print debug information		 (-a=)=3

Loading graph
Graph loaded
Starting
Done

Writing timer output

Writing debug output
Done
Bootstrapping complete
SCC. build: 00:03:57, May 30 2019. Time: 00:14:30 [Apr  3 2019]
===============================================================
Input graph (directed)		 (-g=)=Slashdot0902.txt
Input number of trim levels	 (-t=)=0
Pivot selection			 (-p=)=2
Specify FW-BW variant		 (-m=)=1
Specify maximum workers		 (-w=)=4
Specify randwalk iterations	 (-rand=)=10
Print help section		 (-h=)=No
Print SCC output to file	 (-out=)=No
Name to append output file	 (-suffix=)=PivotMaxDeg_Col_C4_iteration1
Print timers			 (-time=)=3
Print debug information		 (-a=)=3

Loading graph
Graph loaded
Starting
Done

Writing timer output

Writing debug output
Done
Bootstrapping complete
SCC. build: 00:03:57, May 30 2019. Time: 00:14:34 [Apr  3 2019]
===============================================================
Input graph (directed)		 (-g=)=Slashdot0902.txt
Input number of trim levels	 (-t=)=0
Pivot selection			 (-p=)=2
Specify FW-BW variant		 (-m=)=1
Specify maximum workers		 (-w=)=4
Specify randwalk iterations	 (-rand=)=10
Print help section		 (-h=)=No
Print SCC output to file	 (-out=)=No
Name to append output file	 (-suffix=)=PivotMaxDeg_Col_C4_iteration2
Print timers			 (-time=)=3
Print debug information		 (-a=)=3

Loading graph
Graph loaded
Starting
Done

Writing timer output

Writing debug output
Done
Bootstrapping complete
SCC. build: 00:03:57, May 30 2019. Time: 00:14:38 [Apr  3 2019]
===============================================================
Input graph (directed)		 (-g=)=Slashdot0902.txt
Input number of trim levels	 (-t=)=0
Pivot selection			 (-p=)=2
Specify FW-BW variant		 (-m=)=1
Specify maximum workers		 (-w=)=4
Specify randwalk iterations	 (-rand=)=10
Print help section		 (-h=)=No
Print SCC output to file	 (-out=)=No
Name to append output file	 (-suffix=)=PivotMaxDeg_Col_C4_iteration3
Print timers			 (-time=)=3
Print debug information		 (-a=)=3

Loading graph
Graph loaded
Starting
Done

Writing timer output

Writing debug output
Done
Bootstrapping complete
SCC. build: 00:03:57, May 30 2019. Time: 00:14:41 [Apr  3 2019]
===============================================================
Input graph (directed)		 (-g=)=Slashdot0902.txt
Input number of trim levels	 (-t=)=0
Pivot selection			 (-p=)=2
Specify FW-BW variant		 (-m=)=1
Specify maximum workers		 (-w=)=4
Specify randwalk iterations	 (-rand=)=10
Print help section		 (-h=)=No
Print SCC output to file	 (-out=)=No
Name to append output file	 (-suffix=)=PivotMaxDeg_Col_C4_iteration4
Print timers			 (-time=)=3
Print debug information		 (-a=)=3

Loading graph
Graph loaded
Starting
Done

Writing timer output

Writing debug output
Done
Bootstrapping complete
SCC. build: 00:03:57, May 30 2019. Time: 00:14:45 [Apr  3 2019]
===============================================================
Input graph (directed)		 (-g=)=Slashdot0902.txt
Input number of trim levels	 (-t=)=0
Pivot selection			 (-p=)=2
Specify FW-BW variant		 (-m=)=1
Specify maximum workers		 (-w=)=4
Specify randwalk iterations	 (-rand=)=10
Print help section		 (-h=)=No
Print SCC output to file	 (-out=)=No
Name to append output file	 (-suffix=)=PivotMaxDeg_Col_C4_iteration5
Print timers			 (-time=)=3
Print debug information		 (-a=)=3

Loading graph
Graph loaded
Starting
Done

Writing timer output

Writing debug output
Done
Bootstrapping complete
SCC. build: 00:03:57, May 30 2019. Time: 00:14:49 [Apr  3 2019]
===============================================================
Input graph (directed)		 (-g=)=Slashdot0902.txt
Input number of trim levels	 (-t=)=0
Pivot selection			 (-p=)=2
Specify FW-BW variant		 (-m=)=1
Specify maximum workers		 (-w=)=4
Specify randwalk iterations	 (-rand=)=10
Print help section		 (-h=)=No
Print SCC output to file	 (-out=)=No
Name to append output file	 (-suffix=)=PivotMaxDeg_Col_C4_iteration6
Print timers			 (-time=)=3
Print debug information		 (-a=)=3

Loading graph
Graph loaded
Starting
Done

Writing timer output

Writing debug output
Done
Bootstrapping complete
SCC. build: 00:03:57, May 30 2019. Time: 00:14:53 [Apr  3 2019]
===============================================================
Input graph (directed)		 (-g=)=Slashdot0902.txt
Input number of trim levels	 (-t=)=0
Pivot selection			 (-p=)=2
Specify FW-BW variant		 (-m=)=1
Specify maximum workers		 (-w=)=4
Specify randwalk iterations	 (-rand=)=10
Print help section		 (-h=)=No
Print SCC output to file	 (-out=)=No
Name to append output file	 (-suffix=)=PivotMaxDeg_Col_C4_iteration7
Print timers			 (-time=)=3
Print debug information		 (-a=)=3

Loading graph
Graph loaded
Starting
Done

Writing timer output

Writing debug output
Done
Bootstrapping complete
SCC. build: 00:03:57, May 30 2019. Time: 00:14:57 [Apr  3 2019]
===============================================================
Input graph (directed)		 (-g=)=Slashdot0902.txt
Input number of trim levels	 (-t=)=0
Pivot selection			 (-p=)=2
Specify FW-BW variant		 (-m=)=1
Specify maximum workers		 (-w=)=4
Specify randwalk iterations	 (-rand=)=10
Print help section		 (-h=)=No
Print SCC output to file	 (-out=)=No
Name to append output file	 (-suffix=)=PivotMaxDeg_Col_C4_iteration8
Print timers			 (-time=)=3
Print debug information		 (-a=)=3

Loading graph
Graph loaded
Starting
Done

Writing timer output

Writing debug output
Done
Bootstrapping complete
SCC. build: 00:03:57, May 30 2019. Time: 00:15:01 [Apr  3 2019]
===============================================================
Input graph (directed)		 (-g=)=Slashdot0902.txt
Input number of trim levels	 (-t=)=0
Pivot selection			 (-p=)=2
Specify FW-BW variant		 (-m=)=1
Specify maximum workers		 (-w=)=4
Specify randwalk iterations	 (-rand=)=10
Print help section		 (-h=)=No
Print SCC output to file	 (-out=)=No
Name to append output file	 (-suffix=)=PivotMaxDeg_Col_C4_iteration9
Print timers			 (-time=)=3
Print debug information		 (-a=)=3

Loading graph
Graph loaded
Starting
Done

Writing timer output

Writing debug output
Done
Bootstrapping complete
SCC. build: 00:03:57, May 30 2019. Time: 00:15:04 [Apr  3 2019]
===============================================================
Input graph (directed)		 (-g=)=Slashdot0902.txt
Input number of trim levels	 (-t=)=0
Pivot selection			 (-p=)=2
Specify FW-BW variant		 (-m=)=1
Specify maximum workers		 (-w=)=4
Specify randwalk iterations	 (-rand=)=10
Print help section		 (-h=)=No
Print SCC output to file	 (-out=)=No
Name to append output file	 (-suffix=)=PivotMaxDeg_Col_C4_iteration10
Print timers			 (-time=)=3
Print debug information		 (-a=)=3

Loading graph
Graph loaded
Starting
Done

Writing timer output

Writing debug output
Done
Bootstrapping complete
SCC. build: 00:03:57, May 30 2019. Time: 00:15:08 [Apr  3 2019]
===============================================================
Input graph (directed)		 (-g=)=Slashdot0902.txt
Input number of trim levels	 (-t=)=0
Pivot selection			 (-p=)=2
Specify FW-BW variant		 (-m=)=1
Specify maximum workers		 (-w=)=8
Specify randwalk iterations	 (-rand=)=10
Print help section		 (-h=)=No
Print SCC output to file	 (-out=)=No
Name to append output file	 (-suffix=)=PivotMaxDeg_Col_C8_iteration1
Print timers			 (-time=)=3
Print debug information		 (-a=)=3

Loading graph
Graph loaded
Starting
Done

Writing timer output

Writing debug output
Done
Bootstrapping complete
SCC. build: 00:03:57, May 30 2019. Time: 00:15:11 [Apr  3 2019]
===============================================================
Input graph (directed)		 (-g=)=Slashdot0902.txt
Input number of trim levels	 (-t=)=0
Pivot selection			 (-p=)=2
Specify FW-BW variant		 (-m=)=1
Specify maximum workers		 (-w=)=8
Specify randwalk iterations	 (-rand=)=10
Print help section		 (-h=)=No
Print SCC output to file	 (-out=)=No
Name to append output file	 (-suffix=)=PivotMaxDeg_Col_C8_iteration2
Print timers			 (-time=)=3
Print debug information		 (-a=)=3

Loading graph
Graph loaded
Starting
Done

Writing timer output

Writing debug output
Done
Bootstrapping complete
SCC. build: 00:03:57, May 30 2019. Time: 00:15:14 [Apr  3 2019]
===============================================================
Input graph (directed)		 (-g=)=Slashdot0902.txt
Input number of trim levels	 (-t=)=0
Pivot selection			 (-p=)=2
Specify FW-BW variant		 (-m=)=1
Specify maximum workers		 (-w=)=8
Specify randwalk iterations	 (-rand=)=10
Print help section		 (-h=)=No
Print SCC output to file	 (-out=)=No
Name to append output file	 (-suffix=)=PivotMaxDeg_Col_C8_iteration3
Print timers			 (-time=)=3
Print debug information		 (-a=)=3

Loading graph
Graph loaded
Starting
Done

Writing timer output

Writing debug output
Done
Bootstrapping complete
SCC. build: 00:03:57, May 30 2019. Time: 00:15:17 [Apr  3 2019]
===============================================================
Input graph (directed)		 (-g=)=Slashdot0902.txt
Input number of trim levels	 (-t=)=0
Pivot selection			 (-p=)=2
Specify FW-BW variant		 (-m=)=1
Specify maximum workers		 (-w=)=8
Specify randwalk iterations	 (-rand=)=10
Print help section		 (-h=)=No
Print SCC output to file	 (-out=)=No
Name to append output file	 (-suffix=)=PivotMaxDeg_Col_C8_iteration4
Print timers			 (-time=)=3
Print debug information		 (-a=)=3

Loading graph
Graph loaded
Starting
Done

Writing timer output

Writing debug output
Done
Bootstrapping complete
SCC. build: 00:03:57, May 30 2019. Time: 00:15:20 [Apr  3 2019]
===============================================================
Input graph (directed)		 (-g=)=Slashdot0902.txt
Input number of trim levels	 (-t=)=0
Pivot selection			 (-p=)=2
Specify FW-BW variant		 (-m=)=1
Specify maximum workers		 (-w=)=8
Specify randwalk iterations	 (-rand=)=10
Print help section		 (-h=)=No
Print SCC output to file	 (-out=)=No
Name to append output file	 (-suffix=)=PivotMaxDeg_Col_C8_iteration5
Print timers			 (-time=)=3
Print debug information		 (-a=)=3

Loading graph
Graph loaded
Starting
Done

Writing timer output

Writing debug output
Done
Bootstrapping complete
SCC. build: 00:03:57, May 30 2019. Time: 00:15:23 [Apr  3 2019]
===============================================================
Input graph (directed)		 (-g=)=Slashdot0902.txt
Input number of trim levels	 (-t=)=0
Pivot selection			 (-p=)=2
Specify FW-BW variant		 (-m=)=1
Specify maximum workers		 (-w=)=8
Specify randwalk iterations	 (-rand=)=10
Print help section		 (-h=)=No
Print SCC output to file	 (-out=)=No
Name to append output file	 (-suffix=)=PivotMaxDeg_Col_C8_iteration6
Print timers			 (-time=)=3
Print debug information		 (-a=)=3

Loading graph
Graph loaded
Starting
Done

Writing timer output

Writing debug output
Done
Bootstrapping complete
SCC. build: 00:03:57, May 30 2019. Time: 00:15:26 [Apr  3 2019]
===============================================================
Input graph (directed)		 (-g=)=Slashdot0902.txt
Input number of trim levels	 (-t=)=0
Pivot selection			 (-p=)=2
Specify FW-BW variant		 (-m=)=1
Specify maximum workers		 (-w=)=8
Specify randwalk iterations	 (-rand=)=10
Print help section		 (-h=)=No
Print SCC output to file	 (-out=)=No
Name to append output file	 (-suffix=)=PivotMaxDeg_Col_C8_iteration7
Print timers			 (-time=)=3
Print debug information		 (-a=)=3

Loading graph
Graph loaded
Starting
Done

Writing timer output

Writing debug output
Done
Bootstrapping complete
SCC. build: 00:03:57, May 30 2019. Time: 00:15:29 [Apr  3 2019]
===============================================================
Input graph (directed)		 (-g=)=Slashdot0902.txt
Input number of trim levels	 (-t=)=0
Pivot selection			 (-p=)=2
Specify FW-BW variant		 (-m=)=1
Specify maximum workers		 (-w=)=8
Specify randwalk iterations	 (-rand=)=10
Print help section		 (-h=)=No
Print SCC output to file	 (-out=)=No
Name to append output file	 (-suffix=)=PivotMaxDeg_Col_C8_iteration8
Print timers			 (-time=)=3
Print debug information		 (-a=)=3

Loading graph
Graph loaded
Starting
Done

Writing timer output

Writing debug output
Done
Bootstrapping complete
SCC. build: 00:03:57, May 30 2019. Time: 00:15:32 [Apr  3 2019]
===============================================================
Input graph (directed)		 (-g=)=Slashdot0902.txt
Input number of trim levels	 (-t=)=0
Pivot selection			 (-p=)=2
Specify FW-BW variant		 (-m=)=1
Specify maximum workers		 (-w=)=8
Specify randwalk iterations	 (-rand=)=10
Print help section		 (-h=)=No
Print SCC output to file	 (-out=)=No
Name to append output file	 (-suffix=)=PivotMaxDeg_Col_C8_iteration9
Print timers			 (-time=)=3
Print debug information		 (-a=)=3

Loading graph
Graph loaded
Starting
Done

Writing timer output

Writing debug output
Done
Bootstrapping complete
SCC. build: 00:03:57, May 30 2019. Time: 00:15:35 [Apr  3 2019]
===============================================================
Input graph (directed)		 (-g=)=Slashdot0902.txt
Input number of trim levels	 (-t=)=0
Pivot selection			 (-p=)=2
Specify FW-BW variant		 (-m=)=1
Specify maximum workers		 (-w=)=8
Specify randwalk iterations	 (-rand=)=10
Print help section		 (-h=)=No
Print SCC output to file	 (-out=)=No
Name to append output file	 (-suffix=)=PivotMaxDeg_Col_C8_iteration10
Print timers			 (-time=)=3
Print debug information		 (-a=)=3

Loading graph
Graph loaded
Starting
Done

Writing timer output

Writing debug output
Done
Bootstrapping complete
SCC. build: 00:03:57, May 30 2019. Time: 00:15:37 [Apr  3 2019]
===============================================================
Input graph (directed)		 (-g=)=Slashdot0902.txt
Input number of trim levels	 (-t=)=0
Pivot selection			 (-p=)=2
Specify FW-BW variant		 (-m=)=1
Specify maximum workers		 (-w=)=16
Specify randwalk iterations	 (-rand=)=10
Print help section		 (-h=)=No
Print SCC output to file	 (-out=)=No
Name to append output file	 (-suffix=)=PivotMaxDeg_Col_C16_iteration1
Print timers			 (-time=)=3
Print debug information		 (-a=)=3

Loading graph
Graph loaded
Starting
Done

Writing timer output

Writing debug output
Done
Bootstrapping complete
SCC. build: 00:03:57, May 30 2019. Time: 00:15:40 [Apr  3 2019]
===============================================================
Input graph (directed)		 (-g=)=Slashdot0902.txt
Input number of trim levels	 (-t=)=0
Pivot selection			 (-p=)=2
Specify FW-BW variant		 (-m=)=1
Specify maximum workers		 (-w=)=16
Specify randwalk iterations	 (-rand=)=10
Print help section		 (-h=)=No
Print SCC output to file	 (-out=)=No
Name to append output file	 (-suffix=)=PivotMaxDeg_Col_C16_iteration2
Print timers			 (-time=)=3
Print debug information		 (-a=)=3

Loading graph
Graph loaded
Starting
Done

Writing timer output

Writing debug output
Done
Bootstrapping complete
SCC. build: 00:03:57, May 30 2019. Time: 00:15:42 [Apr  3 2019]
===============================================================
Input graph (directed)		 (-g=)=Slashdot0902.txt
Input number of trim levels	 (-t=)=0
Pivot selection			 (-p=)=2
Specify FW-BW variant		 (-m=)=1
Specify maximum workers		 (-w=)=16
Specify randwalk iterations	 (-rand=)=10
Print help section		 (-h=)=No
Print SCC output to file	 (-out=)=No
Name to append output file	 (-suffix=)=PivotMaxDeg_Col_C16_iteration3
Print timers			 (-time=)=3
Print debug information		 (-a=)=3

Loading graph
Graph loaded
Starting
Done

Writing timer output

Writing debug output
Done
Bootstrapping complete
SCC. build: 00:03:57, May 30 2019. Time: 00:15:46 [Apr  3 2019]
===============================================================
Input graph (directed)		 (-g=)=Slashdot0902.txt
Input number of trim levels	 (-t=)=0
Pivot selection			 (-p=)=2
Specify FW-BW variant		 (-m=)=1
Specify maximum workers		 (-w=)=16
Specify randwalk iterations	 (-rand=)=10
Print help section		 (-h=)=No
Print SCC output to file	 (-out=)=No
Name to append output file	 (-suffix=)=PivotMaxDeg_Col_C16_iteration4
Print timers			 (-time=)=3
Print debug information		 (-a=)=3

Loading graph
Graph loaded
Starting
Done

Writing timer output

Writing debug output
Done
Bootstrapping complete
SCC. build: 00:03:57, May 30 2019. Time: 00:15:49 [Apr  3 2019]
===============================================================
Input graph (directed)		 (-g=)=Slashdot0902.txt
Input number of trim levels	 (-t=)=0
Pivot selection			 (-p=)=2
Specify FW-BW variant		 (-m=)=1
Specify maximum workers		 (-w=)=16
Specify randwalk iterations	 (-rand=)=10
Print help section		 (-h=)=No
Print SCC output to file	 (-out=)=No
Name to append output file	 (-suffix=)=PivotMaxDeg_Col_C16_iteration5
Print timers			 (-time=)=3
Print debug information		 (-a=)=3

Loading graph
Graph loaded
Starting
Done

Writing timer output

Writing debug output
Done
Bootstrapping complete
SCC. build: 00:03:57, May 30 2019. Time: 00:15:52 [Apr  3 2019]
===============================================================
Input graph (directed)		 (-g=)=Slashdot0902.txt
Input number of trim levels	 (-t=)=0
Pivot selection			 (-p=)=2
Specify FW-BW variant		 (-m=)=1
Specify maximum workers		 (-w=)=16
Specify randwalk iterations	 (-rand=)=10
Print help section		 (-h=)=No
Print SCC output to file	 (-out=)=No
Name to append output file	 (-suffix=)=PivotMaxDeg_Col_C16_iteration6
Print timers			 (-time=)=3
Print debug information		 (-a=)=3

Loading graph
Graph loaded
Starting
Done

Writing timer output

Writing debug output
Done
Bootstrapping complete
SCC. build: 00:03:57, May 30 2019. Time: 00:15:54 [Apr  3 2019]
===============================================================
Input graph (directed)		 (-g=)=Slashdot0902.txt
Input number of trim levels	 (-t=)=0
Pivot selection			 (-p=)=2
Specify FW-BW variant		 (-m=)=1
Specify maximum workers		 (-w=)=16
Specify randwalk iterations	 (-rand=)=10
Print help section		 (-h=)=No
Print SCC output to file	 (-out=)=No
Name to append output file	 (-suffix=)=PivotMaxDeg_Col_C16_iteration7
Print timers			 (-time=)=3
Print debug information		 (-a=)=3

Loading graph
Graph loaded
Starting
Done

Writing timer output

Writing debug output
Done
Bootstrapping complete
SCC. build: 00:03:57, May 30 2019. Time: 00:15:57 [Apr  3 2019]
===============================================================
Input graph (directed)		 (-g=)=Slashdot0902.txt
Input number of trim levels	 (-t=)=0
Pivot selection			 (-p=)=2
Specify FW-BW variant		 (-m=)=1
Specify maximum workers		 (-w=)=16
Specify randwalk iterations	 (-rand=)=10
Print help section		 (-h=)=No
Print SCC output to file	 (-out=)=No
Name to append output file	 (-suffix=)=PivotMaxDeg_Col_C16_iteration8
Print timers			 (-time=)=3
Print debug information		 (-a=)=3

Loading graph
Graph loaded
Starting
Done

Writing timer output

Writing debug output
Done
Bootstrapping complete
SCC. build: 00:03:57, May 30 2019. Time: 00:15:59 [Apr  3 2019]
===============================================================
Input graph (directed)		 (-g=)=Slashdot0902.txt
Input number of trim levels	 (-t=)=0
Pivot selection			 (-p=)=2
Specify FW-BW variant		 (-m=)=1
Specify maximum workers		 (-w=)=16
Specify randwalk iterations	 (-rand=)=10
Print help section		 (-h=)=No
Print SCC output to file	 (-out=)=No
Name to append output file	 (-suffix=)=PivotMaxDeg_Col_C16_iteration9
Print timers			 (-time=)=3
Print debug information		 (-a=)=3

Loading graph
Graph loaded
Starting
Done

Writing timer output

Writing debug output
Done
Bootstrapping complete
SCC. build: 00:03:57, May 30 2019. Time: 00:16:02 [Apr  3 2019]
===============================================================
Input graph (directed)		 (-g=)=Slashdot0902.txt
Input number of trim levels	 (-t=)=0
Pivot selection			 (-p=)=2
Specify FW-BW variant		 (-m=)=1
Specify maximum workers		 (-w=)=16
Specify randwalk iterations	 (-rand=)=10
Print help section		 (-h=)=No
Print SCC output to file	 (-out=)=No
Name to append output file	 (-suffix=)=PivotMaxDeg_Col_C16_iteration10
Print timers			 (-time=)=3
Print debug information		 (-a=)=3

Loading graph
Graph loaded
Starting
Done

Writing timer output

Writing debug output
Done
