Bootstrapping complete
SCC. build: 00:03:57, May 30 2019. Time: 00:17:36 [Apr  3 2019]
===============================================================
Input graph (directed)		 (-g=)=Slashdot0902.txt
Input number of trim levels	 (-t=)=0
Pivot selection			 (-p=)=4
Specify FW-BW variant		 (-m=)=1
Specify maximum workers		 (-w=)=1
Specify randwalk iterations	 (-rand=)=10
Print help section		 (-h=)=No
Print SCC output to file	 (-out=)=No
Name to append output file	 (-suffix=)=PivotMaxDeg_precomp_C1_iteration1
Print timers			 (-time=)=3
Print debug information		 (-a=)=3

Loading graph
Graph loaded
Starting
Done

Writing timer output

Writing debug output
Done
Bootstrapping complete
SCC. build: 00:03:57, May 30 2019. Time: 00:17:40 [Apr  3 2019]
===============================================================
Input graph (directed)		 (-g=)=Slashdot0902.txt
Input number of trim levels	 (-t=)=0
Pivot selection			 (-p=)=4
Specify FW-BW variant		 (-m=)=1
Specify maximum workers		 (-w=)=1
Specify randwalk iterations	 (-rand=)=10
Print help section		 (-h=)=No
Print SCC output to file	 (-out=)=No
Name to append output file	 (-suffix=)=PivotMaxDeg_precomp_C1_iteration2
Print timers			 (-time=)=3
Print debug information		 (-a=)=3

Loading graph
Graph loaded
Starting
Done

Writing timer output

Writing debug output
Done
Bootstrapping complete
SCC. build: 00:03:57, May 30 2019. Time: 00:17:43 [Apr  3 2019]
===============================================================
Input graph (directed)		 (-g=)=Slashdot0902.txt
Input number of trim levels	 (-t=)=0
Pivot selection			 (-p=)=4
Specify FW-BW variant		 (-m=)=1
Specify maximum workers		 (-w=)=1
Specify randwalk iterations	 (-rand=)=10
Print help section		 (-h=)=No
Print SCC output to file	 (-out=)=No
Name to append output file	 (-suffix=)=PivotMaxDeg_precomp_C1_iteration3
Print timers			 (-time=)=3
Print debug information		 (-a=)=3

Loading graph
Graph loaded
Starting
Done

Writing timer output

Writing debug output
Done
Bootstrapping complete
SCC. build: 00:03:57, May 30 2019. Time: 00:17:47 [Apr  3 2019]
===============================================================
Input graph (directed)		 (-g=)=Slashdot0902.txt
Input number of trim levels	 (-t=)=0
Pivot selection			 (-p=)=4
Specify FW-BW variant		 (-m=)=1
Specify maximum workers		 (-w=)=1
Specify randwalk iterations	 (-rand=)=10
Print help section		 (-h=)=No
Print SCC output to file	 (-out=)=No
Name to append output file	 (-suffix=)=PivotMaxDeg_precomp_C1_iteration4
Print timers			 (-time=)=3
Print debug information		 (-a=)=3

Loading graph
Graph loaded
Starting
Done

Writing timer output

Writing debug output
Done
Bootstrapping complete
SCC. build: 00:03:57, May 30 2019. Time: 00:17:50 [Apr  3 2019]
===============================================================
Input graph (directed)		 (-g=)=Slashdot0902.txt
Input number of trim levels	 (-t=)=0
Pivot selection			 (-p=)=4
Specify FW-BW variant		 (-m=)=1
Specify maximum workers		 (-w=)=1
Specify randwalk iterations	 (-rand=)=10
Print help section		 (-h=)=No
Print SCC output to file	 (-out=)=No
Name to append output file	 (-suffix=)=PivotMaxDeg_precomp_C1_iteration5
Print timers			 (-time=)=3
Print debug information		 (-a=)=3

Loading graph
Graph loaded
Starting
Done

Writing timer output

Writing debug output
Done
Bootstrapping complete
SCC. build: 00:03:57, May 30 2019. Time: 00:17:54 [Apr  3 2019]
===============================================================
Input graph (directed)		 (-g=)=Slashdot0902.txt
Input number of trim levels	 (-t=)=0
Pivot selection			 (-p=)=4
Specify FW-BW variant		 (-m=)=1
Specify maximum workers		 (-w=)=1
Specify randwalk iterations	 (-rand=)=10
Print help section		 (-h=)=No
Print SCC output to file	 (-out=)=No
Name to append output file	 (-suffix=)=PivotMaxDeg_precomp_C1_iteration6
Print timers			 (-time=)=3
Print debug information		 (-a=)=3

Loading graph
Graph loaded
Starting
Done

Writing timer output

Writing debug output
Done
Bootstrapping complete
SCC. build: 00:03:57, May 30 2019. Time: 00:17:57 [Apr  3 2019]
===============================================================
Input graph (directed)		 (-g=)=Slashdot0902.txt
Input number of trim levels	 (-t=)=0
Pivot selection			 (-p=)=4
Specify FW-BW variant		 (-m=)=1
Specify maximum workers		 (-w=)=1
Specify randwalk iterations	 (-rand=)=10
Print help section		 (-h=)=No
Print SCC output to file	 (-out=)=No
Name to append output file	 (-suffix=)=PivotMaxDeg_precomp_C1_iteration7
Print timers			 (-time=)=3
Print debug information		 (-a=)=3

Loading graph
Graph loaded
Starting
Done

Writing timer output

Writing debug output
Done
Bootstrapping complete
SCC. build: 00:03:57, May 30 2019. Time: 00:18:00 [Apr  3 2019]
===============================================================
Input graph (directed)		 (-g=)=Slashdot0902.txt
Input number of trim levels	 (-t=)=0
Pivot selection			 (-p=)=4
Specify FW-BW variant		 (-m=)=1
Specify maximum workers		 (-w=)=1
Specify randwalk iterations	 (-rand=)=10
Print help section		 (-h=)=No
Print SCC output to file	 (-out=)=No
Name to append output file	 (-suffix=)=PivotMaxDeg_precomp_C1_iteration8
Print timers			 (-time=)=3
Print debug information		 (-a=)=3

Loading graph
Graph loaded
Starting
Done

Writing timer output

Writing debug output
Done
Bootstrapping complete
SCC. build: 00:03:57, May 30 2019. Time: 00:18:04 [Apr  3 2019]
===============================================================
Input graph (directed)		 (-g=)=Slashdot0902.txt
Input number of trim levels	 (-t=)=0
Pivot selection			 (-p=)=4
Specify FW-BW variant		 (-m=)=1
Specify maximum workers		 (-w=)=1
Specify randwalk iterations	 (-rand=)=10
Print help section		 (-h=)=No
Print SCC output to file	 (-out=)=No
Name to append output file	 (-suffix=)=PivotMaxDeg_precomp_C1_iteration9
Print timers			 (-time=)=3
Print debug information		 (-a=)=3

Loading graph
Graph loaded
Starting
Done

Writing timer output

Writing debug output
Done
Bootstrapping complete
SCC. build: 00:03:57, May 30 2019. Time: 00:18:07 [Apr  3 2019]
===============================================================
Input graph (directed)		 (-g=)=Slashdot0902.txt
Input number of trim levels	 (-t=)=0
Pivot selection			 (-p=)=4
Specify FW-BW variant		 (-m=)=1
Specify maximum workers		 (-w=)=1
Specify randwalk iterations	 (-rand=)=10
Print help section		 (-h=)=No
Print SCC output to file	 (-out=)=No
Name to append output file	 (-suffix=)=PivotMaxDeg_precomp_C1_iteration10
Print timers			 (-time=)=3
Print debug information		 (-a=)=3

Loading graph
Graph loaded
Starting
Done

Writing timer output

Writing debug output
Done
Bootstrapping complete
SCC. build: 00:03:57, May 30 2019. Time: 00:18:11 [Apr  3 2019]
===============================================================
Input graph (directed)		 (-g=)=Slashdot0902.txt
Input number of trim levels	 (-t=)=0
Pivot selection			 (-p=)=4
Specify FW-BW variant		 (-m=)=1
Specify maximum workers		 (-w=)=2
Specify randwalk iterations	 (-rand=)=10
Print help section		 (-h=)=No
Print SCC output to file	 (-out=)=No
Name to append output file	 (-suffix=)=PivotMaxDeg_precomp_C2_iteration1
Print timers			 (-time=)=3
Print debug information		 (-a=)=3

Loading graph
Graph loaded
Starting
Done

Writing timer output

Writing debug output
Done
Bootstrapping complete
SCC. build: 00:03:57, May 30 2019. Time: 00:18:14 [Apr  3 2019]
===============================================================
Input graph (directed)		 (-g=)=Slashdot0902.txt
Input number of trim levels	 (-t=)=0
Pivot selection			 (-p=)=4
Specify FW-BW variant		 (-m=)=1
Specify maximum workers		 (-w=)=2
Specify randwalk iterations	 (-rand=)=10
Print help section		 (-h=)=No
Print SCC output to file	 (-out=)=No
Name to append output file	 (-suffix=)=PivotMaxDeg_precomp_C2_iteration2
Print timers			 (-time=)=3
Print debug information		 (-a=)=3

Loading graph
Graph loaded
Starting
Done

Writing timer output

Writing debug output
Done
Bootstrapping complete
SCC. build: 00:03:57, May 30 2019. Time: 00:18:16 [Apr  3 2019]
===============================================================
Input graph (directed)		 (-g=)=Slashdot0902.txt
Input number of trim levels	 (-t=)=0
Pivot selection			 (-p=)=4
Specify FW-BW variant		 (-m=)=1
Specify maximum workers		 (-w=)=2
Specify randwalk iterations	 (-rand=)=10
Print help section		 (-h=)=No
Print SCC output to file	 (-out=)=No
Name to append output file	 (-suffix=)=PivotMaxDeg_precomp_C2_iteration3
Print timers			 (-time=)=3
Print debug information		 (-a=)=3

Loading graph
Graph loaded
Starting
Done

Writing timer output

Writing debug output
Done
Bootstrapping complete
SCC. build: 00:03:57, May 30 2019. Time: 00:18:19 [Apr  3 2019]
===============================================================
Input graph (directed)		 (-g=)=Slashdot0902.txt
Input number of trim levels	 (-t=)=0
Pivot selection			 (-p=)=4
Specify FW-BW variant		 (-m=)=1
Specify maximum workers		 (-w=)=2
Specify randwalk iterations	 (-rand=)=10
Print help section		 (-h=)=No
Print SCC output to file	 (-out=)=No
Name to append output file	 (-suffix=)=PivotMaxDeg_precomp_C2_iteration4
Print timers			 (-time=)=3
Print debug information		 (-a=)=3

Loading graph
Graph loaded
Starting
Done

Writing timer output

Writing debug output
Done
Bootstrapping complete
SCC. build: 00:03:57, May 30 2019. Time: 00:18:22 [Apr  3 2019]
===============================================================
Input graph (directed)		 (-g=)=Slashdot0902.txt
Input number of trim levels	 (-t=)=0
Pivot selection			 (-p=)=4
Specify FW-BW variant		 (-m=)=1
Specify maximum workers		 (-w=)=2
Specify randwalk iterations	 (-rand=)=10
Print help section		 (-h=)=No
Print SCC output to file	 (-out=)=No
Name to append output file	 (-suffix=)=PivotMaxDeg_precomp_C2_iteration5
Print timers			 (-time=)=3
Print debug information		 (-a=)=3

Loading graph
Graph loaded
Starting
Done

Writing timer output

Writing debug output
Done
Bootstrapping complete
SCC. build: 00:03:57, May 30 2019. Time: 00:18:24 [Apr  3 2019]
===============================================================
Input graph (directed)		 (-g=)=Slashdot0902.txt
Input number of trim levels	 (-t=)=0
Pivot selection			 (-p=)=4
Specify FW-BW variant		 (-m=)=1
Specify maximum workers		 (-w=)=2
Specify randwalk iterations	 (-rand=)=10
Print help section		 (-h=)=No
Print SCC output to file	 (-out=)=No
Name to append output file	 (-suffix=)=PivotMaxDeg_precomp_C2_iteration6
Print timers			 (-time=)=3
Print debug information		 (-a=)=3

Loading graph
Graph loaded
Starting
Done

Writing timer output

Writing debug output
Done
Bootstrapping complete
SCC. build: 00:03:57, May 30 2019. Time: 00:18:27 [Apr  3 2019]
===============================================================
Input graph (directed)		 (-g=)=Slashdot0902.txt
Input number of trim levels	 (-t=)=0
Pivot selection			 (-p=)=4
Specify FW-BW variant		 (-m=)=1
Specify maximum workers		 (-w=)=2
Specify randwalk iterations	 (-rand=)=10
Print help section		 (-h=)=No
Print SCC output to file	 (-out=)=No
Name to append output file	 (-suffix=)=PivotMaxDeg_precomp_C2_iteration7
Print timers			 (-time=)=3
Print debug information		 (-a=)=3

Loading graph
Graph loaded
Starting
Done

Writing timer output

Writing debug output
Done
Bootstrapping complete
SCC. build: 00:03:57, May 30 2019. Time: 00:18:29 [Apr  3 2019]
===============================================================
Input graph (directed)		 (-g=)=Slashdot0902.txt
Input number of trim levels	 (-t=)=0
Pivot selection			 (-p=)=4
Specify FW-BW variant		 (-m=)=1
Specify maximum workers		 (-w=)=2
Specify randwalk iterations	 (-rand=)=10
Print help section		 (-h=)=No
Print SCC output to file	 (-out=)=No
Name to append output file	 (-suffix=)=PivotMaxDeg_precomp_C2_iteration8
Print timers			 (-time=)=3
Print debug information		 (-a=)=3

Loading graph
Graph loaded
Starting
Done

Writing timer output

Writing debug output
Done
Bootstrapping complete
SCC. build: 00:03:57, May 30 2019. Time: 00:18:32 [Apr  3 2019]
===============================================================
Input graph (directed)		 (-g=)=Slashdot0902.txt
Input number of trim levels	 (-t=)=0
Pivot selection			 (-p=)=4
Specify FW-BW variant		 (-m=)=1
Specify maximum workers		 (-w=)=2
Specify randwalk iterations	 (-rand=)=10
Print help section		 (-h=)=No
Print SCC output to file	 (-out=)=No
Name to append output file	 (-suffix=)=PivotMaxDeg_precomp_C2_iteration9
Print timers			 (-time=)=3
Print debug information		 (-a=)=3

Loading graph
Graph loaded
Starting
Done

Writing timer output

Writing debug output
Done
Bootstrapping complete
SCC. build: 00:03:57, May 30 2019. Time: 00:18:34 [Apr  3 2019]
===============================================================
Input graph (directed)		 (-g=)=Slashdot0902.txt
Input number of trim levels	 (-t=)=0
Pivot selection			 (-p=)=4
Specify FW-BW variant		 (-m=)=1
Specify maximum workers		 (-w=)=2
Specify randwalk iterations	 (-rand=)=10
Print help section		 (-h=)=No
Print SCC output to file	 (-out=)=No
Name to append output file	 (-suffix=)=PivotMaxDeg_precomp_C2_iteration10
Print timers			 (-time=)=3
Print debug information		 (-a=)=3

Loading graph
Graph loaded
Starting
Done

Writing timer output

Writing debug output
Done
Bootstrapping complete
SCC. build: 00:03:57, May 30 2019. Time: 00:18:37 [Apr  3 2019]
===============================================================
Input graph (directed)		 (-g=)=Slashdot0902.txt
Input number of trim levels	 (-t=)=0
Pivot selection			 (-p=)=4
Specify FW-BW variant		 (-m=)=1
Specify maximum workers		 (-w=)=4
Specify randwalk iterations	 (-rand=)=10
Print help section		 (-h=)=No
Print SCC output to file	 (-out=)=No
Name to append output file	 (-suffix=)=PivotMaxDeg_precomp_C4_iteration1
Print timers			 (-time=)=3
Print debug information		 (-a=)=3

Loading graph
Graph loaded
Starting
Done

Writing timer output

Writing debug output
Done
Bootstrapping complete
SCC. build: 00:03:57, May 30 2019. Time: 00:18:39 [Apr  3 2019]
===============================================================
Input graph (directed)		 (-g=)=Slashdot0902.txt
Input number of trim levels	 (-t=)=0
Pivot selection			 (-p=)=4
Specify FW-BW variant		 (-m=)=1
Specify maximum workers		 (-w=)=4
Specify randwalk iterations	 (-rand=)=10
Print help section		 (-h=)=No
Print SCC output to file	 (-out=)=No
Name to append output file	 (-suffix=)=PivotMaxDeg_precomp_C4_iteration2
Print timers			 (-time=)=3
Print debug information		 (-a=)=3

Loading graph
Graph loaded
Starting
Done

Writing timer output

Writing debug output
Done
Bootstrapping complete
SCC. build: 00:03:57, May 30 2019. Time: 00:18:41 [Apr  3 2019]
===============================================================
Input graph (directed)		 (-g=)=Slashdot0902.txt
Input number of trim levels	 (-t=)=0
Pivot selection			 (-p=)=4
Specify FW-BW variant		 (-m=)=1
Specify maximum workers		 (-w=)=4
Specify randwalk iterations	 (-rand=)=10
Print help section		 (-h=)=No
Print SCC output to file	 (-out=)=No
Name to append output file	 (-suffix=)=PivotMaxDeg_precomp_C4_iteration3
Print timers			 (-time=)=3
Print debug information		 (-a=)=3

Loading graph
Graph loaded
Starting
Done

Writing timer output

Writing debug output
Done
Bootstrapping complete
SCC. build: 00:03:57, May 30 2019. Time: 00:18:43 [Apr  3 2019]
===============================================================
Input graph (directed)		 (-g=)=Slashdot0902.txt
Input number of trim levels	 (-t=)=0
Pivot selection			 (-p=)=4
Specify FW-BW variant		 (-m=)=1
Specify maximum workers		 (-w=)=4
Specify randwalk iterations	 (-rand=)=10
Print help section		 (-h=)=No
Print SCC output to file	 (-out=)=No
Name to append output file	 (-suffix=)=PivotMaxDeg_precomp_C4_iteration4
Print timers			 (-time=)=3
Print debug information		 (-a=)=3

Loading graph
Graph loaded
Starting
Done

Writing timer output

Writing debug output
Done
Bootstrapping complete
SCC. build: 00:03:57, May 30 2019. Time: 00:18:45 [Apr  3 2019]
===============================================================
Input graph (directed)		 (-g=)=Slashdot0902.txt
Input number of trim levels	 (-t=)=0
Pivot selection			 (-p=)=4
Specify FW-BW variant		 (-m=)=1
Specify maximum workers		 (-w=)=4
Specify randwalk iterations	 (-rand=)=10
Print help section		 (-h=)=No
Print SCC output to file	 (-out=)=No
Name to append output file	 (-suffix=)=PivotMaxDeg_precomp_C4_iteration5
Print timers			 (-time=)=3
Print debug information		 (-a=)=3

Loading graph
Graph loaded
Starting
Done

Writing timer output

Writing debug output
Done
Bootstrapping complete
SCC. build: 00:03:57, May 30 2019. Time: 00:18:47 [Apr  3 2019]
===============================================================
Input graph (directed)		 (-g=)=Slashdot0902.txt
Input number of trim levels	 (-t=)=0
Pivot selection			 (-p=)=4
Specify FW-BW variant		 (-m=)=1
Specify maximum workers		 (-w=)=4
Specify randwalk iterations	 (-rand=)=10
Print help section		 (-h=)=No
Print SCC output to file	 (-out=)=No
Name to append output file	 (-suffix=)=PivotMaxDeg_precomp_C4_iteration6
Print timers			 (-time=)=3
Print debug information		 (-a=)=3

Loading graph
Graph loaded
Starting
Done

Writing timer output

Writing debug output
Done
Bootstrapping complete
SCC. build: 00:03:57, May 30 2019. Time: 00:18:48 [Apr  3 2019]
===============================================================
Input graph (directed)		 (-g=)=Slashdot0902.txt
Input number of trim levels	 (-t=)=0
Pivot selection			 (-p=)=4
Specify FW-BW variant		 (-m=)=1
Specify maximum workers		 (-w=)=4
Specify randwalk iterations	 (-rand=)=10
Print help section		 (-h=)=No
Print SCC output to file	 (-out=)=No
Name to append output file	 (-suffix=)=PivotMaxDeg_precomp_C4_iteration7
Print timers			 (-time=)=3
Print debug information		 (-a=)=3

Loading graph
Graph loaded
Starting
Done

Writing timer output

Writing debug output
Done
Bootstrapping complete
SCC. build: 00:03:57, May 30 2019. Time: 00:18:50 [Apr  3 2019]
===============================================================
Input graph (directed)		 (-g=)=Slashdot0902.txt
Input number of trim levels	 (-t=)=0
Pivot selection			 (-p=)=4
Specify FW-BW variant		 (-m=)=1
Specify maximum workers		 (-w=)=4
Specify randwalk iterations	 (-rand=)=10
Print help section		 (-h=)=No
Print SCC output to file	 (-out=)=No
Name to append output file	 (-suffix=)=PivotMaxDeg_precomp_C4_iteration8
Print timers			 (-time=)=3
Print debug information		 (-a=)=3

Loading graph
Graph loaded
Starting
Done

Writing timer output

Writing debug output
Done
Bootstrapping complete
SCC. build: 00:03:57, May 30 2019. Time: 00:18:52 [Apr  3 2019]
===============================================================
Input graph (directed)		 (-g=)=Slashdot0902.txt
Input number of trim levels	 (-t=)=0
Pivot selection			 (-p=)=4
Specify FW-BW variant		 (-m=)=1
Specify maximum workers		 (-w=)=4
Specify randwalk iterations	 (-rand=)=10
Print help section		 (-h=)=No
Print SCC output to file	 (-out=)=No
Name to append output file	 (-suffix=)=PivotMaxDeg_precomp_C4_iteration9
Print timers			 (-time=)=3
Print debug information		 (-a=)=3

Loading graph
Graph loaded
Starting
Done

Writing timer output

Writing debug output
Done
Bootstrapping complete
SCC. build: 00:03:57, May 30 2019. Time: 00:18:54 [Apr  3 2019]
===============================================================
Input graph (directed)		 (-g=)=Slashdot0902.txt
Input number of trim levels	 (-t=)=0
Pivot selection			 (-p=)=4
Specify FW-BW variant		 (-m=)=1
Specify maximum workers		 (-w=)=4
Specify randwalk iterations	 (-rand=)=10
Print help section		 (-h=)=No
Print SCC output to file	 (-out=)=No
Name to append output file	 (-suffix=)=PivotMaxDeg_precomp_C4_iteration10
Print timers			 (-time=)=3
Print debug information		 (-a=)=3

Loading graph
Graph loaded
Starting
Done

Writing timer output

Writing debug output
Done
Bootstrapping complete
SCC. build: 00:03:57, May 30 2019. Time: 00:18:56 [Apr  3 2019]
===============================================================
Input graph (directed)		 (-g=)=Slashdot0902.txt
Input number of trim levels	 (-t=)=0
Pivot selection			 (-p=)=4
Specify FW-BW variant		 (-m=)=1
Specify maximum workers		 (-w=)=8
Specify randwalk iterations	 (-rand=)=10
Print help section		 (-h=)=No
Print SCC output to file	 (-out=)=No
Name to append output file	 (-suffix=)=PivotMaxDeg_precomp_C8_iteration1
Print timers			 (-time=)=3
Print debug information		 (-a=)=3

Loading graph
Graph loaded
Starting
Done

Writing timer output

Writing debug output
Done
Bootstrapping complete
SCC. build: 00:03:57, May 30 2019. Time: 00:18:57 [Apr  3 2019]
===============================================================
Input graph (directed)		 (-g=)=Slashdot0902.txt
Input number of trim levels	 (-t=)=0
Pivot selection			 (-p=)=4
Specify FW-BW variant		 (-m=)=1
Specify maximum workers		 (-w=)=8
Specify randwalk iterations	 (-rand=)=10
Print help section		 (-h=)=No
Print SCC output to file	 (-out=)=No
Name to append output file	 (-suffix=)=PivotMaxDeg_precomp_C8_iteration2
Print timers			 (-time=)=3
Print debug information		 (-a=)=3

Loading graph
Graph loaded
Starting
Done

Writing timer output

Writing debug output
Done
Bootstrapping complete
SCC. build: 00:03:57, May 30 2019. Time: 00:18:59 [Apr  3 2019]
===============================================================
Input graph (directed)		 (-g=)=Slashdot0902.txt
Input number of trim levels	 (-t=)=0
Pivot selection			 (-p=)=4
Specify FW-BW variant		 (-m=)=1
Specify maximum workers		 (-w=)=8
Specify randwalk iterations	 (-rand=)=10
Print help section		 (-h=)=No
Print SCC output to file	 (-out=)=No
Name to append output file	 (-suffix=)=PivotMaxDeg_precomp_C8_iteration3
Print timers			 (-time=)=3
Print debug information		 (-a=)=3

Loading graph
Graph loaded
Starting
Done

Writing timer output

Writing debug output
Done
Bootstrapping complete
SCC. build: 00:03:57, May 30 2019. Time: 00:19:01 [Apr  3 2019]
===============================================================
Input graph (directed)		 (-g=)=Slashdot0902.txt
Input number of trim levels	 (-t=)=0
Pivot selection			 (-p=)=4
Specify FW-BW variant		 (-m=)=1
Specify maximum workers		 (-w=)=8
Specify randwalk iterations	 (-rand=)=10
Print help section		 (-h=)=No
Print SCC output to file	 (-out=)=No
Name to append output file	 (-suffix=)=PivotMaxDeg_precomp_C8_iteration4
Print timers			 (-time=)=3
Print debug information		 (-a=)=3

Loading graph
Graph loaded
Starting
Done

Writing timer output

Writing debug output
Done
Bootstrapping complete
SCC. build: 00:03:57, May 30 2019. Time: 00:19:02 [Apr  3 2019]
===============================================================
Input graph (directed)		 (-g=)=Slashdot0902.txt
Input number of trim levels	 (-t=)=0
Pivot selection			 (-p=)=4
Specify FW-BW variant		 (-m=)=1
Specify maximum workers		 (-w=)=8
Specify randwalk iterations	 (-rand=)=10
Print help section		 (-h=)=No
Print SCC output to file	 (-out=)=No
Name to append output file	 (-suffix=)=PivotMaxDeg_precomp_C8_iteration5
Print timers			 (-time=)=3
Print debug information		 (-a=)=3

Loading graph
Graph loaded
Starting
Done

Writing timer output

Writing debug output
Done
Bootstrapping complete
SCC. build: 00:03:57, May 30 2019. Time: 00:19:04 [Apr  3 2019]
===============================================================
Input graph (directed)		 (-g=)=Slashdot0902.txt
Input number of trim levels	 (-t=)=0
Pivot selection			 (-p=)=4
Specify FW-BW variant		 (-m=)=1
Specify maximum workers		 (-w=)=8
Specify randwalk iterations	 (-rand=)=10
Print help section		 (-h=)=No
Print SCC output to file	 (-out=)=No
Name to append output file	 (-suffix=)=PivotMaxDeg_precomp_C8_iteration6
Print timers			 (-time=)=3
Print debug information		 (-a=)=3

Loading graph
Graph loaded
Starting
Done

Writing timer output

Writing debug output
Done
Bootstrapping complete
SCC. build: 00:03:57, May 30 2019. Time: 00:19:05 [Apr  3 2019]
===============================================================
Input graph (directed)		 (-g=)=Slashdot0902.txt
Input number of trim levels	 (-t=)=0
Pivot selection			 (-p=)=4
Specify FW-BW variant		 (-m=)=1
Specify maximum workers		 (-w=)=8
Specify randwalk iterations	 (-rand=)=10
Print help section		 (-h=)=No
Print SCC output to file	 (-out=)=No
Name to append output file	 (-suffix=)=PivotMaxDeg_precomp_C8_iteration7
Print timers			 (-time=)=3
Print debug information		 (-a=)=3

Loading graph
Graph loaded
Starting
Done

Writing timer output

Writing debug output
Done
Bootstrapping complete
SCC. build: 00:03:57, May 30 2019. Time: 00:19:07 [Apr  3 2019]
===============================================================
Input graph (directed)		 (-g=)=Slashdot0902.txt
Input number of trim levels	 (-t=)=0
Pivot selection			 (-p=)=4
Specify FW-BW variant		 (-m=)=1
Specify maximum workers		 (-w=)=8
Specify randwalk iterations	 (-rand=)=10
Print help section		 (-h=)=No
Print SCC output to file	 (-out=)=No
Name to append output file	 (-suffix=)=PivotMaxDeg_precomp_C8_iteration8
Print timers			 (-time=)=3
Print debug information		 (-a=)=3

Loading graph
Graph loaded
Starting
Done

Writing timer output

Writing debug output
Done
Bootstrapping complete
SCC. build: 00:03:57, May 30 2019. Time: 00:19:08 [Apr  3 2019]
===============================================================
Input graph (directed)		 (-g=)=Slashdot0902.txt
Input number of trim levels	 (-t=)=0
Pivot selection			 (-p=)=4
Specify FW-BW variant		 (-m=)=1
Specify maximum workers		 (-w=)=8
Specify randwalk iterations	 (-rand=)=10
Print help section		 (-h=)=No
Print SCC output to file	 (-out=)=No
Name to append output file	 (-suffix=)=PivotMaxDeg_precomp_C8_iteration9
Print timers			 (-time=)=3
Print debug information		 (-a=)=3

Loading graph
Graph loaded
Starting
Done

Writing timer output

Writing debug output
Done
Bootstrapping complete
SCC. build: 00:03:57, May 30 2019. Time: 00:19:10 [Apr  3 2019]
===============================================================
Input graph (directed)		 (-g=)=Slashdot0902.txt
Input number of trim levels	 (-t=)=0
Pivot selection			 (-p=)=4
Specify FW-BW variant		 (-m=)=1
Specify maximum workers		 (-w=)=8
Specify randwalk iterations	 (-rand=)=10
Print help section		 (-h=)=No
Print SCC output to file	 (-out=)=No
Name to append output file	 (-suffix=)=PivotMaxDeg_precomp_C8_iteration10
Print timers			 (-time=)=3
Print debug information		 (-a=)=3

Loading graph
Graph loaded
Starting
Done

Writing timer output

Writing debug output
Done
Bootstrapping complete
SCC. build: 00:03:57, May 30 2019. Time: 00:19:11 [Apr  3 2019]
===============================================================
Input graph (directed)		 (-g=)=Slashdot0902.txt
Input number of trim levels	 (-t=)=0
Pivot selection			 (-p=)=4
Specify FW-BW variant		 (-m=)=1
Specify maximum workers		 (-w=)=16
Specify randwalk iterations	 (-rand=)=10
Print help section		 (-h=)=No
Print SCC output to file	 (-out=)=No
Name to append output file	 (-suffix=)=PivotMaxDeg_precomp_C16_iteration1
Print timers			 (-time=)=3
Print debug information		 (-a=)=3

Loading graph
Graph loaded
Starting
Done

Writing timer output

Writing debug output
Done
Bootstrapping complete
SCC. build: 00:03:57, May 30 2019. Time: 00:19:13 [Apr  3 2019]
===============================================================
Input graph (directed)		 (-g=)=Slashdot0902.txt
Input number of trim levels	 (-t=)=0
Pivot selection			 (-p=)=4
Specify FW-BW variant		 (-m=)=1
Specify maximum workers		 (-w=)=16
Specify randwalk iterations	 (-rand=)=10
Print help section		 (-h=)=No
Print SCC output to file	 (-out=)=No
Name to append output file	 (-suffix=)=PivotMaxDeg_precomp_C16_iteration2
Print timers			 (-time=)=3
Print debug information		 (-a=)=3

Loading graph
Graph loaded
Starting
Done

Writing timer output

Writing debug output
Done
Bootstrapping complete
SCC. build: 00:03:57, May 30 2019. Time: 00:19:15 [Apr  3 2019]
===============================================================
Input graph (directed)		 (-g=)=Slashdot0902.txt
Input number of trim levels	 (-t=)=0
Pivot selection			 (-p=)=4
Specify FW-BW variant		 (-m=)=1
Specify maximum workers		 (-w=)=16
Specify randwalk iterations	 (-rand=)=10
Print help section		 (-h=)=No
Print SCC output to file	 (-out=)=No
Name to append output file	 (-suffix=)=PivotMaxDeg_precomp_C16_iteration3
Print timers			 (-time=)=3
Print debug information		 (-a=)=3

Loading graph
Graph loaded
Starting
Done

Writing timer output

Writing debug output
Done
Bootstrapping complete
SCC. build: 00:03:57, May 30 2019. Time: 00:19:16 [Apr  3 2019]
===============================================================
Input graph (directed)		 (-g=)=Slashdot0902.txt
Input number of trim levels	 (-t=)=0
Pivot selection			 (-p=)=4
Specify FW-BW variant		 (-m=)=1
Specify maximum workers		 (-w=)=16
Specify randwalk iterations	 (-rand=)=10
Print help section		 (-h=)=No
Print SCC output to file	 (-out=)=No
Name to append output file	 (-suffix=)=PivotMaxDeg_precomp_C16_iteration4
Print timers			 (-time=)=3
Print debug information		 (-a=)=3

Loading graph
Graph loaded
Starting
Done

Writing timer output

Writing debug output
Done
Bootstrapping complete
SCC. build: 00:03:57, May 30 2019. Time: 00:19:18 [Apr  3 2019]
===============================================================
Input graph (directed)		 (-g=)=Slashdot0902.txt
Input number of trim levels	 (-t=)=0
Pivot selection			 (-p=)=4
Specify FW-BW variant		 (-m=)=1
Specify maximum workers		 (-w=)=16
Specify randwalk iterations	 (-rand=)=10
Print help section		 (-h=)=No
Print SCC output to file	 (-out=)=No
Name to append output file	 (-suffix=)=PivotMaxDeg_precomp_C16_iteration5
Print timers			 (-time=)=3
Print debug information		 (-a=)=3

Loading graph
Graph loaded
Starting
Done

Writing timer output

Writing debug output
Done
Bootstrapping complete
SCC. build: 00:03:57, May 30 2019. Time: 00:19:19 [Apr  3 2019]
===============================================================
Input graph (directed)		 (-g=)=Slashdot0902.txt
Input number of trim levels	 (-t=)=0
Pivot selection			 (-p=)=4
Specify FW-BW variant		 (-m=)=1
Specify maximum workers		 (-w=)=16
Specify randwalk iterations	 (-rand=)=10
Print help section		 (-h=)=No
Print SCC output to file	 (-out=)=No
Name to append output file	 (-suffix=)=PivotMaxDeg_precomp_C16_iteration6
Print timers			 (-time=)=3
Print debug information		 (-a=)=3

Loading graph
Graph loaded
Starting
Done

Writing timer output

Writing debug output
Done
Bootstrapping complete
SCC. build: 00:03:57, May 30 2019. Time: 00:19:21 [Apr  3 2019]
===============================================================
Input graph (directed)		 (-g=)=Slashdot0902.txt
Input number of trim levels	 (-t=)=0
Pivot selection			 (-p=)=4
Specify FW-BW variant		 (-m=)=1
Specify maximum workers		 (-w=)=16
Specify randwalk iterations	 (-rand=)=10
Print help section		 (-h=)=No
Print SCC output to file	 (-out=)=No
Name to append output file	 (-suffix=)=PivotMaxDeg_precomp_C16_iteration7
Print timers			 (-time=)=3
Print debug information		 (-a=)=3

Loading graph
Graph loaded
Starting
Done

Writing timer output

Writing debug output
Done
Bootstrapping complete
SCC. build: 00:03:57, May 30 2019. Time: 00:19:22 [Apr  3 2019]
===============================================================
Input graph (directed)		 (-g=)=Slashdot0902.txt
Input number of trim levels	 (-t=)=0
Pivot selection			 (-p=)=4
Specify FW-BW variant		 (-m=)=1
Specify maximum workers		 (-w=)=16
Specify randwalk iterations	 (-rand=)=10
Print help section		 (-h=)=No
Print SCC output to file	 (-out=)=No
Name to append output file	 (-suffix=)=PivotMaxDeg_precomp_C16_iteration8
Print timers			 (-time=)=3
Print debug information		 (-a=)=3

Loading graph
Graph loaded
Starting
Done

Writing timer output

Writing debug output
Done
Bootstrapping complete
SCC. build: 00:03:57, May 30 2019. Time: 00:19:24 [Apr  3 2019]
===============================================================
Input graph (directed)		 (-g=)=Slashdot0902.txt
Input number of trim levels	 (-t=)=0
Pivot selection			 (-p=)=4
Specify FW-BW variant		 (-m=)=1
Specify maximum workers		 (-w=)=16
Specify randwalk iterations	 (-rand=)=10
Print help section		 (-h=)=No
Print SCC output to file	 (-out=)=No
Name to append output file	 (-suffix=)=PivotMaxDeg_precomp_C16_iteration9
Print timers			 (-time=)=3
Print debug information		 (-a=)=3

Loading graph
Graph loaded
Starting
Done

Writing timer output

Writing debug output
Done
Bootstrapping complete
SCC. build: 00:03:57, May 30 2019. Time: 00:19:25 [Apr  3 2019]
===============================================================
Input graph (directed)		 (-g=)=Slashdot0902.txt
Input number of trim levels	 (-t=)=0
Pivot selection			 (-p=)=4
Specify FW-BW variant		 (-m=)=1
Specify maximum workers		 (-w=)=16
Specify randwalk iterations	 (-rand=)=10
Print help section		 (-h=)=No
Print SCC output to file	 (-out=)=No
Name to append output file	 (-suffix=)=PivotMaxDeg_precomp_C16_iteration10
Print timers			 (-time=)=3
Print debug information		 (-a=)=3

Loading graph
Graph loaded
Starting
Done

Writing timer output

Writing debug output
Done
