Bootstrapping complete
SCC. build: 16:35:40, Jun  1 2019. Time: 06:58:53 [Apr  3 2019]
===============================================================
Input graph (directed)		 (-g=)=../graphs/LiveJ.edges
Input number of trim levels	 (-t=)=3
Pivot selection			 (-p=)=4
Specify FW-BW variant		 (-m=)=1
Specify maximum workers		 (-w=)=1
Specify randwalk iterations	 (-rand=)=10
Specify trim cutoff point	 (-cutoff=)=0
Specify how often to trim	 (-steps=)=1
Print help section		 (-h=)=No
Print SCC output to file	 (-out=)=No
Name to append output file	 (-suffix=)=PivotMaxDeg_precomp_C1_iteration1
Print timers			 (-time=)=3
Print debug information		 (-a=)=3
threads 32

Loading graph
Graph loaded
Starting
Done

Writing timer output

Writing debug output
Done
Bootstrapping complete
SCC. build: 16:35:40, Jun  1 2019. Time: 07:01:56 [Apr  3 2019]
===============================================================
Input graph (directed)		 (-g=)=../graphs/LiveJ.edges
Input number of trim levels	 (-t=)=3
Pivot selection			 (-p=)=4
Specify FW-BW variant		 (-m=)=1
Specify maximum workers		 (-w=)=1
Specify randwalk iterations	 (-rand=)=10
Specify trim cutoff point	 (-cutoff=)=0
Specify how often to trim	 (-steps=)=1
Print help section		 (-h=)=No
Print SCC output to file	 (-out=)=No
Name to append output file	 (-suffix=)=PivotMaxDeg_precomp_C1_iteration2
Print timers			 (-time=)=3
Print debug information		 (-a=)=3
threads 32

Loading graph
Graph loaded
Starting
Done

Writing timer output

Writing debug output
Done
Bootstrapping complete
SCC. build: 16:35:40, Jun  1 2019. Time: 07:05:08 [Apr  3 2019]
===============================================================
Input graph (directed)		 (-g=)=../graphs/LiveJ.edges
Input number of trim levels	 (-t=)=3
Pivot selection			 (-p=)=4
Specify FW-BW variant		 (-m=)=1
Specify maximum workers		 (-w=)=1
Specify randwalk iterations	 (-rand=)=10
Specify trim cutoff point	 (-cutoff=)=0
Specify how often to trim	 (-steps=)=1
Print help section		 (-h=)=No
Print SCC output to file	 (-out=)=No
Name to append output file	 (-suffix=)=PivotMaxDeg_precomp_C1_iteration3
Print timers			 (-time=)=3
Print debug information		 (-a=)=3
threads 32

Loading graph
Graph loaded
Starting
Done

Writing timer output

Writing debug output
Done
Bootstrapping complete
SCC. build: 16:35:40, Jun  1 2019. Time: 07:08:22 [Apr  3 2019]
===============================================================
Input graph (directed)		 (-g=)=../graphs/LiveJ.edges
Input number of trim levels	 (-t=)=3
Pivot selection			 (-p=)=4
Specify FW-BW variant		 (-m=)=1
Specify maximum workers		 (-w=)=1
Specify randwalk iterations	 (-rand=)=10
Specify trim cutoff point	 (-cutoff=)=0
Specify how often to trim	 (-steps=)=1
Print help section		 (-h=)=No
Print SCC output to file	 (-out=)=No
Name to append output file	 (-suffix=)=PivotMaxDeg_precomp_C1_iteration4
Print timers			 (-time=)=3
Print debug information		 (-a=)=3
threads 32

Loading graph
Graph loaded
Starting
Done

Writing timer output

Writing debug output
Done
Bootstrapping complete
SCC. build: 16:35:40, Jun  1 2019. Time: 07:11:32 [Apr  3 2019]
===============================================================
Input graph (directed)		 (-g=)=../graphs/LiveJ.edges
Input number of trim levels	 (-t=)=3
Pivot selection			 (-p=)=4
Specify FW-BW variant		 (-m=)=1
Specify maximum workers		 (-w=)=1
Specify randwalk iterations	 (-rand=)=10
Specify trim cutoff point	 (-cutoff=)=0
Specify how often to trim	 (-steps=)=1
Print help section		 (-h=)=No
Print SCC output to file	 (-out=)=No
Name to append output file	 (-suffix=)=PivotMaxDeg_precomp_C1_iteration5
Print timers			 (-time=)=3
Print debug information		 (-a=)=3
threads 32

Loading graph
Graph loaded
Starting
Done

Writing timer output

Writing debug output
Done
Bootstrapping complete
SCC. build: 16:35:40, Jun  1 2019. Time: 07:14:36 [Apr  3 2019]
===============================================================
Input graph (directed)		 (-g=)=../graphs/LiveJ.edges
Input number of trim levels	 (-t=)=3
Pivot selection			 (-p=)=4
Specify FW-BW variant		 (-m=)=1
Specify maximum workers		 (-w=)=1
Specify randwalk iterations	 (-rand=)=10
Specify trim cutoff point	 (-cutoff=)=0
Specify how often to trim	 (-steps=)=1
Print help section		 (-h=)=No
Print SCC output to file	 (-out=)=No
Name to append output file	 (-suffix=)=PivotMaxDeg_precomp_C1_iteration6
Print timers			 (-time=)=3
Print debug information		 (-a=)=3
threads 32

Loading graph
Graph loaded
Starting
Done

Writing timer output

Writing debug output
Done
Bootstrapping complete
SCC. build: 16:35:40, Jun  1 2019. Time: 07:17:42 [Apr  3 2019]
===============================================================
Input graph (directed)		 (-g=)=../graphs/LiveJ.edges
Input number of trim levels	 (-t=)=3
Pivot selection			 (-p=)=4
Specify FW-BW variant		 (-m=)=1
Specify maximum workers		 (-w=)=1
Specify randwalk iterations	 (-rand=)=10
Specify trim cutoff point	 (-cutoff=)=0
Specify how often to trim	 (-steps=)=1
Print help section		 (-h=)=No
Print SCC output to file	 (-out=)=No
Name to append output file	 (-suffix=)=PivotMaxDeg_precomp_C1_iteration7
Print timers			 (-time=)=3
Print debug information		 (-a=)=3
threads 32

Loading graph
Graph loaded
Starting
Done

Writing timer output

Writing debug output
Done
Bootstrapping complete
SCC. build: 16:35:40, Jun  1 2019. Time: 07:20:50 [Apr  3 2019]
===============================================================
Input graph (directed)		 (-g=)=../graphs/LiveJ.edges
Input number of trim levels	 (-t=)=3
Pivot selection			 (-p=)=4
Specify FW-BW variant		 (-m=)=1
Specify maximum workers		 (-w=)=1
Specify randwalk iterations	 (-rand=)=10
Specify trim cutoff point	 (-cutoff=)=0
Specify how often to trim	 (-steps=)=1
Print help section		 (-h=)=No
Print SCC output to file	 (-out=)=No
Name to append output file	 (-suffix=)=PivotMaxDeg_precomp_C1_iteration8
Print timers			 (-time=)=3
Print debug information		 (-a=)=3
threads 32

Loading graph
Graph loaded
Starting
Done

Writing timer output

Writing debug output
Done
Bootstrapping complete
SCC. build: 16:35:40, Jun  1 2019. Time: 07:23:59 [Apr  3 2019]
===============================================================
Input graph (directed)		 (-g=)=../graphs/LiveJ.edges
Input number of trim levels	 (-t=)=3
Pivot selection			 (-p=)=4
Specify FW-BW variant		 (-m=)=1
Specify maximum workers		 (-w=)=1
Specify randwalk iterations	 (-rand=)=10
Specify trim cutoff point	 (-cutoff=)=0
Specify how often to trim	 (-steps=)=1
Print help section		 (-h=)=No
Print SCC output to file	 (-out=)=No
Name to append output file	 (-suffix=)=PivotMaxDeg_precomp_C1_iteration9
Print timers			 (-time=)=3
Print debug information		 (-a=)=3
threads 32

Loading graph
Graph loaded
Starting
Done

Writing timer output

Writing debug output
Done
Bootstrapping complete
SCC. build: 16:35:40, Jun  1 2019. Time: 07:27:05 [Apr  3 2019]
===============================================================
Input graph (directed)		 (-g=)=../graphs/LiveJ.edges
Input number of trim levels	 (-t=)=3
Pivot selection			 (-p=)=4
Specify FW-BW variant		 (-m=)=1
Specify maximum workers		 (-w=)=1
Specify randwalk iterations	 (-rand=)=10
Specify trim cutoff point	 (-cutoff=)=0
Specify how often to trim	 (-steps=)=1
Print help section		 (-h=)=No
Print SCC output to file	 (-out=)=No
Name to append output file	 (-suffix=)=PivotMaxDeg_precomp_C1_iteration10
Print timers			 (-time=)=3
Print debug information		 (-a=)=3
threads 32

Loading graph
Graph loaded
Starting
Done

Writing timer output

Writing debug output
Done
Bootstrapping complete
SCC. build: 16:35:40, Jun  1 2019. Time: 07:30:13 [Apr  3 2019]
===============================================================
Input graph (directed)		 (-g=)=../graphs/LiveJ.edges
Input number of trim levels	 (-t=)=3
Pivot selection			 (-p=)=4
Specify FW-BW variant		 (-m=)=1
Specify maximum workers		 (-w=)=2
Specify randwalk iterations	 (-rand=)=10
Specify trim cutoff point	 (-cutoff=)=0
Specify how often to trim	 (-steps=)=1
Print help section		 (-h=)=No
Print SCC output to file	 (-out=)=No
Name to append output file	 (-suffix=)=PivotMaxDeg_precomp_C2_iteration1
Print timers			 (-time=)=3
Print debug information		 (-a=)=3
threads 32

Loading graph
Graph loaded
Starting
Done

Writing timer output

Writing debug output
Done
Bootstrapping complete
SCC. build: 16:35:40, Jun  1 2019. Time: 07:32:15 [Apr  3 2019]
===============================================================
Input graph (directed)		 (-g=)=../graphs/LiveJ.edges
Input number of trim levels	 (-t=)=3
Pivot selection			 (-p=)=4
Specify FW-BW variant		 (-m=)=1
Specify maximum workers		 (-w=)=2
Specify randwalk iterations	 (-rand=)=10
Specify trim cutoff point	 (-cutoff=)=0
Specify how often to trim	 (-steps=)=1
Print help section		 (-h=)=No
Print SCC output to file	 (-out=)=No
Name to append output file	 (-suffix=)=PivotMaxDeg_precomp_C2_iteration2
Print timers			 (-time=)=3
Print debug information		 (-a=)=3
threads 32

Loading graph
Graph loaded
Starting
Done

Writing timer output

Writing debug output
Done
Bootstrapping complete
SCC. build: 16:35:40, Jun  1 2019. Time: 07:34:18 [Apr  3 2019]
===============================================================
Input graph (directed)		 (-g=)=../graphs/LiveJ.edges
Input number of trim levels	 (-t=)=3
Pivot selection			 (-p=)=4
Specify FW-BW variant		 (-m=)=1
Specify maximum workers		 (-w=)=2
Specify randwalk iterations	 (-rand=)=10
Specify trim cutoff point	 (-cutoff=)=0
Specify how often to trim	 (-steps=)=1
Print help section		 (-h=)=No
Print SCC output to file	 (-out=)=No
Name to append output file	 (-suffix=)=PivotMaxDeg_precomp_C2_iteration3
Print timers			 (-time=)=3
Print debug information		 (-a=)=3
threads 32

Loading graph
Graph loaded
Starting
Done

Writing timer output

Writing debug output
Done
Bootstrapping complete
SCC. build: 16:35:40, Jun  1 2019. Time: 07:36:20 [Apr  3 2019]
===============================================================
Input graph (directed)		 (-g=)=../graphs/LiveJ.edges
Input number of trim levels	 (-t=)=3
Pivot selection			 (-p=)=4
Specify FW-BW variant		 (-m=)=1
Specify maximum workers		 (-w=)=2
Specify randwalk iterations	 (-rand=)=10
Specify trim cutoff point	 (-cutoff=)=0
Specify how often to trim	 (-steps=)=1
Print help section		 (-h=)=No
Print SCC output to file	 (-out=)=No
Name to append output file	 (-suffix=)=PivotMaxDeg_precomp_C2_iteration4
Print timers			 (-time=)=3
Print debug information		 (-a=)=3
threads 32

Loading graph
Graph loaded
Starting
Done

Writing timer output

Writing debug output
Done
Bootstrapping complete
SCC. build: 16:35:40, Jun  1 2019. Time: 07:38:31 [Apr  3 2019]
===============================================================
Input graph (directed)		 (-g=)=../graphs/LiveJ.edges
Input number of trim levels	 (-t=)=3
Pivot selection			 (-p=)=4
Specify FW-BW variant		 (-m=)=1
Specify maximum workers		 (-w=)=2
Specify randwalk iterations	 (-rand=)=10
Specify trim cutoff point	 (-cutoff=)=0
Specify how often to trim	 (-steps=)=1
Print help section		 (-h=)=No
Print SCC output to file	 (-out=)=No
Name to append output file	 (-suffix=)=PivotMaxDeg_precomp_C2_iteration5
Print timers			 (-time=)=3
Print debug information		 (-a=)=3
threads 32

Loading graph
Graph loaded
Starting
Done

Writing timer output

Writing debug output
Done
Bootstrapping complete
SCC. build: 16:35:40, Jun  1 2019. Time: 07:40:35 [Apr  3 2019]
===============================================================
Input graph (directed)		 (-g=)=../graphs/LiveJ.edges
Input number of trim levels	 (-t=)=3
Pivot selection			 (-p=)=4
Specify FW-BW variant		 (-m=)=1
Specify maximum workers		 (-w=)=2
Specify randwalk iterations	 (-rand=)=10
Specify trim cutoff point	 (-cutoff=)=0
Specify how often to trim	 (-steps=)=1
Print help section		 (-h=)=No
Print SCC output to file	 (-out=)=No
Name to append output file	 (-suffix=)=PivotMaxDeg_precomp_C2_iteration6
Print timers			 (-time=)=3
Print debug information		 (-a=)=3
threads 32

Loading graph
Graph loaded
Starting
Done

Writing timer output

Writing debug output
Done
Bootstrapping complete
SCC. build: 16:35:40, Jun  1 2019. Time: 07:42:36 [Apr  3 2019]
===============================================================
Input graph (directed)		 (-g=)=../graphs/LiveJ.edges
Input number of trim levels	 (-t=)=3
Pivot selection			 (-p=)=4
Specify FW-BW variant		 (-m=)=1
Specify maximum workers		 (-w=)=2
Specify randwalk iterations	 (-rand=)=10
Specify trim cutoff point	 (-cutoff=)=0
Specify how often to trim	 (-steps=)=1
Print help section		 (-h=)=No
Print SCC output to file	 (-out=)=No
Name to append output file	 (-suffix=)=PivotMaxDeg_precomp_C2_iteration7
Print timers			 (-time=)=3
Print debug information		 (-a=)=3
threads 32

Loading graph
Graph loaded
Starting
Done

Writing timer output

Writing debug output
Done
Bootstrapping complete
SCC. build: 16:35:40, Jun  1 2019. Time: 07:44:37 [Apr  3 2019]
===============================================================
Input graph (directed)		 (-g=)=../graphs/LiveJ.edges
Input number of trim levels	 (-t=)=3
Pivot selection			 (-p=)=4
Specify FW-BW variant		 (-m=)=1
Specify maximum workers		 (-w=)=2
Specify randwalk iterations	 (-rand=)=10
Specify trim cutoff point	 (-cutoff=)=0
Specify how often to trim	 (-steps=)=1
Print help section		 (-h=)=No
Print SCC output to file	 (-out=)=No
Name to append output file	 (-suffix=)=PivotMaxDeg_precomp_C2_iteration8
Print timers			 (-time=)=3
Print debug information		 (-a=)=3
threads 32

Loading graph
Graph loaded
Starting
Done

Writing timer output

Writing debug output
Done
Bootstrapping complete
SCC. build: 16:35:40, Jun  1 2019. Time: 07:46:44 [Apr  3 2019]
===============================================================
Input graph (directed)		 (-g=)=../graphs/LiveJ.edges
Input number of trim levels	 (-t=)=3
Pivot selection			 (-p=)=4
Specify FW-BW variant		 (-m=)=1
Specify maximum workers		 (-w=)=2
Specify randwalk iterations	 (-rand=)=10
Specify trim cutoff point	 (-cutoff=)=0
Specify how often to trim	 (-steps=)=1
Print help section		 (-h=)=No
Print SCC output to file	 (-out=)=No
Name to append output file	 (-suffix=)=PivotMaxDeg_precomp_C2_iteration9
Print timers			 (-time=)=3
Print debug information		 (-a=)=3
threads 32

Loading graph
Graph loaded
Starting
Done

Writing timer output

Writing debug output
Done
Bootstrapping complete
SCC. build: 16:35:40, Jun  1 2019. Time: 07:48:45 [Apr  3 2019]
===============================================================
Input graph (directed)		 (-g=)=../graphs/LiveJ.edges
Input number of trim levels	 (-t=)=3
Pivot selection			 (-p=)=4
Specify FW-BW variant		 (-m=)=1
Specify maximum workers		 (-w=)=2
Specify randwalk iterations	 (-rand=)=10
Specify trim cutoff point	 (-cutoff=)=0
Specify how often to trim	 (-steps=)=1
Print help section		 (-h=)=No
Print SCC output to file	 (-out=)=No
Name to append output file	 (-suffix=)=PivotMaxDeg_precomp_C2_iteration10
Print timers			 (-time=)=3
Print debug information		 (-a=)=3
threads 32

Loading graph
Graph loaded
Starting
Done

Writing timer output

Writing debug output
Done
Bootstrapping complete
SCC. build: 16:35:40, Jun  1 2019. Time: 07:50:46 [Apr  3 2019]
===============================================================
Input graph (directed)		 (-g=)=../graphs/LiveJ.edges
Input number of trim levels	 (-t=)=3
Pivot selection			 (-p=)=4
Specify FW-BW variant		 (-m=)=1
Specify maximum workers		 (-w=)=4
Specify randwalk iterations	 (-rand=)=10
Specify trim cutoff point	 (-cutoff=)=0
Specify how often to trim	 (-steps=)=1
Print help section		 (-h=)=No
Print SCC output to file	 (-out=)=No
Name to append output file	 (-suffix=)=PivotMaxDeg_precomp_C4_iteration1
Print timers			 (-time=)=3
Print debug information		 (-a=)=3
threads 32

Loading graph
Graph loaded
Starting
Done

Writing timer output

Writing debug output
Done
Bootstrapping complete
SCC. build: 16:35:40, Jun  1 2019. Time: 07:52:18 [Apr  3 2019]
===============================================================
Input graph (directed)		 (-g=)=../graphs/LiveJ.edges
Input number of trim levels	 (-t=)=3
Pivot selection			 (-p=)=4
Specify FW-BW variant		 (-m=)=1
Specify maximum workers		 (-w=)=4
Specify randwalk iterations	 (-rand=)=10
Specify trim cutoff point	 (-cutoff=)=0
Specify how often to trim	 (-steps=)=1
Print help section		 (-h=)=No
Print SCC output to file	 (-out=)=No
Name to append output file	 (-suffix=)=PivotMaxDeg_precomp_C4_iteration2
Print timers			 (-time=)=3
Print debug information		 (-a=)=3
threads 32

Loading graph
Graph loaded
Starting
Done

Writing timer output

Writing debug output
Done
Bootstrapping complete
SCC. build: 16:35:40, Jun  1 2019. Time: 07:53:49 [Apr  3 2019]
===============================================================
Input graph (directed)		 (-g=)=../graphs/LiveJ.edges
Input number of trim levels	 (-t=)=3
Pivot selection			 (-p=)=4
Specify FW-BW variant		 (-m=)=1
Specify maximum workers		 (-w=)=4
Specify randwalk iterations	 (-rand=)=10
Specify trim cutoff point	 (-cutoff=)=0
Specify how often to trim	 (-steps=)=1
Print help section		 (-h=)=No
Print SCC output to file	 (-out=)=No
Name to append output file	 (-suffix=)=PivotMaxDeg_precomp_C4_iteration3
Print timers			 (-time=)=3
Print debug information		 (-a=)=3
threads 32

Loading graph
Graph loaded
Starting
Done

Writing timer output

Writing debug output
Done
Bootstrapping complete
SCC. build: 16:35:40, Jun  1 2019. Time: 07:55:22 [Apr  3 2019]
===============================================================
Input graph (directed)		 (-g=)=../graphs/LiveJ.edges
Input number of trim levels	 (-t=)=3
Pivot selection			 (-p=)=4
Specify FW-BW variant		 (-m=)=1
Specify maximum workers		 (-w=)=4
Specify randwalk iterations	 (-rand=)=10
Specify trim cutoff point	 (-cutoff=)=0
Specify how often to trim	 (-steps=)=1
Print help section		 (-h=)=No
Print SCC output to file	 (-out=)=No
Name to append output file	 (-suffix=)=PivotMaxDeg_precomp_C4_iteration4
Print timers			 (-time=)=3
Print debug information		 (-a=)=3
threads 32

Loading graph
Graph loaded
Starting
Done

Writing timer output

Writing debug output
Done
Bootstrapping complete
SCC. build: 16:35:40, Jun  1 2019. Time: 07:56:59 [Apr  3 2019]
===============================================================
Input graph (directed)		 (-g=)=../graphs/LiveJ.edges
Input number of trim levels	 (-t=)=3
Pivot selection			 (-p=)=4
Specify FW-BW variant		 (-m=)=1
Specify maximum workers		 (-w=)=4
Specify randwalk iterations	 (-rand=)=10
Specify trim cutoff point	 (-cutoff=)=0
Specify how often to trim	 (-steps=)=1
Print help section		 (-h=)=No
Print SCC output to file	 (-out=)=No
Name to append output file	 (-suffix=)=PivotMaxDeg_precomp_C4_iteration5
Print timers			 (-time=)=3
Print debug information		 (-a=)=3
threads 32

Loading graph
Graph loaded
Starting
Done

Writing timer output

Writing debug output
Done
Bootstrapping complete
SCC. build: 16:35:40, Jun  1 2019. Time: 07:58:35 [Apr  3 2019]
===============================================================
Input graph (directed)		 (-g=)=../graphs/LiveJ.edges
Input number of trim levels	 (-t=)=3
Pivot selection			 (-p=)=4
Specify FW-BW variant		 (-m=)=1
Specify maximum workers		 (-w=)=4
Specify randwalk iterations	 (-rand=)=10
Specify trim cutoff point	 (-cutoff=)=0
Specify how often to trim	 (-steps=)=1
Print help section		 (-h=)=No
Print SCC output to file	 (-out=)=No
Name to append output file	 (-suffix=)=PivotMaxDeg_precomp_C4_iteration6
Print timers			 (-time=)=3
Print debug information		 (-a=)=3
threads 32

Loading graph
Graph loaded
Starting
Done

Writing timer output

Writing debug output
Done
Bootstrapping complete
SCC. build: 16:35:40, Jun  1 2019. Time: 08:00:07 [Apr  3 2019]
===============================================================
Input graph (directed)		 (-g=)=../graphs/LiveJ.edges
Input number of trim levels	 (-t=)=3
Pivot selection			 (-p=)=4
Specify FW-BW variant		 (-m=)=1
Specify maximum workers		 (-w=)=4
Specify randwalk iterations	 (-rand=)=10
Specify trim cutoff point	 (-cutoff=)=0
Specify how often to trim	 (-steps=)=1
Print help section		 (-h=)=No
Print SCC output to file	 (-out=)=No
Name to append output file	 (-suffix=)=PivotMaxDeg_precomp_C4_iteration7
Print timers			 (-time=)=3
Print debug information		 (-a=)=3
threads 32

Loading graph
Graph loaded
Starting
Done

Writing timer output

Writing debug output
Done
Bootstrapping complete
SCC. build: 16:35:40, Jun  1 2019. Time: 08:01:39 [Apr  3 2019]
===============================================================
Input graph (directed)		 (-g=)=../graphs/LiveJ.edges
Input number of trim levels	 (-t=)=3
Pivot selection			 (-p=)=4
Specify FW-BW variant		 (-m=)=1
Specify maximum workers		 (-w=)=4
Specify randwalk iterations	 (-rand=)=10
Specify trim cutoff point	 (-cutoff=)=0
Specify how often to trim	 (-steps=)=1
Print help section		 (-h=)=No
Print SCC output to file	 (-out=)=No
Name to append output file	 (-suffix=)=PivotMaxDeg_precomp_C4_iteration8
Print timers			 (-time=)=3
Print debug information		 (-a=)=3
threads 32

Loading graph
Graph loaded
Starting
Done

Writing timer output

Writing debug output
Done
Bootstrapping complete
SCC. build: 16:35:40, Jun  1 2019. Time: 08:03:11 [Apr  3 2019]
===============================================================
Input graph (directed)		 (-g=)=../graphs/LiveJ.edges
Input number of trim levels	 (-t=)=3
Pivot selection			 (-p=)=4
Specify FW-BW variant		 (-m=)=1
Specify maximum workers		 (-w=)=4
Specify randwalk iterations	 (-rand=)=10
Specify trim cutoff point	 (-cutoff=)=0
Specify how often to trim	 (-steps=)=1
Print help section		 (-h=)=No
Print SCC output to file	 (-out=)=No
Name to append output file	 (-suffix=)=PivotMaxDeg_precomp_C4_iteration9
Print timers			 (-time=)=3
Print debug information		 (-a=)=3
threads 32

Loading graph
Graph loaded
Starting
Done

Writing timer output

Writing debug output
Done
Bootstrapping complete
SCC. build: 16:35:40, Jun  1 2019. Time: 08:04:49 [Apr  3 2019]
===============================================================
Input graph (directed)		 (-g=)=../graphs/LiveJ.edges
Input number of trim levels	 (-t=)=3
Pivot selection			 (-p=)=4
Specify FW-BW variant		 (-m=)=1
Specify maximum workers		 (-w=)=4
Specify randwalk iterations	 (-rand=)=10
Specify trim cutoff point	 (-cutoff=)=0
Specify how often to trim	 (-steps=)=1
Print help section		 (-h=)=No
Print SCC output to file	 (-out=)=No
Name to append output file	 (-suffix=)=PivotMaxDeg_precomp_C4_iteration10
Print timers			 (-time=)=3
Print debug information		 (-a=)=3
threads 32

Loading graph
Graph loaded
Starting
Done

Writing timer output

Writing debug output
Done
Bootstrapping complete
SCC. build: 16:35:40, Jun  1 2019. Time: 08:06:22 [Apr  3 2019]
===============================================================
Input graph (directed)		 (-g=)=../graphs/LiveJ.edges
Input number of trim levels	 (-t=)=3
Pivot selection			 (-p=)=4
Specify FW-BW variant		 (-m=)=1
Specify maximum workers		 (-w=)=8
Specify randwalk iterations	 (-rand=)=10
Specify trim cutoff point	 (-cutoff=)=0
Specify how often to trim	 (-steps=)=1
Print help section		 (-h=)=No
Print SCC output to file	 (-out=)=No
Name to append output file	 (-suffix=)=PivotMaxDeg_precomp_C8_iteration1
Print timers			 (-time=)=3
Print debug information		 (-a=)=3
threads 32

Loading graph
Graph loaded
Starting
Done

Writing timer output

Writing debug output
Done
Bootstrapping complete
SCC. build: 16:35:40, Jun  1 2019. Time: 08:07:39 [Apr  3 2019]
===============================================================
Input graph (directed)		 (-g=)=../graphs/LiveJ.edges
Input number of trim levels	 (-t=)=3
Pivot selection			 (-p=)=4
Specify FW-BW variant		 (-m=)=1
Specify maximum workers		 (-w=)=8
Specify randwalk iterations	 (-rand=)=10
Specify trim cutoff point	 (-cutoff=)=0
Specify how often to trim	 (-steps=)=1
Print help section		 (-h=)=No
Print SCC output to file	 (-out=)=No
Name to append output file	 (-suffix=)=PivotMaxDeg_precomp_C8_iteration2
Print timers			 (-time=)=3
Print debug information		 (-a=)=3
threads 32

Loading graph
Graph loaded
Starting
Done

Writing timer output

Writing debug output
Done
Bootstrapping complete
SCC. build: 16:35:40, Jun  1 2019. Time: 08:09:01 [Apr  3 2019]
===============================================================
Input graph (directed)		 (-g=)=../graphs/LiveJ.edges
Input number of trim levels	 (-t=)=3
Pivot selection			 (-p=)=4
Specify FW-BW variant		 (-m=)=1
Specify maximum workers		 (-w=)=8
Specify randwalk iterations	 (-rand=)=10
Specify trim cutoff point	 (-cutoff=)=0
Specify how often to trim	 (-steps=)=1
Print help section		 (-h=)=No
Print SCC output to file	 (-out=)=No
Name to append output file	 (-suffix=)=PivotMaxDeg_precomp_C8_iteration3
Print timers			 (-time=)=3
Print debug information		 (-a=)=3
threads 32

Loading graph
Graph loaded
Starting
Done

Writing timer output

Writing debug output
Done
Bootstrapping complete
SCC. build: 16:35:40, Jun  1 2019. Time: 08:10:19 [Apr  3 2019]
===============================================================
Input graph (directed)		 (-g=)=../graphs/LiveJ.edges
Input number of trim levels	 (-t=)=3
Pivot selection			 (-p=)=4
Specify FW-BW variant		 (-m=)=1
Specify maximum workers		 (-w=)=8
Specify randwalk iterations	 (-rand=)=10
Specify trim cutoff point	 (-cutoff=)=0
Specify how often to trim	 (-steps=)=1
Print help section		 (-h=)=No
Print SCC output to file	 (-out=)=No
Name to append output file	 (-suffix=)=PivotMaxDeg_precomp_C8_iteration4
Print timers			 (-time=)=3
Print debug information		 (-a=)=3
threads 32

Loading graph
Graph loaded
Starting
Done

Writing timer output

Writing debug output
Done
Bootstrapping complete
SCC. build: 16:35:40, Jun  1 2019. Time: 08:11:40 [Apr  3 2019]
===============================================================
Input graph (directed)		 (-g=)=../graphs/LiveJ.edges
Input number of trim levels	 (-t=)=3
Pivot selection			 (-p=)=4
Specify FW-BW variant		 (-m=)=1
Specify maximum workers		 (-w=)=8
Specify randwalk iterations	 (-rand=)=10
Specify trim cutoff point	 (-cutoff=)=0
Specify how often to trim	 (-steps=)=1
Print help section		 (-h=)=No
Print SCC output to file	 (-out=)=No
Name to append output file	 (-suffix=)=PivotMaxDeg_precomp_C8_iteration5
Print timers			 (-time=)=3
Print debug information		 (-a=)=3
threads 32

Loading graph
Graph loaded
Starting
Done

Writing timer output

Writing debug output
Done
Bootstrapping complete
SCC. build: 16:35:40, Jun  1 2019. Time: 08:13:00 [Apr  3 2019]
===============================================================
Input graph (directed)		 (-g=)=../graphs/LiveJ.edges
Input number of trim levels	 (-t=)=3
Pivot selection			 (-p=)=4
Specify FW-BW variant		 (-m=)=1
Specify maximum workers		 (-w=)=8
Specify randwalk iterations	 (-rand=)=10
Specify trim cutoff point	 (-cutoff=)=0
Specify how often to trim	 (-steps=)=1
Print help section		 (-h=)=No
Print SCC output to file	 (-out=)=No
Name to append output file	 (-suffix=)=PivotMaxDeg_precomp_C8_iteration6
Print timers			 (-time=)=3
Print debug information		 (-a=)=3
threads 32

Loading graph
Graph loaded
Starting
Done

Writing timer output

Writing debug output
Done
Bootstrapping complete
SCC. build: 16:35:40, Jun  1 2019. Time: 08:14:19 [Apr  3 2019]
===============================================================
Input graph (directed)		 (-g=)=../graphs/LiveJ.edges
Input number of trim levels	 (-t=)=3
Pivot selection			 (-p=)=4
Specify FW-BW variant		 (-m=)=1
Specify maximum workers		 (-w=)=8
Specify randwalk iterations	 (-rand=)=10
Specify trim cutoff point	 (-cutoff=)=0
Specify how often to trim	 (-steps=)=1
Print help section		 (-h=)=No
Print SCC output to file	 (-out=)=No
Name to append output file	 (-suffix=)=PivotMaxDeg_precomp_C8_iteration7
Print timers			 (-time=)=3
Print debug information		 (-a=)=3
threads 32

Loading graph
Graph loaded
Starting
Done

Writing timer output

Writing debug output
Done
Bootstrapping complete
SCC. build: 16:35:40, Jun  1 2019. Time: 08:15:39 [Apr  3 2019]
===============================================================
Input graph (directed)		 (-g=)=../graphs/LiveJ.edges
Input number of trim levels	 (-t=)=3
Pivot selection			 (-p=)=4
Specify FW-BW variant		 (-m=)=1
Specify maximum workers		 (-w=)=8
Specify randwalk iterations	 (-rand=)=10
Specify trim cutoff point	 (-cutoff=)=0
Specify how often to trim	 (-steps=)=1
Print help section		 (-h=)=No
Print SCC output to file	 (-out=)=No
Name to append output file	 (-suffix=)=PivotMaxDeg_precomp_C8_iteration8
Print timers			 (-time=)=3
Print debug information		 (-a=)=3
threads 32

Loading graph
Graph loaded
Starting
Done

Writing timer output

Writing debug output
Done
Bootstrapping complete
SCC. build: 16:35:40, Jun  1 2019. Time: 08:16:59 [Apr  3 2019]
===============================================================
Input graph (directed)		 (-g=)=../graphs/LiveJ.edges
Input number of trim levels	 (-t=)=3
Pivot selection			 (-p=)=4
Specify FW-BW variant		 (-m=)=1
Specify maximum workers		 (-w=)=8
Specify randwalk iterations	 (-rand=)=10
Specify trim cutoff point	 (-cutoff=)=0
Specify how often to trim	 (-steps=)=1
Print help section		 (-h=)=No
Print SCC output to file	 (-out=)=No
Name to append output file	 (-suffix=)=PivotMaxDeg_precomp_C8_iteration9
Print timers			 (-time=)=3
Print debug information		 (-a=)=3
threads 32

Loading graph
Graph loaded
Starting
Done

Writing timer output

Writing debug output
Done
Bootstrapping complete
SCC. build: 16:35:40, Jun  1 2019. Time: 08:18:18 [Apr  3 2019]
===============================================================
Input graph (directed)		 (-g=)=../graphs/LiveJ.edges
Input number of trim levels	 (-t=)=3
Pivot selection			 (-p=)=4
Specify FW-BW variant		 (-m=)=1
Specify maximum workers		 (-w=)=8
Specify randwalk iterations	 (-rand=)=10
Specify trim cutoff point	 (-cutoff=)=0
Specify how often to trim	 (-steps=)=1
Print help section		 (-h=)=No
Print SCC output to file	 (-out=)=No
Name to append output file	 (-suffix=)=PivotMaxDeg_precomp_C8_iteration10
Print timers			 (-time=)=3
Print debug information		 (-a=)=3
threads 32

Loading graph
Graph loaded
Starting
Done

Writing timer output

Writing debug output
Done
Bootstrapping complete
SCC. build: 16:35:40, Jun  1 2019. Time: 08:19:44 [Apr  3 2019]
===============================================================
Input graph (directed)		 (-g=)=../graphs/LiveJ.edges
Input number of trim levels	 (-t=)=3
Pivot selection			 (-p=)=4
Specify FW-BW variant		 (-m=)=1
Specify maximum workers		 (-w=)=16
Specify randwalk iterations	 (-rand=)=10
Specify trim cutoff point	 (-cutoff=)=0
Specify how often to trim	 (-steps=)=1
Print help section		 (-h=)=No
Print SCC output to file	 (-out=)=No
Name to append output file	 (-suffix=)=PivotMaxDeg_precomp_C16_iteration1
Print timers			 (-time=)=3
Print debug information		 (-a=)=3
threads 32

Loading graph
Graph loaded
Starting
Done

Writing timer output

Writing debug output
Done
Bootstrapping complete
SCC. build: 16:35:40, Jun  1 2019. Time: 08:20:55 [Apr  3 2019]
===============================================================
Input graph (directed)		 (-g=)=../graphs/LiveJ.edges
Input number of trim levels	 (-t=)=3
Pivot selection			 (-p=)=4
Specify FW-BW variant		 (-m=)=1
Specify maximum workers		 (-w=)=16
Specify randwalk iterations	 (-rand=)=10
Specify trim cutoff point	 (-cutoff=)=0
Specify how often to trim	 (-steps=)=1
Print help section		 (-h=)=No
Print SCC output to file	 (-out=)=No
Name to append output file	 (-suffix=)=PivotMaxDeg_precomp_C16_iteration2
Print timers			 (-time=)=3
Print debug information		 (-a=)=3
threads 32

Loading graph
Graph loaded
Starting
Done

Writing timer output

Writing debug output
Done
Bootstrapping complete
SCC. build: 16:35:40, Jun  1 2019. Time: 08:22:05 [Apr  3 2019]
===============================================================
Input graph (directed)		 (-g=)=../graphs/LiveJ.edges
Input number of trim levels	 (-t=)=3
Pivot selection			 (-p=)=4
Specify FW-BW variant		 (-m=)=1
Specify maximum workers		 (-w=)=16
Specify randwalk iterations	 (-rand=)=10
Specify trim cutoff point	 (-cutoff=)=0
Specify how often to trim	 (-steps=)=1
Print help section		 (-h=)=No
Print SCC output to file	 (-out=)=No
Name to append output file	 (-suffix=)=PivotMaxDeg_precomp_C16_iteration3
Print timers			 (-time=)=3
Print debug information		 (-a=)=3
threads 32

Loading graph
Graph loaded
Starting
Done

Writing timer output

Writing debug output
Done
Bootstrapping complete
SCC. build: 16:35:40, Jun  1 2019. Time: 08:23:17 [Apr  3 2019]
===============================================================
Input graph (directed)		 (-g=)=../graphs/LiveJ.edges
Input number of trim levels	 (-t=)=3
Pivot selection			 (-p=)=4
Specify FW-BW variant		 (-m=)=1
Specify maximum workers		 (-w=)=16
Specify randwalk iterations	 (-rand=)=10
Specify trim cutoff point	 (-cutoff=)=0
Specify how often to trim	 (-steps=)=1
Print help section		 (-h=)=No
Print SCC output to file	 (-out=)=No
Name to append output file	 (-suffix=)=PivotMaxDeg_precomp_C16_iteration4
Print timers			 (-time=)=3
Print debug information		 (-a=)=3
threads 32

Loading graph
Graph loaded
Starting
Done

Writing timer output

Writing debug output
Done
Bootstrapping complete
SCC. build: 16:35:40, Jun  1 2019. Time: 08:24:29 [Apr  3 2019]
===============================================================
Input graph (directed)		 (-g=)=../graphs/LiveJ.edges
Input number of trim levels	 (-t=)=3
Pivot selection			 (-p=)=4
Specify FW-BW variant		 (-m=)=1
Specify maximum workers		 (-w=)=16
Specify randwalk iterations	 (-rand=)=10
Specify trim cutoff point	 (-cutoff=)=0
Specify how often to trim	 (-steps=)=1
Print help section		 (-h=)=No
Print SCC output to file	 (-out=)=No
Name to append output file	 (-suffix=)=PivotMaxDeg_precomp_C16_iteration5
Print timers			 (-time=)=3
Print debug information		 (-a=)=3
threads 32

Loading graph
Graph loaded
Starting
Done

Writing timer output

Writing debug output
Done
Bootstrapping complete
SCC. build: 16:35:40, Jun  1 2019. Time: 08:25:41 [Apr  3 2019]
===============================================================
Input graph (directed)		 (-g=)=../graphs/LiveJ.edges
Input number of trim levels	 (-t=)=3
Pivot selection			 (-p=)=4
Specify FW-BW variant		 (-m=)=1
Specify maximum workers		 (-w=)=16
Specify randwalk iterations	 (-rand=)=10
Specify trim cutoff point	 (-cutoff=)=0
Specify how often to trim	 (-steps=)=1
Print help section		 (-h=)=No
Print SCC output to file	 (-out=)=No
Name to append output file	 (-suffix=)=PivotMaxDeg_precomp_C16_iteration6
Print timers			 (-time=)=3
Print debug information		 (-a=)=3
threads 32

Loading graph
Graph loaded
Starting
Done

Writing timer output

Writing debug output
Done
Bootstrapping complete
SCC. build: 16:35:40, Jun  1 2019. Time: 08:26:54 [Apr  3 2019]
===============================================================
Input graph (directed)		 (-g=)=../graphs/LiveJ.edges
Input number of trim levels	 (-t=)=3
Pivot selection			 (-p=)=4
Specify FW-BW variant		 (-m=)=1
Specify maximum workers		 (-w=)=16
Specify randwalk iterations	 (-rand=)=10
Specify trim cutoff point	 (-cutoff=)=0
Specify how often to trim	 (-steps=)=1
Print help section		 (-h=)=No
Print SCC output to file	 (-out=)=No
Name to append output file	 (-suffix=)=PivotMaxDeg_precomp_C16_iteration7
Print timers			 (-time=)=3
Print debug information		 (-a=)=3
threads 32

Loading graph
Graph loaded
Starting
Done

Writing timer output

Writing debug output
Done
Bootstrapping complete
SCC. build: 16:35:40, Jun  1 2019. Time: 08:28:06 [Apr  3 2019]
===============================================================
Input graph (directed)		 (-g=)=../graphs/LiveJ.edges
Input number of trim levels	 (-t=)=3
Pivot selection			 (-p=)=4
Specify FW-BW variant		 (-m=)=1
Specify maximum workers		 (-w=)=16
Specify randwalk iterations	 (-rand=)=10
Specify trim cutoff point	 (-cutoff=)=0
Specify how often to trim	 (-steps=)=1
Print help section		 (-h=)=No
Print SCC output to file	 (-out=)=No
Name to append output file	 (-suffix=)=PivotMaxDeg_precomp_C16_iteration8
Print timers			 (-time=)=3
Print debug information		 (-a=)=3
threads 32

Loading graph
Graph loaded
Starting
Done

Writing timer output

Writing debug output
Done
Bootstrapping complete
SCC. build: 16:35:40, Jun  1 2019. Time: 08:29:17 [Apr  3 2019]
===============================================================
Input graph (directed)		 (-g=)=../graphs/LiveJ.edges
Input number of trim levels	 (-t=)=3
Pivot selection			 (-p=)=4
Specify FW-BW variant		 (-m=)=1
Specify maximum workers		 (-w=)=16
Specify randwalk iterations	 (-rand=)=10
Specify trim cutoff point	 (-cutoff=)=0
Specify how often to trim	 (-steps=)=1
Print help section		 (-h=)=No
Print SCC output to file	 (-out=)=No
Name to append output file	 (-suffix=)=PivotMaxDeg_precomp_C16_iteration9
Print timers			 (-time=)=3
Print debug information		 (-a=)=3
threads 32

Loading graph
Graph loaded
Starting
Done

Writing timer output

Writing debug output
Done
Bootstrapping complete
SCC. build: 16:35:40, Jun  1 2019. Time: 08:30:32 [Apr  3 2019]
===============================================================
Input graph (directed)		 (-g=)=../graphs/LiveJ.edges
Input number of trim levels	 (-t=)=3
Pivot selection			 (-p=)=4
Specify FW-BW variant		 (-m=)=1
Specify maximum workers		 (-w=)=16
Specify randwalk iterations	 (-rand=)=10
Specify trim cutoff point	 (-cutoff=)=0
Specify how often to trim	 (-steps=)=1
Print help section		 (-h=)=No
Print SCC output to file	 (-out=)=No
Name to append output file	 (-suffix=)=PivotMaxDeg_precomp_C16_iteration10
Print timers			 (-time=)=3
Print debug information		 (-a=)=3
threads 32

Loading graph
Graph loaded
Starting
Done

Writing timer output

Writing debug output
Done
Bootstrapping complete
SCC. build: 16:35:40, Jun  1 2019. Time: 08:31:43 [Apr  3 2019]
===============================================================
Input graph (directed)		 (-g=)=../graphs/LiveJ.edges
Input number of trim levels	 (-t=)=3
Pivot selection			 (-p=)=4
Specify FW-BW variant		 (-m=)=1
Specify maximum workers		 (-w=)=24
Specify randwalk iterations	 (-rand=)=10
Specify trim cutoff point	 (-cutoff=)=0
Specify how often to trim	 (-steps=)=1
Print help section		 (-h=)=No
Print SCC output to file	 (-out=)=No
Name to append output file	 (-suffix=)=PivotMaxDeg_precomp_C24_iteration1
Print timers			 (-time=)=3
Print debug information		 (-a=)=3
threads 32

Loading graph
Graph loaded
Starting
Done

Writing timer output

Writing debug output
Done
Bootstrapping complete
SCC. build: 16:35:40, Jun  1 2019. Time: 08:32:53 [Apr  3 2019]
===============================================================
Input graph (directed)		 (-g=)=../graphs/LiveJ.edges
Input number of trim levels	 (-t=)=3
Pivot selection			 (-p=)=4
Specify FW-BW variant		 (-m=)=1
Specify maximum workers		 (-w=)=24
Specify randwalk iterations	 (-rand=)=10
Specify trim cutoff point	 (-cutoff=)=0
Specify how often to trim	 (-steps=)=1
Print help section		 (-h=)=No
Print SCC output to file	 (-out=)=No
Name to append output file	 (-suffix=)=PivotMaxDeg_precomp_C24_iteration2
Print timers			 (-time=)=3
Print debug information		 (-a=)=3
threads 32

Loading graph
Graph loaded
Starting
Done

Writing timer output

Writing debug output
Done
Bootstrapping complete
SCC. build: 16:35:40, Jun  1 2019. Time: 08:34:05 [Apr  3 2019]
===============================================================
Input graph (directed)		 (-g=)=../graphs/LiveJ.edges
Input number of trim levels	 (-t=)=3
Pivot selection			 (-p=)=4
Specify FW-BW variant		 (-m=)=1
Specify maximum workers		 (-w=)=24
Specify randwalk iterations	 (-rand=)=10
Specify trim cutoff point	 (-cutoff=)=0
Specify how often to trim	 (-steps=)=1
Print help section		 (-h=)=No
Print SCC output to file	 (-out=)=No
Name to append output file	 (-suffix=)=PivotMaxDeg_precomp_C24_iteration3
Print timers			 (-time=)=3
Print debug information		 (-a=)=3
threads 32

Loading graph
Graph loaded
Starting
Done

Writing timer output

Writing debug output
Done
Bootstrapping complete
SCC. build: 16:35:40, Jun  1 2019. Time: 08:35:15 [Apr  3 2019]
===============================================================
Input graph (directed)		 (-g=)=../graphs/LiveJ.edges
Input number of trim levels	 (-t=)=3
Pivot selection			 (-p=)=4
Specify FW-BW variant		 (-m=)=1
Specify maximum workers		 (-w=)=24
Specify randwalk iterations	 (-rand=)=10
Specify trim cutoff point	 (-cutoff=)=0
Specify how often to trim	 (-steps=)=1
Print help section		 (-h=)=No
Print SCC output to file	 (-out=)=No
Name to append output file	 (-suffix=)=PivotMaxDeg_precomp_C24_iteration4
Print timers			 (-time=)=3
Print debug information		 (-a=)=3
threads 32

Loading graph
Graph loaded
Starting
Done

Writing timer output

Writing debug output
Done
Bootstrapping complete
SCC. build: 16:35:40, Jun  1 2019. Time: 08:36:24 [Apr  3 2019]
===============================================================
Input graph (directed)		 (-g=)=../graphs/LiveJ.edges
Input number of trim levels	 (-t=)=3
Pivot selection			 (-p=)=4
Specify FW-BW variant		 (-m=)=1
Specify maximum workers		 (-w=)=24
Specify randwalk iterations	 (-rand=)=10
Specify trim cutoff point	 (-cutoff=)=0
Specify how often to trim	 (-steps=)=1
Print help section		 (-h=)=No
Print SCC output to file	 (-out=)=No
Name to append output file	 (-suffix=)=PivotMaxDeg_precomp_C24_iteration5
Print timers			 (-time=)=3
Print debug information		 (-a=)=3
threads 32

Loading graph
Graph loaded
Starting
Done

Writing timer output

Writing debug output
Done
Bootstrapping complete
SCC. build: 16:35:40, Jun  1 2019. Time: 08:37:33 [Apr  3 2019]
===============================================================
Input graph (directed)		 (-g=)=../graphs/LiveJ.edges
Input number of trim levels	 (-t=)=3
Pivot selection			 (-p=)=4
Specify FW-BW variant		 (-m=)=1
Specify maximum workers		 (-w=)=24
Specify randwalk iterations	 (-rand=)=10
Specify trim cutoff point	 (-cutoff=)=0
Specify how often to trim	 (-steps=)=1
Print help section		 (-h=)=No
Print SCC output to file	 (-out=)=No
Name to append output file	 (-suffix=)=PivotMaxDeg_precomp_C24_iteration6
Print timers			 (-time=)=3
Print debug information		 (-a=)=3
threads 32

Loading graph
Graph loaded
Starting
Done

Writing timer output

Writing debug output
Done
Bootstrapping complete
SCC. build: 16:35:40, Jun  1 2019. Time: 08:38:43 [Apr  3 2019]
===============================================================
Input graph (directed)		 (-g=)=../graphs/LiveJ.edges
Input number of trim levels	 (-t=)=3
Pivot selection			 (-p=)=4
Specify FW-BW variant		 (-m=)=1
Specify maximum workers		 (-w=)=24
Specify randwalk iterations	 (-rand=)=10
Specify trim cutoff point	 (-cutoff=)=0
Specify how often to trim	 (-steps=)=1
Print help section		 (-h=)=No
Print SCC output to file	 (-out=)=No
Name to append output file	 (-suffix=)=PivotMaxDeg_precomp_C24_iteration7
Print timers			 (-time=)=3
Print debug information		 (-a=)=3
threads 32

Loading graph
Graph loaded
Starting
Done

Writing timer output

Writing debug output
Done
Bootstrapping complete
SCC. build: 16:35:40, Jun  1 2019. Time: 08:39:56 [Apr  3 2019]
===============================================================
Input graph (directed)		 (-g=)=../graphs/LiveJ.edges
Input number of trim levels	 (-t=)=3
Pivot selection			 (-p=)=4
Specify FW-BW variant		 (-m=)=1
Specify maximum workers		 (-w=)=24
Specify randwalk iterations	 (-rand=)=10
Specify trim cutoff point	 (-cutoff=)=0
Specify how often to trim	 (-steps=)=1
Print help section		 (-h=)=No
Print SCC output to file	 (-out=)=No
Name to append output file	 (-suffix=)=PivotMaxDeg_precomp_C24_iteration8
Print timers			 (-time=)=3
Print debug information		 (-a=)=3
threads 32

Loading graph
Graph loaded
Starting
Done

Writing timer output

Writing debug output
Done
Bootstrapping complete
SCC. build: 16:35:40, Jun  1 2019. Time: 08:41:06 [Apr  3 2019]
===============================================================
Input graph (directed)		 (-g=)=../graphs/LiveJ.edges
Input number of trim levels	 (-t=)=3
Pivot selection			 (-p=)=4
Specify FW-BW variant		 (-m=)=1
Specify maximum workers		 (-w=)=24
Specify randwalk iterations	 (-rand=)=10
Specify trim cutoff point	 (-cutoff=)=0
Specify how often to trim	 (-steps=)=1
Print help section		 (-h=)=No
Print SCC output to file	 (-out=)=No
Name to append output file	 (-suffix=)=PivotMaxDeg_precomp_C24_iteration9
Print timers			 (-time=)=3
Print debug information		 (-a=)=3
threads 32

Loading graph
Graph loaded
Starting
Done

Writing timer output

Writing debug output
Done
Bootstrapping complete
SCC. build: 16:35:40, Jun  1 2019. Time: 08:42:17 [Apr  3 2019]
===============================================================
Input graph (directed)		 (-g=)=../graphs/LiveJ.edges
Input number of trim levels	 (-t=)=3
Pivot selection			 (-p=)=4
Specify FW-BW variant		 (-m=)=1
Specify maximum workers		 (-w=)=24
Specify randwalk iterations	 (-rand=)=10
Specify trim cutoff point	 (-cutoff=)=0
Specify how often to trim	 (-steps=)=1
Print help section		 (-h=)=No
Print SCC output to file	 (-out=)=No
Name to append output file	 (-suffix=)=PivotMaxDeg_precomp_C24_iteration10
Print timers			 (-time=)=3
Print debug information		 (-a=)=3
threads 32

Loading graph
Graph loaded
Starting
Done

Writing timer output

Writing debug output
Done
Bootstrapping complete
SCC. build: 16:35:40, Jun  1 2019. Time: 08:43:27 [Apr  3 2019]
===============================================================
Input graph (directed)		 (-g=)=../graphs/LiveJ.edges
Input number of trim levels	 (-t=)=3
Pivot selection			 (-p=)=4
Specify FW-BW variant		 (-m=)=1
Specify maximum workers		 (-w=)=32
Specify randwalk iterations	 (-rand=)=10
Specify trim cutoff point	 (-cutoff=)=0
Specify how often to trim	 (-steps=)=1
Print help section		 (-h=)=No
Print SCC output to file	 (-out=)=No
Name to append output file	 (-suffix=)=PivotMaxDeg_precomp_C32_iteration1
Print timers			 (-time=)=3
Print debug information		 (-a=)=3
threads 32

Loading graph
Graph loaded
Starting
Done

Writing timer output

Writing debug output
Done
Bootstrapping complete
SCC. build: 16:35:40, Jun  1 2019. Time: 08:46:14 [Apr  3 2019]
===============================================================
Input graph (directed)		 (-g=)=../graphs/LiveJ.edges
Input number of trim levels	 (-t=)=3
Pivot selection			 (-p=)=4
Specify FW-BW variant		 (-m=)=1
Specify maximum workers		 (-w=)=32
Specify randwalk iterations	 (-rand=)=10
Specify trim cutoff point	 (-cutoff=)=0
Specify how often to trim	 (-steps=)=1
Print help section		 (-h=)=No
Print SCC output to file	 (-out=)=No
Name to append output file	 (-suffix=)=PivotMaxDeg_precomp_C32_iteration2
Print timers			 (-time=)=3
Print debug information		 (-a=)=3
threads 32

Loading graph
Graph loaded
Starting
Done

Writing timer output

Writing debug output
Done
Bootstrapping complete
SCC. build: 16:35:40, Jun  1 2019. Time: 08:47:22 [Apr  3 2019]
===============================================================
Input graph (directed)		 (-g=)=../graphs/LiveJ.edges
Input number of trim levels	 (-t=)=3
Pivot selection			 (-p=)=4
Specify FW-BW variant		 (-m=)=1
Specify maximum workers		 (-w=)=32
Specify randwalk iterations	 (-rand=)=10
Specify trim cutoff point	 (-cutoff=)=0
Specify how often to trim	 (-steps=)=1
Print help section		 (-h=)=No
Print SCC output to file	 (-out=)=No
Name to append output file	 (-suffix=)=PivotMaxDeg_precomp_C32_iteration3
Print timers			 (-time=)=3
Print debug information		 (-a=)=3
threads 32

Loading graph
Graph loaded
Starting
Done

Writing timer output

Writing debug output
Done
Bootstrapping complete
SCC. build: 16:35:40, Jun  1 2019. Time: 08:48:28 [Apr  3 2019]
===============================================================
Input graph (directed)		 (-g=)=../graphs/LiveJ.edges
Input number of trim levels	 (-t=)=3
Pivot selection			 (-p=)=4
Specify FW-BW variant		 (-m=)=1
Specify maximum workers		 (-w=)=32
Specify randwalk iterations	 (-rand=)=10
Specify trim cutoff point	 (-cutoff=)=0
Specify how often to trim	 (-steps=)=1
Print help section		 (-h=)=No
Print SCC output to file	 (-out=)=No
Name to append output file	 (-suffix=)=PivotMaxDeg_precomp_C32_iteration4
Print timers			 (-time=)=3
Print debug information		 (-a=)=3
threads 32

Loading graph
Graph loaded
Starting
Done

Writing timer output

Writing debug output
Done
Bootstrapping complete
SCC. build: 16:35:40, Jun  1 2019. Time: 08:50:29 [Apr  3 2019]
===============================================================
Input graph (directed)		 (-g=)=../graphs/LiveJ.edges
Input number of trim levels	 (-t=)=3
Pivot selection			 (-p=)=4
Specify FW-BW variant		 (-m=)=1
Specify maximum workers		 (-w=)=32
Specify randwalk iterations	 (-rand=)=10
Specify trim cutoff point	 (-cutoff=)=0
Specify how often to trim	 (-steps=)=1
Print help section		 (-h=)=No
Print SCC output to file	 (-out=)=No
Name to append output file	 (-suffix=)=PivotMaxDeg_precomp_C32_iteration5
Print timers			 (-time=)=3
Print debug information		 (-a=)=3
threads 32

Loading graph
Graph loaded
Starting
Done

Writing timer output

Writing debug output
Done
Bootstrapping complete
SCC. build: 16:35:40, Jun  1 2019. Time: 08:53:55 [Apr  3 2019]
===============================================================
Input graph (directed)		 (-g=)=../graphs/LiveJ.edges
Input number of trim levels	 (-t=)=3
Pivot selection			 (-p=)=4
Specify FW-BW variant		 (-m=)=1
Specify maximum workers		 (-w=)=32
Specify randwalk iterations	 (-rand=)=10
Specify trim cutoff point	 (-cutoff=)=0
Specify how often to trim	 (-steps=)=1
Print help section		 (-h=)=No
Print SCC output to file	 (-out=)=No
Name to append output file	 (-suffix=)=PivotMaxDeg_precomp_C32_iteration6
Print timers			 (-time=)=3
Print debug information		 (-a=)=3
threads 32

Loading graph
Graph loaded
Starting
Done

Writing timer output

Writing debug output
Done
Bootstrapping complete
SCC. build: 16:35:40, Jun  1 2019. Time: 08:56:43 [Apr  3 2019]
===============================================================
Input graph (directed)		 (-g=)=../graphs/LiveJ.edges
Input number of trim levels	 (-t=)=3
Pivot selection			 (-p=)=4
Specify FW-BW variant		 (-m=)=1
Specify maximum workers		 (-w=)=32
Specify randwalk iterations	 (-rand=)=10
Specify trim cutoff point	 (-cutoff=)=0
Specify how often to trim	 (-steps=)=1
Print help section		 (-h=)=No
Print SCC output to file	 (-out=)=No
Name to append output file	 (-suffix=)=PivotMaxDeg_precomp_C32_iteration7
Print timers			 (-time=)=3
Print debug information		 (-a=)=3
threads 32

Loading graph
Graph loaded
Starting
Done

Writing timer output

Writing debug output
Done
Bootstrapping complete
SCC. build: 16:35:40, Jun  1 2019. Time: 09:00:10 [Apr  3 2019]
===============================================================
Input graph (directed)		 (-g=)=../graphs/LiveJ.edges
Input number of trim levels	 (-t=)=3
Pivot selection			 (-p=)=4
Specify FW-BW variant		 (-m=)=1
Specify maximum workers		 (-w=)=32
Specify randwalk iterations	 (-rand=)=10
Specify trim cutoff point	 (-cutoff=)=0
Specify how often to trim	 (-steps=)=1
Print help section		 (-h=)=No
Print SCC output to file	 (-out=)=No
Name to append output file	 (-suffix=)=PivotMaxDeg_precomp_C32_iteration8
Print timers			 (-time=)=3
Print debug information		 (-a=)=3
threads 32

Loading graph
Graph loaded
Starting
Done

Writing timer output

Writing debug output
Done
Bootstrapping complete
SCC. build: 16:35:40, Jun  1 2019. Time: 09:03:38 [Apr  3 2019]
===============================================================
Input graph (directed)		 (-g=)=../graphs/LiveJ.edges
Input number of trim levels	 (-t=)=3
Pivot selection			 (-p=)=4
Specify FW-BW variant		 (-m=)=1
Specify maximum workers		 (-w=)=32
Specify randwalk iterations	 (-rand=)=10
Specify trim cutoff point	 (-cutoff=)=0
Specify how often to trim	 (-steps=)=1
Print help section		 (-h=)=No
Print SCC output to file	 (-out=)=No
Name to append output file	 (-suffix=)=PivotMaxDeg_precomp_C32_iteration9
Print timers			 (-time=)=3
Print debug information		 (-a=)=3
threads 32

Loading graph
Graph loaded
Starting
Done

Writing timer output

Writing debug output
Done
Bootstrapping complete
SCC. build: 16:35:40, Jun  1 2019. Time: 09:07:07 [Apr  3 2019]
===============================================================
Input graph (directed)		 (-g=)=../graphs/LiveJ.edges
Input number of trim levels	 (-t=)=3
Pivot selection			 (-p=)=4
Specify FW-BW variant		 (-m=)=1
Specify maximum workers		 (-w=)=32
Specify randwalk iterations	 (-rand=)=10
Specify trim cutoff point	 (-cutoff=)=0
Specify how often to trim	 (-steps=)=1
Print help section		 (-h=)=No
Print SCC output to file	 (-out=)=No
Name to append output file	 (-suffix=)=PivotMaxDeg_precomp_C32_iteration10
Print timers			 (-time=)=3
Print debug information		 (-a=)=3
threads 32

Loading graph
Graph loaded
Starting
Done

Writing timer output

Writing debug output
Done
