Bootstrapping complete
SCC. build: 16:01:56, May 30 2019. Time: 16:23:17 [Apr  3 2019]
===============================================================
Input graph (directed)		 (-g=)=../graphs/Stanford.edges
Input number of trim levels	 (-t=)=0
Pivot selection			 (-p=)=1
Specify FW-BW variant		 (-m=)=1
Specify maximum workers		 (-w=)=1
Specify randwalk iterations	 (-rand=)=10
Specify trim cutoff point	 (-cutoff=)=0
Specify how often to trim	 (-steps=)=1
Print help section		 (-h=)=No
Print SCC output to file	 (-out=)=No
Name to append output file	 (-suffix=)=PivotMaxDeg_C1_iteration1
Print timers			 (-time=)=3
Print debug information		 (-a=)=3

Loading graph
Graph loaded
Starting
Done

Writing timer output

Writing debug output
Done
Bootstrapping complete
SCC. build: 16:01:56, May 30 2019. Time: 16:28:02 [Apr  3 2019]
===============================================================
Input graph (directed)		 (-g=)=../graphs/Stanford.edges
Input number of trim levels	 (-t=)=0
Pivot selection			 (-p=)=1
Specify FW-BW variant		 (-m=)=1
Specify maximum workers		 (-w=)=1
Specify randwalk iterations	 (-rand=)=10
Specify trim cutoff point	 (-cutoff=)=0
Specify how often to trim	 (-steps=)=1
Print help section		 (-h=)=No
Print SCC output to file	 (-out=)=No
Name to append output file	 (-suffix=)=PivotMaxDeg_C1_iteration2
Print timers			 (-time=)=3
Print debug information		 (-a=)=3

Loading graph
Graph loaded
Starting
Done

Writing timer output

Writing debug output
Done
Bootstrapping complete
SCC. build: 16:01:56, May 30 2019. Time: 16:32:44 [Apr  3 2019]
===============================================================
Input graph (directed)		 (-g=)=../graphs/Stanford.edges
Input number of trim levels	 (-t=)=0
Pivot selection			 (-p=)=1
Specify FW-BW variant		 (-m=)=1
Specify maximum workers		 (-w=)=1
Specify randwalk iterations	 (-rand=)=10
Specify trim cutoff point	 (-cutoff=)=0
Specify how often to trim	 (-steps=)=1
Print help section		 (-h=)=No
Print SCC output to file	 (-out=)=No
Name to append output file	 (-suffix=)=PivotMaxDeg_C1_iteration3
Print timers			 (-time=)=3
Print debug information		 (-a=)=3

Loading graph
Graph loaded
Starting
Done

Writing timer output

Writing debug output
Done
Bootstrapping complete
SCC. build: 16:01:56, May 30 2019. Time: 16:37:27 [Apr  3 2019]
===============================================================
Input graph (directed)		 (-g=)=../graphs/Stanford.edges
Input number of trim levels	 (-t=)=0
Pivot selection			 (-p=)=1
Specify FW-BW variant		 (-m=)=1
Specify maximum workers		 (-w=)=1
Specify randwalk iterations	 (-rand=)=10
Specify trim cutoff point	 (-cutoff=)=0
Specify how often to trim	 (-steps=)=1
Print help section		 (-h=)=No
Print SCC output to file	 (-out=)=No
Name to append output file	 (-suffix=)=PivotMaxDeg_C1_iteration4
Print timers			 (-time=)=3
Print debug information		 (-a=)=3

Loading graph
Graph loaded
Starting
Done

Writing timer output

Writing debug output
Done
Bootstrapping complete
SCC. build: 16:01:56, May 30 2019. Time: 16:42:11 [Apr  3 2019]
===============================================================
Input graph (directed)		 (-g=)=../graphs/Stanford.edges
Input number of trim levels	 (-t=)=0
Pivot selection			 (-p=)=1
Specify FW-BW variant		 (-m=)=1
Specify maximum workers		 (-w=)=1
Specify randwalk iterations	 (-rand=)=10
Specify trim cutoff point	 (-cutoff=)=0
Specify how often to trim	 (-steps=)=1
Print help section		 (-h=)=No
Print SCC output to file	 (-out=)=No
Name to append output file	 (-suffix=)=PivotMaxDeg_C1_iteration5
Print timers			 (-time=)=3
Print debug information		 (-a=)=3

Loading graph
Graph loaded
Starting
Done

Writing timer output

Writing debug output
Done
Bootstrapping complete
SCC. build: 16:01:56, May 30 2019. Time: 16:46:57 [Apr  3 2019]
===============================================================
Input graph (directed)		 (-g=)=../graphs/Stanford.edges
Input number of trim levels	 (-t=)=0
Pivot selection			 (-p=)=1
Specify FW-BW variant		 (-m=)=1
Specify maximum workers		 (-w=)=1
Specify randwalk iterations	 (-rand=)=10
Specify trim cutoff point	 (-cutoff=)=0
Specify how often to trim	 (-steps=)=1
Print help section		 (-h=)=No
Print SCC output to file	 (-out=)=No
Name to append output file	 (-suffix=)=PivotMaxDeg_C1_iteration6
Print timers			 (-time=)=3
Print debug information		 (-a=)=3

Loading graph
Graph loaded
Starting
Done

Writing timer output

Writing debug output
Done
Bootstrapping complete
SCC. build: 16:01:56, May 30 2019. Time: 16:51:40 [Apr  3 2019]
===============================================================
Input graph (directed)		 (-g=)=../graphs/Stanford.edges
Input number of trim levels	 (-t=)=0
Pivot selection			 (-p=)=1
Specify FW-BW variant		 (-m=)=1
Specify maximum workers		 (-w=)=1
Specify randwalk iterations	 (-rand=)=10
Specify trim cutoff point	 (-cutoff=)=0
Specify how often to trim	 (-steps=)=1
Print help section		 (-h=)=No
Print SCC output to file	 (-out=)=No
Name to append output file	 (-suffix=)=PivotMaxDeg_C1_iteration7
Print timers			 (-time=)=3
Print debug information		 (-a=)=3

Loading graph
Graph loaded
Starting
Done

Writing timer output

Writing debug output
Done
Bootstrapping complete
SCC. build: 16:01:56, May 30 2019. Time: 16:56:23 [Apr  3 2019]
===============================================================
Input graph (directed)		 (-g=)=../graphs/Stanford.edges
Input number of trim levels	 (-t=)=0
Pivot selection			 (-p=)=1
Specify FW-BW variant		 (-m=)=1
Specify maximum workers		 (-w=)=1
Specify randwalk iterations	 (-rand=)=10
Specify trim cutoff point	 (-cutoff=)=0
Specify how often to trim	 (-steps=)=1
Print help section		 (-h=)=No
Print SCC output to file	 (-out=)=No
Name to append output file	 (-suffix=)=PivotMaxDeg_C1_iteration8
Print timers			 (-time=)=3
Print debug information		 (-a=)=3

Loading graph
Graph loaded
Starting
Done

Writing timer output

Writing debug output
Done
Bootstrapping complete
SCC. build: 16:01:56, May 30 2019. Time: 17:01:06 [Apr  3 2019]
===============================================================
Input graph (directed)		 (-g=)=../graphs/Stanford.edges
Input number of trim levels	 (-t=)=0
Pivot selection			 (-p=)=1
Specify FW-BW variant		 (-m=)=1
Specify maximum workers		 (-w=)=1
Specify randwalk iterations	 (-rand=)=10
Specify trim cutoff point	 (-cutoff=)=0
Specify how often to trim	 (-steps=)=1
Print help section		 (-h=)=No
Print SCC output to file	 (-out=)=No
Name to append output file	 (-suffix=)=PivotMaxDeg_C1_iteration9
Print timers			 (-time=)=3
Print debug information		 (-a=)=3

Loading graph
Graph loaded
Starting
Done

Writing timer output

Writing debug output
Done
Bootstrapping complete
SCC. build: 16:01:56, May 30 2019. Time: 17:05:51 [Apr  3 2019]
===============================================================
Input graph (directed)		 (-g=)=../graphs/Stanford.edges
Input number of trim levels	 (-t=)=0
Pivot selection			 (-p=)=1
Specify FW-BW variant		 (-m=)=1
Specify maximum workers		 (-w=)=1
Specify randwalk iterations	 (-rand=)=10
Specify trim cutoff point	 (-cutoff=)=0
Specify how often to trim	 (-steps=)=1
Print help section		 (-h=)=No
Print SCC output to file	 (-out=)=No
Name to append output file	 (-suffix=)=PivotMaxDeg_C1_iteration10
Print timers			 (-time=)=3
Print debug information		 (-a=)=3

Loading graph
Graph loaded
Starting
Done

Writing timer output

Writing debug output
Done
Bootstrapping complete
SCC. build: 16:01:56, May 30 2019. Time: 17:10:33 [Apr  3 2019]
===============================================================
Input graph (directed)		 (-g=)=../graphs/Stanford.edges
Input number of trim levels	 (-t=)=0
Pivot selection			 (-p=)=1
Specify FW-BW variant		 (-m=)=1
Specify maximum workers		 (-w=)=2
Specify randwalk iterations	 (-rand=)=10
Specify trim cutoff point	 (-cutoff=)=0
Specify how often to trim	 (-steps=)=1
Print help section		 (-h=)=No
Print SCC output to file	 (-out=)=No
Name to append output file	 (-suffix=)=PivotMaxDeg_C2_iteration1
Print timers			 (-time=)=3
Print debug information		 (-a=)=3

Loading graph
Graph loaded
Starting
Done

Writing timer output

Writing debug output
Done
Bootstrapping complete
SCC. build: 16:01:56, May 30 2019. Time: 17:13:58 [Apr  3 2019]
===============================================================
Input graph (directed)		 (-g=)=../graphs/Stanford.edges
Input number of trim levels	 (-t=)=0
Pivot selection			 (-p=)=1
Specify FW-BW variant		 (-m=)=1
Specify maximum workers		 (-w=)=2
Specify randwalk iterations	 (-rand=)=10
Specify trim cutoff point	 (-cutoff=)=0
Specify how often to trim	 (-steps=)=1
Print help section		 (-h=)=No
Print SCC output to file	 (-out=)=No
Name to append output file	 (-suffix=)=PivotMaxDeg_C2_iteration2
Print timers			 (-time=)=3
Print debug information		 (-a=)=3

Loading graph
Graph loaded
Starting
Done

Writing timer output

Writing debug output
Done
Bootstrapping complete
SCC. build: 16:01:56, May 30 2019. Time: 17:17:08 [Apr  3 2019]
===============================================================
Input graph (directed)		 (-g=)=../graphs/Stanford.edges
Input number of trim levels	 (-t=)=0
Pivot selection			 (-p=)=1
Specify FW-BW variant		 (-m=)=1
Specify maximum workers		 (-w=)=2
Specify randwalk iterations	 (-rand=)=10
Specify trim cutoff point	 (-cutoff=)=0
Specify how often to trim	 (-steps=)=1
Print help section		 (-h=)=No
Print SCC output to file	 (-out=)=No
Name to append output file	 (-suffix=)=PivotMaxDeg_C2_iteration3
Print timers			 (-time=)=3
Print debug information		 (-a=)=3

Loading graph
Graph loaded
Starting
Done

Writing timer output

Writing debug output
Done
Bootstrapping complete
SCC. build: 16:01:56, May 30 2019. Time: 17:21:02 [Apr  3 2019]
===============================================================
Input graph (directed)		 (-g=)=../graphs/Stanford.edges
Input number of trim levels	 (-t=)=0
Pivot selection			 (-p=)=1
Specify FW-BW variant		 (-m=)=1
Specify maximum workers		 (-w=)=2
Specify randwalk iterations	 (-rand=)=10
Specify trim cutoff point	 (-cutoff=)=0
Specify how often to trim	 (-steps=)=1
Print help section		 (-h=)=No
Print SCC output to file	 (-out=)=No
Name to append output file	 (-suffix=)=PivotMaxDeg_C2_iteration4
Print timers			 (-time=)=3
Print debug information		 (-a=)=3

Loading graph
Graph loaded
Starting
Done

Writing timer output

Writing debug output
Done
Bootstrapping complete
SCC. build: 16:01:56, May 30 2019. Time: 17:24:37 [Apr  3 2019]
===============================================================
Input graph (directed)		 (-g=)=../graphs/Stanford.edges
Input number of trim levels	 (-t=)=0
Pivot selection			 (-p=)=1
Specify FW-BW variant		 (-m=)=1
Specify maximum workers		 (-w=)=2
Specify randwalk iterations	 (-rand=)=10
Specify trim cutoff point	 (-cutoff=)=0
Specify how often to trim	 (-steps=)=1
Print help section		 (-h=)=No
Print SCC output to file	 (-out=)=No
Name to append output file	 (-suffix=)=PivotMaxDeg_C2_iteration5
Print timers			 (-time=)=3
Print debug information		 (-a=)=3

Loading graph
Graph loaded
Starting
Done

Writing timer output

Writing debug output
Done
Bootstrapping complete
SCC. build: 16:01:56, May 30 2019. Time: 17:27:48 [Apr  3 2019]
===============================================================
Input graph (directed)		 (-g=)=../graphs/Stanford.edges
Input number of trim levels	 (-t=)=0
Pivot selection			 (-p=)=1
Specify FW-BW variant		 (-m=)=1
Specify maximum workers		 (-w=)=2
Specify randwalk iterations	 (-rand=)=10
Specify trim cutoff point	 (-cutoff=)=0
Specify how often to trim	 (-steps=)=1
Print help section		 (-h=)=No
Print SCC output to file	 (-out=)=No
Name to append output file	 (-suffix=)=PivotMaxDeg_C2_iteration6
Print timers			 (-time=)=3
Print debug information		 (-a=)=3

Loading graph
Graph loaded
Starting
Done

Writing timer output

Writing debug output
Done
Bootstrapping complete
SCC. build: 16:01:56, May 30 2019. Time: 17:31:39 [Apr  3 2019]
===============================================================
Input graph (directed)		 (-g=)=../graphs/Stanford.edges
Input number of trim levels	 (-t=)=0
Pivot selection			 (-p=)=1
Specify FW-BW variant		 (-m=)=1
Specify maximum workers		 (-w=)=2
Specify randwalk iterations	 (-rand=)=10
Specify trim cutoff point	 (-cutoff=)=0
Specify how often to trim	 (-steps=)=1
Print help section		 (-h=)=No
Print SCC output to file	 (-out=)=No
Name to append output file	 (-suffix=)=PivotMaxDeg_C2_iteration7
Print timers			 (-time=)=3
Print debug information		 (-a=)=3

Loading graph
Graph loaded
Starting
Done

Writing timer output

Writing debug output
Done
Bootstrapping complete
SCC. build: 16:01:56, May 30 2019. Time: 17:35:01 [Apr  3 2019]
===============================================================
Input graph (directed)		 (-g=)=../graphs/Stanford.edges
Input number of trim levels	 (-t=)=0
Pivot selection			 (-p=)=1
Specify FW-BW variant		 (-m=)=1
Specify maximum workers		 (-w=)=2
Specify randwalk iterations	 (-rand=)=10
Specify trim cutoff point	 (-cutoff=)=0
Specify how often to trim	 (-steps=)=1
Print help section		 (-h=)=No
Print SCC output to file	 (-out=)=No
Name to append output file	 (-suffix=)=PivotMaxDeg_C2_iteration8
Print timers			 (-time=)=3
Print debug information		 (-a=)=3

Loading graph
Graph loaded
Starting
Done

Writing timer output

Writing debug output
Done
Bootstrapping complete
SCC. build: 16:01:56, May 30 2019. Time: 17:38:18 [Apr  3 2019]
===============================================================
Input graph (directed)		 (-g=)=../graphs/Stanford.edges
Input number of trim levels	 (-t=)=0
Pivot selection			 (-p=)=1
Specify FW-BW variant		 (-m=)=1
Specify maximum workers		 (-w=)=2
Specify randwalk iterations	 (-rand=)=10
Specify trim cutoff point	 (-cutoff=)=0
Specify how often to trim	 (-steps=)=1
Print help section		 (-h=)=No
Print SCC output to file	 (-out=)=No
Name to append output file	 (-suffix=)=PivotMaxDeg_C2_iteration9
Print timers			 (-time=)=3
Print debug information		 (-a=)=3

Loading graph
Graph loaded
Starting
Done

Writing timer output

Writing debug output
Done
Bootstrapping complete
SCC. build: 16:01:56, May 30 2019. Time: 17:41:43 [Apr  3 2019]
===============================================================
Input graph (directed)		 (-g=)=../graphs/Stanford.edges
Input number of trim levels	 (-t=)=0
Pivot selection			 (-p=)=1
Specify FW-BW variant		 (-m=)=1
Specify maximum workers		 (-w=)=2
Specify randwalk iterations	 (-rand=)=10
Specify trim cutoff point	 (-cutoff=)=0
Specify how often to trim	 (-steps=)=1
Print help section		 (-h=)=No
Print SCC output to file	 (-out=)=No
Name to append output file	 (-suffix=)=PivotMaxDeg_C2_iteration10
Print timers			 (-time=)=3
Print debug information		 (-a=)=3

Loading graph
Graph loaded
Starting
Done

Writing timer output

Writing debug output
Done
Bootstrapping complete
SCC. build: 16:01:56, May 30 2019. Time: 17:44:51 [Apr  3 2019]
===============================================================
Input graph (directed)		 (-g=)=../graphs/Stanford.edges
Input number of trim levels	 (-t=)=0
Pivot selection			 (-p=)=1
Specify FW-BW variant		 (-m=)=1
Specify maximum workers		 (-w=)=4
Specify randwalk iterations	 (-rand=)=10
Specify trim cutoff point	 (-cutoff=)=0
Specify how often to trim	 (-steps=)=1
Print help section		 (-h=)=No
Print SCC output to file	 (-out=)=No
Name to append output file	 (-suffix=)=PivotMaxDeg_C4_iteration1
Print timers			 (-time=)=3
Print debug information		 (-a=)=3

Loading graph
Graph loaded
Starting
Done

Writing timer output

Writing debug output
Done
Bootstrapping complete
SCC. build: 16:01:56, May 30 2019. Time: 17:47:17 [Apr  3 2019]
===============================================================
Input graph (directed)		 (-g=)=../graphs/Stanford.edges
Input number of trim levels	 (-t=)=0
Pivot selection			 (-p=)=1
Specify FW-BW variant		 (-m=)=1
Specify maximum workers		 (-w=)=4
Specify randwalk iterations	 (-rand=)=10
Specify trim cutoff point	 (-cutoff=)=0
Specify how often to trim	 (-steps=)=1
Print help section		 (-h=)=No
Print SCC output to file	 (-out=)=No
Name to append output file	 (-suffix=)=PivotMaxDeg_C4_iteration2
Print timers			 (-time=)=3
Print debug information		 (-a=)=3

Loading graph
Graph loaded
Starting
Done

Writing timer output

Writing debug output
Done
Bootstrapping complete
SCC. build: 16:01:56, May 30 2019. Time: 17:49:25 [Apr  3 2019]
===============================================================
Input graph (directed)		 (-g=)=../graphs/Stanford.edges
Input number of trim levels	 (-t=)=0
Pivot selection			 (-p=)=1
Specify FW-BW variant		 (-m=)=1
Specify maximum workers		 (-w=)=4
Specify randwalk iterations	 (-rand=)=10
Specify trim cutoff point	 (-cutoff=)=0
Specify how often to trim	 (-steps=)=1
Print help section		 (-h=)=No
Print SCC output to file	 (-out=)=No
Name to append output file	 (-suffix=)=PivotMaxDeg_C4_iteration3
Print timers			 (-time=)=3
Print debug information		 (-a=)=3

Loading graph
Graph loaded
Starting
Done

Writing timer output

Writing debug output
Done
Bootstrapping complete
SCC. build: 16:01:56, May 30 2019. Time: 17:51:48 [Apr  3 2019]
===============================================================
Input graph (directed)		 (-g=)=../graphs/Stanford.edges
Input number of trim levels	 (-t=)=0
Pivot selection			 (-p=)=1
Specify FW-BW variant		 (-m=)=1
Specify maximum workers		 (-w=)=4
Specify randwalk iterations	 (-rand=)=10
Specify trim cutoff point	 (-cutoff=)=0
Specify how often to trim	 (-steps=)=1
Print help section		 (-h=)=No
Print SCC output to file	 (-out=)=No
Name to append output file	 (-suffix=)=PivotMaxDeg_C4_iteration4
Print timers			 (-time=)=3
Print debug information		 (-a=)=3

Loading graph
Graph loaded
Starting
Done

Writing timer output

Writing debug output
Done
Bootstrapping complete
SCC. build: 16:01:56, May 30 2019. Time: 17:54:16 [Apr  3 2019]
===============================================================
Input graph (directed)		 (-g=)=../graphs/Stanford.edges
Input number of trim levels	 (-t=)=0
Pivot selection			 (-p=)=1
Specify FW-BW variant		 (-m=)=1
Specify maximum workers		 (-w=)=4
Specify randwalk iterations	 (-rand=)=10
Specify trim cutoff point	 (-cutoff=)=0
Specify how often to trim	 (-steps=)=1
Print help section		 (-h=)=No
Print SCC output to file	 (-out=)=No
Name to append output file	 (-suffix=)=PivotMaxDeg_C4_iteration5
Print timers			 (-time=)=3
Print debug information		 (-a=)=3

Loading graph
Graph loaded
Starting
Done

Writing timer output

Writing debug output
Done
Bootstrapping complete
SCC. build: 16:01:56, May 30 2019. Time: 17:56:43 [Apr  3 2019]
===============================================================
Input graph (directed)		 (-g=)=../graphs/Stanford.edges
Input number of trim levels	 (-t=)=0
Pivot selection			 (-p=)=1
Specify FW-BW variant		 (-m=)=1
Specify maximum workers		 (-w=)=4
Specify randwalk iterations	 (-rand=)=10
Specify trim cutoff point	 (-cutoff=)=0
Specify how often to trim	 (-steps=)=1
Print help section		 (-h=)=No
Print SCC output to file	 (-out=)=No
Name to append output file	 (-suffix=)=PivotMaxDeg_C4_iteration6
Print timers			 (-time=)=3
Print debug information		 (-a=)=3

Loading graph
Graph loaded
Starting
Done

Writing timer output

Writing debug output
Done
Bootstrapping complete
SCC. build: 16:01:56, May 30 2019. Time: 17:59:02 [Apr  3 2019]
===============================================================
Input graph (directed)		 (-g=)=../graphs/Stanford.edges
Input number of trim levels	 (-t=)=0
Pivot selection			 (-p=)=1
Specify FW-BW variant		 (-m=)=1
Specify maximum workers		 (-w=)=4
Specify randwalk iterations	 (-rand=)=10
Specify trim cutoff point	 (-cutoff=)=0
Specify how often to trim	 (-steps=)=1
Print help section		 (-h=)=No
Print SCC output to file	 (-out=)=No
Name to append output file	 (-suffix=)=PivotMaxDeg_C4_iteration7
Print timers			 (-time=)=3
Print debug information		 (-a=)=3

Loading graph
Graph loaded
Starting
Done

Writing timer output

Writing debug output
Done
Bootstrapping complete
SCC. build: 16:01:56, May 30 2019. Time: 18:01:29 [Apr  3 2019]
===============================================================
Input graph (directed)		 (-g=)=../graphs/Stanford.edges
Input number of trim levels	 (-t=)=0
Pivot selection			 (-p=)=1
Specify FW-BW variant		 (-m=)=1
Specify maximum workers		 (-w=)=4
Specify randwalk iterations	 (-rand=)=10
Specify trim cutoff point	 (-cutoff=)=0
Specify how often to trim	 (-steps=)=1
Print help section		 (-h=)=No
Print SCC output to file	 (-out=)=No
Name to append output file	 (-suffix=)=PivotMaxDeg_C4_iteration8
Print timers			 (-time=)=3
Print debug information		 (-a=)=3

Loading graph
Graph loaded
Starting
Done

Writing timer output

Writing debug output
Done
Bootstrapping complete
SCC. build: 16:01:56, May 30 2019. Time: 18:03:38 [Apr  3 2019]
===============================================================
Input graph (directed)		 (-g=)=../graphs/Stanford.edges
Input number of trim levels	 (-t=)=0
Pivot selection			 (-p=)=1
Specify FW-BW variant		 (-m=)=1
Specify maximum workers		 (-w=)=4
Specify randwalk iterations	 (-rand=)=10
Specify trim cutoff point	 (-cutoff=)=0
Specify how often to trim	 (-steps=)=1
Print help section		 (-h=)=No
Print SCC output to file	 (-out=)=No
Name to append output file	 (-suffix=)=PivotMaxDeg_C4_iteration9
Print timers			 (-time=)=3
Print debug information		 (-a=)=3

Loading graph
Graph loaded
Starting
Done

Writing timer output

Writing debug output
Done
Bootstrapping complete
SCC. build: 16:01:56, May 30 2019. Time: 18:06:02 [Apr  3 2019]
===============================================================
Input graph (directed)		 (-g=)=../graphs/Stanford.edges
Input number of trim levels	 (-t=)=0
Pivot selection			 (-p=)=1
Specify FW-BW variant		 (-m=)=1
Specify maximum workers		 (-w=)=4
Specify randwalk iterations	 (-rand=)=10
Specify trim cutoff point	 (-cutoff=)=0
Specify how often to trim	 (-steps=)=1
Print help section		 (-h=)=No
Print SCC output to file	 (-out=)=No
Name to append output file	 (-suffix=)=PivotMaxDeg_C4_iteration10
Print timers			 (-time=)=3
Print debug information		 (-a=)=3

Loading graph
Graph loaded
Starting
Done

Writing timer output

Writing debug output
Done
Bootstrapping complete
SCC. build: 16:01:56, May 30 2019. Time: 18:08:28 [Apr  3 2019]
===============================================================
Input graph (directed)		 (-g=)=../graphs/Stanford.edges
Input number of trim levels	 (-t=)=0
Pivot selection			 (-p=)=1
Specify FW-BW variant		 (-m=)=1
Specify maximum workers		 (-w=)=8
Specify randwalk iterations	 (-rand=)=10
Specify trim cutoff point	 (-cutoff=)=0
Specify how often to trim	 (-steps=)=1
Print help section		 (-h=)=No
Print SCC output to file	 (-out=)=No
Name to append output file	 (-suffix=)=PivotMaxDeg_C8_iteration1
Print timers			 (-time=)=3
Print debug information		 (-a=)=3

Loading graph
Graph loaded
Starting
Done

Writing timer output

Writing debug output
Done
Bootstrapping complete
SCC. build: 16:01:56, May 30 2019. Time: 18:09:56 [Apr  3 2019]
===============================================================
Input graph (directed)		 (-g=)=../graphs/Stanford.edges
Input number of trim levels	 (-t=)=0
Pivot selection			 (-p=)=1
Specify FW-BW variant		 (-m=)=1
Specify maximum workers		 (-w=)=8
Specify randwalk iterations	 (-rand=)=10
Specify trim cutoff point	 (-cutoff=)=0
Specify how often to trim	 (-steps=)=1
Print help section		 (-h=)=No
Print SCC output to file	 (-out=)=No
Name to append output file	 (-suffix=)=PivotMaxDeg_C8_iteration2
Print timers			 (-time=)=3
Print debug information		 (-a=)=3

Loading graph
Graph loaded
Starting
Done

Writing timer output

Writing debug output
Done
Bootstrapping complete
SCC. build: 16:01:56, May 30 2019. Time: 18:11:23 [Apr  3 2019]
===============================================================
Input graph (directed)		 (-g=)=../graphs/Stanford.edges
Input number of trim levels	 (-t=)=0
Pivot selection			 (-p=)=1
Specify FW-BW variant		 (-m=)=1
Specify maximum workers		 (-w=)=8
Specify randwalk iterations	 (-rand=)=10
Specify trim cutoff point	 (-cutoff=)=0
Specify how often to trim	 (-steps=)=1
Print help section		 (-h=)=No
Print SCC output to file	 (-out=)=No
Name to append output file	 (-suffix=)=PivotMaxDeg_C8_iteration3
Print timers			 (-time=)=3
Print debug information		 (-a=)=3

Loading graph
Graph loaded
Starting
Done

Writing timer output

Writing debug output
Done
Bootstrapping complete
SCC. build: 16:01:56, May 30 2019. Time: 18:12:51 [Apr  3 2019]
===============================================================
Input graph (directed)		 (-g=)=../graphs/Stanford.edges
Input number of trim levels	 (-t=)=0
Pivot selection			 (-p=)=1
Specify FW-BW variant		 (-m=)=1
Specify maximum workers		 (-w=)=8
Specify randwalk iterations	 (-rand=)=10
Specify trim cutoff point	 (-cutoff=)=0
Specify how often to trim	 (-steps=)=1
Print help section		 (-h=)=No
Print SCC output to file	 (-out=)=No
Name to append output file	 (-suffix=)=PivotMaxDeg_C8_iteration4
Print timers			 (-time=)=3
Print debug information		 (-a=)=3

Loading graph
Graph loaded
Starting
Done

Writing timer output

Writing debug output
Done
Bootstrapping complete
SCC. build: 16:01:56, May 30 2019. Time: 18:14:18 [Apr  3 2019]
===============================================================
Input graph (directed)		 (-g=)=../graphs/Stanford.edges
Input number of trim levels	 (-t=)=0
Pivot selection			 (-p=)=1
Specify FW-BW variant		 (-m=)=1
Specify maximum workers		 (-w=)=8
Specify randwalk iterations	 (-rand=)=10
Specify trim cutoff point	 (-cutoff=)=0
Specify how often to trim	 (-steps=)=1
Print help section		 (-h=)=No
Print SCC output to file	 (-out=)=No
Name to append output file	 (-suffix=)=PivotMaxDeg_C8_iteration5
Print timers			 (-time=)=3
Print debug information		 (-a=)=3

Loading graph
Graph loaded
Starting
Done

Writing timer output

Writing debug output
Done
Bootstrapping complete
SCC. build: 16:01:56, May 30 2019. Time: 18:15:47 [Apr  3 2019]
===============================================================
Input graph (directed)		 (-g=)=../graphs/Stanford.edges
Input number of trim levels	 (-t=)=0
Pivot selection			 (-p=)=1
Specify FW-BW variant		 (-m=)=1
Specify maximum workers		 (-w=)=8
Specify randwalk iterations	 (-rand=)=10
Specify trim cutoff point	 (-cutoff=)=0
Specify how often to trim	 (-steps=)=1
Print help section		 (-h=)=No
Print SCC output to file	 (-out=)=No
Name to append output file	 (-suffix=)=PivotMaxDeg_C8_iteration6
Print timers			 (-time=)=3
Print debug information		 (-a=)=3

Loading graph
Graph loaded
Starting
Done

Writing timer output

Writing debug output
Done
Bootstrapping complete
SCC. build: 16:01:56, May 30 2019. Time: 18:17:15 [Apr  3 2019]
===============================================================
Input graph (directed)		 (-g=)=../graphs/Stanford.edges
Input number of trim levels	 (-t=)=0
Pivot selection			 (-p=)=1
Specify FW-BW variant		 (-m=)=1
Specify maximum workers		 (-w=)=8
Specify randwalk iterations	 (-rand=)=10
Specify trim cutoff point	 (-cutoff=)=0
Specify how often to trim	 (-steps=)=1
Print help section		 (-h=)=No
Print SCC output to file	 (-out=)=No
Name to append output file	 (-suffix=)=PivotMaxDeg_C8_iteration7
Print timers			 (-time=)=3
Print debug information		 (-a=)=3

Loading graph
Graph loaded
Starting
Done

Writing timer output

Writing debug output
Done
Bootstrapping complete
SCC. build: 16:01:56, May 30 2019. Time: 18:18:41 [Apr  3 2019]
===============================================================
Input graph (directed)		 (-g=)=../graphs/Stanford.edges
Input number of trim levels	 (-t=)=0
Pivot selection			 (-p=)=1
Specify FW-BW variant		 (-m=)=1
Specify maximum workers		 (-w=)=8
Specify randwalk iterations	 (-rand=)=10
Specify trim cutoff point	 (-cutoff=)=0
Specify how often to trim	 (-steps=)=1
Print help section		 (-h=)=No
Print SCC output to file	 (-out=)=No
Name to append output file	 (-suffix=)=PivotMaxDeg_C8_iteration8
Print timers			 (-time=)=3
Print debug information		 (-a=)=3

Loading graph
Graph loaded
Starting
Done

Writing timer output

Writing debug output
Done
Bootstrapping complete
SCC. build: 16:01:56, May 30 2019. Time: 18:20:12 [Apr  3 2019]
===============================================================
Input graph (directed)		 (-g=)=../graphs/Stanford.edges
Input number of trim levels	 (-t=)=0
Pivot selection			 (-p=)=1
Specify FW-BW variant		 (-m=)=1
Specify maximum workers		 (-w=)=8
Specify randwalk iterations	 (-rand=)=10
Specify trim cutoff point	 (-cutoff=)=0
Specify how often to trim	 (-steps=)=1
Print help section		 (-h=)=No
Print SCC output to file	 (-out=)=No
Name to append output file	 (-suffix=)=PivotMaxDeg_C8_iteration9
Print timers			 (-time=)=3
Print debug information		 (-a=)=3

Loading graph
Graph loaded
Starting
Done

Writing timer output

Writing debug output
Done
Bootstrapping complete
SCC. build: 16:01:56, May 30 2019. Time: 18:21:31 [Apr  3 2019]
===============================================================
Input graph (directed)		 (-g=)=../graphs/Stanford.edges
Input number of trim levels	 (-t=)=0
Pivot selection			 (-p=)=1
Specify FW-BW variant		 (-m=)=1
Specify maximum workers		 (-w=)=8
Specify randwalk iterations	 (-rand=)=10
Specify trim cutoff point	 (-cutoff=)=0
Specify how often to trim	 (-steps=)=1
Print help section		 (-h=)=No
Print SCC output to file	 (-out=)=No
Name to append output file	 (-suffix=)=PivotMaxDeg_C8_iteration10
Print timers			 (-time=)=3
Print debug information		 (-a=)=3

Loading graph
Graph loaded
Starting
Done

Writing timer output

Writing debug output
Done
Bootstrapping complete
SCC. build: 16:01:56, May 30 2019. Time: 18:22:53 [Apr  3 2019]
===============================================================
Input graph (directed)		 (-g=)=../graphs/Stanford.edges
Input number of trim levels	 (-t=)=0
Pivot selection			 (-p=)=1
Specify FW-BW variant		 (-m=)=1
Specify maximum workers		 (-w=)=16
Specify randwalk iterations	 (-rand=)=10
Specify trim cutoff point	 (-cutoff=)=0
Specify how often to trim	 (-steps=)=1
Print help section		 (-h=)=No
Print SCC output to file	 (-out=)=No
Name to append output file	 (-suffix=)=PivotMaxDeg_C16_iteration1
Print timers			 (-time=)=3
Print debug information		 (-a=)=3

Loading graph
Graph loaded
Starting
Done

Writing timer output

Writing debug output
Done
Bootstrapping complete
SCC. build: 16:01:56, May 30 2019. Time: 18:24:08 [Apr  3 2019]
===============================================================
Input graph (directed)		 (-g=)=../graphs/Stanford.edges
Input number of trim levels	 (-t=)=0
Pivot selection			 (-p=)=1
Specify FW-BW variant		 (-m=)=1
Specify maximum workers		 (-w=)=16
Specify randwalk iterations	 (-rand=)=10
Specify trim cutoff point	 (-cutoff=)=0
Specify how often to trim	 (-steps=)=1
Print help section		 (-h=)=No
Print SCC output to file	 (-out=)=No
Name to append output file	 (-suffix=)=PivotMaxDeg_C16_iteration2
Print timers			 (-time=)=3
Print debug information		 (-a=)=3

Loading graph
Graph loaded
Starting
Done

Writing timer output

Writing debug output
Done
Bootstrapping complete
SCC. build: 16:01:56, May 30 2019. Time: 18:25:22 [Apr  3 2019]
===============================================================
Input graph (directed)		 (-g=)=../graphs/Stanford.edges
Input number of trim levels	 (-t=)=0
Pivot selection			 (-p=)=1
Specify FW-BW variant		 (-m=)=1
Specify maximum workers		 (-w=)=16
Specify randwalk iterations	 (-rand=)=10
Specify trim cutoff point	 (-cutoff=)=0
Specify how often to trim	 (-steps=)=1
Print help section		 (-h=)=No
Print SCC output to file	 (-out=)=No
Name to append output file	 (-suffix=)=PivotMaxDeg_C16_iteration3
Print timers			 (-time=)=3
Print debug information		 (-a=)=3

Loading graph
Graph loaded
Starting
Done

Writing timer output

Writing debug output
Done
Bootstrapping complete
SCC. build: 16:01:56, May 30 2019. Time: 18:26:33 [Apr  3 2019]
===============================================================
Input graph (directed)		 (-g=)=../graphs/Stanford.edges
Input number of trim levels	 (-t=)=0
Pivot selection			 (-p=)=1
Specify FW-BW variant		 (-m=)=1
Specify maximum workers		 (-w=)=16
Specify randwalk iterations	 (-rand=)=10
Specify trim cutoff point	 (-cutoff=)=0
Specify how often to trim	 (-steps=)=1
Print help section		 (-h=)=No
Print SCC output to file	 (-out=)=No
Name to append output file	 (-suffix=)=PivotMaxDeg_C16_iteration4
Print timers			 (-time=)=3
Print debug information		 (-a=)=3

Loading graph
Graph loaded
Starting
Done

Writing timer output

Writing debug output
Done
Bootstrapping complete
SCC. build: 16:01:56, May 30 2019. Time: 18:27:42 [Apr  3 2019]
===============================================================
Input graph (directed)		 (-g=)=../graphs/Stanford.edges
Input number of trim levels	 (-t=)=0
Pivot selection			 (-p=)=1
Specify FW-BW variant		 (-m=)=1
Specify maximum workers		 (-w=)=16
Specify randwalk iterations	 (-rand=)=10
Specify trim cutoff point	 (-cutoff=)=0
Specify how often to trim	 (-steps=)=1
Print help section		 (-h=)=No
Print SCC output to file	 (-out=)=No
Name to append output file	 (-suffix=)=PivotMaxDeg_C16_iteration5
Print timers			 (-time=)=3
Print debug information		 (-a=)=3

Loading graph
Graph loaded
Starting
Done

Writing timer output

Writing debug output
Done
Bootstrapping complete
SCC. build: 16:01:56, May 30 2019. Time: 18:28:50 [Apr  3 2019]
===============================================================
Input graph (directed)		 (-g=)=../graphs/Stanford.edges
Input number of trim levels	 (-t=)=0
Pivot selection			 (-p=)=1
Specify FW-BW variant		 (-m=)=1
Specify maximum workers		 (-w=)=16
Specify randwalk iterations	 (-rand=)=10
Specify trim cutoff point	 (-cutoff=)=0
Specify how often to trim	 (-steps=)=1
Print help section		 (-h=)=No
Print SCC output to file	 (-out=)=No
Name to append output file	 (-suffix=)=PivotMaxDeg_C16_iteration6
Print timers			 (-time=)=3
Print debug information		 (-a=)=3

Loading graph
Graph loaded
Starting
Done

Writing timer output

Writing debug output
Done
Bootstrapping complete
SCC. build: 16:01:56, May 30 2019. Time: 18:29:59 [Apr  3 2019]
===============================================================
Input graph (directed)		 (-g=)=../graphs/Stanford.edges
Input number of trim levels	 (-t=)=0
Pivot selection			 (-p=)=1
Specify FW-BW variant		 (-m=)=1
Specify maximum workers		 (-w=)=16
Specify randwalk iterations	 (-rand=)=10
Specify trim cutoff point	 (-cutoff=)=0
Specify how often to trim	 (-steps=)=1
Print help section		 (-h=)=No
Print SCC output to file	 (-out=)=No
Name to append output file	 (-suffix=)=PivotMaxDeg_C16_iteration7
Print timers			 (-time=)=3
Print debug information		 (-a=)=3

Loading graph
Graph loaded
Starting
Done

Writing timer output

Writing debug output
Done
Bootstrapping complete
SCC. build: 16:01:56, May 30 2019. Time: 18:31:09 [Apr  3 2019]
===============================================================
Input graph (directed)		 (-g=)=../graphs/Stanford.edges
Input number of trim levels	 (-t=)=0
Pivot selection			 (-p=)=1
Specify FW-BW variant		 (-m=)=1
Specify maximum workers		 (-w=)=16
Specify randwalk iterations	 (-rand=)=10
Specify trim cutoff point	 (-cutoff=)=0
Specify how often to trim	 (-steps=)=1
Print help section		 (-h=)=No
Print SCC output to file	 (-out=)=No
Name to append output file	 (-suffix=)=PivotMaxDeg_C16_iteration8
Print timers			 (-time=)=3
Print debug information		 (-a=)=3

Loading graph
Graph loaded
Starting
Done

Writing timer output

Writing debug output
Done
Bootstrapping complete
SCC. build: 16:01:56, May 30 2019. Time: 18:32:22 [Apr  3 2019]
===============================================================
Input graph (directed)		 (-g=)=../graphs/Stanford.edges
Input number of trim levels	 (-t=)=0
Pivot selection			 (-p=)=1
Specify FW-BW variant		 (-m=)=1
Specify maximum workers		 (-w=)=16
Specify randwalk iterations	 (-rand=)=10
Specify trim cutoff point	 (-cutoff=)=0
Specify how often to trim	 (-steps=)=1
Print help section		 (-h=)=No
Print SCC output to file	 (-out=)=No
Name to append output file	 (-suffix=)=PivotMaxDeg_C16_iteration9
Print timers			 (-time=)=3
Print debug information		 (-a=)=3

Loading graph
Graph loaded
Starting
Done

Writing timer output

Writing debug output
Done
Bootstrapping complete
SCC. build: 16:01:56, May 30 2019. Time: 18:33:34 [Apr  3 2019]
===============================================================
Input graph (directed)		 (-g=)=../graphs/Stanford.edges
Input number of trim levels	 (-t=)=0
Pivot selection			 (-p=)=1
Specify FW-BW variant		 (-m=)=1
Specify maximum workers		 (-w=)=16
Specify randwalk iterations	 (-rand=)=10
Specify trim cutoff point	 (-cutoff=)=0
Specify how often to trim	 (-steps=)=1
Print help section		 (-h=)=No
Print SCC output to file	 (-out=)=No
Name to append output file	 (-suffix=)=PivotMaxDeg_C16_iteration10
Print timers			 (-time=)=3
Print debug information		 (-a=)=3

Loading graph
Graph loaded
Starting
Done

Writing timer output

Writing debug output
Done
