Bootstrapping complete
SCC. build: 16:01:56, May 30 2019. Time: 16:21:17 [Apr  3 2019]
===============================================================
Input graph (directed)		 (-g=)=../graphs/Slashdot.edges
Input number of trim levels	 (-t=)=0
Pivot selection			 (-p=)=4
Specify FW-BW variant		 (-m=)=1
Specify maximum workers		 (-w=)=1
Specify randwalk iterations	 (-rand=)=10
Specify trim cutoff point	 (-cutoff=)=0
Specify how often to trim	 (-steps=)=1
Print help section		 (-h=)=No
Print SCC output to file	 (-out=)=No
Name to append output file	 (-suffix=)=PivotMaxDeg_precomp_C1_iteration1
Print timers			 (-time=)=3
Print debug information		 (-a=)=3

Loading graph
Graph loaded
Starting
Done

Writing timer output

Writing debug output
Done
Bootstrapping complete
SCC. build: 16:01:56, May 30 2019. Time: 16:21:20 [Apr  3 2019]
===============================================================
Input graph (directed)		 (-g=)=../graphs/Slashdot.edges
Input number of trim levels	 (-t=)=0
Pivot selection			 (-p=)=4
Specify FW-BW variant		 (-m=)=1
Specify maximum workers		 (-w=)=1
Specify randwalk iterations	 (-rand=)=10
Specify trim cutoff point	 (-cutoff=)=0
Specify how often to trim	 (-steps=)=1
Print help section		 (-h=)=No
Print SCC output to file	 (-out=)=No
Name to append output file	 (-suffix=)=PivotMaxDeg_precomp_C1_iteration2
Print timers			 (-time=)=3
Print debug information		 (-a=)=3

Loading graph
Graph loaded
Starting
Done

Writing timer output

Writing debug output
Done
Bootstrapping complete
SCC. build: 16:01:56, May 30 2019. Time: 16:21:24 [Apr  3 2019]
===============================================================
Input graph (directed)		 (-g=)=../graphs/Slashdot.edges
Input number of trim levels	 (-t=)=0
Pivot selection			 (-p=)=4
Specify FW-BW variant		 (-m=)=1
Specify maximum workers		 (-w=)=1
Specify randwalk iterations	 (-rand=)=10
Specify trim cutoff point	 (-cutoff=)=0
Specify how often to trim	 (-steps=)=1
Print help section		 (-h=)=No
Print SCC output to file	 (-out=)=No
Name to append output file	 (-suffix=)=PivotMaxDeg_precomp_C1_iteration3
Print timers			 (-time=)=3
Print debug information		 (-a=)=3

Loading graph
Graph loaded
Starting
Done

Writing timer output

Writing debug output
Done
Bootstrapping complete
SCC. build: 16:01:56, May 30 2019. Time: 16:21:27 [Apr  3 2019]
===============================================================
Input graph (directed)		 (-g=)=../graphs/Slashdot.edges
Input number of trim levels	 (-t=)=0
Pivot selection			 (-p=)=4
Specify FW-BW variant		 (-m=)=1
Specify maximum workers		 (-w=)=1
Specify randwalk iterations	 (-rand=)=10
Specify trim cutoff point	 (-cutoff=)=0
Specify how often to trim	 (-steps=)=1
Print help section		 (-h=)=No
Print SCC output to file	 (-out=)=No
Name to append output file	 (-suffix=)=PivotMaxDeg_precomp_C1_iteration4
Print timers			 (-time=)=3
Print debug information		 (-a=)=3

Loading graph
Graph loaded
Starting
Done

Writing timer output

Writing debug output
Done
Bootstrapping complete
SCC. build: 16:01:56, May 30 2019. Time: 16:21:30 [Apr  3 2019]
===============================================================
Input graph (directed)		 (-g=)=../graphs/Slashdot.edges
Input number of trim levels	 (-t=)=0
Pivot selection			 (-p=)=4
Specify FW-BW variant		 (-m=)=1
Specify maximum workers		 (-w=)=1
Specify randwalk iterations	 (-rand=)=10
Specify trim cutoff point	 (-cutoff=)=0
Specify how often to trim	 (-steps=)=1
Print help section		 (-h=)=No
Print SCC output to file	 (-out=)=No
Name to append output file	 (-suffix=)=PivotMaxDeg_precomp_C1_iteration5
Print timers			 (-time=)=3
Print debug information		 (-a=)=3

Loading graph
Graph loaded
Starting
Done

Writing timer output

Writing debug output
Done
Bootstrapping complete
SCC. build: 16:01:56, May 30 2019. Time: 16:21:34 [Apr  3 2019]
===============================================================
Input graph (directed)		 (-g=)=../graphs/Slashdot.edges
Input number of trim levels	 (-t=)=0
Pivot selection			 (-p=)=4
Specify FW-BW variant		 (-m=)=1
Specify maximum workers		 (-w=)=1
Specify randwalk iterations	 (-rand=)=10
Specify trim cutoff point	 (-cutoff=)=0
Specify how often to trim	 (-steps=)=1
Print help section		 (-h=)=No
Print SCC output to file	 (-out=)=No
Name to append output file	 (-suffix=)=PivotMaxDeg_precomp_C1_iteration6
Print timers			 (-time=)=3
Print debug information		 (-a=)=3

Loading graph
Graph loaded
Starting
Done

Writing timer output

Writing debug output
Done
Bootstrapping complete
SCC. build: 16:01:56, May 30 2019. Time: 16:21:37 [Apr  3 2019]
===============================================================
Input graph (directed)		 (-g=)=../graphs/Slashdot.edges
Input number of trim levels	 (-t=)=0
Pivot selection			 (-p=)=4
Specify FW-BW variant		 (-m=)=1
Specify maximum workers		 (-w=)=1
Specify randwalk iterations	 (-rand=)=10
Specify trim cutoff point	 (-cutoff=)=0
Specify how often to trim	 (-steps=)=1
Print help section		 (-h=)=No
Print SCC output to file	 (-out=)=No
Name to append output file	 (-suffix=)=PivotMaxDeg_precomp_C1_iteration7
Print timers			 (-time=)=3
Print debug information		 (-a=)=3

Loading graph
Graph loaded
Starting
Done

Writing timer output

Writing debug output
Done
Bootstrapping complete
SCC. build: 16:01:56, May 30 2019. Time: 16:21:41 [Apr  3 2019]
===============================================================
Input graph (directed)		 (-g=)=../graphs/Slashdot.edges
Input number of trim levels	 (-t=)=0
Pivot selection			 (-p=)=4
Specify FW-BW variant		 (-m=)=1
Specify maximum workers		 (-w=)=1
Specify randwalk iterations	 (-rand=)=10
Specify trim cutoff point	 (-cutoff=)=0
Specify how often to trim	 (-steps=)=1
Print help section		 (-h=)=No
Print SCC output to file	 (-out=)=No
Name to append output file	 (-suffix=)=PivotMaxDeg_precomp_C1_iteration8
Print timers			 (-time=)=3
Print debug information		 (-a=)=3

Loading graph
Graph loaded
Starting
Done

Writing timer output

Writing debug output
Done
Bootstrapping complete
SCC. build: 16:01:56, May 30 2019. Time: 16:21:44 [Apr  3 2019]
===============================================================
Input graph (directed)		 (-g=)=../graphs/Slashdot.edges
Input number of trim levels	 (-t=)=0
Pivot selection			 (-p=)=4
Specify FW-BW variant		 (-m=)=1
Specify maximum workers		 (-w=)=1
Specify randwalk iterations	 (-rand=)=10
Specify trim cutoff point	 (-cutoff=)=0
Specify how often to trim	 (-steps=)=1
Print help section		 (-h=)=No
Print SCC output to file	 (-out=)=No
Name to append output file	 (-suffix=)=PivotMaxDeg_precomp_C1_iteration9
Print timers			 (-time=)=3
Print debug information		 (-a=)=3

Loading graph
Graph loaded
Starting
Done

Writing timer output

Writing debug output
Done
Bootstrapping complete
SCC. build: 16:01:56, May 30 2019. Time: 16:21:48 [Apr  3 2019]
===============================================================
Input graph (directed)		 (-g=)=../graphs/Slashdot.edges
Input number of trim levels	 (-t=)=0
Pivot selection			 (-p=)=4
Specify FW-BW variant		 (-m=)=1
Specify maximum workers		 (-w=)=1
Specify randwalk iterations	 (-rand=)=10
Specify trim cutoff point	 (-cutoff=)=0
Specify how often to trim	 (-steps=)=1
Print help section		 (-h=)=No
Print SCC output to file	 (-out=)=No
Name to append output file	 (-suffix=)=PivotMaxDeg_precomp_C1_iteration10
Print timers			 (-time=)=3
Print debug information		 (-a=)=3

Loading graph
Graph loaded
Starting
Done

Writing timer output

Writing debug output
Done
Bootstrapping complete
SCC. build: 16:01:56, May 30 2019. Time: 16:21:51 [Apr  3 2019]
===============================================================
Input graph (directed)		 (-g=)=../graphs/Slashdot.edges
Input number of trim levels	 (-t=)=0
Pivot selection			 (-p=)=4
Specify FW-BW variant		 (-m=)=1
Specify maximum workers		 (-w=)=2
Specify randwalk iterations	 (-rand=)=10
Specify trim cutoff point	 (-cutoff=)=0
Specify how often to trim	 (-steps=)=1
Print help section		 (-h=)=No
Print SCC output to file	 (-out=)=No
Name to append output file	 (-suffix=)=PivotMaxDeg_precomp_C2_iteration1
Print timers			 (-time=)=3
Print debug information		 (-a=)=3

Loading graph
Graph loaded
Starting
Done

Writing timer output

Writing debug output
Done
Bootstrapping complete
SCC. build: 16:01:56, May 30 2019. Time: 16:21:54 [Apr  3 2019]
===============================================================
Input graph (directed)		 (-g=)=../graphs/Slashdot.edges
Input number of trim levels	 (-t=)=0
Pivot selection			 (-p=)=4
Specify FW-BW variant		 (-m=)=1
Specify maximum workers		 (-w=)=2
Specify randwalk iterations	 (-rand=)=10
Specify trim cutoff point	 (-cutoff=)=0
Specify how often to trim	 (-steps=)=1
Print help section		 (-h=)=No
Print SCC output to file	 (-out=)=No
Name to append output file	 (-suffix=)=PivotMaxDeg_precomp_C2_iteration2
Print timers			 (-time=)=3
Print debug information		 (-a=)=3

Loading graph
Graph loaded
Starting
Done

Writing timer output

Writing debug output
Done
Bootstrapping complete
SCC. build: 16:01:56, May 30 2019. Time: 16:21:57 [Apr  3 2019]
===============================================================
Input graph (directed)		 (-g=)=../graphs/Slashdot.edges
Input number of trim levels	 (-t=)=0
Pivot selection			 (-p=)=4
Specify FW-BW variant		 (-m=)=1
Specify maximum workers		 (-w=)=2
Specify randwalk iterations	 (-rand=)=10
Specify trim cutoff point	 (-cutoff=)=0
Specify how often to trim	 (-steps=)=1
Print help section		 (-h=)=No
Print SCC output to file	 (-out=)=No
Name to append output file	 (-suffix=)=PivotMaxDeg_precomp_C2_iteration3
Print timers			 (-time=)=3
Print debug information		 (-a=)=3

Loading graph
Graph loaded
Starting
Done

Writing timer output

Writing debug output
Done
Bootstrapping complete
SCC. build: 16:01:56, May 30 2019. Time: 16:22:00 [Apr  3 2019]
===============================================================
Input graph (directed)		 (-g=)=../graphs/Slashdot.edges
Input number of trim levels	 (-t=)=0
Pivot selection			 (-p=)=4
Specify FW-BW variant		 (-m=)=1
Specify maximum workers		 (-w=)=2
Specify randwalk iterations	 (-rand=)=10
Specify trim cutoff point	 (-cutoff=)=0
Specify how often to trim	 (-steps=)=1
Print help section		 (-h=)=No
Print SCC output to file	 (-out=)=No
Name to append output file	 (-suffix=)=PivotMaxDeg_precomp_C2_iteration4
Print timers			 (-time=)=3
Print debug information		 (-a=)=3

Loading graph
Graph loaded
Starting
Done

Writing timer output

Writing debug output
Done
Bootstrapping complete
SCC. build: 16:01:56, May 30 2019. Time: 16:22:02 [Apr  3 2019]
===============================================================
Input graph (directed)		 (-g=)=../graphs/Slashdot.edges
Input number of trim levels	 (-t=)=0
Pivot selection			 (-p=)=4
Specify FW-BW variant		 (-m=)=1
Specify maximum workers		 (-w=)=2
Specify randwalk iterations	 (-rand=)=10
Specify trim cutoff point	 (-cutoff=)=0
Specify how often to trim	 (-steps=)=1
Print help section		 (-h=)=No
Print SCC output to file	 (-out=)=No
Name to append output file	 (-suffix=)=PivotMaxDeg_precomp_C2_iteration5
Print timers			 (-time=)=3
Print debug information		 (-a=)=3

Loading graph
Graph loaded
Starting
Done

Writing timer output

Writing debug output
Done
Bootstrapping complete
SCC. build: 16:01:56, May 30 2019. Time: 16:22:05 [Apr  3 2019]
===============================================================
Input graph (directed)		 (-g=)=../graphs/Slashdot.edges
Input number of trim levels	 (-t=)=0
Pivot selection			 (-p=)=4
Specify FW-BW variant		 (-m=)=1
Specify maximum workers		 (-w=)=2
Specify randwalk iterations	 (-rand=)=10
Specify trim cutoff point	 (-cutoff=)=0
Specify how often to trim	 (-steps=)=1
Print help section		 (-h=)=No
Print SCC output to file	 (-out=)=No
Name to append output file	 (-suffix=)=PivotMaxDeg_precomp_C2_iteration6
Print timers			 (-time=)=3
Print debug information		 (-a=)=3

Loading graph
Graph loaded
Starting
Done

Writing timer output

Writing debug output
Done
Bootstrapping complete
SCC. build: 16:01:56, May 30 2019. Time: 16:22:08 [Apr  3 2019]
===============================================================
Input graph (directed)		 (-g=)=../graphs/Slashdot.edges
Input number of trim levels	 (-t=)=0
Pivot selection			 (-p=)=4
Specify FW-BW variant		 (-m=)=1
Specify maximum workers		 (-w=)=2
Specify randwalk iterations	 (-rand=)=10
Specify trim cutoff point	 (-cutoff=)=0
Specify how often to trim	 (-steps=)=1
Print help section		 (-h=)=No
Print SCC output to file	 (-out=)=No
Name to append output file	 (-suffix=)=PivotMaxDeg_precomp_C2_iteration7
Print timers			 (-time=)=3
Print debug information		 (-a=)=3

Loading graph
Graph loaded
Starting
Done

Writing timer output

Writing debug output
Done
Bootstrapping complete
SCC. build: 16:01:56, May 30 2019. Time: 16:22:10 [Apr  3 2019]
===============================================================
Input graph (directed)		 (-g=)=../graphs/Slashdot.edges
Input number of trim levels	 (-t=)=0
Pivot selection			 (-p=)=4
Specify FW-BW variant		 (-m=)=1
Specify maximum workers		 (-w=)=2
Specify randwalk iterations	 (-rand=)=10
Specify trim cutoff point	 (-cutoff=)=0
Specify how often to trim	 (-steps=)=1
Print help section		 (-h=)=No
Print SCC output to file	 (-out=)=No
Name to append output file	 (-suffix=)=PivotMaxDeg_precomp_C2_iteration8
Print timers			 (-time=)=3
Print debug information		 (-a=)=3

Loading graph
Graph loaded
Starting
Done

Writing timer output

Writing debug output
Done
Bootstrapping complete
SCC. build: 16:01:56, May 30 2019. Time: 16:22:13 [Apr  3 2019]
===============================================================
Input graph (directed)		 (-g=)=../graphs/Slashdot.edges
Input number of trim levels	 (-t=)=0
Pivot selection			 (-p=)=4
Specify FW-BW variant		 (-m=)=1
Specify maximum workers		 (-w=)=2
Specify randwalk iterations	 (-rand=)=10
Specify trim cutoff point	 (-cutoff=)=0
Specify how often to trim	 (-steps=)=1
Print help section		 (-h=)=No
Print SCC output to file	 (-out=)=No
Name to append output file	 (-suffix=)=PivotMaxDeg_precomp_C2_iteration9
Print timers			 (-time=)=3
Print debug information		 (-a=)=3

Loading graph
Graph loaded
Starting
Done

Writing timer output

Writing debug output
Done
Bootstrapping complete
SCC. build: 16:01:56, May 30 2019. Time: 16:22:16 [Apr  3 2019]
===============================================================
Input graph (directed)		 (-g=)=../graphs/Slashdot.edges
Input number of trim levels	 (-t=)=0
Pivot selection			 (-p=)=4
Specify FW-BW variant		 (-m=)=1
Specify maximum workers		 (-w=)=2
Specify randwalk iterations	 (-rand=)=10
Specify trim cutoff point	 (-cutoff=)=0
Specify how often to trim	 (-steps=)=1
Print help section		 (-h=)=No
Print SCC output to file	 (-out=)=No
Name to append output file	 (-suffix=)=PivotMaxDeg_precomp_C2_iteration10
Print timers			 (-time=)=3
Print debug information		 (-a=)=3

Loading graph
Graph loaded
Starting
Done

Writing timer output

Writing debug output
Done
Bootstrapping complete
SCC. build: 16:01:56, May 30 2019. Time: 16:22:18 [Apr  3 2019]
===============================================================
Input graph (directed)		 (-g=)=../graphs/Slashdot.edges
Input number of trim levels	 (-t=)=0
Pivot selection			 (-p=)=4
Specify FW-BW variant		 (-m=)=1
Specify maximum workers		 (-w=)=4
Specify randwalk iterations	 (-rand=)=10
Specify trim cutoff point	 (-cutoff=)=0
Specify how often to trim	 (-steps=)=1
Print help section		 (-h=)=No
Print SCC output to file	 (-out=)=No
Name to append output file	 (-suffix=)=PivotMaxDeg_precomp_C4_iteration1
Print timers			 (-time=)=3
Print debug information		 (-a=)=3

Loading graph
Graph loaded
Starting
Done

Writing timer output

Writing debug output
Done
Bootstrapping complete
SCC. build: 16:01:56, May 30 2019. Time: 16:22:20 [Apr  3 2019]
===============================================================
Input graph (directed)		 (-g=)=../graphs/Slashdot.edges
Input number of trim levels	 (-t=)=0
Pivot selection			 (-p=)=4
Specify FW-BW variant		 (-m=)=1
Specify maximum workers		 (-w=)=4
Specify randwalk iterations	 (-rand=)=10
Specify trim cutoff point	 (-cutoff=)=0
Specify how often to trim	 (-steps=)=1
Print help section		 (-h=)=No
Print SCC output to file	 (-out=)=No
Name to append output file	 (-suffix=)=PivotMaxDeg_precomp_C4_iteration2
Print timers			 (-time=)=3
Print debug information		 (-a=)=3

Loading graph
Graph loaded
Starting
Done

Writing timer output

Writing debug output
Done
Bootstrapping complete
SCC. build: 16:01:56, May 30 2019. Time: 16:22:22 [Apr  3 2019]
===============================================================
Input graph (directed)		 (-g=)=../graphs/Slashdot.edges
Input number of trim levels	 (-t=)=0
Pivot selection			 (-p=)=4
Specify FW-BW variant		 (-m=)=1
Specify maximum workers		 (-w=)=4
Specify randwalk iterations	 (-rand=)=10
Specify trim cutoff point	 (-cutoff=)=0
Specify how often to trim	 (-steps=)=1
Print help section		 (-h=)=No
Print SCC output to file	 (-out=)=No
Name to append output file	 (-suffix=)=PivotMaxDeg_precomp_C4_iteration3
Print timers			 (-time=)=3
Print debug information		 (-a=)=3

Loading graph
Graph loaded
Starting
Done

Writing timer output

Writing debug output
Done
Bootstrapping complete
SCC. build: 16:01:56, May 30 2019. Time: 16:22:24 [Apr  3 2019]
===============================================================
Input graph (directed)		 (-g=)=../graphs/Slashdot.edges
Input number of trim levels	 (-t=)=0
Pivot selection			 (-p=)=4
Specify FW-BW variant		 (-m=)=1
Specify maximum workers		 (-w=)=4
Specify randwalk iterations	 (-rand=)=10
Specify trim cutoff point	 (-cutoff=)=0
Specify how often to trim	 (-steps=)=1
Print help section		 (-h=)=No
Print SCC output to file	 (-out=)=No
Name to append output file	 (-suffix=)=PivotMaxDeg_precomp_C4_iteration4
Print timers			 (-time=)=3
Print debug information		 (-a=)=3

Loading graph
Graph loaded
Starting
Done

Writing timer output

Writing debug output
Done
Bootstrapping complete
SCC. build: 16:01:56, May 30 2019. Time: 16:22:26 [Apr  3 2019]
===============================================================
Input graph (directed)		 (-g=)=../graphs/Slashdot.edges
Input number of trim levels	 (-t=)=0
Pivot selection			 (-p=)=4
Specify FW-BW variant		 (-m=)=1
Specify maximum workers		 (-w=)=4
Specify randwalk iterations	 (-rand=)=10
Specify trim cutoff point	 (-cutoff=)=0
Specify how often to trim	 (-steps=)=1
Print help section		 (-h=)=No
Print SCC output to file	 (-out=)=No
Name to append output file	 (-suffix=)=PivotMaxDeg_precomp_C4_iteration5
Print timers			 (-time=)=3
Print debug information		 (-a=)=3

Loading graph
Graph loaded
Starting
Done

Writing timer output

Writing debug output
Done
Bootstrapping complete
SCC. build: 16:01:56, May 30 2019. Time: 16:22:27 [Apr  3 2019]
===============================================================
Input graph (directed)		 (-g=)=../graphs/Slashdot.edges
Input number of trim levels	 (-t=)=0
Pivot selection			 (-p=)=4
Specify FW-BW variant		 (-m=)=1
Specify maximum workers		 (-w=)=4
Specify randwalk iterations	 (-rand=)=10
Specify trim cutoff point	 (-cutoff=)=0
Specify how often to trim	 (-steps=)=1
Print help section		 (-h=)=No
Print SCC output to file	 (-out=)=No
Name to append output file	 (-suffix=)=PivotMaxDeg_precomp_C4_iteration6
Print timers			 (-time=)=3
Print debug information		 (-a=)=3

Loading graph
Graph loaded
Starting
Done

Writing timer output

Writing debug output
Done
Bootstrapping complete
SCC. build: 16:01:56, May 30 2019. Time: 16:22:29 [Apr  3 2019]
===============================================================
Input graph (directed)		 (-g=)=../graphs/Slashdot.edges
Input number of trim levels	 (-t=)=0
Pivot selection			 (-p=)=4
Specify FW-BW variant		 (-m=)=1
Specify maximum workers		 (-w=)=4
Specify randwalk iterations	 (-rand=)=10
Specify trim cutoff point	 (-cutoff=)=0
Specify how often to trim	 (-steps=)=1
Print help section		 (-h=)=No
Print SCC output to file	 (-out=)=No
Name to append output file	 (-suffix=)=PivotMaxDeg_precomp_C4_iteration7
Print timers			 (-time=)=3
Print debug information		 (-a=)=3

Loading graph
Graph loaded
Starting
Done

Writing timer output

Writing debug output
Done
Bootstrapping complete
SCC. build: 16:01:56, May 30 2019. Time: 16:22:31 [Apr  3 2019]
===============================================================
Input graph (directed)		 (-g=)=../graphs/Slashdot.edges
Input number of trim levels	 (-t=)=0
Pivot selection			 (-p=)=4
Specify FW-BW variant		 (-m=)=1
Specify maximum workers		 (-w=)=4
Specify randwalk iterations	 (-rand=)=10
Specify trim cutoff point	 (-cutoff=)=0
Specify how often to trim	 (-steps=)=1
Print help section		 (-h=)=No
Print SCC output to file	 (-out=)=No
Name to append output file	 (-suffix=)=PivotMaxDeg_precomp_C4_iteration8
Print timers			 (-time=)=3
Print debug information		 (-a=)=3

Loading graph
Graph loaded
Starting
Done

Writing timer output

Writing debug output
Done
Bootstrapping complete
SCC. build: 16:01:56, May 30 2019. Time: 16:22:33 [Apr  3 2019]
===============================================================
Input graph (directed)		 (-g=)=../graphs/Slashdot.edges
Input number of trim levels	 (-t=)=0
Pivot selection			 (-p=)=4
Specify FW-BW variant		 (-m=)=1
Specify maximum workers		 (-w=)=4
Specify randwalk iterations	 (-rand=)=10
Specify trim cutoff point	 (-cutoff=)=0
Specify how often to trim	 (-steps=)=1
Print help section		 (-h=)=No
Print SCC output to file	 (-out=)=No
Name to append output file	 (-suffix=)=PivotMaxDeg_precomp_C4_iteration9
Print timers			 (-time=)=3
Print debug information		 (-a=)=3

Loading graph
Graph loaded
Starting
Done

Writing timer output

Writing debug output
Done
Bootstrapping complete
SCC. build: 16:01:56, May 30 2019. Time: 16:22:35 [Apr  3 2019]
===============================================================
Input graph (directed)		 (-g=)=../graphs/Slashdot.edges
Input number of trim levels	 (-t=)=0
Pivot selection			 (-p=)=4
Specify FW-BW variant		 (-m=)=1
Specify maximum workers		 (-w=)=4
Specify randwalk iterations	 (-rand=)=10
Specify trim cutoff point	 (-cutoff=)=0
Specify how often to trim	 (-steps=)=1
Print help section		 (-h=)=No
Print SCC output to file	 (-out=)=No
Name to append output file	 (-suffix=)=PivotMaxDeg_precomp_C4_iteration10
Print timers			 (-time=)=3
Print debug information		 (-a=)=3

Loading graph
Graph loaded
Starting
Done

Writing timer output

Writing debug output
Done
Bootstrapping complete
SCC. build: 16:01:56, May 30 2019. Time: 16:22:37 [Apr  3 2019]
===============================================================
Input graph (directed)		 (-g=)=../graphs/Slashdot.edges
Input number of trim levels	 (-t=)=0
Pivot selection			 (-p=)=4
Specify FW-BW variant		 (-m=)=1
Specify maximum workers		 (-w=)=8
Specify randwalk iterations	 (-rand=)=10
Specify trim cutoff point	 (-cutoff=)=0
Specify how often to trim	 (-steps=)=1
Print help section		 (-h=)=No
Print SCC output to file	 (-out=)=No
Name to append output file	 (-suffix=)=PivotMaxDeg_precomp_C8_iteration1
Print timers			 (-time=)=3
Print debug information		 (-a=)=3

Loading graph
Graph loaded
Starting
Done

Writing timer output

Writing debug output
Done
Bootstrapping complete
SCC. build: 16:01:56, May 30 2019. Time: 16:22:38 [Apr  3 2019]
===============================================================
Input graph (directed)		 (-g=)=../graphs/Slashdot.edges
Input number of trim levels	 (-t=)=0
Pivot selection			 (-p=)=4
Specify FW-BW variant		 (-m=)=1
Specify maximum workers		 (-w=)=8
Specify randwalk iterations	 (-rand=)=10
Specify trim cutoff point	 (-cutoff=)=0
Specify how often to trim	 (-steps=)=1
Print help section		 (-h=)=No
Print SCC output to file	 (-out=)=No
Name to append output file	 (-suffix=)=PivotMaxDeg_precomp_C8_iteration2
Print timers			 (-time=)=3
Print debug information		 (-a=)=3

Loading graph
Graph loaded
Starting
Done

Writing timer output

Writing debug output
Done
Bootstrapping complete
SCC. build: 16:01:56, May 30 2019. Time: 16:22:40 [Apr  3 2019]
===============================================================
Input graph (directed)		 (-g=)=../graphs/Slashdot.edges
Input number of trim levels	 (-t=)=0
Pivot selection			 (-p=)=4
Specify FW-BW variant		 (-m=)=1
Specify maximum workers		 (-w=)=8
Specify randwalk iterations	 (-rand=)=10
Specify trim cutoff point	 (-cutoff=)=0
Specify how often to trim	 (-steps=)=1
Print help section		 (-h=)=No
Print SCC output to file	 (-out=)=No
Name to append output file	 (-suffix=)=PivotMaxDeg_precomp_C8_iteration3
Print timers			 (-time=)=3
Print debug information		 (-a=)=3

Loading graph
Graph loaded
Starting
Done

Writing timer output

Writing debug output
Done
Bootstrapping complete
SCC. build: 16:01:56, May 30 2019. Time: 16:22:42 [Apr  3 2019]
===============================================================
Input graph (directed)		 (-g=)=../graphs/Slashdot.edges
Input number of trim levels	 (-t=)=0
Pivot selection			 (-p=)=4
Specify FW-BW variant		 (-m=)=1
Specify maximum workers		 (-w=)=8
Specify randwalk iterations	 (-rand=)=10
Specify trim cutoff point	 (-cutoff=)=0
Specify how often to trim	 (-steps=)=1
Print help section		 (-h=)=No
Print SCC output to file	 (-out=)=No
Name to append output file	 (-suffix=)=PivotMaxDeg_precomp_C8_iteration4
Print timers			 (-time=)=3
Print debug information		 (-a=)=3

Loading graph
Graph loaded
Starting
Done

Writing timer output

Writing debug output
Done
Bootstrapping complete
SCC. build: 16:01:56, May 30 2019. Time: 16:22:43 [Apr  3 2019]
===============================================================
Input graph (directed)		 (-g=)=../graphs/Slashdot.edges
Input number of trim levels	 (-t=)=0
Pivot selection			 (-p=)=4
Specify FW-BW variant		 (-m=)=1
Specify maximum workers		 (-w=)=8
Specify randwalk iterations	 (-rand=)=10
Specify trim cutoff point	 (-cutoff=)=0
Specify how often to trim	 (-steps=)=1
Print help section		 (-h=)=No
Print SCC output to file	 (-out=)=No
Name to append output file	 (-suffix=)=PivotMaxDeg_precomp_C8_iteration5
Print timers			 (-time=)=3
Print debug information		 (-a=)=3

Loading graph
Graph loaded
Starting
Done

Writing timer output

Writing debug output
Done
Bootstrapping complete
SCC. build: 16:01:56, May 30 2019. Time: 16:22:45 [Apr  3 2019]
===============================================================
Input graph (directed)		 (-g=)=../graphs/Slashdot.edges
Input number of trim levels	 (-t=)=0
Pivot selection			 (-p=)=4
Specify FW-BW variant		 (-m=)=1
Specify maximum workers		 (-w=)=8
Specify randwalk iterations	 (-rand=)=10
Specify trim cutoff point	 (-cutoff=)=0
Specify how often to trim	 (-steps=)=1
Print help section		 (-h=)=No
Print SCC output to file	 (-out=)=No
Name to append output file	 (-suffix=)=PivotMaxDeg_precomp_C8_iteration6
Print timers			 (-time=)=3
Print debug information		 (-a=)=3

Loading graph
Graph loaded
Starting
Done

Writing timer output

Writing debug output
Done
Bootstrapping complete
SCC. build: 16:01:56, May 30 2019. Time: 16:22:46 [Apr  3 2019]
===============================================================
Input graph (directed)		 (-g=)=../graphs/Slashdot.edges
Input number of trim levels	 (-t=)=0
Pivot selection			 (-p=)=4
Specify FW-BW variant		 (-m=)=1
Specify maximum workers		 (-w=)=8
Specify randwalk iterations	 (-rand=)=10
Specify trim cutoff point	 (-cutoff=)=0
Specify how often to trim	 (-steps=)=1
Print help section		 (-h=)=No
Print SCC output to file	 (-out=)=No
Name to append output file	 (-suffix=)=PivotMaxDeg_precomp_C8_iteration7
Print timers			 (-time=)=3
Print debug information		 (-a=)=3

Loading graph
Graph loaded
Starting
Done

Writing timer output

Writing debug output
Done
Bootstrapping complete
SCC. build: 16:01:56, May 30 2019. Time: 16:22:48 [Apr  3 2019]
===============================================================
Input graph (directed)		 (-g=)=../graphs/Slashdot.edges
Input number of trim levels	 (-t=)=0
Pivot selection			 (-p=)=4
Specify FW-BW variant		 (-m=)=1
Specify maximum workers		 (-w=)=8
Specify randwalk iterations	 (-rand=)=10
Specify trim cutoff point	 (-cutoff=)=0
Specify how often to trim	 (-steps=)=1
Print help section		 (-h=)=No
Print SCC output to file	 (-out=)=No
Name to append output file	 (-suffix=)=PivotMaxDeg_precomp_C8_iteration8
Print timers			 (-time=)=3
Print debug information		 (-a=)=3

Loading graph
Graph loaded
Starting
Done

Writing timer output

Writing debug output
Done
Bootstrapping complete
SCC. build: 16:01:56, May 30 2019. Time: 16:22:49 [Apr  3 2019]
===============================================================
Input graph (directed)		 (-g=)=../graphs/Slashdot.edges
Input number of trim levels	 (-t=)=0
Pivot selection			 (-p=)=4
Specify FW-BW variant		 (-m=)=1
Specify maximum workers		 (-w=)=8
Specify randwalk iterations	 (-rand=)=10
Specify trim cutoff point	 (-cutoff=)=0
Specify how often to trim	 (-steps=)=1
Print help section		 (-h=)=No
Print SCC output to file	 (-out=)=No
Name to append output file	 (-suffix=)=PivotMaxDeg_precomp_C8_iteration9
Print timers			 (-time=)=3
Print debug information		 (-a=)=3

Loading graph
Graph loaded
Starting
Done

Writing timer output

Writing debug output
Done
Bootstrapping complete
SCC. build: 16:01:56, May 30 2019. Time: 16:22:51 [Apr  3 2019]
===============================================================
Input graph (directed)		 (-g=)=../graphs/Slashdot.edges
Input number of trim levels	 (-t=)=0
Pivot selection			 (-p=)=4
Specify FW-BW variant		 (-m=)=1
Specify maximum workers		 (-w=)=8
Specify randwalk iterations	 (-rand=)=10
Specify trim cutoff point	 (-cutoff=)=0
Specify how often to trim	 (-steps=)=1
Print help section		 (-h=)=No
Print SCC output to file	 (-out=)=No
Name to append output file	 (-suffix=)=PivotMaxDeg_precomp_C8_iteration10
Print timers			 (-time=)=3
Print debug information		 (-a=)=3

Loading graph
Graph loaded
Starting
Done

Writing timer output

Writing debug output
Done
Bootstrapping complete
SCC. build: 16:01:56, May 30 2019. Time: 16:22:53 [Apr  3 2019]
===============================================================
Input graph (directed)		 (-g=)=../graphs/Slashdot.edges
Input number of trim levels	 (-t=)=0
Pivot selection			 (-p=)=4
Specify FW-BW variant		 (-m=)=1
Specify maximum workers		 (-w=)=16
Specify randwalk iterations	 (-rand=)=10
Specify trim cutoff point	 (-cutoff=)=0
Specify how often to trim	 (-steps=)=1
Print help section		 (-h=)=No
Print SCC output to file	 (-out=)=No
Name to append output file	 (-suffix=)=PivotMaxDeg_precomp_C16_iteration1
Print timers			 (-time=)=3
Print debug information		 (-a=)=3

Loading graph
Graph loaded
Starting
Done

Writing timer output

Writing debug output
Done
Bootstrapping complete
SCC. build: 16:01:56, May 30 2019. Time: 16:22:54 [Apr  3 2019]
===============================================================
Input graph (directed)		 (-g=)=../graphs/Slashdot.edges
Input number of trim levels	 (-t=)=0
Pivot selection			 (-p=)=4
Specify FW-BW variant		 (-m=)=1
Specify maximum workers		 (-w=)=16
Specify randwalk iterations	 (-rand=)=10
Specify trim cutoff point	 (-cutoff=)=0
Specify how often to trim	 (-steps=)=1
Print help section		 (-h=)=No
Print SCC output to file	 (-out=)=No
Name to append output file	 (-suffix=)=PivotMaxDeg_precomp_C16_iteration2
Print timers			 (-time=)=3
Print debug information		 (-a=)=3

Loading graph
Graph loaded
Starting
Done

Writing timer output

Writing debug output
Done
Bootstrapping complete
SCC. build: 16:01:56, May 30 2019. Time: 16:22:55 [Apr  3 2019]
===============================================================
Input graph (directed)		 (-g=)=../graphs/Slashdot.edges
Input number of trim levels	 (-t=)=0
Pivot selection			 (-p=)=4
Specify FW-BW variant		 (-m=)=1
Specify maximum workers		 (-w=)=16
Specify randwalk iterations	 (-rand=)=10
Specify trim cutoff point	 (-cutoff=)=0
Specify how often to trim	 (-steps=)=1
Print help section		 (-h=)=No
Print SCC output to file	 (-out=)=No
Name to append output file	 (-suffix=)=PivotMaxDeg_precomp_C16_iteration3
Print timers			 (-time=)=3
Print debug information		 (-a=)=3

Loading graph
Graph loaded
Starting
Done

Writing timer output

Writing debug output
Done
Bootstrapping complete
SCC. build: 16:01:56, May 30 2019. Time: 16:22:57 [Apr  3 2019]
===============================================================
Input graph (directed)		 (-g=)=../graphs/Slashdot.edges
Input number of trim levels	 (-t=)=0
Pivot selection			 (-p=)=4
Specify FW-BW variant		 (-m=)=1
Specify maximum workers		 (-w=)=16
Specify randwalk iterations	 (-rand=)=10
Specify trim cutoff point	 (-cutoff=)=0
Specify how often to trim	 (-steps=)=1
Print help section		 (-h=)=No
Print SCC output to file	 (-out=)=No
Name to append output file	 (-suffix=)=PivotMaxDeg_precomp_C16_iteration4
Print timers			 (-time=)=3
Print debug information		 (-a=)=3

Loading graph
Graph loaded
Starting
Done

Writing timer output

Writing debug output
Done
Bootstrapping complete
SCC. build: 16:01:56, May 30 2019. Time: 16:22:58 [Apr  3 2019]
===============================================================
Input graph (directed)		 (-g=)=../graphs/Slashdot.edges
Input number of trim levels	 (-t=)=0
Pivot selection			 (-p=)=4
Specify FW-BW variant		 (-m=)=1
Specify maximum workers		 (-w=)=16
Specify randwalk iterations	 (-rand=)=10
Specify trim cutoff point	 (-cutoff=)=0
Specify how often to trim	 (-steps=)=1
Print help section		 (-h=)=No
Print SCC output to file	 (-out=)=No
Name to append output file	 (-suffix=)=PivotMaxDeg_precomp_C16_iteration5
Print timers			 (-time=)=3
Print debug information		 (-a=)=3

Loading graph
Graph loaded
Starting
Done

Writing timer output

Writing debug output
Done
Bootstrapping complete
SCC. build: 16:01:56, May 30 2019. Time: 16:23:00 [Apr  3 2019]
===============================================================
Input graph (directed)		 (-g=)=../graphs/Slashdot.edges
Input number of trim levels	 (-t=)=0
Pivot selection			 (-p=)=4
Specify FW-BW variant		 (-m=)=1
Specify maximum workers		 (-w=)=16
Specify randwalk iterations	 (-rand=)=10
Specify trim cutoff point	 (-cutoff=)=0
Specify how often to trim	 (-steps=)=1
Print help section		 (-h=)=No
Print SCC output to file	 (-out=)=No
Name to append output file	 (-suffix=)=PivotMaxDeg_precomp_C16_iteration6
Print timers			 (-time=)=3
Print debug information		 (-a=)=3

Loading graph
Graph loaded
Starting
Done

Writing timer output

Writing debug output
Done
Bootstrapping complete
SCC. build: 16:01:56, May 30 2019. Time: 16:23:01 [Apr  3 2019]
===============================================================
Input graph (directed)		 (-g=)=../graphs/Slashdot.edges
Input number of trim levels	 (-t=)=0
Pivot selection			 (-p=)=4
Specify FW-BW variant		 (-m=)=1
Specify maximum workers		 (-w=)=16
Specify randwalk iterations	 (-rand=)=10
Specify trim cutoff point	 (-cutoff=)=0
Specify how often to trim	 (-steps=)=1
Print help section		 (-h=)=No
Print SCC output to file	 (-out=)=No
Name to append output file	 (-suffix=)=PivotMaxDeg_precomp_C16_iteration7
Print timers			 (-time=)=3
Print debug information		 (-a=)=3

Loading graph
Graph loaded
Starting
Done

Writing timer output

Writing debug output
Done
Bootstrapping complete
SCC. build: 16:01:56, May 30 2019. Time: 16:23:03 [Apr  3 2019]
===============================================================
Input graph (directed)		 (-g=)=../graphs/Slashdot.edges
Input number of trim levels	 (-t=)=0
Pivot selection			 (-p=)=4
Specify FW-BW variant		 (-m=)=1
Specify maximum workers		 (-w=)=16
Specify randwalk iterations	 (-rand=)=10
Specify trim cutoff point	 (-cutoff=)=0
Specify how often to trim	 (-steps=)=1
Print help section		 (-h=)=No
Print SCC output to file	 (-out=)=No
Name to append output file	 (-suffix=)=PivotMaxDeg_precomp_C16_iteration8
Print timers			 (-time=)=3
Print debug information		 (-a=)=3

Loading graph
Graph loaded
Starting
Done

Writing timer output

Writing debug output
Done
Bootstrapping complete
SCC. build: 16:01:56, May 30 2019. Time: 16:23:04 [Apr  3 2019]
===============================================================
Input graph (directed)		 (-g=)=../graphs/Slashdot.edges
Input number of trim levels	 (-t=)=0
Pivot selection			 (-p=)=4
Specify FW-BW variant		 (-m=)=1
Specify maximum workers		 (-w=)=16
Specify randwalk iterations	 (-rand=)=10
Specify trim cutoff point	 (-cutoff=)=0
Specify how often to trim	 (-steps=)=1
Print help section		 (-h=)=No
Print SCC output to file	 (-out=)=No
Name to append output file	 (-suffix=)=PivotMaxDeg_precomp_C16_iteration9
Print timers			 (-time=)=3
Print debug information		 (-a=)=3

Loading graph
Graph loaded
Starting
Done

Writing timer output

Writing debug output
Done
Bootstrapping complete
SCC. build: 16:01:56, May 30 2019. Time: 16:23:06 [Apr  3 2019]
===============================================================
Input graph (directed)		 (-g=)=../graphs/Slashdot.edges
Input number of trim levels	 (-t=)=0
Pivot selection			 (-p=)=4
Specify FW-BW variant		 (-m=)=1
Specify maximum workers		 (-w=)=16
Specify randwalk iterations	 (-rand=)=10
Specify trim cutoff point	 (-cutoff=)=0
Specify how often to trim	 (-steps=)=1
Print help section		 (-h=)=No
Print SCC output to file	 (-out=)=No
Name to append output file	 (-suffix=)=PivotMaxDeg_precomp_C16_iteration10
Print timers			 (-time=)=3
Print debug information		 (-a=)=3

Loading graph
Graph loaded
Starting
Done

Writing timer output

Writing debug output
Done
