Bootstrapping complete
SCC. build: 20:18:54, May 31 2019. Time: 00:28:14 [Apr  3 2019]
===============================================================
Input graph (directed)		 (-g=)=../graphs/Google.edges
Input number of trim levels	 (-t=)=3
Pivot selection			 (-p=)=0
Specify FW-BW variant		 (-m=)=1
Specify maximum workers		 (-w=)=1
Specify randwalk iterations	 (-rand=)=10
Specify trim cutoff point	 (-cutoff=)=0
Specify how often to trim	 (-steps=)=1
Print help section		 (-h=)=No
Print SCC output to file	 (-out=)=No
Name to append output file	 (-suffix=)=PivotRandom_C1_iteration1
Print timers			 (-time=)=3
Print debug information		 (-a=)=3
threads 32
Loading graph
Graph loaded
Starting
Done

Writing timer output

Writing debug output
Done
Bootstrapping complete
SCC. build: 20:18:54, May 31 2019. Time: 00:29:02 [Apr  3 2019]
===============================================================
Input graph (directed)		 (-g=)=../graphs/Google.edges
Input number of trim levels	 (-t=)=3
Pivot selection			 (-p=)=0
Specify FW-BW variant		 (-m=)=1
Specify maximum workers		 (-w=)=1
Specify randwalk iterations	 (-rand=)=10
Specify trim cutoff point	 (-cutoff=)=0
Specify how often to trim	 (-steps=)=1
Print help section		 (-h=)=No
Print SCC output to file	 (-out=)=No
Name to append output file	 (-suffix=)=PivotRandom_C1_iteration2
Print timers			 (-time=)=3
Print debug information		 (-a=)=3
threads 32
Loading graph
Graph loaded
Starting
Done

Writing timer output

Writing debug output
Done
Bootstrapping complete
SCC. build: 20:18:54, May 31 2019. Time: 00:29:46 [Apr  3 2019]
===============================================================
Input graph (directed)		 (-g=)=../graphs/Google.edges
Input number of trim levels	 (-t=)=3
Pivot selection			 (-p=)=0
Specify FW-BW variant		 (-m=)=1
Specify maximum workers		 (-w=)=1
Specify randwalk iterations	 (-rand=)=10
Specify trim cutoff point	 (-cutoff=)=0
Specify how often to trim	 (-steps=)=1
Print help section		 (-h=)=No
Print SCC output to file	 (-out=)=No
Name to append output file	 (-suffix=)=PivotRandom_C1_iteration3
Print timers			 (-time=)=3
Print debug information		 (-a=)=3
threads 32
Loading graph
Graph loaded
Starting
Done

Writing timer output

Writing debug output
Done
Bootstrapping complete
SCC. build: 20:18:54, May 31 2019. Time: 00:30:30 [Apr  3 2019]
===============================================================
Input graph (directed)		 (-g=)=../graphs/Google.edges
Input number of trim levels	 (-t=)=3
Pivot selection			 (-p=)=0
Specify FW-BW variant		 (-m=)=1
Specify maximum workers		 (-w=)=1
Specify randwalk iterations	 (-rand=)=10
Specify trim cutoff point	 (-cutoff=)=0
Specify how often to trim	 (-steps=)=1
Print help section		 (-h=)=No
Print SCC output to file	 (-out=)=No
Name to append output file	 (-suffix=)=PivotRandom_C1_iteration4
Print timers			 (-time=)=3
Print debug information		 (-a=)=3
threads 32
Loading graph
Graph loaded
Starting
Done

Writing timer output

Writing debug output
Done
Bootstrapping complete
SCC. build: 20:18:54, May 31 2019. Time: 00:31:20 [Apr  3 2019]
===============================================================
Input graph (directed)		 (-g=)=../graphs/Google.edges
Input number of trim levels	 (-t=)=3
Pivot selection			 (-p=)=0
Specify FW-BW variant		 (-m=)=1
Specify maximum workers		 (-w=)=1
Specify randwalk iterations	 (-rand=)=10
Specify trim cutoff point	 (-cutoff=)=0
Specify how often to trim	 (-steps=)=1
Print help section		 (-h=)=No
Print SCC output to file	 (-out=)=No
Name to append output file	 (-suffix=)=PivotRandom_C1_iteration5
Print timers			 (-time=)=3
Print debug information		 (-a=)=3
threads 32
Loading graph
Graph loaded
Starting
Done

Writing timer output

Writing debug output
Done
Bootstrapping complete
SCC. build: 20:18:54, May 31 2019. Time: 00:32:06 [Apr  3 2019]
===============================================================
Input graph (directed)		 (-g=)=../graphs/Google.edges
Input number of trim levels	 (-t=)=3
Pivot selection			 (-p=)=0
Specify FW-BW variant		 (-m=)=1
Specify maximum workers		 (-w=)=1
Specify randwalk iterations	 (-rand=)=10
Specify trim cutoff point	 (-cutoff=)=0
Specify how often to trim	 (-steps=)=1
Print help section		 (-h=)=No
Print SCC output to file	 (-out=)=No
Name to append output file	 (-suffix=)=PivotRandom_C1_iteration6
Print timers			 (-time=)=3
Print debug information		 (-a=)=3
threads 32
Loading graph
Graph loaded
Starting
Done

Writing timer output

Writing debug output
Done
Bootstrapping complete
SCC. build: 20:18:54, May 31 2019. Time: 00:32:49 [Apr  3 2019]
===============================================================
Input graph (directed)		 (-g=)=../graphs/Google.edges
Input number of trim levels	 (-t=)=3
Pivot selection			 (-p=)=0
Specify FW-BW variant		 (-m=)=1
Specify maximum workers		 (-w=)=1
Specify randwalk iterations	 (-rand=)=10
Specify trim cutoff point	 (-cutoff=)=0
Specify how often to trim	 (-steps=)=1
Print help section		 (-h=)=No
Print SCC output to file	 (-out=)=No
Name to append output file	 (-suffix=)=PivotRandom_C1_iteration7
Print timers			 (-time=)=3
Print debug information		 (-a=)=3
threads 32
Loading graph
Graph loaded
Starting
Done

Writing timer output

Writing debug output
Done
Bootstrapping complete
SCC. build: 20:18:54, May 31 2019. Time: 00:33:32 [Apr  3 2019]
===============================================================
Input graph (directed)		 (-g=)=../graphs/Google.edges
Input number of trim levels	 (-t=)=3
Pivot selection			 (-p=)=0
Specify FW-BW variant		 (-m=)=1
Specify maximum workers		 (-w=)=1
Specify randwalk iterations	 (-rand=)=10
Specify trim cutoff point	 (-cutoff=)=0
Specify how often to trim	 (-steps=)=1
Print help section		 (-h=)=No
Print SCC output to file	 (-out=)=No
Name to append output file	 (-suffix=)=PivotRandom_C1_iteration8
Print timers			 (-time=)=3
Print debug information		 (-a=)=3
threads 32
Loading graph
Graph loaded
Starting
Done

Writing timer output

Writing debug output
Done
Bootstrapping complete
SCC. build: 20:18:54, May 31 2019. Time: 00:34:15 [Apr  3 2019]
===============================================================
Input graph (directed)		 (-g=)=../graphs/Google.edges
Input number of trim levels	 (-t=)=3
Pivot selection			 (-p=)=0
Specify FW-BW variant		 (-m=)=1
Specify maximum workers		 (-w=)=1
Specify randwalk iterations	 (-rand=)=10
Specify trim cutoff point	 (-cutoff=)=0
Specify how often to trim	 (-steps=)=1
Print help section		 (-h=)=No
Print SCC output to file	 (-out=)=No
Name to append output file	 (-suffix=)=PivotRandom_C1_iteration9
Print timers			 (-time=)=3
Print debug information		 (-a=)=3
threads 32
Loading graph
Graph loaded
Starting
Done

Writing timer output

Writing debug output
Done
Bootstrapping complete
SCC. build: 20:18:54, May 31 2019. Time: 00:34:58 [Apr  3 2019]
===============================================================
Input graph (directed)		 (-g=)=../graphs/Google.edges
Input number of trim levels	 (-t=)=3
Pivot selection			 (-p=)=0
Specify FW-BW variant		 (-m=)=1
Specify maximum workers		 (-w=)=1
Specify randwalk iterations	 (-rand=)=10
Specify trim cutoff point	 (-cutoff=)=0
Specify how often to trim	 (-steps=)=1
Print help section		 (-h=)=No
Print SCC output to file	 (-out=)=No
Name to append output file	 (-suffix=)=PivotRandom_C1_iteration10
Print timers			 (-time=)=3
Print debug information		 (-a=)=3
threads 32
Loading graph
Graph loaded
Starting
Done

Writing timer output

Writing debug output
Done
Bootstrapping complete
SCC. build: 20:18:54, May 31 2019. Time: 00:35:50 [Apr  3 2019]
===============================================================
Input graph (directed)		 (-g=)=../graphs/Google.edges
Input number of trim levels	 (-t=)=3
Pivot selection			 (-p=)=0
Specify FW-BW variant		 (-m=)=1
Specify maximum workers		 (-w=)=2
Specify randwalk iterations	 (-rand=)=10
Specify trim cutoff point	 (-cutoff=)=0
Specify how often to trim	 (-steps=)=1
Print help section		 (-h=)=No
Print SCC output to file	 (-out=)=No
Name to append output file	 (-suffix=)=PivotRandom_C2_iteration1
Print timers			 (-time=)=3
Print debug information		 (-a=)=3
threads 32
Loading graph
Graph loaded
Starting
Done

Writing timer output

Writing debug output
Done
Bootstrapping complete
SCC. build: 20:18:54, May 31 2019. Time: 00:36:22 [Apr  3 2019]
===============================================================
Input graph (directed)		 (-g=)=../graphs/Google.edges
Input number of trim levels	 (-t=)=3
Pivot selection			 (-p=)=0
Specify FW-BW variant		 (-m=)=1
Specify maximum workers		 (-w=)=2
Specify randwalk iterations	 (-rand=)=10
Specify trim cutoff point	 (-cutoff=)=0
Specify how often to trim	 (-steps=)=1
Print help section		 (-h=)=No
Print SCC output to file	 (-out=)=No
Name to append output file	 (-suffix=)=PivotRandom_C2_iteration2
Print timers			 (-time=)=3
Print debug information		 (-a=)=3
threads 32
Loading graph
Graph loaded
Starting
Done

Writing timer output

Writing debug output
Done
Bootstrapping complete
SCC. build: 20:18:54, May 31 2019. Time: 00:36:53 [Apr  3 2019]
===============================================================
Input graph (directed)		 (-g=)=../graphs/Google.edges
Input number of trim levels	 (-t=)=3
Pivot selection			 (-p=)=0
Specify FW-BW variant		 (-m=)=1
Specify maximum workers		 (-w=)=2
Specify randwalk iterations	 (-rand=)=10
Specify trim cutoff point	 (-cutoff=)=0
Specify how often to trim	 (-steps=)=1
Print help section		 (-h=)=No
Print SCC output to file	 (-out=)=No
Name to append output file	 (-suffix=)=PivotRandom_C2_iteration3
Print timers			 (-time=)=3
Print debug information		 (-a=)=3
threads 32
Loading graph
Graph loaded
Starting
Done

Writing timer output

Writing debug output
Done
Bootstrapping complete
SCC. build: 20:18:54, May 31 2019. Time: 00:37:22 [Apr  3 2019]
===============================================================
Input graph (directed)		 (-g=)=../graphs/Google.edges
Input number of trim levels	 (-t=)=3
Pivot selection			 (-p=)=0
Specify FW-BW variant		 (-m=)=1
Specify maximum workers		 (-w=)=2
Specify randwalk iterations	 (-rand=)=10
Specify trim cutoff point	 (-cutoff=)=0
Specify how often to trim	 (-steps=)=1
Print help section		 (-h=)=No
Print SCC output to file	 (-out=)=No
Name to append output file	 (-suffix=)=PivotRandom_C2_iteration4
Print timers			 (-time=)=3
Print debug information		 (-a=)=3
threads 32
Loading graph
Graph loaded
Starting
Done

Writing timer output

Writing debug output
Done
Bootstrapping complete
SCC. build: 20:18:54, May 31 2019. Time: 00:37:50 [Apr  3 2019]
===============================================================
Input graph (directed)		 (-g=)=../graphs/Google.edges
Input number of trim levels	 (-t=)=3
Pivot selection			 (-p=)=0
Specify FW-BW variant		 (-m=)=1
Specify maximum workers		 (-w=)=2
Specify randwalk iterations	 (-rand=)=10
Specify trim cutoff point	 (-cutoff=)=0
Specify how often to trim	 (-steps=)=1
Print help section		 (-h=)=No
Print SCC output to file	 (-out=)=No
Name to append output file	 (-suffix=)=PivotRandom_C2_iteration5
Print timers			 (-time=)=3
Print debug information		 (-a=)=3
threads 32
Loading graph
Graph loaded
Starting
Done

Writing timer output

Writing debug output
Done
Bootstrapping complete
SCC. build: 20:18:54, May 31 2019. Time: 00:38:19 [Apr  3 2019]
===============================================================
Input graph (directed)		 (-g=)=../graphs/Google.edges
Input number of trim levels	 (-t=)=3
Pivot selection			 (-p=)=0
Specify FW-BW variant		 (-m=)=1
Specify maximum workers		 (-w=)=2
Specify randwalk iterations	 (-rand=)=10
Specify trim cutoff point	 (-cutoff=)=0
Specify how often to trim	 (-steps=)=1
Print help section		 (-h=)=No
Print SCC output to file	 (-out=)=No
Name to append output file	 (-suffix=)=PivotRandom_C2_iteration6
Print timers			 (-time=)=3
Print debug information		 (-a=)=3
threads 32
Loading graph
Graph loaded
Starting
Done

Writing timer output

Writing debug output
Done
Bootstrapping complete
SCC. build: 20:18:54, May 31 2019. Time: 00:38:47 [Apr  3 2019]
===============================================================
Input graph (directed)		 (-g=)=../graphs/Google.edges
Input number of trim levels	 (-t=)=3
Pivot selection			 (-p=)=0
Specify FW-BW variant		 (-m=)=1
Specify maximum workers		 (-w=)=2
Specify randwalk iterations	 (-rand=)=10
Specify trim cutoff point	 (-cutoff=)=0
Specify how often to trim	 (-steps=)=1
Print help section		 (-h=)=No
Print SCC output to file	 (-out=)=No
Name to append output file	 (-suffix=)=PivotRandom_C2_iteration7
Print timers			 (-time=)=3
Print debug information		 (-a=)=3
threads 32
Loading graph
Graph loaded
Starting
Done

Writing timer output

Writing debug output
Done
Bootstrapping complete
SCC. build: 20:18:54, May 31 2019. Time: 00:39:15 [Apr  3 2019]
===============================================================
Input graph (directed)		 (-g=)=../graphs/Google.edges
Input number of trim levels	 (-t=)=3
Pivot selection			 (-p=)=0
Specify FW-BW variant		 (-m=)=1
Specify maximum workers		 (-w=)=2
Specify randwalk iterations	 (-rand=)=10
Specify trim cutoff point	 (-cutoff=)=0
Specify how often to trim	 (-steps=)=1
Print help section		 (-h=)=No
Print SCC output to file	 (-out=)=No
Name to append output file	 (-suffix=)=PivotRandom_C2_iteration8
Print timers			 (-time=)=3
Print debug information		 (-a=)=3
threads 32
Loading graph
Graph loaded
Starting
Done

Writing timer output

Writing debug output
Done
Bootstrapping complete
SCC. build: 20:18:54, May 31 2019. Time: 00:39:44 [Apr  3 2019]
===============================================================
Input graph (directed)		 (-g=)=../graphs/Google.edges
Input number of trim levels	 (-t=)=3
Pivot selection			 (-p=)=0
Specify FW-BW variant		 (-m=)=1
Specify maximum workers		 (-w=)=2
Specify randwalk iterations	 (-rand=)=10
Specify trim cutoff point	 (-cutoff=)=0
Specify how often to trim	 (-steps=)=1
Print help section		 (-h=)=No
Print SCC output to file	 (-out=)=No
Name to append output file	 (-suffix=)=PivotRandom_C2_iteration9
Print timers			 (-time=)=3
Print debug information		 (-a=)=3
threads 32
Loading graph
Graph loaded
Starting
Done

Writing timer output

Writing debug output
Done
Bootstrapping complete
SCC. build: 20:18:54, May 31 2019. Time: 00:40:13 [Apr  3 2019]
===============================================================
Input graph (directed)		 (-g=)=../graphs/Google.edges
Input number of trim levels	 (-t=)=3
Pivot selection			 (-p=)=0
Specify FW-BW variant		 (-m=)=1
Specify maximum workers		 (-w=)=2
Specify randwalk iterations	 (-rand=)=10
Specify trim cutoff point	 (-cutoff=)=0
Specify how often to trim	 (-steps=)=1
Print help section		 (-h=)=No
Print SCC output to file	 (-out=)=No
Name to append output file	 (-suffix=)=PivotRandom_C2_iteration10
Print timers			 (-time=)=3
Print debug information		 (-a=)=3
threads 32
Loading graph
Graph loaded
Starting
Done

Writing timer output

Writing debug output
Done
Bootstrapping complete
SCC. build: 20:18:54, May 31 2019. Time: 00:40:41 [Apr  3 2019]
===============================================================
Input graph (directed)		 (-g=)=../graphs/Google.edges
Input number of trim levels	 (-t=)=3
Pivot selection			 (-p=)=0
Specify FW-BW variant		 (-m=)=1
Specify maximum workers		 (-w=)=4
Specify randwalk iterations	 (-rand=)=10
Specify trim cutoff point	 (-cutoff=)=0
Specify how often to trim	 (-steps=)=1
Print help section		 (-h=)=No
Print SCC output to file	 (-out=)=No
Name to append output file	 (-suffix=)=PivotRandom_C4_iteration1
Print timers			 (-time=)=3
Print debug information		 (-a=)=3
threads 32
Loading graph
Graph loaded
Starting
Done

Writing timer output

Writing debug output
Done
Bootstrapping complete
SCC. build: 20:18:54, May 31 2019. Time: 00:40:59 [Apr  3 2019]
===============================================================
Input graph (directed)		 (-g=)=../graphs/Google.edges
Input number of trim levels	 (-t=)=3
Pivot selection			 (-p=)=0
Specify FW-BW variant		 (-m=)=1
Specify maximum workers		 (-w=)=4
Specify randwalk iterations	 (-rand=)=10
Specify trim cutoff point	 (-cutoff=)=0
Specify how often to trim	 (-steps=)=1
Print help section		 (-h=)=No
Print SCC output to file	 (-out=)=No
Name to append output file	 (-suffix=)=PivotRandom_C4_iteration2
Print timers			 (-time=)=3
Print debug information		 (-a=)=3
threads 32
Loading graph
Graph loaded
Starting
Done

Writing timer output

Writing debug output
Done
Bootstrapping complete
SCC. build: 20:18:54, May 31 2019. Time: 00:41:18 [Apr  3 2019]
===============================================================
Input graph (directed)		 (-g=)=../graphs/Google.edges
Input number of trim levels	 (-t=)=3
Pivot selection			 (-p=)=0
Specify FW-BW variant		 (-m=)=1
Specify maximum workers		 (-w=)=4
Specify randwalk iterations	 (-rand=)=10
Specify trim cutoff point	 (-cutoff=)=0
Specify how often to trim	 (-steps=)=1
Print help section		 (-h=)=No
Print SCC output to file	 (-out=)=No
Name to append output file	 (-suffix=)=PivotRandom_C4_iteration3
Print timers			 (-time=)=3
Print debug information		 (-a=)=3
threads 32
Loading graph
Graph loaded
Starting
Done

Writing timer output

Writing debug output
Done
Bootstrapping complete
SCC. build: 20:18:54, May 31 2019. Time: 00:41:36 [Apr  3 2019]
===============================================================
Input graph (directed)		 (-g=)=../graphs/Google.edges
Input number of trim levels	 (-t=)=3
Pivot selection			 (-p=)=0
Specify FW-BW variant		 (-m=)=1
Specify maximum workers		 (-w=)=4
Specify randwalk iterations	 (-rand=)=10
Specify trim cutoff point	 (-cutoff=)=0
Specify how often to trim	 (-steps=)=1
Print help section		 (-h=)=No
Print SCC output to file	 (-out=)=No
Name to append output file	 (-suffix=)=PivotRandom_C4_iteration4
Print timers			 (-time=)=3
Print debug information		 (-a=)=3
threads 32
Loading graph
Graph loaded
Starting
Done

Writing timer output

Writing debug output
Done
Bootstrapping complete
SCC. build: 20:18:54, May 31 2019. Time: 00:41:56 [Apr  3 2019]
===============================================================
Input graph (directed)		 (-g=)=../graphs/Google.edges
Input number of trim levels	 (-t=)=3
Pivot selection			 (-p=)=0
Specify FW-BW variant		 (-m=)=1
Specify maximum workers		 (-w=)=4
Specify randwalk iterations	 (-rand=)=10
Specify trim cutoff point	 (-cutoff=)=0
Specify how often to trim	 (-steps=)=1
Print help section		 (-h=)=No
Print SCC output to file	 (-out=)=No
Name to append output file	 (-suffix=)=PivotRandom_C4_iteration5
Print timers			 (-time=)=3
Print debug information		 (-a=)=3
threads 32
Loading graph
Graph loaded
Starting
Done

Writing timer output

Writing debug output
Done
Bootstrapping complete
SCC. build: 20:18:54, May 31 2019. Time: 00:42:15 [Apr  3 2019]
===============================================================
Input graph (directed)		 (-g=)=../graphs/Google.edges
Input number of trim levels	 (-t=)=3
Pivot selection			 (-p=)=0
Specify FW-BW variant		 (-m=)=1
Specify maximum workers		 (-w=)=4
Specify randwalk iterations	 (-rand=)=10
Specify trim cutoff point	 (-cutoff=)=0
Specify how often to trim	 (-steps=)=1
Print help section		 (-h=)=No
Print SCC output to file	 (-out=)=No
Name to append output file	 (-suffix=)=PivotRandom_C4_iteration6
Print timers			 (-time=)=3
Print debug information		 (-a=)=3
threads 32
Loading graph
Graph loaded
Starting
Done

Writing timer output

Writing debug output
Done
Bootstrapping complete
SCC. build: 20:18:54, May 31 2019. Time: 00:42:34 [Apr  3 2019]
===============================================================
Input graph (directed)		 (-g=)=../graphs/Google.edges
Input number of trim levels	 (-t=)=3
Pivot selection			 (-p=)=0
Specify FW-BW variant		 (-m=)=1
Specify maximum workers		 (-w=)=4
Specify randwalk iterations	 (-rand=)=10
Specify trim cutoff point	 (-cutoff=)=0
Specify how often to trim	 (-steps=)=1
Print help section		 (-h=)=No
Print SCC output to file	 (-out=)=No
Name to append output file	 (-suffix=)=PivotRandom_C4_iteration7
Print timers			 (-time=)=3
Print debug information		 (-a=)=3
threads 32
Loading graph
Graph loaded
Starting
Done

Writing timer output

Writing debug output
Done
Bootstrapping complete
SCC. build: 20:18:54, May 31 2019. Time: 00:42:52 [Apr  3 2019]
===============================================================
Input graph (directed)		 (-g=)=../graphs/Google.edges
Input number of trim levels	 (-t=)=3
Pivot selection			 (-p=)=0
Specify FW-BW variant		 (-m=)=1
Specify maximum workers		 (-w=)=4
Specify randwalk iterations	 (-rand=)=10
Specify trim cutoff point	 (-cutoff=)=0
Specify how often to trim	 (-steps=)=1
Print help section		 (-h=)=No
Print SCC output to file	 (-out=)=No
Name to append output file	 (-suffix=)=PivotRandom_C4_iteration8
Print timers			 (-time=)=3
Print debug information		 (-a=)=3
threads 32
Loading graph
Graph loaded
Starting
Done

Writing timer output

Writing debug output
Done
Bootstrapping complete
SCC. build: 20:18:54, May 31 2019. Time: 00:43:11 [Apr  3 2019]
===============================================================
Input graph (directed)		 (-g=)=../graphs/Google.edges
Input number of trim levels	 (-t=)=3
Pivot selection			 (-p=)=0
Specify FW-BW variant		 (-m=)=1
Specify maximum workers		 (-w=)=4
Specify randwalk iterations	 (-rand=)=10
Specify trim cutoff point	 (-cutoff=)=0
Specify how often to trim	 (-steps=)=1
Print help section		 (-h=)=No
Print SCC output to file	 (-out=)=No
Name to append output file	 (-suffix=)=PivotRandom_C4_iteration9
Print timers			 (-time=)=3
Print debug information		 (-a=)=3
threads 32
Loading graph
Graph loaded
Starting
Done

Writing timer output

Writing debug output
Done
Bootstrapping complete
SCC. build: 20:18:54, May 31 2019. Time: 00:43:29 [Apr  3 2019]
===============================================================
Input graph (directed)		 (-g=)=../graphs/Google.edges
Input number of trim levels	 (-t=)=3
Pivot selection			 (-p=)=0
Specify FW-BW variant		 (-m=)=1
Specify maximum workers		 (-w=)=4
Specify randwalk iterations	 (-rand=)=10
Specify trim cutoff point	 (-cutoff=)=0
Specify how often to trim	 (-steps=)=1
Print help section		 (-h=)=No
Print SCC output to file	 (-out=)=No
Name to append output file	 (-suffix=)=PivotRandom_C4_iteration10
Print timers			 (-time=)=3
Print debug information		 (-a=)=3
threads 32
Loading graph
Graph loaded
Starting
Done

Writing timer output

Writing debug output
Done
Bootstrapping complete
SCC. build: 20:18:54, May 31 2019. Time: 00:43:48 [Apr  3 2019]
===============================================================
Input graph (directed)		 (-g=)=../graphs/Google.edges
Input number of trim levels	 (-t=)=3
Pivot selection			 (-p=)=0
Specify FW-BW variant		 (-m=)=1
Specify maximum workers		 (-w=)=8
Specify randwalk iterations	 (-rand=)=10
Specify trim cutoff point	 (-cutoff=)=0
Specify how often to trim	 (-steps=)=1
Print help section		 (-h=)=No
Print SCC output to file	 (-out=)=No
Name to append output file	 (-suffix=)=PivotRandom_C8_iteration1
Print timers			 (-time=)=3
Print debug information		 (-a=)=3
threads 32
Loading graph
Graph loaded
Starting
Done

Writing timer output

Writing debug output
Done
Bootstrapping complete
SCC. build: 20:18:54, May 31 2019. Time: 00:44:02 [Apr  3 2019]
===============================================================
Input graph (directed)		 (-g=)=../graphs/Google.edges
Input number of trim levels	 (-t=)=3
Pivot selection			 (-p=)=0
Specify FW-BW variant		 (-m=)=1
Specify maximum workers		 (-w=)=8
Specify randwalk iterations	 (-rand=)=10
Specify trim cutoff point	 (-cutoff=)=0
Specify how often to trim	 (-steps=)=1
Print help section		 (-h=)=No
Print SCC output to file	 (-out=)=No
Name to append output file	 (-suffix=)=PivotRandom_C8_iteration2
Print timers			 (-time=)=3
Print debug information		 (-a=)=3
threads 32
Loading graph
Graph loaded
Starting
Done

Writing timer output

Writing debug output
Done
Bootstrapping complete
SCC. build: 20:18:54, May 31 2019. Time: 00:44:17 [Apr  3 2019]
===============================================================
Input graph (directed)		 (-g=)=../graphs/Google.edges
Input number of trim levels	 (-t=)=3
Pivot selection			 (-p=)=0
Specify FW-BW variant		 (-m=)=1
Specify maximum workers		 (-w=)=8
Specify randwalk iterations	 (-rand=)=10
Specify trim cutoff point	 (-cutoff=)=0
Specify how often to trim	 (-steps=)=1
Print help section		 (-h=)=No
Print SCC output to file	 (-out=)=No
Name to append output file	 (-suffix=)=PivotRandom_C8_iteration3
Print timers			 (-time=)=3
Print debug information		 (-a=)=3
threads 32
Loading graph
Graph loaded
Starting
Done

Writing timer output

Writing debug output
Done
Bootstrapping complete
SCC. build: 20:18:54, May 31 2019. Time: 00:44:31 [Apr  3 2019]
===============================================================
Input graph (directed)		 (-g=)=../graphs/Google.edges
Input number of trim levels	 (-t=)=3
Pivot selection			 (-p=)=0
Specify FW-BW variant		 (-m=)=1
Specify maximum workers		 (-w=)=8
Specify randwalk iterations	 (-rand=)=10
Specify trim cutoff point	 (-cutoff=)=0
Specify how often to trim	 (-steps=)=1
Print help section		 (-h=)=No
Print SCC output to file	 (-out=)=No
Name to append output file	 (-suffix=)=PivotRandom_C8_iteration4
Print timers			 (-time=)=3
Print debug information		 (-a=)=3
threads 32
Loading graph
Graph loaded
Starting
Done

Writing timer output

Writing debug output
Done
Bootstrapping complete
SCC. build: 20:18:54, May 31 2019. Time: 00:44:44 [Apr  3 2019]
===============================================================
Input graph (directed)		 (-g=)=../graphs/Google.edges
Input number of trim levels	 (-t=)=3
Pivot selection			 (-p=)=0
Specify FW-BW variant		 (-m=)=1
Specify maximum workers		 (-w=)=8
Specify randwalk iterations	 (-rand=)=10
Specify trim cutoff point	 (-cutoff=)=0
Specify how often to trim	 (-steps=)=1
Print help section		 (-h=)=No
Print SCC output to file	 (-out=)=No
Name to append output file	 (-suffix=)=PivotRandom_C8_iteration5
Print timers			 (-time=)=3
Print debug information		 (-a=)=3
threads 32
Loading graph
Graph loaded
Starting
Done

Writing timer output

Writing debug output
Done
Bootstrapping complete
SCC. build: 20:18:54, May 31 2019. Time: 00:44:57 [Apr  3 2019]
===============================================================
Input graph (directed)		 (-g=)=../graphs/Google.edges
Input number of trim levels	 (-t=)=3
Pivot selection			 (-p=)=0
Specify FW-BW variant		 (-m=)=1
Specify maximum workers		 (-w=)=8
Specify randwalk iterations	 (-rand=)=10
Specify trim cutoff point	 (-cutoff=)=0
Specify how often to trim	 (-steps=)=1
Print help section		 (-h=)=No
Print SCC output to file	 (-out=)=No
Name to append output file	 (-suffix=)=PivotRandom_C8_iteration6
Print timers			 (-time=)=3
Print debug information		 (-a=)=3
threads 32
Loading graph
Graph loaded
Starting
Done

Writing timer output

Writing debug output
Done
Bootstrapping complete
SCC. build: 20:18:54, May 31 2019. Time: 00:45:12 [Apr  3 2019]
===============================================================
Input graph (directed)		 (-g=)=../graphs/Google.edges
Input number of trim levels	 (-t=)=3
Pivot selection			 (-p=)=0
Specify FW-BW variant		 (-m=)=1
Specify maximum workers		 (-w=)=8
Specify randwalk iterations	 (-rand=)=10
Specify trim cutoff point	 (-cutoff=)=0
Specify how often to trim	 (-steps=)=1
Print help section		 (-h=)=No
Print SCC output to file	 (-out=)=No
Name to append output file	 (-suffix=)=PivotRandom_C8_iteration7
Print timers			 (-time=)=3
Print debug information		 (-a=)=3
threads 32
Loading graph
Graph loaded
Starting
Done

Writing timer output

Writing debug output
Done
Bootstrapping complete
SCC. build: 20:18:54, May 31 2019. Time: 00:45:24 [Apr  3 2019]
===============================================================
Input graph (directed)		 (-g=)=../graphs/Google.edges
Input number of trim levels	 (-t=)=3
Pivot selection			 (-p=)=0
Specify FW-BW variant		 (-m=)=1
Specify maximum workers		 (-w=)=8
Specify randwalk iterations	 (-rand=)=10
Specify trim cutoff point	 (-cutoff=)=0
Specify how often to trim	 (-steps=)=1
Print help section		 (-h=)=No
Print SCC output to file	 (-out=)=No
Name to append output file	 (-suffix=)=PivotRandom_C8_iteration8
Print timers			 (-time=)=3
Print debug information		 (-a=)=3
threads 32
Loading graph
Graph loaded
Starting
Done

Writing timer output

Writing debug output
Done
Bootstrapping complete
SCC. build: 20:18:54, May 31 2019. Time: 00:45:39 [Apr  3 2019]
===============================================================
Input graph (directed)		 (-g=)=../graphs/Google.edges
Input number of trim levels	 (-t=)=3
Pivot selection			 (-p=)=0
Specify FW-BW variant		 (-m=)=1
Specify maximum workers		 (-w=)=8
Specify randwalk iterations	 (-rand=)=10
Specify trim cutoff point	 (-cutoff=)=0
Specify how often to trim	 (-steps=)=1
Print help section		 (-h=)=No
Print SCC output to file	 (-out=)=No
Name to append output file	 (-suffix=)=PivotRandom_C8_iteration9
Print timers			 (-time=)=3
Print debug information		 (-a=)=3
threads 32
Loading graph
Graph loaded
Starting
Done

Writing timer output

Writing debug output
Done
Bootstrapping complete
SCC. build: 20:18:54, May 31 2019. Time: 00:45:52 [Apr  3 2019]
===============================================================
Input graph (directed)		 (-g=)=../graphs/Google.edges
Input number of trim levels	 (-t=)=3
Pivot selection			 (-p=)=0
Specify FW-BW variant		 (-m=)=1
Specify maximum workers		 (-w=)=8
Specify randwalk iterations	 (-rand=)=10
Specify trim cutoff point	 (-cutoff=)=0
Specify how often to trim	 (-steps=)=1
Print help section		 (-h=)=No
Print SCC output to file	 (-out=)=No
Name to append output file	 (-suffix=)=PivotRandom_C8_iteration10
Print timers			 (-time=)=3
Print debug information		 (-a=)=3
threads 32
Loading graph
Graph loaded
Starting
Done

Writing timer output

Writing debug output
Done
Bootstrapping complete
SCC. build: 20:18:54, May 31 2019. Time: 00:46:06 [Apr  3 2019]
===============================================================
Input graph (directed)		 (-g=)=../graphs/Google.edges
Input number of trim levels	 (-t=)=3
Pivot selection			 (-p=)=0
Specify FW-BW variant		 (-m=)=1
Specify maximum workers		 (-w=)=16
Specify randwalk iterations	 (-rand=)=10
Specify trim cutoff point	 (-cutoff=)=0
Specify how often to trim	 (-steps=)=1
Print help section		 (-h=)=No
Print SCC output to file	 (-out=)=No
Name to append output file	 (-suffix=)=PivotRandom_C16_iteration1
Print timers			 (-time=)=3
Print debug information		 (-a=)=3
threads 32
Loading graph
Graph loaded
Starting
Done

Writing timer output

Writing debug output
Done
Bootstrapping complete
SCC. build: 20:18:54, May 31 2019. Time: 00:46:15 [Apr  3 2019]
===============================================================
Input graph (directed)		 (-g=)=../graphs/Google.edges
Input number of trim levels	 (-t=)=3
Pivot selection			 (-p=)=0
Specify FW-BW variant		 (-m=)=1
Specify maximum workers		 (-w=)=16
Specify randwalk iterations	 (-rand=)=10
Specify trim cutoff point	 (-cutoff=)=0
Specify how often to trim	 (-steps=)=1
Print help section		 (-h=)=No
Print SCC output to file	 (-out=)=No
Name to append output file	 (-suffix=)=PivotRandom_C16_iteration2
Print timers			 (-time=)=3
Print debug information		 (-a=)=3
threads 32
Loading graph
Graph loaded
Starting
Done

Writing timer output

Writing debug output
Done
Bootstrapping complete
SCC. build: 20:18:54, May 31 2019. Time: 00:46:24 [Apr  3 2019]
===============================================================
Input graph (directed)		 (-g=)=../graphs/Google.edges
Input number of trim levels	 (-t=)=3
Pivot selection			 (-p=)=0
Specify FW-BW variant		 (-m=)=1
Specify maximum workers		 (-w=)=16
Specify randwalk iterations	 (-rand=)=10
Specify trim cutoff point	 (-cutoff=)=0
Specify how often to trim	 (-steps=)=1
Print help section		 (-h=)=No
Print SCC output to file	 (-out=)=No
Name to append output file	 (-suffix=)=PivotRandom_C16_iteration3
Print timers			 (-time=)=3
Print debug information		 (-a=)=3
threads 32
Loading graph
Graph loaded
Starting
Done

Writing timer output

Writing debug output
Done
Bootstrapping complete
SCC. build: 20:18:54, May 31 2019. Time: 00:46:33 [Apr  3 2019]
===============================================================
Input graph (directed)		 (-g=)=../graphs/Google.edges
Input number of trim levels	 (-t=)=3
Pivot selection			 (-p=)=0
Specify FW-BW variant		 (-m=)=1
Specify maximum workers		 (-w=)=16
Specify randwalk iterations	 (-rand=)=10
Specify trim cutoff point	 (-cutoff=)=0
Specify how often to trim	 (-steps=)=1
Print help section		 (-h=)=No
Print SCC output to file	 (-out=)=No
Name to append output file	 (-suffix=)=PivotRandom_C16_iteration4
Print timers			 (-time=)=3
Print debug information		 (-a=)=3
threads 32
Loading graph
Graph loaded
Starting
Done

Writing timer output

Writing debug output
Done
Bootstrapping complete
SCC. build: 20:18:54, May 31 2019. Time: 00:46:44 [Apr  3 2019]
===============================================================
Input graph (directed)		 (-g=)=../graphs/Google.edges
Input number of trim levels	 (-t=)=3
Pivot selection			 (-p=)=0
Specify FW-BW variant		 (-m=)=1
Specify maximum workers		 (-w=)=16
Specify randwalk iterations	 (-rand=)=10
Specify trim cutoff point	 (-cutoff=)=0
Specify how often to trim	 (-steps=)=1
Print help section		 (-h=)=No
Print SCC output to file	 (-out=)=No
Name to append output file	 (-suffix=)=PivotRandom_C16_iteration5
Print timers			 (-time=)=3
Print debug information		 (-a=)=3
threads 32
Loading graph
Graph loaded
Starting
Done

Writing timer output

Writing debug output
Done
Bootstrapping complete
SCC. build: 20:18:54, May 31 2019. Time: 00:46:53 [Apr  3 2019]
===============================================================
Input graph (directed)		 (-g=)=../graphs/Google.edges
Input number of trim levels	 (-t=)=3
Pivot selection			 (-p=)=0
Specify FW-BW variant		 (-m=)=1
Specify maximum workers		 (-w=)=16
Specify randwalk iterations	 (-rand=)=10
Specify trim cutoff point	 (-cutoff=)=0
Specify how often to trim	 (-steps=)=1
Print help section		 (-h=)=No
Print SCC output to file	 (-out=)=No
Name to append output file	 (-suffix=)=PivotRandom_C16_iteration6
Print timers			 (-time=)=3
Print debug information		 (-a=)=3
threads 32
Loading graph
Graph loaded
Starting
Done

Writing timer output

Writing debug output
Done
Bootstrapping complete
SCC. build: 20:18:54, May 31 2019. Time: 00:47:04 [Apr  3 2019]
===============================================================
Input graph (directed)		 (-g=)=../graphs/Google.edges
Input number of trim levels	 (-t=)=3
Pivot selection			 (-p=)=0
Specify FW-BW variant		 (-m=)=1
Specify maximum workers		 (-w=)=16
Specify randwalk iterations	 (-rand=)=10
Specify trim cutoff point	 (-cutoff=)=0
Specify how often to trim	 (-steps=)=1
Print help section		 (-h=)=No
Print SCC output to file	 (-out=)=No
Name to append output file	 (-suffix=)=PivotRandom_C16_iteration7
Print timers			 (-time=)=3
Print debug information		 (-a=)=3
threads 32
Loading graph
Graph loaded
Starting
Done

Writing timer output

Writing debug output
Done
Bootstrapping complete
SCC. build: 20:18:54, May 31 2019. Time: 00:47:14 [Apr  3 2019]
===============================================================
Input graph (directed)		 (-g=)=../graphs/Google.edges
Input number of trim levels	 (-t=)=3
Pivot selection			 (-p=)=0
Specify FW-BW variant		 (-m=)=1
Specify maximum workers		 (-w=)=16
Specify randwalk iterations	 (-rand=)=10
Specify trim cutoff point	 (-cutoff=)=0
Specify how often to trim	 (-steps=)=1
Print help section		 (-h=)=No
Print SCC output to file	 (-out=)=No
Name to append output file	 (-suffix=)=PivotRandom_C16_iteration8
Print timers			 (-time=)=3
Print debug information		 (-a=)=3
threads 32
Loading graph
Graph loaded
Starting
Done

Writing timer output

Writing debug output
Done
Bootstrapping complete
SCC. build: 20:18:54, May 31 2019. Time: 00:47:24 [Apr  3 2019]
===============================================================
Input graph (directed)		 (-g=)=../graphs/Google.edges
Input number of trim levels	 (-t=)=3
Pivot selection			 (-p=)=0
Specify FW-BW variant		 (-m=)=1
Specify maximum workers		 (-w=)=16
Specify randwalk iterations	 (-rand=)=10
Specify trim cutoff point	 (-cutoff=)=0
Specify how often to trim	 (-steps=)=1
Print help section		 (-h=)=No
Print SCC output to file	 (-out=)=No
Name to append output file	 (-suffix=)=PivotRandom_C16_iteration9
Print timers			 (-time=)=3
Print debug information		 (-a=)=3
threads 32
Loading graph
Graph loaded
Starting
Done

Writing timer output

Writing debug output
Done
Bootstrapping complete
SCC. build: 20:18:54, May 31 2019. Time: 00:47:35 [Apr  3 2019]
===============================================================
Input graph (directed)		 (-g=)=../graphs/Google.edges
Input number of trim levels	 (-t=)=3
Pivot selection			 (-p=)=0
Specify FW-BW variant		 (-m=)=1
Specify maximum workers		 (-w=)=16
Specify randwalk iterations	 (-rand=)=10
Specify trim cutoff point	 (-cutoff=)=0
Specify how often to trim	 (-steps=)=1
Print help section		 (-h=)=No
Print SCC output to file	 (-out=)=No
Name to append output file	 (-suffix=)=PivotRandom_C16_iteration10
Print timers			 (-time=)=3
Print debug information		 (-a=)=3
threads 32
Loading graph
Graph loaded
Starting
Done

Writing timer output

Writing debug output
Done
Bootstrapping complete
SCC. build: 20:18:54, May 31 2019. Time: 00:47:44 [Apr  3 2019]
===============================================================
Input graph (directed)		 (-g=)=../graphs/Google.edges
Input number of trim levels	 (-t=)=3
Pivot selection			 (-p=)=0
Specify FW-BW variant		 (-m=)=1
Specify maximum workers		 (-w=)=24
Specify randwalk iterations	 (-rand=)=10
Specify trim cutoff point	 (-cutoff=)=0
Specify how often to trim	 (-steps=)=1
Print help section		 (-h=)=No
Print SCC output to file	 (-out=)=No
Name to append output file	 (-suffix=)=PivotRandom_C24_iteration1
Print timers			 (-time=)=3
Print debug information		 (-a=)=3
threads 32
Loading graph
Graph loaded
Starting
Done

Writing timer output

Writing debug output
Done
Bootstrapping complete
SCC. build: 20:18:54, May 31 2019. Time: 00:47:54 [Apr  3 2019]
===============================================================
Input graph (directed)		 (-g=)=../graphs/Google.edges
Input number of trim levels	 (-t=)=3
Pivot selection			 (-p=)=0
Specify FW-BW variant		 (-m=)=1
Specify maximum workers		 (-w=)=24
Specify randwalk iterations	 (-rand=)=10
Specify trim cutoff point	 (-cutoff=)=0
Specify how often to trim	 (-steps=)=1
Print help section		 (-h=)=No
Print SCC output to file	 (-out=)=No
Name to append output file	 (-suffix=)=PivotRandom_C24_iteration2
Print timers			 (-time=)=3
Print debug information		 (-a=)=3
threads 32
Loading graph
Graph loaded
Starting
Done

Writing timer output

Writing debug output
Done
Bootstrapping complete
SCC. build: 20:18:54, May 31 2019. Time: 00:48:03 [Apr  3 2019]
===============================================================
Input graph (directed)		 (-g=)=../graphs/Google.edges
Input number of trim levels	 (-t=)=3
Pivot selection			 (-p=)=0
Specify FW-BW variant		 (-m=)=1
Specify maximum workers		 (-w=)=24
Specify randwalk iterations	 (-rand=)=10
Specify trim cutoff point	 (-cutoff=)=0
Specify how often to trim	 (-steps=)=1
Print help section		 (-h=)=No
Print SCC output to file	 (-out=)=No
Name to append output file	 (-suffix=)=PivotRandom_C24_iteration3
Print timers			 (-time=)=3
Print debug information		 (-a=)=3
threads 32
Loading graph
Graph loaded
Starting
Done

Writing timer output

Writing debug output
Done
Bootstrapping complete
SCC. build: 20:18:54, May 31 2019. Time: 00:48:13 [Apr  3 2019]
===============================================================
Input graph (directed)		 (-g=)=../graphs/Google.edges
Input number of trim levels	 (-t=)=3
Pivot selection			 (-p=)=0
Specify FW-BW variant		 (-m=)=1
Specify maximum workers		 (-w=)=24
Specify randwalk iterations	 (-rand=)=10
Specify trim cutoff point	 (-cutoff=)=0
Specify how often to trim	 (-steps=)=1
Print help section		 (-h=)=No
Print SCC output to file	 (-out=)=No
Name to append output file	 (-suffix=)=PivotRandom_C24_iteration4
Print timers			 (-time=)=3
Print debug information		 (-a=)=3
threads 32
Loading graph
Graph loaded
Starting
Done

Writing timer output

Writing debug output
Done
Bootstrapping complete
SCC. build: 20:18:54, May 31 2019. Time: 00:48:23 [Apr  3 2019]
===============================================================
Input graph (directed)		 (-g=)=../graphs/Google.edges
Input number of trim levels	 (-t=)=3
Pivot selection			 (-p=)=0
Specify FW-BW variant		 (-m=)=1
Specify maximum workers		 (-w=)=24
Specify randwalk iterations	 (-rand=)=10
Specify trim cutoff point	 (-cutoff=)=0
Specify how often to trim	 (-steps=)=1
Print help section		 (-h=)=No
Print SCC output to file	 (-out=)=No
Name to append output file	 (-suffix=)=PivotRandom_C24_iteration5
Print timers			 (-time=)=3
Print debug information		 (-a=)=3
threads 32
Loading graph
Graph loaded
Starting
Done

Writing timer output

Writing debug output
Done
Bootstrapping complete
SCC. build: 20:18:54, May 31 2019. Time: 00:48:33 [Apr  3 2019]
===============================================================
Input graph (directed)		 (-g=)=../graphs/Google.edges
Input number of trim levels	 (-t=)=3
Pivot selection			 (-p=)=0
Specify FW-BW variant		 (-m=)=1
Specify maximum workers		 (-w=)=24
Specify randwalk iterations	 (-rand=)=10
Specify trim cutoff point	 (-cutoff=)=0
Specify how often to trim	 (-steps=)=1
Print help section		 (-h=)=No
Print SCC output to file	 (-out=)=No
Name to append output file	 (-suffix=)=PivotRandom_C24_iteration6
Print timers			 (-time=)=3
Print debug information		 (-a=)=3
threads 32
Loading graph
Graph loaded
Starting
Done

Writing timer output

Writing debug output
Done
Bootstrapping complete
SCC. build: 20:18:54, May 31 2019. Time: 00:48:42 [Apr  3 2019]
===============================================================
Input graph (directed)		 (-g=)=../graphs/Google.edges
Input number of trim levels	 (-t=)=3
Pivot selection			 (-p=)=0
Specify FW-BW variant		 (-m=)=1
Specify maximum workers		 (-w=)=24
Specify randwalk iterations	 (-rand=)=10
Specify trim cutoff point	 (-cutoff=)=0
Specify how often to trim	 (-steps=)=1
Print help section		 (-h=)=No
Print SCC output to file	 (-out=)=No
Name to append output file	 (-suffix=)=PivotRandom_C24_iteration7
Print timers			 (-time=)=3
Print debug information		 (-a=)=3
threads 32
Loading graph
Graph loaded
Starting
Done

Writing timer output

Writing debug output
Done
Bootstrapping complete
SCC. build: 20:18:54, May 31 2019. Time: 00:48:51 [Apr  3 2019]
===============================================================
Input graph (directed)		 (-g=)=../graphs/Google.edges
Input number of trim levels	 (-t=)=3
Pivot selection			 (-p=)=0
Specify FW-BW variant		 (-m=)=1
Specify maximum workers		 (-w=)=24
Specify randwalk iterations	 (-rand=)=10
Specify trim cutoff point	 (-cutoff=)=0
Specify how often to trim	 (-steps=)=1
Print help section		 (-h=)=No
Print SCC output to file	 (-out=)=No
Name to append output file	 (-suffix=)=PivotRandom_C24_iteration8
Print timers			 (-time=)=3
Print debug information		 (-a=)=3
threads 32
Loading graph
Graph loaded
Starting
Done

Writing timer output

Writing debug output
Done
Bootstrapping complete
SCC. build: 20:18:54, May 31 2019. Time: 00:49:00 [Apr  3 2019]
===============================================================
Input graph (directed)		 (-g=)=../graphs/Google.edges
Input number of trim levels	 (-t=)=3
Pivot selection			 (-p=)=0
Specify FW-BW variant		 (-m=)=1
Specify maximum workers		 (-w=)=24
Specify randwalk iterations	 (-rand=)=10
Specify trim cutoff point	 (-cutoff=)=0
Specify how often to trim	 (-steps=)=1
Print help section		 (-h=)=No
Print SCC output to file	 (-out=)=No
Name to append output file	 (-suffix=)=PivotRandom_C24_iteration9
Print timers			 (-time=)=3
Print debug information		 (-a=)=3
threads 32
Loading graph
Graph loaded
Starting
Done

Writing timer output

Writing debug output
Done
Bootstrapping complete
SCC. build: 20:18:54, May 31 2019. Time: 00:49:10 [Apr  3 2019]
===============================================================
Input graph (directed)		 (-g=)=../graphs/Google.edges
Input number of trim levels	 (-t=)=3
Pivot selection			 (-p=)=0
Specify FW-BW variant		 (-m=)=1
Specify maximum workers		 (-w=)=24
Specify randwalk iterations	 (-rand=)=10
Specify trim cutoff point	 (-cutoff=)=0
Specify how often to trim	 (-steps=)=1
Print help section		 (-h=)=No
Print SCC output to file	 (-out=)=No
Name to append output file	 (-suffix=)=PivotRandom_C24_iteration10
Print timers			 (-time=)=3
Print debug information		 (-a=)=3
threads 32
Loading graph
Graph loaded
Starting
Done

Writing timer output

Writing debug output
Done
Bootstrapping complete
SCC. build: 20:18:54, May 31 2019. Time: 00:49:19 [Apr  3 2019]
===============================================================
Input graph (directed)		 (-g=)=../graphs/Google.edges
Input number of trim levels	 (-t=)=3
Pivot selection			 (-p=)=0
Specify FW-BW variant		 (-m=)=1
Specify maximum workers		 (-w=)=32
Specify randwalk iterations	 (-rand=)=10
Specify trim cutoff point	 (-cutoff=)=0
Specify how often to trim	 (-steps=)=1
Print help section		 (-h=)=No
Print SCC output to file	 (-out=)=No
Name to append output file	 (-suffix=)=PivotRandom_C32_iteration1
Print timers			 (-time=)=3
Print debug information		 (-a=)=3
threads 32
Loading graph
Graph loaded
Starting
Done

Writing timer output

Writing debug output
Done
Bootstrapping complete
SCC. build: 20:18:54, May 31 2019. Time: 00:49:54 [Apr  3 2019]
===============================================================
Input graph (directed)		 (-g=)=../graphs/Google.edges
Input number of trim levels	 (-t=)=3
Pivot selection			 (-p=)=0
Specify FW-BW variant		 (-m=)=1
Specify maximum workers		 (-w=)=32
Specify randwalk iterations	 (-rand=)=10
Specify trim cutoff point	 (-cutoff=)=0
Specify how often to trim	 (-steps=)=1
Print help section		 (-h=)=No
Print SCC output to file	 (-out=)=No
Name to append output file	 (-suffix=)=PivotRandom_C32_iteration2
Print timers			 (-time=)=3
Print debug information		 (-a=)=3
threads 32
Loading graph
Graph loaded
Starting
Done

Writing timer output

Writing debug output
Done
Bootstrapping complete
SCC. build: 20:18:54, May 31 2019. Time: 00:50:02 [Apr  3 2019]
===============================================================
Input graph (directed)		 (-g=)=../graphs/Google.edges
Input number of trim levels	 (-t=)=3
Pivot selection			 (-p=)=0
Specify FW-BW variant		 (-m=)=1
Specify maximum workers		 (-w=)=32
Specify randwalk iterations	 (-rand=)=10
Specify trim cutoff point	 (-cutoff=)=0
Specify how often to trim	 (-steps=)=1
Print help section		 (-h=)=No
Print SCC output to file	 (-out=)=No
Name to append output file	 (-suffix=)=PivotRandom_C32_iteration3
Print timers			 (-time=)=3
Print debug information		 (-a=)=3
threads 32
Loading graph
Graph loaded
Starting
Done

Writing timer output

Writing debug output
Done
Bootstrapping complete
SCC. build: 20:18:54, May 31 2019. Time: 00:50:10 [Apr  3 2019]
===============================================================
Input graph (directed)		 (-g=)=../graphs/Google.edges
Input number of trim levels	 (-t=)=3
Pivot selection			 (-p=)=0
Specify FW-BW variant		 (-m=)=1
Specify maximum workers		 (-w=)=32
Specify randwalk iterations	 (-rand=)=10
Specify trim cutoff point	 (-cutoff=)=0
Specify how often to trim	 (-steps=)=1
Print help section		 (-h=)=No
Print SCC output to file	 (-out=)=No
Name to append output file	 (-suffix=)=PivotRandom_C32_iteration4
Print timers			 (-time=)=3
Print debug information		 (-a=)=3
threads 32
Loading graph
Graph loaded
Starting
Done

Writing timer output

Writing debug output
Done
Bootstrapping complete
SCC. build: 20:18:54, May 31 2019. Time: 00:50:20 [Apr  3 2019]
===============================================================
Input graph (directed)		 (-g=)=../graphs/Google.edges
Input number of trim levels	 (-t=)=3
Pivot selection			 (-p=)=0
Specify FW-BW variant		 (-m=)=1
Specify maximum workers		 (-w=)=32
Specify randwalk iterations	 (-rand=)=10
Specify trim cutoff point	 (-cutoff=)=0
Specify how often to trim	 (-steps=)=1
Print help section		 (-h=)=No
Print SCC output to file	 (-out=)=No
Name to append output file	 (-suffix=)=PivotRandom_C32_iteration5
Print timers			 (-time=)=3
Print debug information		 (-a=)=3
threads 32
Loading graph
Graph loaded
Starting
Done

Writing timer output

Writing debug output
Done
Bootstrapping complete
SCC. build: 20:18:54, May 31 2019. Time: 00:50:30 [Apr  3 2019]
===============================================================
Input graph (directed)		 (-g=)=../graphs/Google.edges
Input number of trim levels	 (-t=)=3
Pivot selection			 (-p=)=0
Specify FW-BW variant		 (-m=)=1
Specify maximum workers		 (-w=)=32
Specify randwalk iterations	 (-rand=)=10
Specify trim cutoff point	 (-cutoff=)=0
Specify how often to trim	 (-steps=)=1
Print help section		 (-h=)=No
Print SCC output to file	 (-out=)=No
Name to append output file	 (-suffix=)=PivotRandom_C32_iteration6
Print timers			 (-time=)=3
Print debug information		 (-a=)=3
threads 32
Loading graph
Graph loaded
Starting
Done

Writing timer output

Writing debug output
Done
Bootstrapping complete
SCC. build: 20:18:54, May 31 2019. Time: 00:50:40 [Apr  3 2019]
===============================================================
Input graph (directed)		 (-g=)=../graphs/Google.edges
Input number of trim levels	 (-t=)=3
Pivot selection			 (-p=)=0
Specify FW-BW variant		 (-m=)=1
Specify maximum workers		 (-w=)=32
Specify randwalk iterations	 (-rand=)=10
Specify trim cutoff point	 (-cutoff=)=0
Specify how often to trim	 (-steps=)=1
Print help section		 (-h=)=No
Print SCC output to file	 (-out=)=No
Name to append output file	 (-suffix=)=PivotRandom_C32_iteration7
Print timers			 (-time=)=3
Print debug information		 (-a=)=3
threads 32
Loading graph
Graph loaded
Starting
Done

Writing timer output

Writing debug output
Done
Bootstrapping complete
SCC. build: 20:18:54, May 31 2019. Time: 00:50:49 [Apr  3 2019]
===============================================================
Input graph (directed)		 (-g=)=../graphs/Google.edges
Input number of trim levels	 (-t=)=3
Pivot selection			 (-p=)=0
Specify FW-BW variant		 (-m=)=1
Specify maximum workers		 (-w=)=32
Specify randwalk iterations	 (-rand=)=10
Specify trim cutoff point	 (-cutoff=)=0
Specify how often to trim	 (-steps=)=1
Print help section		 (-h=)=No
Print SCC output to file	 (-out=)=No
Name to append output file	 (-suffix=)=PivotRandom_C32_iteration8
Print timers			 (-time=)=3
Print debug information		 (-a=)=3
threads 32
Loading graph
Graph loaded
Starting
Done

Writing timer output

Writing debug output
Done
Bootstrapping complete
SCC. build: 20:18:54, May 31 2019. Time: 00:50:59 [Apr  3 2019]
===============================================================
Input graph (directed)		 (-g=)=../graphs/Google.edges
Input number of trim levels	 (-t=)=3
Pivot selection			 (-p=)=0
Specify FW-BW variant		 (-m=)=1
Specify maximum workers		 (-w=)=32
Specify randwalk iterations	 (-rand=)=10
Specify trim cutoff point	 (-cutoff=)=0
Specify how often to trim	 (-steps=)=1
Print help section		 (-h=)=No
Print SCC output to file	 (-out=)=No
Name to append output file	 (-suffix=)=PivotRandom_C32_iteration9
Print timers			 (-time=)=3
Print debug information		 (-a=)=3
threads 32
Loading graph
Graph loaded
Starting
Done

Writing timer output

Writing debug output
Done
Bootstrapping complete
SCC. build: 20:18:54, May 31 2019. Time: 00:51:08 [Apr  3 2019]
===============================================================
Input graph (directed)		 (-g=)=../graphs/Google.edges
Input number of trim levels	 (-t=)=3
Pivot selection			 (-p=)=0
Specify FW-BW variant		 (-m=)=1
Specify maximum workers		 (-w=)=32
Specify randwalk iterations	 (-rand=)=10
Specify trim cutoff point	 (-cutoff=)=0
Specify how often to trim	 (-steps=)=1
Print help section		 (-h=)=No
Print SCC output to file	 (-out=)=No
Name to append output file	 (-suffix=)=PivotRandom_C32_iteration10
Print timers			 (-time=)=3
Print debug information		 (-a=)=3
threads 32
Loading graph
Graph loaded
Starting
Done

Writing timer output

Writing debug output
Done
