Bootstrapping complete
SCC. build: 16:01:56, May 30 2019. Time: 22:10:42 [Apr  3 2019]
===============================================================
Input graph (directed)		 (-g=)=../graphs/Google.edges
Input number of trim levels	 (-t=)=3
Pivot selection			 (-p=)=1
Specify FW-BW variant		 (-m=)=1
Specify maximum workers		 (-w=)=1
Specify randwalk iterations	 (-rand=)=10
Specify trim cutoff point	 (-cutoff=)=0
Specify how often to trim	 (-steps=)=1
Print help section		 (-h=)=No
Print SCC output to file	 (-out=)=No
Name to append output file	 (-suffix=)=PivotMaxDeg_C1_iteration1
Print timers			 (-time=)=3
Print debug information		 (-a=)=3

Loading graph
Graph loaded
Starting
Done

Writing timer output

Writing debug output
Done
Bootstrapping complete
SCC. build: 16:01:56, May 30 2019. Time: 22:13:40 [Apr  3 2019]
===============================================================
Input graph (directed)		 (-g=)=../graphs/Google.edges
Input number of trim levels	 (-t=)=3
Pivot selection			 (-p=)=1
Specify FW-BW variant		 (-m=)=1
Specify maximum workers		 (-w=)=1
Specify randwalk iterations	 (-rand=)=10
Specify trim cutoff point	 (-cutoff=)=0
Specify how often to trim	 (-steps=)=1
Print help section		 (-h=)=No
Print SCC output to file	 (-out=)=No
Name to append output file	 (-suffix=)=PivotMaxDeg_C1_iteration2
Print timers			 (-time=)=3
Print debug information		 (-a=)=3

Loading graph
Graph loaded
Starting
Done

Writing timer output

Writing debug output
Done
Bootstrapping complete
SCC. build: 16:01:56, May 30 2019. Time: 22:16:36 [Apr  3 2019]
===============================================================
Input graph (directed)		 (-g=)=../graphs/Google.edges
Input number of trim levels	 (-t=)=3
Pivot selection			 (-p=)=1
Specify FW-BW variant		 (-m=)=1
Specify maximum workers		 (-w=)=1
Specify randwalk iterations	 (-rand=)=10
Specify trim cutoff point	 (-cutoff=)=0
Specify how often to trim	 (-steps=)=1
Print help section		 (-h=)=No
Print SCC output to file	 (-out=)=No
Name to append output file	 (-suffix=)=PivotMaxDeg_C1_iteration3
Print timers			 (-time=)=3
Print debug information		 (-a=)=3

Loading graph
Graph loaded
Starting
Done

Writing timer output

Writing debug output
Done
Bootstrapping complete
SCC. build: 16:01:56, May 30 2019. Time: 22:19:33 [Apr  3 2019]
===============================================================
Input graph (directed)		 (-g=)=../graphs/Google.edges
Input number of trim levels	 (-t=)=3
Pivot selection			 (-p=)=1
Specify FW-BW variant		 (-m=)=1
Specify maximum workers		 (-w=)=1
Specify randwalk iterations	 (-rand=)=10
Specify trim cutoff point	 (-cutoff=)=0
Specify how often to trim	 (-steps=)=1
Print help section		 (-h=)=No
Print SCC output to file	 (-out=)=No
Name to append output file	 (-suffix=)=PivotMaxDeg_C1_iteration4
Print timers			 (-time=)=3
Print debug information		 (-a=)=3

Loading graph
Graph loaded
Starting
Done

Writing timer output

Writing debug output
Done
Bootstrapping complete
SCC. build: 16:01:56, May 30 2019. Time: 22:22:30 [Apr  3 2019]
===============================================================
Input graph (directed)		 (-g=)=../graphs/Google.edges
Input number of trim levels	 (-t=)=3
Pivot selection			 (-p=)=1
Specify FW-BW variant		 (-m=)=1
Specify maximum workers		 (-w=)=1
Specify randwalk iterations	 (-rand=)=10
Specify trim cutoff point	 (-cutoff=)=0
Specify how often to trim	 (-steps=)=1
Print help section		 (-h=)=No
Print SCC output to file	 (-out=)=No
Name to append output file	 (-suffix=)=PivotMaxDeg_C1_iteration5
Print timers			 (-time=)=3
Print debug information		 (-a=)=3

Loading graph
Graph loaded
Starting
Done

Writing timer output

Writing debug output
Done
Bootstrapping complete
SCC. build: 16:01:56, May 30 2019. Time: 22:25:26 [Apr  3 2019]
===============================================================
Input graph (directed)		 (-g=)=../graphs/Google.edges
Input number of trim levels	 (-t=)=3
Pivot selection			 (-p=)=1
Specify FW-BW variant		 (-m=)=1
Specify maximum workers		 (-w=)=1
Specify randwalk iterations	 (-rand=)=10
Specify trim cutoff point	 (-cutoff=)=0
Specify how often to trim	 (-steps=)=1
Print help section		 (-h=)=No
Print SCC output to file	 (-out=)=No
Name to append output file	 (-suffix=)=PivotMaxDeg_C1_iteration6
Print timers			 (-time=)=3
Print debug information		 (-a=)=3

Loading graph
Graph loaded
Starting
Done

Writing timer output

Writing debug output
Done
Bootstrapping complete
SCC. build: 16:01:56, May 30 2019. Time: 22:28:24 [Apr  3 2019]
===============================================================
Input graph (directed)		 (-g=)=../graphs/Google.edges
Input number of trim levels	 (-t=)=3
Pivot selection			 (-p=)=1
Specify FW-BW variant		 (-m=)=1
Specify maximum workers		 (-w=)=1
Specify randwalk iterations	 (-rand=)=10
Specify trim cutoff point	 (-cutoff=)=0
Specify how often to trim	 (-steps=)=1
Print help section		 (-h=)=No
Print SCC output to file	 (-out=)=No
Name to append output file	 (-suffix=)=PivotMaxDeg_C1_iteration7
Print timers			 (-time=)=3
Print debug information		 (-a=)=3

Loading graph
Graph loaded
Starting
Done

Writing timer output

Writing debug output
Done
Bootstrapping complete
SCC. build: 16:01:56, May 30 2019. Time: 22:31:21 [Apr  3 2019]
===============================================================
Input graph (directed)		 (-g=)=../graphs/Google.edges
Input number of trim levels	 (-t=)=3
Pivot selection			 (-p=)=1
Specify FW-BW variant		 (-m=)=1
Specify maximum workers		 (-w=)=1
Specify randwalk iterations	 (-rand=)=10
Specify trim cutoff point	 (-cutoff=)=0
Specify how often to trim	 (-steps=)=1
Print help section		 (-h=)=No
Print SCC output to file	 (-out=)=No
Name to append output file	 (-suffix=)=PivotMaxDeg_C1_iteration8
Print timers			 (-time=)=3
Print debug information		 (-a=)=3

Loading graph
Graph loaded
Starting
Done

Writing timer output

Writing debug output
Done
Bootstrapping complete
SCC. build: 16:01:56, May 30 2019. Time: 22:34:18 [Apr  3 2019]
===============================================================
Input graph (directed)		 (-g=)=../graphs/Google.edges
Input number of trim levels	 (-t=)=3
Pivot selection			 (-p=)=1
Specify FW-BW variant		 (-m=)=1
Specify maximum workers		 (-w=)=1
Specify randwalk iterations	 (-rand=)=10
Specify trim cutoff point	 (-cutoff=)=0
Specify how often to trim	 (-steps=)=1
Print help section		 (-h=)=No
Print SCC output to file	 (-out=)=No
Name to append output file	 (-suffix=)=PivotMaxDeg_C1_iteration9
Print timers			 (-time=)=3
Print debug information		 (-a=)=3

Loading graph
Graph loaded
Starting
Done

Writing timer output

Writing debug output
Done
Bootstrapping complete
SCC. build: 16:01:56, May 30 2019. Time: 22:37:14 [Apr  3 2019]
===============================================================
Input graph (directed)		 (-g=)=../graphs/Google.edges
Input number of trim levels	 (-t=)=3
Pivot selection			 (-p=)=1
Specify FW-BW variant		 (-m=)=1
Specify maximum workers		 (-w=)=1
Specify randwalk iterations	 (-rand=)=10
Specify trim cutoff point	 (-cutoff=)=0
Specify how often to trim	 (-steps=)=1
Print help section		 (-h=)=No
Print SCC output to file	 (-out=)=No
Name to append output file	 (-suffix=)=PivotMaxDeg_C1_iteration10
Print timers			 (-time=)=3
Print debug information		 (-a=)=3

Loading graph
Graph loaded
Starting
Done

Writing timer output

Writing debug output
Done
Bootstrapping complete
SCC. build: 16:01:56, May 30 2019. Time: 22:40:12 [Apr  3 2019]
===============================================================
Input graph (directed)		 (-g=)=../graphs/Google.edges
Input number of trim levels	 (-t=)=3
Pivot selection			 (-p=)=1
Specify FW-BW variant		 (-m=)=1
Specify maximum workers		 (-w=)=2
Specify randwalk iterations	 (-rand=)=10
Specify trim cutoff point	 (-cutoff=)=0
Specify how often to trim	 (-steps=)=1
Print help section		 (-h=)=No
Print SCC output to file	 (-out=)=No
Name to append output file	 (-suffix=)=PivotMaxDeg_C2_iteration1
Print timers			 (-time=)=3
Print debug information		 (-a=)=3

Loading graph
Graph loaded
Starting
Done

Writing timer output

Writing debug output
Done
Bootstrapping complete
SCC. build: 16:01:56, May 30 2019. Time: 22:41:52 [Apr  3 2019]
===============================================================
Input graph (directed)		 (-g=)=../graphs/Google.edges
Input number of trim levels	 (-t=)=3
Pivot selection			 (-p=)=1
Specify FW-BW variant		 (-m=)=1
Specify maximum workers		 (-w=)=2
Specify randwalk iterations	 (-rand=)=10
Specify trim cutoff point	 (-cutoff=)=0
Specify how often to trim	 (-steps=)=1
Print help section		 (-h=)=No
Print SCC output to file	 (-out=)=No
Name to append output file	 (-suffix=)=PivotMaxDeg_C2_iteration2
Print timers			 (-time=)=3
Print debug information		 (-a=)=3

Loading graph
Graph loaded
Starting
Done

Writing timer output

Writing debug output
Done
Bootstrapping complete
SCC. build: 16:01:56, May 30 2019. Time: 22:43:32 [Apr  3 2019]
===============================================================
Input graph (directed)		 (-g=)=../graphs/Google.edges
Input number of trim levels	 (-t=)=3
Pivot selection			 (-p=)=1
Specify FW-BW variant		 (-m=)=1
Specify maximum workers		 (-w=)=2
Specify randwalk iterations	 (-rand=)=10
Specify trim cutoff point	 (-cutoff=)=0
Specify how often to trim	 (-steps=)=1
Print help section		 (-h=)=No
Print SCC output to file	 (-out=)=No
Name to append output file	 (-suffix=)=PivotMaxDeg_C2_iteration3
Print timers			 (-time=)=3
Print debug information		 (-a=)=3

Loading graph
Graph loaded
Starting
Done

Writing timer output

Writing debug output
Done
Bootstrapping complete
SCC. build: 16:01:56, May 30 2019. Time: 22:45:12 [Apr  3 2019]
===============================================================
Input graph (directed)		 (-g=)=../graphs/Google.edges
Input number of trim levels	 (-t=)=3
Pivot selection			 (-p=)=1
Specify FW-BW variant		 (-m=)=1
Specify maximum workers		 (-w=)=2
Specify randwalk iterations	 (-rand=)=10
Specify trim cutoff point	 (-cutoff=)=0
Specify how often to trim	 (-steps=)=1
Print help section		 (-h=)=No
Print SCC output to file	 (-out=)=No
Name to append output file	 (-suffix=)=PivotMaxDeg_C2_iteration4
Print timers			 (-time=)=3
Print debug information		 (-a=)=3

Loading graph
Graph loaded
Starting
Done

Writing timer output

Writing debug output
Done
Bootstrapping complete
SCC. build: 16:01:56, May 30 2019. Time: 22:46:53 [Apr  3 2019]
===============================================================
Input graph (directed)		 (-g=)=../graphs/Google.edges
Input number of trim levels	 (-t=)=3
Pivot selection			 (-p=)=1
Specify FW-BW variant		 (-m=)=1
Specify maximum workers		 (-w=)=2
Specify randwalk iterations	 (-rand=)=10
Specify trim cutoff point	 (-cutoff=)=0
Specify how often to trim	 (-steps=)=1
Print help section		 (-h=)=No
Print SCC output to file	 (-out=)=No
Name to append output file	 (-suffix=)=PivotMaxDeg_C2_iteration5
Print timers			 (-time=)=3
Print debug information		 (-a=)=3

Loading graph
Graph loaded
Starting
Done

Writing timer output

Writing debug output
Done
Bootstrapping complete
SCC. build: 16:01:56, May 30 2019. Time: 22:48:33 [Apr  3 2019]
===============================================================
Input graph (directed)		 (-g=)=../graphs/Google.edges
Input number of trim levels	 (-t=)=3
Pivot selection			 (-p=)=1
Specify FW-BW variant		 (-m=)=1
Specify maximum workers		 (-w=)=2
Specify randwalk iterations	 (-rand=)=10
Specify trim cutoff point	 (-cutoff=)=0
Specify how often to trim	 (-steps=)=1
Print help section		 (-h=)=No
Print SCC output to file	 (-out=)=No
Name to append output file	 (-suffix=)=PivotMaxDeg_C2_iteration6
Print timers			 (-time=)=3
Print debug information		 (-a=)=3

Loading graph
Graph loaded
Starting
Done

Writing timer output

Writing debug output
Done
Bootstrapping complete
SCC. build: 16:01:56, May 30 2019. Time: 22:50:13 [Apr  3 2019]
===============================================================
Input graph (directed)		 (-g=)=../graphs/Google.edges
Input number of trim levels	 (-t=)=3
Pivot selection			 (-p=)=1
Specify FW-BW variant		 (-m=)=1
Specify maximum workers		 (-w=)=2
Specify randwalk iterations	 (-rand=)=10
Specify trim cutoff point	 (-cutoff=)=0
Specify how often to trim	 (-steps=)=1
Print help section		 (-h=)=No
Print SCC output to file	 (-out=)=No
Name to append output file	 (-suffix=)=PivotMaxDeg_C2_iteration7
Print timers			 (-time=)=3
Print debug information		 (-a=)=3

Loading graph
Graph loaded
Starting
Done

Writing timer output

Writing debug output
Done
Bootstrapping complete
SCC. build: 16:01:56, May 30 2019. Time: 22:51:53 [Apr  3 2019]
===============================================================
Input graph (directed)		 (-g=)=../graphs/Google.edges
Input number of trim levels	 (-t=)=3
Pivot selection			 (-p=)=1
Specify FW-BW variant		 (-m=)=1
Specify maximum workers		 (-w=)=2
Specify randwalk iterations	 (-rand=)=10
Specify trim cutoff point	 (-cutoff=)=0
Specify how often to trim	 (-steps=)=1
Print help section		 (-h=)=No
Print SCC output to file	 (-out=)=No
Name to append output file	 (-suffix=)=PivotMaxDeg_C2_iteration8
Print timers			 (-time=)=3
Print debug information		 (-a=)=3

Loading graph
Graph loaded
Starting
Done

Writing timer output

Writing debug output
Done
Bootstrapping complete
SCC. build: 16:01:56, May 30 2019. Time: 22:53:35 [Apr  3 2019]
===============================================================
Input graph (directed)		 (-g=)=../graphs/Google.edges
Input number of trim levels	 (-t=)=3
Pivot selection			 (-p=)=1
Specify FW-BW variant		 (-m=)=1
Specify maximum workers		 (-w=)=2
Specify randwalk iterations	 (-rand=)=10
Specify trim cutoff point	 (-cutoff=)=0
Specify how often to trim	 (-steps=)=1
Print help section		 (-h=)=No
Print SCC output to file	 (-out=)=No
Name to append output file	 (-suffix=)=PivotMaxDeg_C2_iteration9
Print timers			 (-time=)=3
Print debug information		 (-a=)=3

Loading graph
Graph loaded
Starting
Done

Writing timer output

Writing debug output
Done
Bootstrapping complete
SCC. build: 16:01:56, May 30 2019. Time: 22:55:16 [Apr  3 2019]
===============================================================
Input graph (directed)		 (-g=)=../graphs/Google.edges
Input number of trim levels	 (-t=)=3
Pivot selection			 (-p=)=1
Specify FW-BW variant		 (-m=)=1
Specify maximum workers		 (-w=)=2
Specify randwalk iterations	 (-rand=)=10
Specify trim cutoff point	 (-cutoff=)=0
Specify how often to trim	 (-steps=)=1
Print help section		 (-h=)=No
Print SCC output to file	 (-out=)=No
Name to append output file	 (-suffix=)=PivotMaxDeg_C2_iteration10
Print timers			 (-time=)=3
Print debug information		 (-a=)=3

Loading graph
Graph loaded
Starting
Done

Writing timer output

Writing debug output
Done
Bootstrapping complete
SCC. build: 16:01:56, May 30 2019. Time: 22:56:53 [Apr  3 2019]
===============================================================
Input graph (directed)		 (-g=)=../graphs/Google.edges
Input number of trim levels	 (-t=)=3
Pivot selection			 (-p=)=1
Specify FW-BW variant		 (-m=)=1
Specify maximum workers		 (-w=)=4
Specify randwalk iterations	 (-rand=)=10
Specify trim cutoff point	 (-cutoff=)=0
Specify how often to trim	 (-steps=)=1
Print help section		 (-h=)=No
Print SCC output to file	 (-out=)=No
Name to append output file	 (-suffix=)=PivotMaxDeg_C4_iteration1
Print timers			 (-time=)=3
Print debug information		 (-a=)=3

Loading graph
Graph loaded
Starting
Done

Writing timer output

Writing debug output
Done
Bootstrapping complete
SCC. build: 16:01:56, May 30 2019. Time: 22:58:00 [Apr  3 2019]
===============================================================
Input graph (directed)		 (-g=)=../graphs/Google.edges
Input number of trim levels	 (-t=)=3
Pivot selection			 (-p=)=1
Specify FW-BW variant		 (-m=)=1
Specify maximum workers		 (-w=)=4
Specify randwalk iterations	 (-rand=)=10
Specify trim cutoff point	 (-cutoff=)=0
Specify how often to trim	 (-steps=)=1
Print help section		 (-h=)=No
Print SCC output to file	 (-out=)=No
Name to append output file	 (-suffix=)=PivotMaxDeg_C4_iteration2
Print timers			 (-time=)=3
Print debug information		 (-a=)=3

Loading graph
Graph loaded
Starting
Done

Writing timer output

Writing debug output
Done
Bootstrapping complete
SCC. build: 16:01:56, May 30 2019. Time: 22:59:07 [Apr  3 2019]
===============================================================
Input graph (directed)		 (-g=)=../graphs/Google.edges
Input number of trim levels	 (-t=)=3
Pivot selection			 (-p=)=1
Specify FW-BW variant		 (-m=)=1
Specify maximum workers		 (-w=)=4
Specify randwalk iterations	 (-rand=)=10
Specify trim cutoff point	 (-cutoff=)=0
Specify how often to trim	 (-steps=)=1
Print help section		 (-h=)=No
Print SCC output to file	 (-out=)=No
Name to append output file	 (-suffix=)=PivotMaxDeg_C4_iteration3
Print timers			 (-time=)=3
Print debug information		 (-a=)=3

Loading graph
Graph loaded
Starting
Done

Writing timer output

Writing debug output
Done
Bootstrapping complete
SCC. build: 16:01:56, May 30 2019. Time: 23:00:14 [Apr  3 2019]
===============================================================
Input graph (directed)		 (-g=)=../graphs/Google.edges
Input number of trim levels	 (-t=)=3
Pivot selection			 (-p=)=1
Specify FW-BW variant		 (-m=)=1
Specify maximum workers		 (-w=)=4
Specify randwalk iterations	 (-rand=)=10
Specify trim cutoff point	 (-cutoff=)=0
Specify how often to trim	 (-steps=)=1
Print help section		 (-h=)=No
Print SCC output to file	 (-out=)=No
Name to append output file	 (-suffix=)=PivotMaxDeg_C4_iteration4
Print timers			 (-time=)=3
Print debug information		 (-a=)=3

Loading graph
Graph loaded
Starting
Done

Writing timer output

Writing debug output
Done
Bootstrapping complete
SCC. build: 16:01:56, May 30 2019. Time: 23:01:24 [Apr  3 2019]
===============================================================
Input graph (directed)		 (-g=)=../graphs/Google.edges
Input number of trim levels	 (-t=)=3
Pivot selection			 (-p=)=1
Specify FW-BW variant		 (-m=)=1
Specify maximum workers		 (-w=)=4
Specify randwalk iterations	 (-rand=)=10
Specify trim cutoff point	 (-cutoff=)=0
Specify how often to trim	 (-steps=)=1
Print help section		 (-h=)=No
Print SCC output to file	 (-out=)=No
Name to append output file	 (-suffix=)=PivotMaxDeg_C4_iteration5
Print timers			 (-time=)=3
Print debug information		 (-a=)=3

Loading graph
Graph loaded
Starting
Done

Writing timer output

Writing debug output
Done
Bootstrapping complete
SCC. build: 16:01:56, May 30 2019. Time: 23:02:28 [Apr  3 2019]
===============================================================
Input graph (directed)		 (-g=)=../graphs/Google.edges
Input number of trim levels	 (-t=)=3
Pivot selection			 (-p=)=1
Specify FW-BW variant		 (-m=)=1
Specify maximum workers		 (-w=)=4
Specify randwalk iterations	 (-rand=)=10
Specify trim cutoff point	 (-cutoff=)=0
Specify how often to trim	 (-steps=)=1
Print help section		 (-h=)=No
Print SCC output to file	 (-out=)=No
Name to append output file	 (-suffix=)=PivotMaxDeg_C4_iteration6
Print timers			 (-time=)=3
Print debug information		 (-a=)=3

Loading graph
Graph loaded
Starting
Done

Writing timer output

Writing debug output
Done
Bootstrapping complete
SCC. build: 16:01:56, May 30 2019. Time: 23:03:36 [Apr  3 2019]
===============================================================
Input graph (directed)		 (-g=)=../graphs/Google.edges
Input number of trim levels	 (-t=)=3
Pivot selection			 (-p=)=1
Specify FW-BW variant		 (-m=)=1
Specify maximum workers		 (-w=)=4
Specify randwalk iterations	 (-rand=)=10
Specify trim cutoff point	 (-cutoff=)=0
Specify how often to trim	 (-steps=)=1
Print help section		 (-h=)=No
Print SCC output to file	 (-out=)=No
Name to append output file	 (-suffix=)=PivotMaxDeg_C4_iteration7
Print timers			 (-time=)=3
Print debug information		 (-a=)=3

Loading graph
Graph loaded
Starting
Done

Writing timer output

Writing debug output
Done
Bootstrapping complete
SCC. build: 16:01:56, May 30 2019. Time: 23:04:46 [Apr  3 2019]
===============================================================
Input graph (directed)		 (-g=)=../graphs/Google.edges
Input number of trim levels	 (-t=)=3
Pivot selection			 (-p=)=1
Specify FW-BW variant		 (-m=)=1
Specify maximum workers		 (-w=)=4
Specify randwalk iterations	 (-rand=)=10
Specify trim cutoff point	 (-cutoff=)=0
Specify how often to trim	 (-steps=)=1
Print help section		 (-h=)=No
Print SCC output to file	 (-out=)=No
Name to append output file	 (-suffix=)=PivotMaxDeg_C4_iteration8
Print timers			 (-time=)=3
Print debug information		 (-a=)=3

Loading graph
Graph loaded
Starting
Done

Writing timer output

Writing debug output
Done
Bootstrapping complete
SCC. build: 16:01:56, May 30 2019. Time: 23:05:53 [Apr  3 2019]
===============================================================
Input graph (directed)		 (-g=)=../graphs/Google.edges
Input number of trim levels	 (-t=)=3
Pivot selection			 (-p=)=1
Specify FW-BW variant		 (-m=)=1
Specify maximum workers		 (-w=)=4
Specify randwalk iterations	 (-rand=)=10
Specify trim cutoff point	 (-cutoff=)=0
Specify how often to trim	 (-steps=)=1
Print help section		 (-h=)=No
Print SCC output to file	 (-out=)=No
Name to append output file	 (-suffix=)=PivotMaxDeg_C4_iteration9
Print timers			 (-time=)=3
Print debug information		 (-a=)=3

Loading graph
Graph loaded
Starting
Done

Writing timer output

Writing debug output
Done
Bootstrapping complete
SCC. build: 16:01:56, May 30 2019. Time: 23:07:00 [Apr  3 2019]
===============================================================
Input graph (directed)		 (-g=)=../graphs/Google.edges
Input number of trim levels	 (-t=)=3
Pivot selection			 (-p=)=1
Specify FW-BW variant		 (-m=)=1
Specify maximum workers		 (-w=)=4
Specify randwalk iterations	 (-rand=)=10
Specify trim cutoff point	 (-cutoff=)=0
Specify how often to trim	 (-steps=)=1
Print help section		 (-h=)=No
Print SCC output to file	 (-out=)=No
Name to append output file	 (-suffix=)=PivotMaxDeg_C4_iteration10
Print timers			 (-time=)=3
Print debug information		 (-a=)=3

Loading graph
Graph loaded
Starting
Done

Writing timer output

Writing debug output
Done
Bootstrapping complete
SCC. build: 16:01:56, May 30 2019. Time: 23:08:08 [Apr  3 2019]
===============================================================
Input graph (directed)		 (-g=)=../graphs/Google.edges
Input number of trim levels	 (-t=)=3
Pivot selection			 (-p=)=1
Specify FW-BW variant		 (-m=)=1
Specify maximum workers		 (-w=)=8
Specify randwalk iterations	 (-rand=)=10
Specify trim cutoff point	 (-cutoff=)=0
Specify how often to trim	 (-steps=)=1
Print help section		 (-h=)=No
Print SCC output to file	 (-out=)=No
Name to append output file	 (-suffix=)=PivotMaxDeg_C8_iteration1
Print timers			 (-time=)=3
Print debug information		 (-a=)=3

Loading graph
Graph loaded
Starting
Done

Writing timer output

Writing debug output
Done
Bootstrapping complete
SCC. build: 16:01:56, May 30 2019. Time: 23:08:58 [Apr  3 2019]
===============================================================
Input graph (directed)		 (-g=)=../graphs/Google.edges
Input number of trim levels	 (-t=)=3
Pivot selection			 (-p=)=1
Specify FW-BW variant		 (-m=)=1
Specify maximum workers		 (-w=)=8
Specify randwalk iterations	 (-rand=)=10
Specify trim cutoff point	 (-cutoff=)=0
Specify how often to trim	 (-steps=)=1
Print help section		 (-h=)=No
Print SCC output to file	 (-out=)=No
Name to append output file	 (-suffix=)=PivotMaxDeg_C8_iteration2
Print timers			 (-time=)=3
Print debug information		 (-a=)=3

Loading graph
Graph loaded
Starting
Done

Writing timer output

Writing debug output
Done
Bootstrapping complete
SCC. build: 16:01:56, May 30 2019. Time: 23:09:49 [Apr  3 2019]
===============================================================
Input graph (directed)		 (-g=)=../graphs/Google.edges
Input number of trim levels	 (-t=)=3
Pivot selection			 (-p=)=1
Specify FW-BW variant		 (-m=)=1
Specify maximum workers		 (-w=)=8
Specify randwalk iterations	 (-rand=)=10
Specify trim cutoff point	 (-cutoff=)=0
Specify how often to trim	 (-steps=)=1
Print help section		 (-h=)=No
Print SCC output to file	 (-out=)=No
Name to append output file	 (-suffix=)=PivotMaxDeg_C8_iteration3
Print timers			 (-time=)=3
Print debug information		 (-a=)=3

Loading graph
Graph loaded
Starting
Done

Writing timer output

Writing debug output
Done
Bootstrapping complete
SCC. build: 16:01:56, May 30 2019. Time: 23:10:39 [Apr  3 2019]
===============================================================
Input graph (directed)		 (-g=)=../graphs/Google.edges
Input number of trim levels	 (-t=)=3
Pivot selection			 (-p=)=1
Specify FW-BW variant		 (-m=)=1
Specify maximum workers		 (-w=)=8
Specify randwalk iterations	 (-rand=)=10
Specify trim cutoff point	 (-cutoff=)=0
Specify how often to trim	 (-steps=)=1
Print help section		 (-h=)=No
Print SCC output to file	 (-out=)=No
Name to append output file	 (-suffix=)=PivotMaxDeg_C8_iteration4
Print timers			 (-time=)=3
Print debug information		 (-a=)=3

Loading graph
Graph loaded
Starting
Done

Writing timer output

Writing debug output
Done
Bootstrapping complete
SCC. build: 16:01:56, May 30 2019. Time: 23:11:26 [Apr  3 2019]
===============================================================
Input graph (directed)		 (-g=)=../graphs/Google.edges
Input number of trim levels	 (-t=)=3
Pivot selection			 (-p=)=1
Specify FW-BW variant		 (-m=)=1
Specify maximum workers		 (-w=)=8
Specify randwalk iterations	 (-rand=)=10
Specify trim cutoff point	 (-cutoff=)=0
Specify how often to trim	 (-steps=)=1
Print help section		 (-h=)=No
Print SCC output to file	 (-out=)=No
Name to append output file	 (-suffix=)=PivotMaxDeg_C8_iteration5
Print timers			 (-time=)=3
Print debug information		 (-a=)=3

Loading graph
Graph loaded
Starting
Done

Writing timer output

Writing debug output
Done
Bootstrapping complete
SCC. build: 16:01:56, May 30 2019. Time: 23:12:16 [Apr  3 2019]
===============================================================
Input graph (directed)		 (-g=)=../graphs/Google.edges
Input number of trim levels	 (-t=)=3
Pivot selection			 (-p=)=1
Specify FW-BW variant		 (-m=)=1
Specify maximum workers		 (-w=)=8
Specify randwalk iterations	 (-rand=)=10
Specify trim cutoff point	 (-cutoff=)=0
Specify how often to trim	 (-steps=)=1
Print help section		 (-h=)=No
Print SCC output to file	 (-out=)=No
Name to append output file	 (-suffix=)=PivotMaxDeg_C8_iteration6
Print timers			 (-time=)=3
Print debug information		 (-a=)=3

Loading graph
Graph loaded
Starting
Done

Writing timer output

Writing debug output
Done
Bootstrapping complete
SCC. build: 16:01:56, May 30 2019. Time: 23:13:05 [Apr  3 2019]
===============================================================
Input graph (directed)		 (-g=)=../graphs/Google.edges
Input number of trim levels	 (-t=)=3
Pivot selection			 (-p=)=1
Specify FW-BW variant		 (-m=)=1
Specify maximum workers		 (-w=)=8
Specify randwalk iterations	 (-rand=)=10
Specify trim cutoff point	 (-cutoff=)=0
Specify how often to trim	 (-steps=)=1
Print help section		 (-h=)=No
Print SCC output to file	 (-out=)=No
Name to append output file	 (-suffix=)=PivotMaxDeg_C8_iteration7
Print timers			 (-time=)=3
Print debug information		 (-a=)=3

Loading graph
Graph loaded
Starting
Done

Writing timer output

Writing debug output
Done
Bootstrapping complete
SCC. build: 16:01:56, May 30 2019. Time: 23:13:58 [Apr  3 2019]
===============================================================
Input graph (directed)		 (-g=)=../graphs/Google.edges
Input number of trim levels	 (-t=)=3
Pivot selection			 (-p=)=1
Specify FW-BW variant		 (-m=)=1
Specify maximum workers		 (-w=)=8
Specify randwalk iterations	 (-rand=)=10
Specify trim cutoff point	 (-cutoff=)=0
Specify how often to trim	 (-steps=)=1
Print help section		 (-h=)=No
Print SCC output to file	 (-out=)=No
Name to append output file	 (-suffix=)=PivotMaxDeg_C8_iteration8
Print timers			 (-time=)=3
Print debug information		 (-a=)=3

Loading graph
Graph loaded
Starting
Done

Writing timer output

Writing debug output
Done
Bootstrapping complete
SCC. build: 16:01:56, May 30 2019. Time: 23:14:47 [Apr  3 2019]
===============================================================
Input graph (directed)		 (-g=)=../graphs/Google.edges
Input number of trim levels	 (-t=)=3
Pivot selection			 (-p=)=1
Specify FW-BW variant		 (-m=)=1
Specify maximum workers		 (-w=)=8
Specify randwalk iterations	 (-rand=)=10
Specify trim cutoff point	 (-cutoff=)=0
Specify how often to trim	 (-steps=)=1
Print help section		 (-h=)=No
Print SCC output to file	 (-out=)=No
Name to append output file	 (-suffix=)=PivotMaxDeg_C8_iteration9
Print timers			 (-time=)=3
Print debug information		 (-a=)=3

Loading graph
Graph loaded
Starting
Done

Writing timer output

Writing debug output
Done
Bootstrapping complete
SCC. build: 16:01:56, May 30 2019. Time: 23:15:39 [Apr  3 2019]
===============================================================
Input graph (directed)		 (-g=)=../graphs/Google.edges
Input number of trim levels	 (-t=)=3
Pivot selection			 (-p=)=1
Specify FW-BW variant		 (-m=)=1
Specify maximum workers		 (-w=)=8
Specify randwalk iterations	 (-rand=)=10
Specify trim cutoff point	 (-cutoff=)=0
Specify how often to trim	 (-steps=)=1
Print help section		 (-h=)=No
Print SCC output to file	 (-out=)=No
Name to append output file	 (-suffix=)=PivotMaxDeg_C8_iteration10
Print timers			 (-time=)=3
Print debug information		 (-a=)=3

Loading graph
Graph loaded
Starting
Done

Writing timer output

Writing debug output
Done
Bootstrapping complete
SCC. build: 16:01:56, May 30 2019. Time: 23:16:31 [Apr  3 2019]
===============================================================
Input graph (directed)		 (-g=)=../graphs/Google.edges
Input number of trim levels	 (-t=)=3
Pivot selection			 (-p=)=1
Specify FW-BW variant		 (-m=)=1
Specify maximum workers		 (-w=)=16
Specify randwalk iterations	 (-rand=)=10
Specify trim cutoff point	 (-cutoff=)=0
Specify how often to trim	 (-steps=)=1
Print help section		 (-h=)=No
Print SCC output to file	 (-out=)=No
Name to append output file	 (-suffix=)=PivotMaxDeg_C16_iteration1
Print timers			 (-time=)=3
Print debug information		 (-a=)=3

Loading graph
Graph loaded
Starting
Done

Writing timer output

Writing debug output
Done
Bootstrapping complete
SCC. build: 16:01:56, May 30 2019. Time: 23:17:16 [Apr  3 2019]
===============================================================
Input graph (directed)		 (-g=)=../graphs/Google.edges
Input number of trim levels	 (-t=)=3
Pivot selection			 (-p=)=1
Specify FW-BW variant		 (-m=)=1
Specify maximum workers		 (-w=)=16
Specify randwalk iterations	 (-rand=)=10
Specify trim cutoff point	 (-cutoff=)=0
Specify how often to trim	 (-steps=)=1
Print help section		 (-h=)=No
Print SCC output to file	 (-out=)=No
Name to append output file	 (-suffix=)=PivotMaxDeg_C16_iteration2
Print timers			 (-time=)=3
Print debug information		 (-a=)=3

Loading graph
Graph loaded
Starting
Done

Writing timer output

Writing debug output
Done
Bootstrapping complete
SCC. build: 16:01:56, May 30 2019. Time: 23:17:56 [Apr  3 2019]
===============================================================
Input graph (directed)		 (-g=)=../graphs/Google.edges
Input number of trim levels	 (-t=)=3
Pivot selection			 (-p=)=1
Specify FW-BW variant		 (-m=)=1
Specify maximum workers		 (-w=)=16
Specify randwalk iterations	 (-rand=)=10
Specify trim cutoff point	 (-cutoff=)=0
Specify how often to trim	 (-steps=)=1
Print help section		 (-h=)=No
Print SCC output to file	 (-out=)=No
Name to append output file	 (-suffix=)=PivotMaxDeg_C16_iteration3
Print timers			 (-time=)=3
Print debug information		 (-a=)=3

Loading graph
Graph loaded
Starting
Done

Writing timer output

Writing debug output
Done
Bootstrapping complete
SCC. build: 16:01:56, May 30 2019. Time: 23:18:37 [Apr  3 2019]
===============================================================
Input graph (directed)		 (-g=)=../graphs/Google.edges
Input number of trim levels	 (-t=)=3
Pivot selection			 (-p=)=1
Specify FW-BW variant		 (-m=)=1
Specify maximum workers		 (-w=)=16
Specify randwalk iterations	 (-rand=)=10
Specify trim cutoff point	 (-cutoff=)=0
Specify how often to trim	 (-steps=)=1
Print help section		 (-h=)=No
Print SCC output to file	 (-out=)=No
Name to append output file	 (-suffix=)=PivotMaxDeg_C16_iteration4
Print timers			 (-time=)=3
Print debug information		 (-a=)=3

Loading graph
Graph loaded
Starting
Done

Writing timer output

Writing debug output
Done
Bootstrapping complete
SCC. build: 16:01:56, May 30 2019. Time: 23:19:19 [Apr  3 2019]
===============================================================
Input graph (directed)		 (-g=)=../graphs/Google.edges
Input number of trim levels	 (-t=)=3
Pivot selection			 (-p=)=1
Specify FW-BW variant		 (-m=)=1
Specify maximum workers		 (-w=)=16
Specify randwalk iterations	 (-rand=)=10
Specify trim cutoff point	 (-cutoff=)=0
Specify how often to trim	 (-steps=)=1
Print help section		 (-h=)=No
Print SCC output to file	 (-out=)=No
Name to append output file	 (-suffix=)=PivotMaxDeg_C16_iteration5
Print timers			 (-time=)=3
Print debug information		 (-a=)=3

Loading graph
Graph loaded
Starting
Done

Writing timer output

Writing debug output
Done
Bootstrapping complete
SCC. build: 16:01:56, May 30 2019. Time: 23:20:04 [Apr  3 2019]
===============================================================
Input graph (directed)		 (-g=)=../graphs/Google.edges
Input number of trim levels	 (-t=)=3
Pivot selection			 (-p=)=1
Specify FW-BW variant		 (-m=)=1
Specify maximum workers		 (-w=)=16
Specify randwalk iterations	 (-rand=)=10
Specify trim cutoff point	 (-cutoff=)=0
Specify how often to trim	 (-steps=)=1
Print help section		 (-h=)=No
Print SCC output to file	 (-out=)=No
Name to append output file	 (-suffix=)=PivotMaxDeg_C16_iteration6
Print timers			 (-time=)=3
Print debug information		 (-a=)=3

Loading graph
Graph loaded
Starting
Done

Writing timer output

Writing debug output
Done
Bootstrapping complete
SCC. build: 16:01:56, May 30 2019. Time: 23:20:45 [Apr  3 2019]
===============================================================
Input graph (directed)		 (-g=)=../graphs/Google.edges
Input number of trim levels	 (-t=)=3
Pivot selection			 (-p=)=1
Specify FW-BW variant		 (-m=)=1
Specify maximum workers		 (-w=)=16
Specify randwalk iterations	 (-rand=)=10
Specify trim cutoff point	 (-cutoff=)=0
Specify how often to trim	 (-steps=)=1
Print help section		 (-h=)=No
Print SCC output to file	 (-out=)=No
Name to append output file	 (-suffix=)=PivotMaxDeg_C16_iteration7
Print timers			 (-time=)=3
Print debug information		 (-a=)=3

Loading graph
Graph loaded
Starting
Done

Writing timer output

Writing debug output
Done
Bootstrapping complete
SCC. build: 16:01:56, May 30 2019. Time: 23:21:30 [Apr  3 2019]
===============================================================
Input graph (directed)		 (-g=)=../graphs/Google.edges
Input number of trim levels	 (-t=)=3
Pivot selection			 (-p=)=1
Specify FW-BW variant		 (-m=)=1
Specify maximum workers		 (-w=)=16
Specify randwalk iterations	 (-rand=)=10
Specify trim cutoff point	 (-cutoff=)=0
Specify how often to trim	 (-steps=)=1
Print help section		 (-h=)=No
Print SCC output to file	 (-out=)=No
Name to append output file	 (-suffix=)=PivotMaxDeg_C16_iteration8
Print timers			 (-time=)=3
Print debug information		 (-a=)=3

Loading graph
Graph loaded
Starting
Done

Writing timer output

Writing debug output
Done
Bootstrapping complete
SCC. build: 16:01:56, May 30 2019. Time: 23:22:09 [Apr  3 2019]
===============================================================
Input graph (directed)		 (-g=)=../graphs/Google.edges
Input number of trim levels	 (-t=)=3
Pivot selection			 (-p=)=1
Specify FW-BW variant		 (-m=)=1
Specify maximum workers		 (-w=)=16
Specify randwalk iterations	 (-rand=)=10
Specify trim cutoff point	 (-cutoff=)=0
Specify how often to trim	 (-steps=)=1
Print help section		 (-h=)=No
Print SCC output to file	 (-out=)=No
Name to append output file	 (-suffix=)=PivotMaxDeg_C16_iteration9
Print timers			 (-time=)=3
Print debug information		 (-a=)=3

Loading graph
Graph loaded
Starting
Done

Writing timer output

Writing debug output
Done
Bootstrapping complete
SCC. build: 16:01:56, May 30 2019. Time: 23:22:50 [Apr  3 2019]
===============================================================
Input graph (directed)		 (-g=)=../graphs/Google.edges
Input number of trim levels	 (-t=)=3
Pivot selection			 (-p=)=1
Specify FW-BW variant		 (-m=)=1
Specify maximum workers		 (-w=)=16
Specify randwalk iterations	 (-rand=)=10
Specify trim cutoff point	 (-cutoff=)=0
Specify how often to trim	 (-steps=)=1
Print help section		 (-h=)=No
Print SCC output to file	 (-out=)=No
Name to append output file	 (-suffix=)=PivotMaxDeg_C16_iteration10
Print timers			 (-time=)=3
Print debug information		 (-a=)=3

Loading graph
Graph loaded
Starting
Done

Writing timer output

Writing debug output
Done
