Bootstrapping complete
SCC. build: 16:01:56, May 30 2019. Time: 21:31:11 [Apr  3 2019]
===============================================================
Input graph (directed)		 (-g=)=../graphs/Slashdot.edges
Input number of trim levels	 (-t=)=0
Pivot selection			 (-p=)=3
Specify FW-BW variant		 (-m=)=1
Specify maximum workers		 (-w=)=1
Specify randwalk iterations	 (-rand=)=50
Specify trim cutoff point	 (-cutoff=)=0
Specify how often to trim	 (-steps=)=1
Print help section		 (-h=)=No
Print SCC output to file	 (-out=)=No
Name to append output file	 (-suffix=)=PivotRandWalk_C1_iteration1
Print timers			 (-time=)=3
Print debug information		 (-a=)=3

Loading graph
Graph loaded
Starting
Done

Writing timer output

Writing debug output
Done
Bootstrapping complete
SCC. build: 16:01:56, May 30 2019. Time: 21:31:14 [Apr  3 2019]
===============================================================
Input graph (directed)		 (-g=)=../graphs/Slashdot.edges
Input number of trim levels	 (-t=)=0
Pivot selection			 (-p=)=3
Specify FW-BW variant		 (-m=)=1
Specify maximum workers		 (-w=)=1
Specify randwalk iterations	 (-rand=)=50
Specify trim cutoff point	 (-cutoff=)=0
Specify how often to trim	 (-steps=)=1
Print help section		 (-h=)=No
Print SCC output to file	 (-out=)=No
Name to append output file	 (-suffix=)=PivotRandWalk_C1_iteration2
Print timers			 (-time=)=3
Print debug information		 (-a=)=3

Loading graph
Graph loaded
Starting
Done

Writing timer output

Writing debug output
Done
Bootstrapping complete
SCC. build: 16:01:56, May 30 2019. Time: 21:31:16 [Apr  3 2019]
===============================================================
Input graph (directed)		 (-g=)=../graphs/Slashdot.edges
Input number of trim levels	 (-t=)=0
Pivot selection			 (-p=)=3
Specify FW-BW variant		 (-m=)=1
Specify maximum workers		 (-w=)=1
Specify randwalk iterations	 (-rand=)=50
Specify trim cutoff point	 (-cutoff=)=0
Specify how often to trim	 (-steps=)=1
Print help section		 (-h=)=No
Print SCC output to file	 (-out=)=No
Name to append output file	 (-suffix=)=PivotRandWalk_C1_iteration3
Print timers			 (-time=)=3
Print debug information		 (-a=)=3

Loading graph
Graph loaded
Starting
Done

Writing timer output

Writing debug output
Done
Bootstrapping complete
SCC. build: 16:01:56, May 30 2019. Time: 21:31:19 [Apr  3 2019]
===============================================================
Input graph (directed)		 (-g=)=../graphs/Slashdot.edges
Input number of trim levels	 (-t=)=0
Pivot selection			 (-p=)=3
Specify FW-BW variant		 (-m=)=1
Specify maximum workers		 (-w=)=1
Specify randwalk iterations	 (-rand=)=50
Specify trim cutoff point	 (-cutoff=)=0
Specify how often to trim	 (-steps=)=1
Print help section		 (-h=)=No
Print SCC output to file	 (-out=)=No
Name to append output file	 (-suffix=)=PivotRandWalk_C1_iteration4
Print timers			 (-time=)=3
Print debug information		 (-a=)=3

Loading graph
Graph loaded
Starting
Done

Writing timer output

Writing debug output
Done
Bootstrapping complete
SCC. build: 16:01:56, May 30 2019. Time: 21:31:21 [Apr  3 2019]
===============================================================
Input graph (directed)		 (-g=)=../graphs/Slashdot.edges
Input number of trim levels	 (-t=)=0
Pivot selection			 (-p=)=3
Specify FW-BW variant		 (-m=)=1
Specify maximum workers		 (-w=)=1
Specify randwalk iterations	 (-rand=)=50
Specify trim cutoff point	 (-cutoff=)=0
Specify how often to trim	 (-steps=)=1
Print help section		 (-h=)=No
Print SCC output to file	 (-out=)=No
Name to append output file	 (-suffix=)=PivotRandWalk_C1_iteration5
Print timers			 (-time=)=3
Print debug information		 (-a=)=3

Loading graph
Graph loaded
Starting
Done

Writing timer output

Writing debug output
Done
Bootstrapping complete
SCC. build: 16:01:56, May 30 2019. Time: 21:31:24 [Apr  3 2019]
===============================================================
Input graph (directed)		 (-g=)=../graphs/Slashdot.edges
Input number of trim levels	 (-t=)=0
Pivot selection			 (-p=)=3
Specify FW-BW variant		 (-m=)=1
Specify maximum workers		 (-w=)=1
Specify randwalk iterations	 (-rand=)=50
Specify trim cutoff point	 (-cutoff=)=0
Specify how often to trim	 (-steps=)=1
Print help section		 (-h=)=No
Print SCC output to file	 (-out=)=No
Name to append output file	 (-suffix=)=PivotRandWalk_C1_iteration6
Print timers			 (-time=)=3
Print debug information		 (-a=)=3

Loading graph
Graph loaded
Starting
Done

Writing timer output

Writing debug output
Done
Bootstrapping complete
SCC. build: 16:01:56, May 30 2019. Time: 21:31:26 [Apr  3 2019]
===============================================================
Input graph (directed)		 (-g=)=../graphs/Slashdot.edges
Input number of trim levels	 (-t=)=0
Pivot selection			 (-p=)=3
Specify FW-BW variant		 (-m=)=1
Specify maximum workers		 (-w=)=1
Specify randwalk iterations	 (-rand=)=50
Specify trim cutoff point	 (-cutoff=)=0
Specify how often to trim	 (-steps=)=1
Print help section		 (-h=)=No
Print SCC output to file	 (-out=)=No
Name to append output file	 (-suffix=)=PivotRandWalk_C1_iteration7
Print timers			 (-time=)=3
Print debug information		 (-a=)=3

Loading graph
Graph loaded
Starting
Done

Writing timer output

Writing debug output
Done
Bootstrapping complete
SCC. build: 16:01:56, May 30 2019. Time: 21:31:29 [Apr  3 2019]
===============================================================
Input graph (directed)		 (-g=)=../graphs/Slashdot.edges
Input number of trim levels	 (-t=)=0
Pivot selection			 (-p=)=3
Specify FW-BW variant		 (-m=)=1
Specify maximum workers		 (-w=)=1
Specify randwalk iterations	 (-rand=)=50
Specify trim cutoff point	 (-cutoff=)=0
Specify how often to trim	 (-steps=)=1
Print help section		 (-h=)=No
Print SCC output to file	 (-out=)=No
Name to append output file	 (-suffix=)=PivotRandWalk_C1_iteration8
Print timers			 (-time=)=3
Print debug information		 (-a=)=3

Loading graph
Graph loaded
Starting
Done

Writing timer output

Writing debug output
Done
Bootstrapping complete
SCC. build: 16:01:56, May 30 2019. Time: 21:31:31 [Apr  3 2019]
===============================================================
Input graph (directed)		 (-g=)=../graphs/Slashdot.edges
Input number of trim levels	 (-t=)=0
Pivot selection			 (-p=)=3
Specify FW-BW variant		 (-m=)=1
Specify maximum workers		 (-w=)=1
Specify randwalk iterations	 (-rand=)=50
Specify trim cutoff point	 (-cutoff=)=0
Specify how often to trim	 (-steps=)=1
Print help section		 (-h=)=No
Print SCC output to file	 (-out=)=No
Name to append output file	 (-suffix=)=PivotRandWalk_C1_iteration9
Print timers			 (-time=)=3
Print debug information		 (-a=)=3

Loading graph
Graph loaded
Starting
Done

Writing timer output

Writing debug output
Done
Bootstrapping complete
SCC. build: 16:01:56, May 30 2019. Time: 21:31:33 [Apr  3 2019]
===============================================================
Input graph (directed)		 (-g=)=../graphs/Slashdot.edges
Input number of trim levels	 (-t=)=0
Pivot selection			 (-p=)=3
Specify FW-BW variant		 (-m=)=1
Specify maximum workers		 (-w=)=1
Specify randwalk iterations	 (-rand=)=50
Specify trim cutoff point	 (-cutoff=)=0
Specify how often to trim	 (-steps=)=1
Print help section		 (-h=)=No
Print SCC output to file	 (-out=)=No
Name to append output file	 (-suffix=)=PivotRandWalk_C1_iteration10
Print timers			 (-time=)=3
Print debug information		 (-a=)=3

Loading graph
Graph loaded
Starting
Done

Writing timer output

Writing debug output
Done
Bootstrapping complete
SCC. build: 16:01:56, May 30 2019. Time: 21:31:36 [Apr  3 2019]
===============================================================
Input graph (directed)		 (-g=)=../graphs/Slashdot.edges
Input number of trim levels	 (-t=)=0
Pivot selection			 (-p=)=3
Specify FW-BW variant		 (-m=)=1
Specify maximum workers		 (-w=)=2
Specify randwalk iterations	 (-rand=)=50
Specify trim cutoff point	 (-cutoff=)=0
Specify how often to trim	 (-steps=)=1
Print help section		 (-h=)=No
Print SCC output to file	 (-out=)=No
Name to append output file	 (-suffix=)=PivotRandWalk_C2_iteration1
Print timers			 (-time=)=3
Print debug information		 (-a=)=3

Loading graph
Graph loaded
Starting
Done

Writing timer output

Writing debug output
Done
Bootstrapping complete
SCC. build: 16:01:56, May 30 2019. Time: 21:31:38 [Apr  3 2019]
===============================================================
Input graph (directed)		 (-g=)=../graphs/Slashdot.edges
Input number of trim levels	 (-t=)=0
Pivot selection			 (-p=)=3
Specify FW-BW variant		 (-m=)=1
Specify maximum workers		 (-w=)=2
Specify randwalk iterations	 (-rand=)=50
Specify trim cutoff point	 (-cutoff=)=0
Specify how often to trim	 (-steps=)=1
Print help section		 (-h=)=No
Print SCC output to file	 (-out=)=No
Name to append output file	 (-suffix=)=PivotRandWalk_C2_iteration2
Print timers			 (-time=)=3
Print debug information		 (-a=)=3

Loading graph
Graph loaded
Starting
Done

Writing timer output

Writing debug output
Done
Bootstrapping complete
SCC. build: 16:01:56, May 30 2019. Time: 21:31:40 [Apr  3 2019]
===============================================================
Input graph (directed)		 (-g=)=../graphs/Slashdot.edges
Input number of trim levels	 (-t=)=0
Pivot selection			 (-p=)=3
Specify FW-BW variant		 (-m=)=1
Specify maximum workers		 (-w=)=2
Specify randwalk iterations	 (-rand=)=50
Specify trim cutoff point	 (-cutoff=)=0
Specify how often to trim	 (-steps=)=1
Print help section		 (-h=)=No
Print SCC output to file	 (-out=)=No
Name to append output file	 (-suffix=)=PivotRandWalk_C2_iteration3
Print timers			 (-time=)=3
Print debug information		 (-a=)=3

Loading graph
Graph loaded
Starting
Done

Writing timer output

Writing debug output
Done
Bootstrapping complete
SCC. build: 16:01:56, May 30 2019. Time: 21:31:41 [Apr  3 2019]
===============================================================
Input graph (directed)		 (-g=)=../graphs/Slashdot.edges
Input number of trim levels	 (-t=)=0
Pivot selection			 (-p=)=3
Specify FW-BW variant		 (-m=)=1
Specify maximum workers		 (-w=)=2
Specify randwalk iterations	 (-rand=)=50
Specify trim cutoff point	 (-cutoff=)=0
Specify how often to trim	 (-steps=)=1
Print help section		 (-h=)=No
Print SCC output to file	 (-out=)=No
Name to append output file	 (-suffix=)=PivotRandWalk_C2_iteration4
Print timers			 (-time=)=3
Print debug information		 (-a=)=3

Loading graph
Graph loaded
Starting
Done

Writing timer output

Writing debug output
Done
Bootstrapping complete
SCC. build: 16:01:56, May 30 2019. Time: 21:31:43 [Apr  3 2019]
===============================================================
Input graph (directed)		 (-g=)=../graphs/Slashdot.edges
Input number of trim levels	 (-t=)=0
Pivot selection			 (-p=)=3
Specify FW-BW variant		 (-m=)=1
Specify maximum workers		 (-w=)=2
Specify randwalk iterations	 (-rand=)=50
Specify trim cutoff point	 (-cutoff=)=0
Specify how often to trim	 (-steps=)=1
Print help section		 (-h=)=No
Print SCC output to file	 (-out=)=No
Name to append output file	 (-suffix=)=PivotRandWalk_C2_iteration5
Print timers			 (-time=)=3
Print debug information		 (-a=)=3

Loading graph
Graph loaded
Starting
Done

Writing timer output

Writing debug output
Done
Bootstrapping complete
SCC. build: 16:01:56, May 30 2019. Time: 21:31:45 [Apr  3 2019]
===============================================================
Input graph (directed)		 (-g=)=../graphs/Slashdot.edges
Input number of trim levels	 (-t=)=0
Pivot selection			 (-p=)=3
Specify FW-BW variant		 (-m=)=1
Specify maximum workers		 (-w=)=2
Specify randwalk iterations	 (-rand=)=50
Specify trim cutoff point	 (-cutoff=)=0
Specify how often to trim	 (-steps=)=1
Print help section		 (-h=)=No
Print SCC output to file	 (-out=)=No
Name to append output file	 (-suffix=)=PivotRandWalk_C2_iteration6
Print timers			 (-time=)=3
Print debug information		 (-a=)=3

Loading graph
Graph loaded
Starting
Done

Writing timer output

Writing debug output
Done
Bootstrapping complete
SCC. build: 16:01:56, May 30 2019. Time: 21:31:47 [Apr  3 2019]
===============================================================
Input graph (directed)		 (-g=)=../graphs/Slashdot.edges
Input number of trim levels	 (-t=)=0
Pivot selection			 (-p=)=3
Specify FW-BW variant		 (-m=)=1
Specify maximum workers		 (-w=)=2
Specify randwalk iterations	 (-rand=)=50
Specify trim cutoff point	 (-cutoff=)=0
Specify how often to trim	 (-steps=)=1
Print help section		 (-h=)=No
Print SCC output to file	 (-out=)=No
Name to append output file	 (-suffix=)=PivotRandWalk_C2_iteration7
Print timers			 (-time=)=3
Print debug information		 (-a=)=3

Loading graph
Graph loaded
Starting
Done

Writing timer output

Writing debug output
Done
Bootstrapping complete
SCC. build: 16:01:56, May 30 2019. Time: 21:31:49 [Apr  3 2019]
===============================================================
Input graph (directed)		 (-g=)=../graphs/Slashdot.edges
Input number of trim levels	 (-t=)=0
Pivot selection			 (-p=)=3
Specify FW-BW variant		 (-m=)=1
Specify maximum workers		 (-w=)=2
Specify randwalk iterations	 (-rand=)=50
Specify trim cutoff point	 (-cutoff=)=0
Specify how often to trim	 (-steps=)=1
Print help section		 (-h=)=No
Print SCC output to file	 (-out=)=No
Name to append output file	 (-suffix=)=PivotRandWalk_C2_iteration8
Print timers			 (-time=)=3
Print debug information		 (-a=)=3

Loading graph
Graph loaded
Starting
Done

Writing timer output

Writing debug output
Done
Bootstrapping complete
SCC. build: 16:01:56, May 30 2019. Time: 21:31:50 [Apr  3 2019]
===============================================================
Input graph (directed)		 (-g=)=../graphs/Slashdot.edges
Input number of trim levels	 (-t=)=0
Pivot selection			 (-p=)=3
Specify FW-BW variant		 (-m=)=1
Specify maximum workers		 (-w=)=2
Specify randwalk iterations	 (-rand=)=50
Specify trim cutoff point	 (-cutoff=)=0
Specify how often to trim	 (-steps=)=1
Print help section		 (-h=)=No
Print SCC output to file	 (-out=)=No
Name to append output file	 (-suffix=)=PivotRandWalk_C2_iteration9
Print timers			 (-time=)=3
Print debug information		 (-a=)=3

Loading graph
Graph loaded
Starting
Done

Writing timer output

Writing debug output
Done
Bootstrapping complete
SCC. build: 16:01:56, May 30 2019. Time: 21:31:52 [Apr  3 2019]
===============================================================
Input graph (directed)		 (-g=)=../graphs/Slashdot.edges
Input number of trim levels	 (-t=)=0
Pivot selection			 (-p=)=3
Specify FW-BW variant		 (-m=)=1
Specify maximum workers		 (-w=)=2
Specify randwalk iterations	 (-rand=)=50
Specify trim cutoff point	 (-cutoff=)=0
Specify how often to trim	 (-steps=)=1
Print help section		 (-h=)=No
Print SCC output to file	 (-out=)=No
Name to append output file	 (-suffix=)=PivotRandWalk_C2_iteration10
Print timers			 (-time=)=3
Print debug information		 (-a=)=3

Loading graph
Graph loaded
Starting
Done

Writing timer output

Writing debug output
Done
Bootstrapping complete
SCC. build: 16:01:56, May 30 2019. Time: 21:31:54 [Apr  3 2019]
===============================================================
Input graph (directed)		 (-g=)=../graphs/Slashdot.edges
Input number of trim levels	 (-t=)=0
Pivot selection			 (-p=)=3
Specify FW-BW variant		 (-m=)=1
Specify maximum workers		 (-w=)=4
Specify randwalk iterations	 (-rand=)=50
Specify trim cutoff point	 (-cutoff=)=0
Specify how often to trim	 (-steps=)=1
Print help section		 (-h=)=No
Print SCC output to file	 (-out=)=No
Name to append output file	 (-suffix=)=PivotRandWalk_C4_iteration1
Print timers			 (-time=)=3
Print debug information		 (-a=)=3

Loading graph
Graph loaded
Starting
Done

Writing timer output

Writing debug output
Done
Bootstrapping complete
SCC. build: 16:01:56, May 30 2019. Time: 21:31:55 [Apr  3 2019]
===============================================================
Input graph (directed)		 (-g=)=../graphs/Slashdot.edges
Input number of trim levels	 (-t=)=0
Pivot selection			 (-p=)=3
Specify FW-BW variant		 (-m=)=1
Specify maximum workers		 (-w=)=4
Specify randwalk iterations	 (-rand=)=50
Specify trim cutoff point	 (-cutoff=)=0
Specify how often to trim	 (-steps=)=1
Print help section		 (-h=)=No
Print SCC output to file	 (-out=)=No
Name to append output file	 (-suffix=)=PivotRandWalk_C4_iteration2
Print timers			 (-time=)=3
Print debug information		 (-a=)=3

Loading graph
Graph loaded
Starting
Done

Writing timer output

Writing debug output
Done
Bootstrapping complete
SCC. build: 16:01:56, May 30 2019. Time: 21:31:56 [Apr  3 2019]
===============================================================
Input graph (directed)		 (-g=)=../graphs/Slashdot.edges
Input number of trim levels	 (-t=)=0
Pivot selection			 (-p=)=3
Specify FW-BW variant		 (-m=)=1
Specify maximum workers		 (-w=)=4
Specify randwalk iterations	 (-rand=)=50
Specify trim cutoff point	 (-cutoff=)=0
Specify how often to trim	 (-steps=)=1
Print help section		 (-h=)=No
Print SCC output to file	 (-out=)=No
Name to append output file	 (-suffix=)=PivotRandWalk_C4_iteration3
Print timers			 (-time=)=3
Print debug information		 (-a=)=3

Loading graph
Graph loaded
Starting
Done

Writing timer output

Writing debug output
Done
Bootstrapping complete
SCC. build: 16:01:56, May 30 2019. Time: 21:31:58 [Apr  3 2019]
===============================================================
Input graph (directed)		 (-g=)=../graphs/Slashdot.edges
Input number of trim levels	 (-t=)=0
Pivot selection			 (-p=)=3
Specify FW-BW variant		 (-m=)=1
Specify maximum workers		 (-w=)=4
Specify randwalk iterations	 (-rand=)=50
Specify trim cutoff point	 (-cutoff=)=0
Specify how often to trim	 (-steps=)=1
Print help section		 (-h=)=No
Print SCC output to file	 (-out=)=No
Name to append output file	 (-suffix=)=PivotRandWalk_C4_iteration4
Print timers			 (-time=)=3
Print debug information		 (-a=)=3

Loading graph
Graph loaded
Starting
Done

Writing timer output

Writing debug output
Done
Bootstrapping complete
SCC. build: 16:01:56, May 30 2019. Time: 21:31:59 [Apr  3 2019]
===============================================================
Input graph (directed)		 (-g=)=../graphs/Slashdot.edges
Input number of trim levels	 (-t=)=0
Pivot selection			 (-p=)=3
Specify FW-BW variant		 (-m=)=1
Specify maximum workers		 (-w=)=4
Specify randwalk iterations	 (-rand=)=50
Specify trim cutoff point	 (-cutoff=)=0
Specify how often to trim	 (-steps=)=1
Print help section		 (-h=)=No
Print SCC output to file	 (-out=)=No
Name to append output file	 (-suffix=)=PivotRandWalk_C4_iteration5
Print timers			 (-time=)=3
Print debug information		 (-a=)=3

Loading graph
Graph loaded
Starting
Done

Writing timer output

Writing debug output
Done
Bootstrapping complete
SCC. build: 16:01:56, May 30 2019. Time: 21:32:00 [Apr  3 2019]
===============================================================
Input graph (directed)		 (-g=)=../graphs/Slashdot.edges
Input number of trim levels	 (-t=)=0
Pivot selection			 (-p=)=3
Specify FW-BW variant		 (-m=)=1
Specify maximum workers		 (-w=)=4
Specify randwalk iterations	 (-rand=)=50
Specify trim cutoff point	 (-cutoff=)=0
Specify how often to trim	 (-steps=)=1
Print help section		 (-h=)=No
Print SCC output to file	 (-out=)=No
Name to append output file	 (-suffix=)=PivotRandWalk_C4_iteration6
Print timers			 (-time=)=3
Print debug information		 (-a=)=3

Loading graph
Graph loaded
Starting
Done

Writing timer output

Writing debug output
Done
Bootstrapping complete
SCC. build: 16:01:56, May 30 2019. Time: 21:32:02 [Apr  3 2019]
===============================================================
Input graph (directed)		 (-g=)=../graphs/Slashdot.edges
Input number of trim levels	 (-t=)=0
Pivot selection			 (-p=)=3
Specify FW-BW variant		 (-m=)=1
Specify maximum workers		 (-w=)=4
Specify randwalk iterations	 (-rand=)=50
Specify trim cutoff point	 (-cutoff=)=0
Specify how often to trim	 (-steps=)=1
Print help section		 (-h=)=No
Print SCC output to file	 (-out=)=No
Name to append output file	 (-suffix=)=PivotRandWalk_C4_iteration7
Print timers			 (-time=)=3
Print debug information		 (-a=)=3

Loading graph
Graph loaded
Starting
Done

Writing timer output

Writing debug output
Done
Bootstrapping complete
SCC. build: 16:01:56, May 30 2019. Time: 21:32:03 [Apr  3 2019]
===============================================================
Input graph (directed)		 (-g=)=../graphs/Slashdot.edges
Input number of trim levels	 (-t=)=0
Pivot selection			 (-p=)=3
Specify FW-BW variant		 (-m=)=1
Specify maximum workers		 (-w=)=4
Specify randwalk iterations	 (-rand=)=50
Specify trim cutoff point	 (-cutoff=)=0
Specify how often to trim	 (-steps=)=1
Print help section		 (-h=)=No
Print SCC output to file	 (-out=)=No
Name to append output file	 (-suffix=)=PivotRandWalk_C4_iteration8
Print timers			 (-time=)=3
Print debug information		 (-a=)=3

Loading graph
Graph loaded
Starting
Done

Writing timer output

Writing debug output
Done
Bootstrapping complete
SCC. build: 16:01:56, May 30 2019. Time: 21:32:05 [Apr  3 2019]
===============================================================
Input graph (directed)		 (-g=)=../graphs/Slashdot.edges
Input number of trim levels	 (-t=)=0
Pivot selection			 (-p=)=3
Specify FW-BW variant		 (-m=)=1
Specify maximum workers		 (-w=)=4
Specify randwalk iterations	 (-rand=)=50
Specify trim cutoff point	 (-cutoff=)=0
Specify how often to trim	 (-steps=)=1
Print help section		 (-h=)=No
Print SCC output to file	 (-out=)=No
Name to append output file	 (-suffix=)=PivotRandWalk_C4_iteration9
Print timers			 (-time=)=3
Print debug information		 (-a=)=3

Loading graph
Graph loaded
Starting
Done

Writing timer output

Writing debug output
Done
Bootstrapping complete
SCC. build: 16:01:56, May 30 2019. Time: 21:32:06 [Apr  3 2019]
===============================================================
Input graph (directed)		 (-g=)=../graphs/Slashdot.edges
Input number of trim levels	 (-t=)=0
Pivot selection			 (-p=)=3
Specify FW-BW variant		 (-m=)=1
Specify maximum workers		 (-w=)=4
Specify randwalk iterations	 (-rand=)=50
Specify trim cutoff point	 (-cutoff=)=0
Specify how often to trim	 (-steps=)=1
Print help section		 (-h=)=No
Print SCC output to file	 (-out=)=No
Name to append output file	 (-suffix=)=PivotRandWalk_C4_iteration10
Print timers			 (-time=)=3
Print debug information		 (-a=)=3

Loading graph
Graph loaded
Starting
Done

Writing timer output

Writing debug output
Done
Bootstrapping complete
SCC. build: 16:01:56, May 30 2019. Time: 21:32:08 [Apr  3 2019]
===============================================================
Input graph (directed)		 (-g=)=../graphs/Slashdot.edges
Input number of trim levels	 (-t=)=0
Pivot selection			 (-p=)=3
Specify FW-BW variant		 (-m=)=1
Specify maximum workers		 (-w=)=8
Specify randwalk iterations	 (-rand=)=50
Specify trim cutoff point	 (-cutoff=)=0
Specify how often to trim	 (-steps=)=1
Print help section		 (-h=)=No
Print SCC output to file	 (-out=)=No
Name to append output file	 (-suffix=)=PivotRandWalk_C8_iteration1
Print timers			 (-time=)=3
Print debug information		 (-a=)=3

Loading graph
Graph loaded
Starting
Done

Writing timer output

Writing debug output
Done
Bootstrapping complete
SCC. build: 16:01:56, May 30 2019. Time: 21:32:09 [Apr  3 2019]
===============================================================
Input graph (directed)		 (-g=)=../graphs/Slashdot.edges
Input number of trim levels	 (-t=)=0
Pivot selection			 (-p=)=3
Specify FW-BW variant		 (-m=)=1
Specify maximum workers		 (-w=)=8
Specify randwalk iterations	 (-rand=)=50
Specify trim cutoff point	 (-cutoff=)=0
Specify how often to trim	 (-steps=)=1
Print help section		 (-h=)=No
Print SCC output to file	 (-out=)=No
Name to append output file	 (-suffix=)=PivotRandWalk_C8_iteration2
Print timers			 (-time=)=3
Print debug information		 (-a=)=3

Loading graph
Graph loaded
Starting
Done

Writing timer output

Writing debug output
Done
Bootstrapping complete
SCC. build: 16:01:56, May 30 2019. Time: 21:32:10 [Apr  3 2019]
===============================================================
Input graph (directed)		 (-g=)=../graphs/Slashdot.edges
Input number of trim levels	 (-t=)=0
Pivot selection			 (-p=)=3
Specify FW-BW variant		 (-m=)=1
Specify maximum workers		 (-w=)=8
Specify randwalk iterations	 (-rand=)=50
Specify trim cutoff point	 (-cutoff=)=0
Specify how often to trim	 (-steps=)=1
Print help section		 (-h=)=No
Print SCC output to file	 (-out=)=No
Name to append output file	 (-suffix=)=PivotRandWalk_C8_iteration3
Print timers			 (-time=)=3
Print debug information		 (-a=)=3

Loading graph
Graph loaded
Starting
Done

Writing timer output

Writing debug output
Done
Bootstrapping complete
SCC. build: 16:01:56, May 30 2019. Time: 21:32:11 [Apr  3 2019]
===============================================================
Input graph (directed)		 (-g=)=../graphs/Slashdot.edges
Input number of trim levels	 (-t=)=0
Pivot selection			 (-p=)=3
Specify FW-BW variant		 (-m=)=1
Specify maximum workers		 (-w=)=8
Specify randwalk iterations	 (-rand=)=50
Specify trim cutoff point	 (-cutoff=)=0
Specify how often to trim	 (-steps=)=1
Print help section		 (-h=)=No
Print SCC output to file	 (-out=)=No
Name to append output file	 (-suffix=)=PivotRandWalk_C8_iteration4
Print timers			 (-time=)=3
Print debug information		 (-a=)=3

Loading graph
Graph loaded
Starting
Done

Writing timer output

Writing debug output
Done
Bootstrapping complete
SCC. build: 16:01:56, May 30 2019. Time: 21:32:13 [Apr  3 2019]
===============================================================
Input graph (directed)		 (-g=)=../graphs/Slashdot.edges
Input number of trim levels	 (-t=)=0
Pivot selection			 (-p=)=3
Specify FW-BW variant		 (-m=)=1
Specify maximum workers		 (-w=)=8
Specify randwalk iterations	 (-rand=)=50
Specify trim cutoff point	 (-cutoff=)=0
Specify how often to trim	 (-steps=)=1
Print help section		 (-h=)=No
Print SCC output to file	 (-out=)=No
Name to append output file	 (-suffix=)=PivotRandWalk_C8_iteration5
Print timers			 (-time=)=3
Print debug information		 (-a=)=3

Loading graph
Graph loaded
Starting
Done

Writing timer output

Writing debug output
Done
Bootstrapping complete
SCC. build: 16:01:56, May 30 2019. Time: 21:32:14 [Apr  3 2019]
===============================================================
Input graph (directed)		 (-g=)=../graphs/Slashdot.edges
Input number of trim levels	 (-t=)=0
Pivot selection			 (-p=)=3
Specify FW-BW variant		 (-m=)=1
Specify maximum workers		 (-w=)=8
Specify randwalk iterations	 (-rand=)=50
Specify trim cutoff point	 (-cutoff=)=0
Specify how often to trim	 (-steps=)=1
Print help section		 (-h=)=No
Print SCC output to file	 (-out=)=No
Name to append output file	 (-suffix=)=PivotRandWalk_C8_iteration6
Print timers			 (-time=)=3
Print debug information		 (-a=)=3

Loading graph
Graph loaded
Starting
Done

Writing timer output

Writing debug output
Done
Bootstrapping complete
SCC. build: 16:01:56, May 30 2019. Time: 21:32:15 [Apr  3 2019]
===============================================================
Input graph (directed)		 (-g=)=../graphs/Slashdot.edges
Input number of trim levels	 (-t=)=0
Pivot selection			 (-p=)=3
Specify FW-BW variant		 (-m=)=1
Specify maximum workers		 (-w=)=8
Specify randwalk iterations	 (-rand=)=50
Specify trim cutoff point	 (-cutoff=)=0
Specify how often to trim	 (-steps=)=1
Print help section		 (-h=)=No
Print SCC output to file	 (-out=)=No
Name to append output file	 (-suffix=)=PivotRandWalk_C8_iteration7
Print timers			 (-time=)=3
Print debug information		 (-a=)=3

Loading graph
Graph loaded
Starting
Done

Writing timer output

Writing debug output
Done
Bootstrapping complete
SCC. build: 16:01:56, May 30 2019. Time: 21:32:17 [Apr  3 2019]
===============================================================
Input graph (directed)		 (-g=)=../graphs/Slashdot.edges
Input number of trim levels	 (-t=)=0
Pivot selection			 (-p=)=3
Specify FW-BW variant		 (-m=)=1
Specify maximum workers		 (-w=)=8
Specify randwalk iterations	 (-rand=)=50
Specify trim cutoff point	 (-cutoff=)=0
Specify how often to trim	 (-steps=)=1
Print help section		 (-h=)=No
Print SCC output to file	 (-out=)=No
Name to append output file	 (-suffix=)=PivotRandWalk_C8_iteration8
Print timers			 (-time=)=3
Print debug information		 (-a=)=3

Loading graph
Graph loaded
Starting
Done

Writing timer output

Writing debug output
Done
Bootstrapping complete
SCC. build: 16:01:56, May 30 2019. Time: 21:32:18 [Apr  3 2019]
===============================================================
Input graph (directed)		 (-g=)=../graphs/Slashdot.edges
Input number of trim levels	 (-t=)=0
Pivot selection			 (-p=)=3
Specify FW-BW variant		 (-m=)=1
Specify maximum workers		 (-w=)=8
Specify randwalk iterations	 (-rand=)=50
Specify trim cutoff point	 (-cutoff=)=0
Specify how often to trim	 (-steps=)=1
Print help section		 (-h=)=No
Print SCC output to file	 (-out=)=No
Name to append output file	 (-suffix=)=PivotRandWalk_C8_iteration9
Print timers			 (-time=)=3
Print debug information		 (-a=)=3

Loading graph
Graph loaded
Starting
Done

Writing timer output

Writing debug output
Done
Bootstrapping complete
SCC. build: 16:01:56, May 30 2019. Time: 21:32:19 [Apr  3 2019]
===============================================================
Input graph (directed)		 (-g=)=../graphs/Slashdot.edges
Input number of trim levels	 (-t=)=0
Pivot selection			 (-p=)=3
Specify FW-BW variant		 (-m=)=1
Specify maximum workers		 (-w=)=8
Specify randwalk iterations	 (-rand=)=50
Specify trim cutoff point	 (-cutoff=)=0
Specify how often to trim	 (-steps=)=1
Print help section		 (-h=)=No
Print SCC output to file	 (-out=)=No
Name to append output file	 (-suffix=)=PivotRandWalk_C8_iteration10
Print timers			 (-time=)=3
Print debug information		 (-a=)=3

Loading graph
Graph loaded
Starting
Done

Writing timer output

Writing debug output
Done
Bootstrapping complete
SCC. build: 16:01:56, May 30 2019. Time: 21:32:20 [Apr  3 2019]
===============================================================
Input graph (directed)		 (-g=)=../graphs/Slashdot.edges
Input number of trim levels	 (-t=)=0
Pivot selection			 (-p=)=3
Specify FW-BW variant		 (-m=)=1
Specify maximum workers		 (-w=)=16
Specify randwalk iterations	 (-rand=)=50
Specify trim cutoff point	 (-cutoff=)=0
Specify how often to trim	 (-steps=)=1
Print help section		 (-h=)=No
Print SCC output to file	 (-out=)=No
Name to append output file	 (-suffix=)=PivotRandWalk_C16_iteration1
Print timers			 (-time=)=3
Print debug information		 (-a=)=3

Loading graph
Graph loaded
Starting
Done

Writing timer output

Writing debug output
Done
Bootstrapping complete
SCC. build: 16:01:56, May 30 2019. Time: 21:32:21 [Apr  3 2019]
===============================================================
Input graph (directed)		 (-g=)=../graphs/Slashdot.edges
Input number of trim levels	 (-t=)=0
Pivot selection			 (-p=)=3
Specify FW-BW variant		 (-m=)=1
Specify maximum workers		 (-w=)=16
Specify randwalk iterations	 (-rand=)=50
Specify trim cutoff point	 (-cutoff=)=0
Specify how often to trim	 (-steps=)=1
Print help section		 (-h=)=No
Print SCC output to file	 (-out=)=No
Name to append output file	 (-suffix=)=PivotRandWalk_C16_iteration2
Print timers			 (-time=)=3
Print debug information		 (-a=)=3

Loading graph
Graph loaded
Starting
Done

Writing timer output

Writing debug output
Done
Bootstrapping complete
SCC. build: 16:01:56, May 30 2019. Time: 21:32:23 [Apr  3 2019]
===============================================================
Input graph (directed)		 (-g=)=../graphs/Slashdot.edges
Input number of trim levels	 (-t=)=0
Pivot selection			 (-p=)=3
Specify FW-BW variant		 (-m=)=1
Specify maximum workers		 (-w=)=16
Specify randwalk iterations	 (-rand=)=50
Specify trim cutoff point	 (-cutoff=)=0
Specify how often to trim	 (-steps=)=1
Print help section		 (-h=)=No
Print SCC output to file	 (-out=)=No
Name to append output file	 (-suffix=)=PivotRandWalk_C16_iteration3
Print timers			 (-time=)=3
Print debug information		 (-a=)=3

Loading graph
Graph loaded
Starting
Done

Writing timer output

Writing debug output
Done
Bootstrapping complete
SCC. build: 16:01:56, May 30 2019. Time: 21:32:24 [Apr  3 2019]
===============================================================
Input graph (directed)		 (-g=)=../graphs/Slashdot.edges
Input number of trim levels	 (-t=)=0
Pivot selection			 (-p=)=3
Specify FW-BW variant		 (-m=)=1
Specify maximum workers		 (-w=)=16
Specify randwalk iterations	 (-rand=)=50
Specify trim cutoff point	 (-cutoff=)=0
Specify how often to trim	 (-steps=)=1
Print help section		 (-h=)=No
Print SCC output to file	 (-out=)=No
Name to append output file	 (-suffix=)=PivotRandWalk_C16_iteration4
Print timers			 (-time=)=3
Print debug information		 (-a=)=3

Loading graph
Graph loaded
Starting
Done

Writing timer output

Writing debug output
Done
Bootstrapping complete
SCC. build: 16:01:56, May 30 2019. Time: 21:32:26 [Apr  3 2019]
===============================================================
Input graph (directed)		 (-g=)=../graphs/Slashdot.edges
Input number of trim levels	 (-t=)=0
Pivot selection			 (-p=)=3
Specify FW-BW variant		 (-m=)=1
Specify maximum workers		 (-w=)=16
Specify randwalk iterations	 (-rand=)=50
Specify trim cutoff point	 (-cutoff=)=0
Specify how often to trim	 (-steps=)=1
Print help section		 (-h=)=No
Print SCC output to file	 (-out=)=No
Name to append output file	 (-suffix=)=PivotRandWalk_C16_iteration5
Print timers			 (-time=)=3
Print debug information		 (-a=)=3

Loading graph
Graph loaded
Starting
Done

Writing timer output

Writing debug output
Done
Bootstrapping complete
SCC. build: 16:01:56, May 30 2019. Time: 21:32:27 [Apr  3 2019]
===============================================================
Input graph (directed)		 (-g=)=../graphs/Slashdot.edges
Input number of trim levels	 (-t=)=0
Pivot selection			 (-p=)=3
Specify FW-BW variant		 (-m=)=1
Specify maximum workers		 (-w=)=16
Specify randwalk iterations	 (-rand=)=50
Specify trim cutoff point	 (-cutoff=)=0
Specify how often to trim	 (-steps=)=1
Print help section		 (-h=)=No
Print SCC output to file	 (-out=)=No
Name to append output file	 (-suffix=)=PivotRandWalk_C16_iteration6
Print timers			 (-time=)=3
Print debug information		 (-a=)=3

Loading graph
Graph loaded
Starting
Done

Writing timer output

Writing debug output
Done
Bootstrapping complete
SCC. build: 16:01:56, May 30 2019. Time: 21:32:28 [Apr  3 2019]
===============================================================
Input graph (directed)		 (-g=)=../graphs/Slashdot.edges
Input number of trim levels	 (-t=)=0
Pivot selection			 (-p=)=3
Specify FW-BW variant		 (-m=)=1
Specify maximum workers		 (-w=)=16
Specify randwalk iterations	 (-rand=)=50
Specify trim cutoff point	 (-cutoff=)=0
Specify how often to trim	 (-steps=)=1
Print help section		 (-h=)=No
Print SCC output to file	 (-out=)=No
Name to append output file	 (-suffix=)=PivotRandWalk_C16_iteration7
Print timers			 (-time=)=3
Print debug information		 (-a=)=3

Loading graph
Graph loaded
Starting
Done

Writing timer output

Writing debug output
Done
Bootstrapping complete
SCC. build: 16:01:56, May 30 2019. Time: 21:32:30 [Apr  3 2019]
===============================================================
Input graph (directed)		 (-g=)=../graphs/Slashdot.edges
Input number of trim levels	 (-t=)=0
Pivot selection			 (-p=)=3
Specify FW-BW variant		 (-m=)=1
Specify maximum workers		 (-w=)=16
Specify randwalk iterations	 (-rand=)=50
Specify trim cutoff point	 (-cutoff=)=0
Specify how often to trim	 (-steps=)=1
Print help section		 (-h=)=No
Print SCC output to file	 (-out=)=No
Name to append output file	 (-suffix=)=PivotRandWalk_C16_iteration8
Print timers			 (-time=)=3
Print debug information		 (-a=)=3

Loading graph
Graph loaded
Starting
Done

Writing timer output

Writing debug output
Done
Bootstrapping complete
SCC. build: 16:01:56, May 30 2019. Time: 21:32:31 [Apr  3 2019]
===============================================================
Input graph (directed)		 (-g=)=../graphs/Slashdot.edges
Input number of trim levels	 (-t=)=0
Pivot selection			 (-p=)=3
Specify FW-BW variant		 (-m=)=1
Specify maximum workers		 (-w=)=16
Specify randwalk iterations	 (-rand=)=50
Specify trim cutoff point	 (-cutoff=)=0
Specify how often to trim	 (-steps=)=1
Print help section		 (-h=)=No
Print SCC output to file	 (-out=)=No
Name to append output file	 (-suffix=)=PivotRandWalk_C16_iteration9
Print timers			 (-time=)=3
Print debug information		 (-a=)=3

Loading graph
Graph loaded
Starting
Done

Writing timer output

Writing debug output
Done
Bootstrapping complete
SCC. build: 16:01:56, May 30 2019. Time: 21:32:34 [Apr  3 2019]
===============================================================
Input graph (directed)		 (-g=)=../graphs/Slashdot.edges
Input number of trim levels	 (-t=)=0
Pivot selection			 (-p=)=3
Specify FW-BW variant		 (-m=)=1
Specify maximum workers		 (-w=)=16
Specify randwalk iterations	 (-rand=)=50
Specify trim cutoff point	 (-cutoff=)=0
Specify how often to trim	 (-steps=)=1
Print help section		 (-h=)=No
Print SCC output to file	 (-out=)=No
Name to append output file	 (-suffix=)=PivotRandWalk_C16_iteration10
Print timers			 (-time=)=3
Print debug information		 (-a=)=3

Loading graph
Graph loaded
Starting
Done

Writing timer output

Writing debug output
Done
