Bootstrapping complete
SCC. build: 16:35:40, Jun  1 2019. Time: 19:22:32 [Apr  3 2019]
===============================================================
Input graph (directed)		 (-g=)=../graphs/Pokec.edges
Input number of trim levels	 (-t=)=1
Pivot selection			 (-p=)=3
Specify FW-BW variant		 (-m=)=1
Specify maximum workers		 (-w=)=1
Specify randwalk iterations	 (-rand=)=50
Specify trim cutoff point	 (-cutoff=)=0
Specify how often to trim	 (-steps=)=1
Print help section		 (-h=)=No
Print SCC output to file	 (-out=)=No
Name to append output file	 (-suffix=)=PivotRandWalk2_C1_iteration1
Print timers			 (-time=)=3
Print debug information		 (-a=)=3
threads 32

Loading graph
Graph loaded
Starting
Done

Writing timer output

Writing debug output
Done
Bootstrapping complete
SCC. build: 16:35:40, Jun  1 2019. Time: 19:22:55 [Apr  3 2019]
===============================================================
Input graph (directed)		 (-g=)=../graphs/Pokec.edges
Input number of trim levels	 (-t=)=1
Pivot selection			 (-p=)=3
Specify FW-BW variant		 (-m=)=1
Specify maximum workers		 (-w=)=1
Specify randwalk iterations	 (-rand=)=50
Specify trim cutoff point	 (-cutoff=)=0
Specify how often to trim	 (-steps=)=1
Print help section		 (-h=)=No
Print SCC output to file	 (-out=)=No
Name to append output file	 (-suffix=)=PivotRandWalk2_C1_iteration2
Print timers			 (-time=)=3
Print debug information		 (-a=)=3
threads 32

Loading graph
Graph loaded
Starting
Done

Writing timer output

Writing debug output
Done
Bootstrapping complete
SCC. build: 16:35:40, Jun  1 2019. Time: 19:23:19 [Apr  3 2019]
===============================================================
Input graph (directed)		 (-g=)=../graphs/Pokec.edges
Input number of trim levels	 (-t=)=1
Pivot selection			 (-p=)=3
Specify FW-BW variant		 (-m=)=1
Specify maximum workers		 (-w=)=1
Specify randwalk iterations	 (-rand=)=50
Specify trim cutoff point	 (-cutoff=)=0
Specify how often to trim	 (-steps=)=1
Print help section		 (-h=)=No
Print SCC output to file	 (-out=)=No
Name to append output file	 (-suffix=)=PivotRandWalk2_C1_iteration3
Print timers			 (-time=)=3
Print debug information		 (-a=)=3
threads 32

Loading graph
Graph loaded
Starting
Done

Writing timer output

Writing debug output
Done
Bootstrapping complete
SCC. build: 16:35:40, Jun  1 2019. Time: 19:23:42 [Apr  3 2019]
===============================================================
Input graph (directed)		 (-g=)=../graphs/Pokec.edges
Input number of trim levels	 (-t=)=1
Pivot selection			 (-p=)=3
Specify FW-BW variant		 (-m=)=1
Specify maximum workers		 (-w=)=1
Specify randwalk iterations	 (-rand=)=50
Specify trim cutoff point	 (-cutoff=)=0
Specify how often to trim	 (-steps=)=1
Print help section		 (-h=)=No
Print SCC output to file	 (-out=)=No
Name to append output file	 (-suffix=)=PivotRandWalk2_C1_iteration4
Print timers			 (-time=)=3
Print debug information		 (-a=)=3
threads 32

Loading graph
Graph loaded
Starting
Done

Writing timer output

Writing debug output
Done
Bootstrapping complete
SCC. build: 16:35:40, Jun  1 2019. Time: 19:24:06 [Apr  3 2019]
===============================================================
Input graph (directed)		 (-g=)=../graphs/Pokec.edges
Input number of trim levels	 (-t=)=1
Pivot selection			 (-p=)=3
Specify FW-BW variant		 (-m=)=1
Specify maximum workers		 (-w=)=1
Specify randwalk iterations	 (-rand=)=50
Specify trim cutoff point	 (-cutoff=)=0
Specify how often to trim	 (-steps=)=1
Print help section		 (-h=)=No
Print SCC output to file	 (-out=)=No
Name to append output file	 (-suffix=)=PivotRandWalk2_C1_iteration5
Print timers			 (-time=)=3
Print debug information		 (-a=)=3
threads 32

Loading graph
Graph loaded
Starting
Done

Writing timer output

Writing debug output
Done
Bootstrapping complete
SCC. build: 16:35:40, Jun  1 2019. Time: 19:24:29 [Apr  3 2019]
===============================================================
Input graph (directed)		 (-g=)=../graphs/Pokec.edges
Input number of trim levels	 (-t=)=1
Pivot selection			 (-p=)=3
Specify FW-BW variant		 (-m=)=1
Specify maximum workers		 (-w=)=1
Specify randwalk iterations	 (-rand=)=50
Specify trim cutoff point	 (-cutoff=)=0
Specify how often to trim	 (-steps=)=1
Print help section		 (-h=)=No
Print SCC output to file	 (-out=)=No
Name to append output file	 (-suffix=)=PivotRandWalk2_C1_iteration6
Print timers			 (-time=)=3
Print debug information		 (-a=)=3
threads 32

Loading graph
Graph loaded
Starting
Done

Writing timer output

Writing debug output
Done
Bootstrapping complete
SCC. build: 16:35:40, Jun  1 2019. Time: 19:24:53 [Apr  3 2019]
===============================================================
Input graph (directed)		 (-g=)=../graphs/Pokec.edges
Input number of trim levels	 (-t=)=1
Pivot selection			 (-p=)=3
Specify FW-BW variant		 (-m=)=1
Specify maximum workers		 (-w=)=1
Specify randwalk iterations	 (-rand=)=50
Specify trim cutoff point	 (-cutoff=)=0
Specify how often to trim	 (-steps=)=1
Print help section		 (-h=)=No
Print SCC output to file	 (-out=)=No
Name to append output file	 (-suffix=)=PivotRandWalk2_C1_iteration7
Print timers			 (-time=)=3
Print debug information		 (-a=)=3
threads 32

Loading graph
Graph loaded
Starting
Done

Writing timer output

Writing debug output
Done
Bootstrapping complete
SCC. build: 16:35:40, Jun  1 2019. Time: 19:25:16 [Apr  3 2019]
===============================================================
Input graph (directed)		 (-g=)=../graphs/Pokec.edges
Input number of trim levels	 (-t=)=1
Pivot selection			 (-p=)=3
Specify FW-BW variant		 (-m=)=1
Specify maximum workers		 (-w=)=1
Specify randwalk iterations	 (-rand=)=50
Specify trim cutoff point	 (-cutoff=)=0
Specify how often to trim	 (-steps=)=1
Print help section		 (-h=)=No
Print SCC output to file	 (-out=)=No
Name to append output file	 (-suffix=)=PivotRandWalk2_C1_iteration8
Print timers			 (-time=)=3
Print debug information		 (-a=)=3
threads 32

Loading graph
Graph loaded
Starting
Done

Writing timer output

Writing debug output
Done
Bootstrapping complete
SCC. build: 16:35:40, Jun  1 2019. Time: 19:25:39 [Apr  3 2019]
===============================================================
Input graph (directed)		 (-g=)=../graphs/Pokec.edges
Input number of trim levels	 (-t=)=1
Pivot selection			 (-p=)=3
Specify FW-BW variant		 (-m=)=1
Specify maximum workers		 (-w=)=1
Specify randwalk iterations	 (-rand=)=50
Specify trim cutoff point	 (-cutoff=)=0
Specify how often to trim	 (-steps=)=1
Print help section		 (-h=)=No
Print SCC output to file	 (-out=)=No
Name to append output file	 (-suffix=)=PivotRandWalk2_C1_iteration9
Print timers			 (-time=)=3
Print debug information		 (-a=)=3
threads 32

Loading graph
Graph loaded
Starting
Done

Writing timer output

Writing debug output
Done
Bootstrapping complete
SCC. build: 16:35:40, Jun  1 2019. Time: 19:26:03 [Apr  3 2019]
===============================================================
Input graph (directed)		 (-g=)=../graphs/Pokec.edges
Input number of trim levels	 (-t=)=1
Pivot selection			 (-p=)=3
Specify FW-BW variant		 (-m=)=1
Specify maximum workers		 (-w=)=1
Specify randwalk iterations	 (-rand=)=50
Specify trim cutoff point	 (-cutoff=)=0
Specify how often to trim	 (-steps=)=1
Print help section		 (-h=)=No
Print SCC output to file	 (-out=)=No
Name to append output file	 (-suffix=)=PivotRandWalk2_C1_iteration10
Print timers			 (-time=)=3
Print debug information		 (-a=)=3
threads 32

Loading graph
Graph loaded
Starting
Done

Writing timer output

Writing debug output
Done
Bootstrapping complete
SCC. build: 16:35:40, Jun  1 2019. Time: 19:26:26 [Apr  3 2019]
===============================================================
Input graph (directed)		 (-g=)=../graphs/Pokec.edges
Input number of trim levels	 (-t=)=1
Pivot selection			 (-p=)=3
Specify FW-BW variant		 (-m=)=1
Specify maximum workers		 (-w=)=2
Specify randwalk iterations	 (-rand=)=50
Specify trim cutoff point	 (-cutoff=)=0
Specify how often to trim	 (-steps=)=1
Print help section		 (-h=)=No
Print SCC output to file	 (-out=)=No
Name to append output file	 (-suffix=)=PivotRandWalk2_C2_iteration1
Print timers			 (-time=)=3
Print debug information		 (-a=)=3
threads 32

Loading graph
Graph loaded
Starting
Done

Writing timer output

Writing debug output
Done
Bootstrapping complete
SCC. build: 16:35:40, Jun  1 2019. Time: 19:26:48 [Apr  3 2019]
===============================================================
Input graph (directed)		 (-g=)=../graphs/Pokec.edges
Input number of trim levels	 (-t=)=1
Pivot selection			 (-p=)=3
Specify FW-BW variant		 (-m=)=1
Specify maximum workers		 (-w=)=2
Specify randwalk iterations	 (-rand=)=50
Specify trim cutoff point	 (-cutoff=)=0
Specify how often to trim	 (-steps=)=1
Print help section		 (-h=)=No
Print SCC output to file	 (-out=)=No
Name to append output file	 (-suffix=)=PivotRandWalk2_C2_iteration2
Print timers			 (-time=)=3
Print debug information		 (-a=)=3
threads 32

Loading graph
Graph loaded
Starting
Done

Writing timer output

Writing debug output
Done
Bootstrapping complete
SCC. build: 16:35:40, Jun  1 2019. Time: 19:27:12 [Apr  3 2019]
===============================================================
Input graph (directed)		 (-g=)=../graphs/Pokec.edges
Input number of trim levels	 (-t=)=1
Pivot selection			 (-p=)=3
Specify FW-BW variant		 (-m=)=1
Specify maximum workers		 (-w=)=2
Specify randwalk iterations	 (-rand=)=50
Specify trim cutoff point	 (-cutoff=)=0
Specify how often to trim	 (-steps=)=1
Print help section		 (-h=)=No
Print SCC output to file	 (-out=)=No
Name to append output file	 (-suffix=)=PivotRandWalk2_C2_iteration3
Print timers			 (-time=)=3
Print debug information		 (-a=)=3
threads 32

Loading graph
Graph loaded
Starting
Done

Writing timer output

Writing debug output
Done
Bootstrapping complete
SCC. build: 16:35:40, Jun  1 2019. Time: 19:27:37 [Apr  3 2019]
===============================================================
Input graph (directed)		 (-g=)=../graphs/Pokec.edges
Input number of trim levels	 (-t=)=1
Pivot selection			 (-p=)=3
Specify FW-BW variant		 (-m=)=1
Specify maximum workers		 (-w=)=2
Specify randwalk iterations	 (-rand=)=50
Specify trim cutoff point	 (-cutoff=)=0
Specify how often to trim	 (-steps=)=1
Print help section		 (-h=)=No
Print SCC output to file	 (-out=)=No
Name to append output file	 (-suffix=)=PivotRandWalk2_C2_iteration4
Print timers			 (-time=)=3
Print debug information		 (-a=)=3
threads 32

Loading graph
Graph loaded
Starting
Done

Writing timer output

Writing debug output
Done
Bootstrapping complete
SCC. build: 16:35:40, Jun  1 2019. Time: 19:28:01 [Apr  3 2019]
===============================================================
Input graph (directed)		 (-g=)=../graphs/Pokec.edges
Input number of trim levels	 (-t=)=1
Pivot selection			 (-p=)=3
Specify FW-BW variant		 (-m=)=1
Specify maximum workers		 (-w=)=2
Specify randwalk iterations	 (-rand=)=50
Specify trim cutoff point	 (-cutoff=)=0
Specify how often to trim	 (-steps=)=1
Print help section		 (-h=)=No
Print SCC output to file	 (-out=)=No
Name to append output file	 (-suffix=)=PivotRandWalk2_C2_iteration5
Print timers			 (-time=)=3
Print debug information		 (-a=)=3
threads 32

Loading graph
Graph loaded
Starting
Done

Writing timer output

Writing debug output
Done
Bootstrapping complete
SCC. build: 16:35:40, Jun  1 2019. Time: 19:28:24 [Apr  3 2019]
===============================================================
Input graph (directed)		 (-g=)=../graphs/Pokec.edges
Input number of trim levels	 (-t=)=1
Pivot selection			 (-p=)=3
Specify FW-BW variant		 (-m=)=1
Specify maximum workers		 (-w=)=2
Specify randwalk iterations	 (-rand=)=50
Specify trim cutoff point	 (-cutoff=)=0
Specify how often to trim	 (-steps=)=1
Print help section		 (-h=)=No
Print SCC output to file	 (-out=)=No
Name to append output file	 (-suffix=)=PivotRandWalk2_C2_iteration6
Print timers			 (-time=)=3
Print debug information		 (-a=)=3
threads 32

Loading graph
Graph loaded
Starting
Done

Writing timer output

Writing debug output
Done
Bootstrapping complete
SCC. build: 16:35:40, Jun  1 2019. Time: 19:28:47 [Apr  3 2019]
===============================================================
Input graph (directed)		 (-g=)=../graphs/Pokec.edges
Input number of trim levels	 (-t=)=1
Pivot selection			 (-p=)=3
Specify FW-BW variant		 (-m=)=1
Specify maximum workers		 (-w=)=2
Specify randwalk iterations	 (-rand=)=50
Specify trim cutoff point	 (-cutoff=)=0
Specify how often to trim	 (-steps=)=1
Print help section		 (-h=)=No
Print SCC output to file	 (-out=)=No
Name to append output file	 (-suffix=)=PivotRandWalk2_C2_iteration7
Print timers			 (-time=)=3
Print debug information		 (-a=)=3
threads 32

Loading graph
Graph loaded
Starting
Done

Writing timer output

Writing debug output
Done
Bootstrapping complete
SCC. build: 16:35:40, Jun  1 2019. Time: 19:29:09 [Apr  3 2019]
===============================================================
Input graph (directed)		 (-g=)=../graphs/Pokec.edges
Input number of trim levels	 (-t=)=1
Pivot selection			 (-p=)=3
Specify FW-BW variant		 (-m=)=1
Specify maximum workers		 (-w=)=2
Specify randwalk iterations	 (-rand=)=50
Specify trim cutoff point	 (-cutoff=)=0
Specify how often to trim	 (-steps=)=1
Print help section		 (-h=)=No
Print SCC output to file	 (-out=)=No
Name to append output file	 (-suffix=)=PivotRandWalk2_C2_iteration8
Print timers			 (-time=)=3
Print debug information		 (-a=)=3
threads 32

Loading graph
Graph loaded
Starting
Done

Writing timer output

Writing debug output
Done
Bootstrapping complete
SCC. build: 16:35:40, Jun  1 2019. Time: 19:29:30 [Apr  3 2019]
===============================================================
Input graph (directed)		 (-g=)=../graphs/Pokec.edges
Input number of trim levels	 (-t=)=1
Pivot selection			 (-p=)=3
Specify FW-BW variant		 (-m=)=1
Specify maximum workers		 (-w=)=2
Specify randwalk iterations	 (-rand=)=50
Specify trim cutoff point	 (-cutoff=)=0
Specify how often to trim	 (-steps=)=1
Print help section		 (-h=)=No
Print SCC output to file	 (-out=)=No
Name to append output file	 (-suffix=)=PivotRandWalk2_C2_iteration9
Print timers			 (-time=)=3
Print debug information		 (-a=)=3
threads 32

Loading graph
Graph loaded
Starting
Done

Writing timer output

Writing debug output
Done
Bootstrapping complete
SCC. build: 16:35:40, Jun  1 2019. Time: 19:29:52 [Apr  3 2019]
===============================================================
Input graph (directed)		 (-g=)=../graphs/Pokec.edges
Input number of trim levels	 (-t=)=1
Pivot selection			 (-p=)=3
Specify FW-BW variant		 (-m=)=1
Specify maximum workers		 (-w=)=2
Specify randwalk iterations	 (-rand=)=50
Specify trim cutoff point	 (-cutoff=)=0
Specify how often to trim	 (-steps=)=1
Print help section		 (-h=)=No
Print SCC output to file	 (-out=)=No
Name to append output file	 (-suffix=)=PivotRandWalk2_C2_iteration10
Print timers			 (-time=)=3
Print debug information		 (-a=)=3
threads 32

Loading graph
Graph loaded
Starting
Done

Writing timer output

Writing debug output
Done
Bootstrapping complete
SCC. build: 16:35:40, Jun  1 2019. Time: 19:30:14 [Apr  3 2019]
===============================================================
Input graph (directed)		 (-g=)=../graphs/Pokec.edges
Input number of trim levels	 (-t=)=1
Pivot selection			 (-p=)=3
Specify FW-BW variant		 (-m=)=1
Specify maximum workers		 (-w=)=4
Specify randwalk iterations	 (-rand=)=50
Specify trim cutoff point	 (-cutoff=)=0
Specify how often to trim	 (-steps=)=1
Print help section		 (-h=)=No
Print SCC output to file	 (-out=)=No
Name to append output file	 (-suffix=)=PivotRandWalk2_C4_iteration1
Print timers			 (-time=)=3
Print debug information		 (-a=)=3
threads 32

Loading graph
Graph loaded
Starting
Done

Writing timer output

Writing debug output
Done
Bootstrapping complete
SCC. build: 16:35:40, Jun  1 2019. Time: 19:30:35 [Apr  3 2019]
===============================================================
Input graph (directed)		 (-g=)=../graphs/Pokec.edges
Input number of trim levels	 (-t=)=1
Pivot selection			 (-p=)=3
Specify FW-BW variant		 (-m=)=1
Specify maximum workers		 (-w=)=4
Specify randwalk iterations	 (-rand=)=50
Specify trim cutoff point	 (-cutoff=)=0
Specify how often to trim	 (-steps=)=1
Print help section		 (-h=)=No
Print SCC output to file	 (-out=)=No
Name to append output file	 (-suffix=)=PivotRandWalk2_C4_iteration2
Print timers			 (-time=)=3
Print debug information		 (-a=)=3
threads 32

Loading graph
Graph loaded
Starting
Done

Writing timer output

Writing debug output
Done
Bootstrapping complete
SCC. build: 16:35:40, Jun  1 2019. Time: 19:30:56 [Apr  3 2019]
===============================================================
Input graph (directed)		 (-g=)=../graphs/Pokec.edges
Input number of trim levels	 (-t=)=1
Pivot selection			 (-p=)=3
Specify FW-BW variant		 (-m=)=1
Specify maximum workers		 (-w=)=4
Specify randwalk iterations	 (-rand=)=50
Specify trim cutoff point	 (-cutoff=)=0
Specify how often to trim	 (-steps=)=1
Print help section		 (-h=)=No
Print SCC output to file	 (-out=)=No
Name to append output file	 (-suffix=)=PivotRandWalk2_C4_iteration3
Print timers			 (-time=)=3
Print debug information		 (-a=)=3
threads 32

Loading graph
Graph loaded
Starting
Done

Writing timer output

Writing debug output
Done
Bootstrapping complete
SCC. build: 16:35:40, Jun  1 2019. Time: 19:31:17 [Apr  3 2019]
===============================================================
Input graph (directed)		 (-g=)=../graphs/Pokec.edges
Input number of trim levels	 (-t=)=1
Pivot selection			 (-p=)=3
Specify FW-BW variant		 (-m=)=1
Specify maximum workers		 (-w=)=4
Specify randwalk iterations	 (-rand=)=50
Specify trim cutoff point	 (-cutoff=)=0
Specify how often to trim	 (-steps=)=1
Print help section		 (-h=)=No
Print SCC output to file	 (-out=)=No
Name to append output file	 (-suffix=)=PivotRandWalk2_C4_iteration4
Print timers			 (-time=)=3
Print debug information		 (-a=)=3
threads 32

Loading graph
Graph loaded
Starting
Done

Writing timer output

Writing debug output
Done
Bootstrapping complete
SCC. build: 16:35:40, Jun  1 2019. Time: 19:31:37 [Apr  3 2019]
===============================================================
Input graph (directed)		 (-g=)=../graphs/Pokec.edges
Input number of trim levels	 (-t=)=1
Pivot selection			 (-p=)=3
Specify FW-BW variant		 (-m=)=1
Specify maximum workers		 (-w=)=4
Specify randwalk iterations	 (-rand=)=50
Specify trim cutoff point	 (-cutoff=)=0
Specify how often to trim	 (-steps=)=1
Print help section		 (-h=)=No
Print SCC output to file	 (-out=)=No
Name to append output file	 (-suffix=)=PivotRandWalk2_C4_iteration5
Print timers			 (-time=)=3
Print debug information		 (-a=)=3
threads 32

Loading graph
Graph loaded
Starting
Done

Writing timer output

Writing debug output
Done
Bootstrapping complete
SCC. build: 16:35:40, Jun  1 2019. Time: 19:31:59 [Apr  3 2019]
===============================================================
Input graph (directed)		 (-g=)=../graphs/Pokec.edges
Input number of trim levels	 (-t=)=1
Pivot selection			 (-p=)=3
Specify FW-BW variant		 (-m=)=1
Specify maximum workers		 (-w=)=4
Specify randwalk iterations	 (-rand=)=50
Specify trim cutoff point	 (-cutoff=)=0
Specify how often to trim	 (-steps=)=1
Print help section		 (-h=)=No
Print SCC output to file	 (-out=)=No
Name to append output file	 (-suffix=)=PivotRandWalk2_C4_iteration6
Print timers			 (-time=)=3
Print debug information		 (-a=)=3
threads 32

Loading graph
Graph loaded
Starting
Done

Writing timer output

Writing debug output
Done
Bootstrapping complete
SCC. build: 16:35:40, Jun  1 2019. Time: 19:32:19 [Apr  3 2019]
===============================================================
Input graph (directed)		 (-g=)=../graphs/Pokec.edges
Input number of trim levels	 (-t=)=1
Pivot selection			 (-p=)=3
Specify FW-BW variant		 (-m=)=1
Specify maximum workers		 (-w=)=4
Specify randwalk iterations	 (-rand=)=50
Specify trim cutoff point	 (-cutoff=)=0
Specify how often to trim	 (-steps=)=1
Print help section		 (-h=)=No
Print SCC output to file	 (-out=)=No
Name to append output file	 (-suffix=)=PivotRandWalk2_C4_iteration7
Print timers			 (-time=)=3
Print debug information		 (-a=)=3
threads 32

Loading graph
Graph loaded
Starting
Done

Writing timer output

Writing debug output
Done
Bootstrapping complete
SCC. build: 16:35:40, Jun  1 2019. Time: 19:32:40 [Apr  3 2019]
===============================================================
Input graph (directed)		 (-g=)=../graphs/Pokec.edges
Input number of trim levels	 (-t=)=1
Pivot selection			 (-p=)=3
Specify FW-BW variant		 (-m=)=1
Specify maximum workers		 (-w=)=4
Specify randwalk iterations	 (-rand=)=50
Specify trim cutoff point	 (-cutoff=)=0
Specify how often to trim	 (-steps=)=1
Print help section		 (-h=)=No
Print SCC output to file	 (-out=)=No
Name to append output file	 (-suffix=)=PivotRandWalk2_C4_iteration8
Print timers			 (-time=)=3
Print debug information		 (-a=)=3
threads 32

Loading graph
Graph loaded
Starting
Done

Writing timer output

Writing debug output
Done
Bootstrapping complete
SCC. build: 16:35:40, Jun  1 2019. Time: 19:33:01 [Apr  3 2019]
===============================================================
Input graph (directed)		 (-g=)=../graphs/Pokec.edges
Input number of trim levels	 (-t=)=1
Pivot selection			 (-p=)=3
Specify FW-BW variant		 (-m=)=1
Specify maximum workers		 (-w=)=4
Specify randwalk iterations	 (-rand=)=50
Specify trim cutoff point	 (-cutoff=)=0
Specify how often to trim	 (-steps=)=1
Print help section		 (-h=)=No
Print SCC output to file	 (-out=)=No
Name to append output file	 (-suffix=)=PivotRandWalk2_C4_iteration9
Print timers			 (-time=)=3
Print debug information		 (-a=)=3
threads 32

Loading graph
Graph loaded
Starting
Done

Writing timer output

Writing debug output
Done
Bootstrapping complete
SCC. build: 16:35:40, Jun  1 2019. Time: 19:33:22 [Apr  3 2019]
===============================================================
Input graph (directed)		 (-g=)=../graphs/Pokec.edges
Input number of trim levels	 (-t=)=1
Pivot selection			 (-p=)=3
Specify FW-BW variant		 (-m=)=1
Specify maximum workers		 (-w=)=4
Specify randwalk iterations	 (-rand=)=50
Specify trim cutoff point	 (-cutoff=)=0
Specify how often to trim	 (-steps=)=1
Print help section		 (-h=)=No
Print SCC output to file	 (-out=)=No
Name to append output file	 (-suffix=)=PivotRandWalk2_C4_iteration10
Print timers			 (-time=)=3
Print debug information		 (-a=)=3
threads 32

Loading graph
Graph loaded
Starting
Done

Writing timer output

Writing debug output
Done
Bootstrapping complete
SCC. build: 16:35:40, Jun  1 2019. Time: 19:33:43 [Apr  3 2019]
===============================================================
Input graph (directed)		 (-g=)=../graphs/Pokec.edges
Input number of trim levels	 (-t=)=1
Pivot selection			 (-p=)=3
Specify FW-BW variant		 (-m=)=1
Specify maximum workers		 (-w=)=8
Specify randwalk iterations	 (-rand=)=50
Specify trim cutoff point	 (-cutoff=)=0
Specify how often to trim	 (-steps=)=1
Print help section		 (-h=)=No
Print SCC output to file	 (-out=)=No
Name to append output file	 (-suffix=)=PivotRandWalk2_C8_iteration1
Print timers			 (-time=)=3
Print debug information		 (-a=)=3
threads 32

Loading graph
Graph loaded
Starting
Done

Writing timer output

Writing debug output
Done
Bootstrapping complete
SCC. build: 16:35:40, Jun  1 2019. Time: 19:34:03 [Apr  3 2019]
===============================================================
Input graph (directed)		 (-g=)=../graphs/Pokec.edges
Input number of trim levels	 (-t=)=1
Pivot selection			 (-p=)=3
Specify FW-BW variant		 (-m=)=1
Specify maximum workers		 (-w=)=8
Specify randwalk iterations	 (-rand=)=50
Specify trim cutoff point	 (-cutoff=)=0
Specify how often to trim	 (-steps=)=1
Print help section		 (-h=)=No
Print SCC output to file	 (-out=)=No
Name to append output file	 (-suffix=)=PivotRandWalk2_C8_iteration2
Print timers			 (-time=)=3
Print debug information		 (-a=)=3
threads 32

Loading graph
Graph loaded
Starting
Done

Writing timer output

Writing debug output
Done
Bootstrapping complete
SCC. build: 16:35:40, Jun  1 2019. Time: 19:34:24 [Apr  3 2019]
===============================================================
Input graph (directed)		 (-g=)=../graphs/Pokec.edges
Input number of trim levels	 (-t=)=1
Pivot selection			 (-p=)=3
Specify FW-BW variant		 (-m=)=1
Specify maximum workers		 (-w=)=8
Specify randwalk iterations	 (-rand=)=50
Specify trim cutoff point	 (-cutoff=)=0
Specify how often to trim	 (-steps=)=1
Print help section		 (-h=)=No
Print SCC output to file	 (-out=)=No
Name to append output file	 (-suffix=)=PivotRandWalk2_C8_iteration3
Print timers			 (-time=)=3
Print debug information		 (-a=)=3
threads 32

Loading graph
Graph loaded
Starting
Done

Writing timer output

Writing debug output
Done
Bootstrapping complete
SCC. build: 16:35:40, Jun  1 2019. Time: 19:34:44 [Apr  3 2019]
===============================================================
Input graph (directed)		 (-g=)=../graphs/Pokec.edges
Input number of trim levels	 (-t=)=1
Pivot selection			 (-p=)=3
Specify FW-BW variant		 (-m=)=1
Specify maximum workers		 (-w=)=8
Specify randwalk iterations	 (-rand=)=50
Specify trim cutoff point	 (-cutoff=)=0
Specify how often to trim	 (-steps=)=1
Print help section		 (-h=)=No
Print SCC output to file	 (-out=)=No
Name to append output file	 (-suffix=)=PivotRandWalk2_C8_iteration4
Print timers			 (-time=)=3
Print debug information		 (-a=)=3
threads 32

Loading graph
Graph loaded
Starting
Done

Writing timer output

Writing debug output
Done
Bootstrapping complete
SCC. build: 16:35:40, Jun  1 2019. Time: 19:35:07 [Apr  3 2019]
===============================================================
Input graph (directed)		 (-g=)=../graphs/Pokec.edges
Input number of trim levels	 (-t=)=1
Pivot selection			 (-p=)=3
Specify FW-BW variant		 (-m=)=1
Specify maximum workers		 (-w=)=8
Specify randwalk iterations	 (-rand=)=50
Specify trim cutoff point	 (-cutoff=)=0
Specify how often to trim	 (-steps=)=1
Print help section		 (-h=)=No
Print SCC output to file	 (-out=)=No
Name to append output file	 (-suffix=)=PivotRandWalk2_C8_iteration5
Print timers			 (-time=)=3
Print debug information		 (-a=)=3
threads 32

Loading graph
Graph loaded
Starting
Done

Writing timer output

Writing debug output
Done
Bootstrapping complete
SCC. build: 16:35:40, Jun  1 2019. Time: 19:35:31 [Apr  3 2019]
===============================================================
Input graph (directed)		 (-g=)=../graphs/Pokec.edges
Input number of trim levels	 (-t=)=1
Pivot selection			 (-p=)=3
Specify FW-BW variant		 (-m=)=1
Specify maximum workers		 (-w=)=8
Specify randwalk iterations	 (-rand=)=50
Specify trim cutoff point	 (-cutoff=)=0
Specify how often to trim	 (-steps=)=1
Print help section		 (-h=)=No
Print SCC output to file	 (-out=)=No
Name to append output file	 (-suffix=)=PivotRandWalk2_C8_iteration6
Print timers			 (-time=)=3
Print debug information		 (-a=)=3
threads 32

Loading graph
Graph loaded
Starting
Done

Writing timer output

Writing debug output
Done
Bootstrapping complete
SCC. build: 16:35:40, Jun  1 2019. Time: 19:35:54 [Apr  3 2019]
===============================================================
Input graph (directed)		 (-g=)=../graphs/Pokec.edges
Input number of trim levels	 (-t=)=1
Pivot selection			 (-p=)=3
Specify FW-BW variant		 (-m=)=1
Specify maximum workers		 (-w=)=8
Specify randwalk iterations	 (-rand=)=50
Specify trim cutoff point	 (-cutoff=)=0
Specify how often to trim	 (-steps=)=1
Print help section		 (-h=)=No
Print SCC output to file	 (-out=)=No
Name to append output file	 (-suffix=)=PivotRandWalk2_C8_iteration7
Print timers			 (-time=)=3
Print debug information		 (-a=)=3
threads 32

Loading graph
Graph loaded
Starting
Done

Writing timer output

Writing debug output
Done
Bootstrapping complete
SCC. build: 16:35:40, Jun  1 2019. Time: 19:36:17 [Apr  3 2019]
===============================================================
Input graph (directed)		 (-g=)=../graphs/Pokec.edges
Input number of trim levels	 (-t=)=1
Pivot selection			 (-p=)=3
Specify FW-BW variant		 (-m=)=1
Specify maximum workers		 (-w=)=8
Specify randwalk iterations	 (-rand=)=50
Specify trim cutoff point	 (-cutoff=)=0
Specify how often to trim	 (-steps=)=1
Print help section		 (-h=)=No
Print SCC output to file	 (-out=)=No
Name to append output file	 (-suffix=)=PivotRandWalk2_C8_iteration8
Print timers			 (-time=)=3
Print debug information		 (-a=)=3
threads 32

Loading graph
Graph loaded
Starting
Done

Writing timer output

Writing debug output
Done
Bootstrapping complete
SCC. build: 16:35:40, Jun  1 2019. Time: 19:36:40 [Apr  3 2019]
===============================================================
Input graph (directed)		 (-g=)=../graphs/Pokec.edges
Input number of trim levels	 (-t=)=1
Pivot selection			 (-p=)=3
Specify FW-BW variant		 (-m=)=1
Specify maximum workers		 (-w=)=8
Specify randwalk iterations	 (-rand=)=50
Specify trim cutoff point	 (-cutoff=)=0
Specify how often to trim	 (-steps=)=1
Print help section		 (-h=)=No
Print SCC output to file	 (-out=)=No
Name to append output file	 (-suffix=)=PivotRandWalk2_C8_iteration9
Print timers			 (-time=)=3
Print debug information		 (-a=)=3
threads 32

Loading graph
Graph loaded
Starting
Done

Writing timer output

Writing debug output
Done
Bootstrapping complete
SCC. build: 16:35:40, Jun  1 2019. Time: 19:37:03 [Apr  3 2019]
===============================================================
Input graph (directed)		 (-g=)=../graphs/Pokec.edges
Input number of trim levels	 (-t=)=1
Pivot selection			 (-p=)=3
Specify FW-BW variant		 (-m=)=1
Specify maximum workers		 (-w=)=8
Specify randwalk iterations	 (-rand=)=50
Specify trim cutoff point	 (-cutoff=)=0
Specify how often to trim	 (-steps=)=1
Print help section		 (-h=)=No
Print SCC output to file	 (-out=)=No
Name to append output file	 (-suffix=)=PivotRandWalk2_C8_iteration10
Print timers			 (-time=)=3
Print debug information		 (-a=)=3
threads 32

Loading graph
Graph loaded
Starting
Done

Writing timer output

Writing debug output
Done
Bootstrapping complete
SCC. build: 16:35:40, Jun  1 2019. Time: 19:37:27 [Apr  3 2019]
===============================================================
Input graph (directed)		 (-g=)=../graphs/Pokec.edges
Input number of trim levels	 (-t=)=1
Pivot selection			 (-p=)=3
Specify FW-BW variant		 (-m=)=1
Specify maximum workers		 (-w=)=16
Specify randwalk iterations	 (-rand=)=50
Specify trim cutoff point	 (-cutoff=)=0
Specify how often to trim	 (-steps=)=1
Print help section		 (-h=)=No
Print SCC output to file	 (-out=)=No
Name to append output file	 (-suffix=)=PivotRandWalk2_C16_iteration1
Print timers			 (-time=)=3
Print debug information		 (-a=)=3
threads 32

Loading graph
Graph loaded
Starting
Done

Writing timer output

Writing debug output
Done
Bootstrapping complete
SCC. build: 16:35:40, Jun  1 2019. Time: 19:37:49 [Apr  3 2019]
===============================================================
Input graph (directed)		 (-g=)=../graphs/Pokec.edges
Input number of trim levels	 (-t=)=1
Pivot selection			 (-p=)=3
Specify FW-BW variant		 (-m=)=1
Specify maximum workers		 (-w=)=16
Specify randwalk iterations	 (-rand=)=50
Specify trim cutoff point	 (-cutoff=)=0
Specify how often to trim	 (-steps=)=1
Print help section		 (-h=)=No
Print SCC output to file	 (-out=)=No
Name to append output file	 (-suffix=)=PivotRandWalk2_C16_iteration2
Print timers			 (-time=)=3
Print debug information		 (-a=)=3
threads 32

Loading graph
Graph loaded
Starting
Done

Writing timer output

Writing debug output
Done
Bootstrapping complete
SCC. build: 16:35:40, Jun  1 2019. Time: 19:38:10 [Apr  3 2019]
===============================================================
Input graph (directed)		 (-g=)=../graphs/Pokec.edges
Input number of trim levels	 (-t=)=1
Pivot selection			 (-p=)=3
Specify FW-BW variant		 (-m=)=1
Specify maximum workers		 (-w=)=16
Specify randwalk iterations	 (-rand=)=50
Specify trim cutoff point	 (-cutoff=)=0
Specify how often to trim	 (-steps=)=1
Print help section		 (-h=)=No
Print SCC output to file	 (-out=)=No
Name to append output file	 (-suffix=)=PivotRandWalk2_C16_iteration3
Print timers			 (-time=)=3
Print debug information		 (-a=)=3
threads 32

Loading graph
Graph loaded
Starting
Done

Writing timer output

Writing debug output
Done
Bootstrapping complete
SCC. build: 16:35:40, Jun  1 2019. Time: 19:38:30 [Apr  3 2019]
===============================================================
Input graph (directed)		 (-g=)=../graphs/Pokec.edges
Input number of trim levels	 (-t=)=1
Pivot selection			 (-p=)=3
Specify FW-BW variant		 (-m=)=1
Specify maximum workers		 (-w=)=16
Specify randwalk iterations	 (-rand=)=50
Specify trim cutoff point	 (-cutoff=)=0
Specify how often to trim	 (-steps=)=1
Print help section		 (-h=)=No
Print SCC output to file	 (-out=)=No
Name to append output file	 (-suffix=)=PivotRandWalk2_C16_iteration4
Print timers			 (-time=)=3
Print debug information		 (-a=)=3
threads 32

Loading graph
Graph loaded
Starting
Done

Writing timer output

Writing debug output
Done
Bootstrapping complete
SCC. build: 16:35:40, Jun  1 2019. Time: 19:38:52 [Apr  3 2019]
===============================================================
Input graph (directed)		 (-g=)=../graphs/Pokec.edges
Input number of trim levels	 (-t=)=1
Pivot selection			 (-p=)=3
Specify FW-BW variant		 (-m=)=1
Specify maximum workers		 (-w=)=16
Specify randwalk iterations	 (-rand=)=50
Specify trim cutoff point	 (-cutoff=)=0
Specify how often to trim	 (-steps=)=1
Print help section		 (-h=)=No
Print SCC output to file	 (-out=)=No
Name to append output file	 (-suffix=)=PivotRandWalk2_C16_iteration5
Print timers			 (-time=)=3
Print debug information		 (-a=)=3
threads 32

Loading graph
Graph loaded
Starting
Done

Writing timer output

Writing debug output
Done
Bootstrapping complete
SCC. build: 16:35:40, Jun  1 2019. Time: 19:39:14 [Apr  3 2019]
===============================================================
Input graph (directed)		 (-g=)=../graphs/Pokec.edges
Input number of trim levels	 (-t=)=1
Pivot selection			 (-p=)=3
Specify FW-BW variant		 (-m=)=1
Specify maximum workers		 (-w=)=16
Specify randwalk iterations	 (-rand=)=50
Specify trim cutoff point	 (-cutoff=)=0
Specify how often to trim	 (-steps=)=1
Print help section		 (-h=)=No
Print SCC output to file	 (-out=)=No
Name to append output file	 (-suffix=)=PivotRandWalk2_C16_iteration6
Print timers			 (-time=)=3
Print debug information		 (-a=)=3
threads 32

Loading graph
Graph loaded
Starting
Done

Writing timer output

Writing debug output
Done
Bootstrapping complete
SCC. build: 16:35:40, Jun  1 2019. Time: 19:39:36 [Apr  3 2019]
===============================================================
Input graph (directed)		 (-g=)=../graphs/Pokec.edges
Input number of trim levels	 (-t=)=1
Pivot selection			 (-p=)=3
Specify FW-BW variant		 (-m=)=1
Specify maximum workers		 (-w=)=16
Specify randwalk iterations	 (-rand=)=50
Specify trim cutoff point	 (-cutoff=)=0
Specify how often to trim	 (-steps=)=1
Print help section		 (-h=)=No
Print SCC output to file	 (-out=)=No
Name to append output file	 (-suffix=)=PivotRandWalk2_C16_iteration7
Print timers			 (-time=)=3
Print debug information		 (-a=)=3
threads 32

Loading graph
Graph loaded
Starting
Done

Writing timer output

Writing debug output
Done
Bootstrapping complete
SCC. build: 16:35:40, Jun  1 2019. Time: 19:40:01 [Apr  3 2019]
===============================================================
Input graph (directed)		 (-g=)=../graphs/Pokec.edges
Input number of trim levels	 (-t=)=1
Pivot selection			 (-p=)=3
Specify FW-BW variant		 (-m=)=1
Specify maximum workers		 (-w=)=16
Specify randwalk iterations	 (-rand=)=50
Specify trim cutoff point	 (-cutoff=)=0
Specify how often to trim	 (-steps=)=1
Print help section		 (-h=)=No
Print SCC output to file	 (-out=)=No
Name to append output file	 (-suffix=)=PivotRandWalk2_C16_iteration8
Print timers			 (-time=)=3
Print debug information		 (-a=)=3
threads 32

Loading graph
Graph loaded
Starting
Done

Writing timer output

Writing debug output
Done
Bootstrapping complete
SCC. build: 16:35:40, Jun  1 2019. Time: 19:40:24 [Apr  3 2019]
===============================================================
Input graph (directed)		 (-g=)=../graphs/Pokec.edges
Input number of trim levels	 (-t=)=1
Pivot selection			 (-p=)=3
Specify FW-BW variant		 (-m=)=1
Specify maximum workers		 (-w=)=16
Specify randwalk iterations	 (-rand=)=50
Specify trim cutoff point	 (-cutoff=)=0
Specify how often to trim	 (-steps=)=1
Print help section		 (-h=)=No
Print SCC output to file	 (-out=)=No
Name to append output file	 (-suffix=)=PivotRandWalk2_C16_iteration9
Print timers			 (-time=)=3
Print debug information		 (-a=)=3
threads 32

Loading graph
Graph loaded
Starting
Done

Writing timer output

Writing debug output
Done
Bootstrapping complete
SCC. build: 16:35:40, Jun  1 2019. Time: 19:40:47 [Apr  3 2019]
===============================================================
Input graph (directed)		 (-g=)=../graphs/Pokec.edges
Input number of trim levels	 (-t=)=1
Pivot selection			 (-p=)=3
Specify FW-BW variant		 (-m=)=1
Specify maximum workers		 (-w=)=16
Specify randwalk iterations	 (-rand=)=50
Specify trim cutoff point	 (-cutoff=)=0
Specify how often to trim	 (-steps=)=1
Print help section		 (-h=)=No
Print SCC output to file	 (-out=)=No
Name to append output file	 (-suffix=)=PivotRandWalk2_C16_iteration10
Print timers			 (-time=)=3
Print debug information		 (-a=)=3
threads 32

Loading graph
Graph loaded
Starting
Done

Writing timer output

Writing debug output
Done
Bootstrapping complete
SCC. build: 16:35:40, Jun  1 2019. Time: 19:41:11 [Apr  3 2019]
===============================================================
Input graph (directed)		 (-g=)=../graphs/Pokec.edges
Input number of trim levels	 (-t=)=1
Pivot selection			 (-p=)=3
Specify FW-BW variant		 (-m=)=1
Specify maximum workers		 (-w=)=24
Specify randwalk iterations	 (-rand=)=50
Specify trim cutoff point	 (-cutoff=)=0
Specify how often to trim	 (-steps=)=1
Print help section		 (-h=)=No
Print SCC output to file	 (-out=)=No
Name to append output file	 (-suffix=)=PivotRandWalk2_C24_iteration1
Print timers			 (-time=)=3
Print debug information		 (-a=)=3
threads 32

Loading graph
Graph loaded
Starting
Done

Writing timer output

Writing debug output
Done
Bootstrapping complete
SCC. build: 16:35:40, Jun  1 2019. Time: 19:41:33 [Apr  3 2019]
===============================================================
Input graph (directed)		 (-g=)=../graphs/Pokec.edges
Input number of trim levels	 (-t=)=1
Pivot selection			 (-p=)=3
Specify FW-BW variant		 (-m=)=1
Specify maximum workers		 (-w=)=24
Specify randwalk iterations	 (-rand=)=50
Specify trim cutoff point	 (-cutoff=)=0
Specify how often to trim	 (-steps=)=1
Print help section		 (-h=)=No
Print SCC output to file	 (-out=)=No
Name to append output file	 (-suffix=)=PivotRandWalk2_C24_iteration2
Print timers			 (-time=)=3
Print debug information		 (-a=)=3
threads 32

Loading graph
Graph loaded
Starting
Done

Writing timer output

Writing debug output
Done
Bootstrapping complete
SCC. build: 16:35:40, Jun  1 2019. Time: 19:41:54 [Apr  3 2019]
===============================================================
Input graph (directed)		 (-g=)=../graphs/Pokec.edges
Input number of trim levels	 (-t=)=1
Pivot selection			 (-p=)=3
Specify FW-BW variant		 (-m=)=1
Specify maximum workers		 (-w=)=24
Specify randwalk iterations	 (-rand=)=50
Specify trim cutoff point	 (-cutoff=)=0
Specify how often to trim	 (-steps=)=1
Print help section		 (-h=)=No
Print SCC output to file	 (-out=)=No
Name to append output file	 (-suffix=)=PivotRandWalk2_C24_iteration3
Print timers			 (-time=)=3
Print debug information		 (-a=)=3
threads 32

Loading graph
Graph loaded
Starting
Done

Writing timer output

Writing debug output
Done
Bootstrapping complete
SCC. build: 16:35:40, Jun  1 2019. Time: 19:42:16 [Apr  3 2019]
===============================================================
Input graph (directed)		 (-g=)=../graphs/Pokec.edges
Input number of trim levels	 (-t=)=1
Pivot selection			 (-p=)=3
Specify FW-BW variant		 (-m=)=1
Specify maximum workers		 (-w=)=24
Specify randwalk iterations	 (-rand=)=50
Specify trim cutoff point	 (-cutoff=)=0
Specify how often to trim	 (-steps=)=1
Print help section		 (-h=)=No
Print SCC output to file	 (-out=)=No
Name to append output file	 (-suffix=)=PivotRandWalk2_C24_iteration4
Print timers			 (-time=)=3
Print debug information		 (-a=)=3
threads 32

Loading graph
Graph loaded
Starting
Done

Writing timer output

Writing debug output
Done
Bootstrapping complete
SCC. build: 16:35:40, Jun  1 2019. Time: 19:42:39 [Apr  3 2019]
===============================================================
Input graph (directed)		 (-g=)=../graphs/Pokec.edges
Input number of trim levels	 (-t=)=1
Pivot selection			 (-p=)=3
Specify FW-BW variant		 (-m=)=1
Specify maximum workers		 (-w=)=24
Specify randwalk iterations	 (-rand=)=50
Specify trim cutoff point	 (-cutoff=)=0
Specify how often to trim	 (-steps=)=1
Print help section		 (-h=)=No
Print SCC output to file	 (-out=)=No
Name to append output file	 (-suffix=)=PivotRandWalk2_C24_iteration5
Print timers			 (-time=)=3
Print debug information		 (-a=)=3
threads 32

Loading graph
Graph loaded
Starting
Done

Writing timer output

Writing debug output
Done
Bootstrapping complete
SCC. build: 16:35:40, Jun  1 2019. Time: 19:43:01 [Apr  3 2019]
===============================================================
Input graph (directed)		 (-g=)=../graphs/Pokec.edges
Input number of trim levels	 (-t=)=1
Pivot selection			 (-p=)=3
Specify FW-BW variant		 (-m=)=1
Specify maximum workers		 (-w=)=24
Specify randwalk iterations	 (-rand=)=50
Specify trim cutoff point	 (-cutoff=)=0
Specify how often to trim	 (-steps=)=1
Print help section		 (-h=)=No
Print SCC output to file	 (-out=)=No
Name to append output file	 (-suffix=)=PivotRandWalk2_C24_iteration6
Print timers			 (-time=)=3
Print debug information		 (-a=)=3
threads 32

Loading graph
Graph loaded
Starting
Done

Writing timer output

Writing debug output
Done
Bootstrapping complete
SCC. build: 16:35:40, Jun  1 2019. Time: 19:43:24 [Apr  3 2019]
===============================================================
Input graph (directed)		 (-g=)=../graphs/Pokec.edges
Input number of trim levels	 (-t=)=1
Pivot selection			 (-p=)=3
Specify FW-BW variant		 (-m=)=1
Specify maximum workers		 (-w=)=24
Specify randwalk iterations	 (-rand=)=50
Specify trim cutoff point	 (-cutoff=)=0
Specify how often to trim	 (-steps=)=1
Print help section		 (-h=)=No
Print SCC output to file	 (-out=)=No
Name to append output file	 (-suffix=)=PivotRandWalk2_C24_iteration7
Print timers			 (-time=)=3
Print debug information		 (-a=)=3
threads 32

Loading graph
Graph loaded
Starting
Done

Writing timer output

Writing debug output
Done
Bootstrapping complete
SCC. build: 16:35:40, Jun  1 2019. Time: 19:43:46 [Apr  3 2019]
===============================================================
Input graph (directed)		 (-g=)=../graphs/Pokec.edges
Input number of trim levels	 (-t=)=1
Pivot selection			 (-p=)=3
Specify FW-BW variant		 (-m=)=1
Specify maximum workers		 (-w=)=24
Specify randwalk iterations	 (-rand=)=50
Specify trim cutoff point	 (-cutoff=)=0
Specify how often to trim	 (-steps=)=1
Print help section		 (-h=)=No
Print SCC output to file	 (-out=)=No
Name to append output file	 (-suffix=)=PivotRandWalk2_C24_iteration8
Print timers			 (-time=)=3
Print debug information		 (-a=)=3
threads 32

Loading graph
Graph loaded
Starting
Done

Writing timer output

Writing debug output
Done
Bootstrapping complete
SCC. build: 16:35:40, Jun  1 2019. Time: 19:44:10 [Apr  3 2019]
===============================================================
Input graph (directed)		 (-g=)=../graphs/Pokec.edges
Input number of trim levels	 (-t=)=1
Pivot selection			 (-p=)=3
Specify FW-BW variant		 (-m=)=1
Specify maximum workers		 (-w=)=24
Specify randwalk iterations	 (-rand=)=50
Specify trim cutoff point	 (-cutoff=)=0
Specify how often to trim	 (-steps=)=1
Print help section		 (-h=)=No
Print SCC output to file	 (-out=)=No
Name to append output file	 (-suffix=)=PivotRandWalk2_C24_iteration9
Print timers			 (-time=)=3
Print debug information		 (-a=)=3
threads 32

Loading graph
Graph loaded
Starting
Done

Writing timer output

Writing debug output
Done
Bootstrapping complete
SCC. build: 16:35:40, Jun  1 2019. Time: 19:44:34 [Apr  3 2019]
===============================================================
Input graph (directed)		 (-g=)=../graphs/Pokec.edges
Input number of trim levels	 (-t=)=1
Pivot selection			 (-p=)=3
Specify FW-BW variant		 (-m=)=1
Specify maximum workers		 (-w=)=24
Specify randwalk iterations	 (-rand=)=50
Specify trim cutoff point	 (-cutoff=)=0
Specify how often to trim	 (-steps=)=1
Print help section		 (-h=)=No
Print SCC output to file	 (-out=)=No
Name to append output file	 (-suffix=)=PivotRandWalk2_C24_iteration10
Print timers			 (-time=)=3
Print debug information		 (-a=)=3
threads 32

Loading graph
Graph loaded
Starting
Done

Writing timer output

Writing debug output
Done
Bootstrapping complete
SCC. build: 16:35:40, Jun  1 2019. Time: 19:44:57 [Apr  3 2019]
===============================================================
Input graph (directed)		 (-g=)=../graphs/Pokec.edges
Input number of trim levels	 (-t=)=1
Pivot selection			 (-p=)=3
Specify FW-BW variant		 (-m=)=1
Specify maximum workers		 (-w=)=32
Specify randwalk iterations	 (-rand=)=50
Specify trim cutoff point	 (-cutoff=)=0
Specify how often to trim	 (-steps=)=1
Print help section		 (-h=)=No
Print SCC output to file	 (-out=)=No
Name to append output file	 (-suffix=)=PivotRandWalk2_C32_iteration1
Print timers			 (-time=)=3
Print debug information		 (-a=)=3
threads 32

Loading graph
Graph loaded
Starting
Done

Writing timer output

Writing debug output
Done
Bootstrapping complete
SCC. build: 16:35:40, Jun  1 2019. Time: 19:45:23 [Apr  3 2019]
===============================================================
Input graph (directed)		 (-g=)=../graphs/Pokec.edges
Input number of trim levels	 (-t=)=1
Pivot selection			 (-p=)=3
Specify FW-BW variant		 (-m=)=1
Specify maximum workers		 (-w=)=32
Specify randwalk iterations	 (-rand=)=50
Specify trim cutoff point	 (-cutoff=)=0
Specify how often to trim	 (-steps=)=1
Print help section		 (-h=)=No
Print SCC output to file	 (-out=)=No
Name to append output file	 (-suffix=)=PivotRandWalk2_C32_iteration2
Print timers			 (-time=)=3
Print debug information		 (-a=)=3
threads 32

Loading graph
Graph loaded
Starting
Done

Writing timer output

Writing debug output
Done
Bootstrapping complete
SCC. build: 16:35:40, Jun  1 2019. Time: 19:45:44 [Apr  3 2019]
===============================================================
Input graph (directed)		 (-g=)=../graphs/Pokec.edges
Input number of trim levels	 (-t=)=1
Pivot selection			 (-p=)=3
Specify FW-BW variant		 (-m=)=1
Specify maximum workers		 (-w=)=32
Specify randwalk iterations	 (-rand=)=50
Specify trim cutoff point	 (-cutoff=)=0
Specify how often to trim	 (-steps=)=1
Print help section		 (-h=)=No
Print SCC output to file	 (-out=)=No
Name to append output file	 (-suffix=)=PivotRandWalk2_C32_iteration3
Print timers			 (-time=)=3
Print debug information		 (-a=)=3
threads 32

Loading graph
Graph loaded
Starting
Done

Writing timer output

Writing debug output
Done
Bootstrapping complete
SCC. build: 16:35:40, Jun  1 2019. Time: 19:46:06 [Apr  3 2019]
===============================================================
Input graph (directed)		 (-g=)=../graphs/Pokec.edges
Input number of trim levels	 (-t=)=1
Pivot selection			 (-p=)=3
Specify FW-BW variant		 (-m=)=1
Specify maximum workers		 (-w=)=32
Specify randwalk iterations	 (-rand=)=50
Specify trim cutoff point	 (-cutoff=)=0
Specify how often to trim	 (-steps=)=1
Print help section		 (-h=)=No
Print SCC output to file	 (-out=)=No
Name to append output file	 (-suffix=)=PivotRandWalk2_C32_iteration4
Print timers			 (-time=)=3
Print debug information		 (-a=)=3
threads 32

Loading graph
Graph loaded
Starting
Done

Writing timer output

Writing debug output
Done
Bootstrapping complete
SCC. build: 16:35:40, Jun  1 2019. Time: 19:46:27 [Apr  3 2019]
===============================================================
Input graph (directed)		 (-g=)=../graphs/Pokec.edges
Input number of trim levels	 (-t=)=1
Pivot selection			 (-p=)=3
Specify FW-BW variant		 (-m=)=1
Specify maximum workers		 (-w=)=32
Specify randwalk iterations	 (-rand=)=50
Specify trim cutoff point	 (-cutoff=)=0
Specify how often to trim	 (-steps=)=1
Print help section		 (-h=)=No
Print SCC output to file	 (-out=)=No
Name to append output file	 (-suffix=)=PivotRandWalk2_C32_iteration5
Print timers			 (-time=)=3
Print debug information		 (-a=)=3
threads 32

Loading graph
Graph loaded
Starting
Done

Writing timer output

Writing debug output
Done
Bootstrapping complete
SCC. build: 16:35:40, Jun  1 2019. Time: 19:46:48 [Apr  3 2019]
===============================================================
Input graph (directed)		 (-g=)=../graphs/Pokec.edges
Input number of trim levels	 (-t=)=1
Pivot selection			 (-p=)=3
Specify FW-BW variant		 (-m=)=1
Specify maximum workers		 (-w=)=32
Specify randwalk iterations	 (-rand=)=50
Specify trim cutoff point	 (-cutoff=)=0
Specify how often to trim	 (-steps=)=1
Print help section		 (-h=)=No
Print SCC output to file	 (-out=)=No
Name to append output file	 (-suffix=)=PivotRandWalk2_C32_iteration6
Print timers			 (-time=)=3
Print debug information		 (-a=)=3
threads 32

Loading graph
Graph loaded
Starting
Done

Writing timer output

Writing debug output
Done
Bootstrapping complete
SCC. build: 16:35:40, Jun  1 2019. Time: 19:47:08 [Apr  3 2019]
===============================================================
Input graph (directed)		 (-g=)=../graphs/Pokec.edges
Input number of trim levels	 (-t=)=1
Pivot selection			 (-p=)=3
Specify FW-BW variant		 (-m=)=1
Specify maximum workers		 (-w=)=32
Specify randwalk iterations	 (-rand=)=50
Specify trim cutoff point	 (-cutoff=)=0
Specify how often to trim	 (-steps=)=1
Print help section		 (-h=)=No
Print SCC output to file	 (-out=)=No
Name to append output file	 (-suffix=)=PivotRandWalk2_C32_iteration7
Print timers			 (-time=)=3
Print debug information		 (-a=)=3
threads 32

Loading graph
Graph loaded
Starting
Done

Writing timer output

Writing debug output
Done
Bootstrapping complete
SCC. build: 16:35:40, Jun  1 2019. Time: 19:47:29 [Apr  3 2019]
===============================================================
Input graph (directed)		 (-g=)=../graphs/Pokec.edges
Input number of trim levels	 (-t=)=1
Pivot selection			 (-p=)=3
Specify FW-BW variant		 (-m=)=1
Specify maximum workers		 (-w=)=32
Specify randwalk iterations	 (-rand=)=50
Specify trim cutoff point	 (-cutoff=)=0
Specify how often to trim	 (-steps=)=1
Print help section		 (-h=)=No
Print SCC output to file	 (-out=)=No
Name to append output file	 (-suffix=)=PivotRandWalk2_C32_iteration8
Print timers			 (-time=)=3
Print debug information		 (-a=)=3
threads 32

Loading graph
Graph loaded
Starting
Done

Writing timer output

Writing debug output
Done
Bootstrapping complete
SCC. build: 16:35:40, Jun  1 2019. Time: 19:47:50 [Apr  3 2019]
===============================================================
Input graph (directed)		 (-g=)=../graphs/Pokec.edges
Input number of trim levels	 (-t=)=1
Pivot selection			 (-p=)=3
Specify FW-BW variant		 (-m=)=1
Specify maximum workers		 (-w=)=32
Specify randwalk iterations	 (-rand=)=50
Specify trim cutoff point	 (-cutoff=)=0
Specify how often to trim	 (-steps=)=1
Print help section		 (-h=)=No
Print SCC output to file	 (-out=)=No
Name to append output file	 (-suffix=)=PivotRandWalk2_C32_iteration9
Print timers			 (-time=)=3
Print debug information		 (-a=)=3
threads 32

Loading graph
Graph loaded
Starting
Done

Writing timer output

Writing debug output
Done
Bootstrapping complete
SCC. build: 16:35:40, Jun  1 2019. Time: 19:48:11 [Apr  3 2019]
===============================================================
Input graph (directed)		 (-g=)=../graphs/Pokec.edges
Input number of trim levels	 (-t=)=1
Pivot selection			 (-p=)=3
Specify FW-BW variant		 (-m=)=1
Specify maximum workers		 (-w=)=32
Specify randwalk iterations	 (-rand=)=50
Specify trim cutoff point	 (-cutoff=)=0
Specify how often to trim	 (-steps=)=1
Print help section		 (-h=)=No
Print SCC output to file	 (-out=)=No
Name to append output file	 (-suffix=)=PivotRandWalk2_C32_iteration10
Print timers			 (-time=)=3
Print debug information		 (-a=)=3
threads 32

Loading graph
Graph loaded
Starting
Done

Writing timer output

Writing debug output
Done
