Bootstrapping complete
SCC. build: 16:01:56, May 30 2019. Time: 00:41:35 [Apr  3 2019]
===============================================================
Input graph (directed)		 (-g=)=../graphs/Google.edges
Input number of trim levels	 (-t=)=3
Pivot selection			 (-p=)=3
Specify FW-BW variant		 (-m=)=1
Specify maximum workers		 (-w=)=1
Specify randwalk iterations	 (-rand=)=10
Specify trim cutoff point	 (-cutoff=)=0
Specify how often to trim	 (-steps=)=1
Print help section		 (-h=)=No
Print SCC output to file	 (-out=)=No
Name to append output file	 (-suffix=)=PivotRandWalk_C1_iteration1
Print timers			 (-time=)=3
Print debug information		 (-a=)=3

Loading graph
Graph loaded
Starting
Done

Writing timer output

Writing debug output
Done
Bootstrapping complete
SCC. build: 16:01:56, May 30 2019. Time: 00:42:53 [Apr  3 2019]
===============================================================
Input graph (directed)		 (-g=)=../graphs/Google.edges
Input number of trim levels	 (-t=)=3
Pivot selection			 (-p=)=3
Specify FW-BW variant		 (-m=)=1
Specify maximum workers		 (-w=)=1
Specify randwalk iterations	 (-rand=)=10
Specify trim cutoff point	 (-cutoff=)=0
Specify how often to trim	 (-steps=)=1
Print help section		 (-h=)=No
Print SCC output to file	 (-out=)=No
Name to append output file	 (-suffix=)=PivotRandWalk_C1_iteration2
Print timers			 (-time=)=3
Print debug information		 (-a=)=3

Loading graph
Graph loaded
Starting
Done

Writing timer output

Writing debug output
Done
Bootstrapping complete
SCC. build: 16:01:56, May 30 2019. Time: 00:44:11 [Apr  3 2019]
===============================================================
Input graph (directed)		 (-g=)=../graphs/Google.edges
Input number of trim levels	 (-t=)=3
Pivot selection			 (-p=)=3
Specify FW-BW variant		 (-m=)=1
Specify maximum workers		 (-w=)=1
Specify randwalk iterations	 (-rand=)=10
Specify trim cutoff point	 (-cutoff=)=0
Specify how often to trim	 (-steps=)=1
Print help section		 (-h=)=No
Print SCC output to file	 (-out=)=No
Name to append output file	 (-suffix=)=PivotRandWalk_C1_iteration3
Print timers			 (-time=)=3
Print debug information		 (-a=)=3

Loading graph
Graph loaded
Starting
Done

Writing timer output

Writing debug output
Done
Bootstrapping complete
SCC. build: 16:01:56, May 30 2019. Time: 00:45:28 [Apr  3 2019]
===============================================================
Input graph (directed)		 (-g=)=../graphs/Google.edges
Input number of trim levels	 (-t=)=3
Pivot selection			 (-p=)=3
Specify FW-BW variant		 (-m=)=1
Specify maximum workers		 (-w=)=1
Specify randwalk iterations	 (-rand=)=10
Specify trim cutoff point	 (-cutoff=)=0
Specify how often to trim	 (-steps=)=1
Print help section		 (-h=)=No
Print SCC output to file	 (-out=)=No
Name to append output file	 (-suffix=)=PivotRandWalk_C1_iteration4
Print timers			 (-time=)=3
Print debug information		 (-a=)=3

Loading graph
Graph loaded
Starting
Done

Writing timer output

Writing debug output
Done
Bootstrapping complete
SCC. build: 16:01:56, May 30 2019. Time: 00:46:46 [Apr  3 2019]
===============================================================
Input graph (directed)		 (-g=)=../graphs/Google.edges
Input number of trim levels	 (-t=)=3
Pivot selection			 (-p=)=3
Specify FW-BW variant		 (-m=)=1
Specify maximum workers		 (-w=)=1
Specify randwalk iterations	 (-rand=)=10
Specify trim cutoff point	 (-cutoff=)=0
Specify how often to trim	 (-steps=)=1
Print help section		 (-h=)=No
Print SCC output to file	 (-out=)=No
Name to append output file	 (-suffix=)=PivotRandWalk_C1_iteration5
Print timers			 (-time=)=3
Print debug information		 (-a=)=3

Loading graph
Graph loaded
Starting
Done

Writing timer output

Writing debug output
Done
Bootstrapping complete
SCC. build: 16:01:56, May 30 2019. Time: 00:48:04 [Apr  3 2019]
===============================================================
Input graph (directed)		 (-g=)=../graphs/Google.edges
Input number of trim levels	 (-t=)=3
Pivot selection			 (-p=)=3
Specify FW-BW variant		 (-m=)=1
Specify maximum workers		 (-w=)=1
Specify randwalk iterations	 (-rand=)=10
Specify trim cutoff point	 (-cutoff=)=0
Specify how often to trim	 (-steps=)=1
Print help section		 (-h=)=No
Print SCC output to file	 (-out=)=No
Name to append output file	 (-suffix=)=PivotRandWalk_C1_iteration6
Print timers			 (-time=)=3
Print debug information		 (-a=)=3

Loading graph
Graph loaded
Starting
Done

Writing timer output

Writing debug output
Done
Bootstrapping complete
SCC. build: 16:01:56, May 30 2019. Time: 00:49:22 [Apr  3 2019]
===============================================================
Input graph (directed)		 (-g=)=../graphs/Google.edges
Input number of trim levels	 (-t=)=3
Pivot selection			 (-p=)=3
Specify FW-BW variant		 (-m=)=1
Specify maximum workers		 (-w=)=1
Specify randwalk iterations	 (-rand=)=10
Specify trim cutoff point	 (-cutoff=)=0
Specify how often to trim	 (-steps=)=1
Print help section		 (-h=)=No
Print SCC output to file	 (-out=)=No
Name to append output file	 (-suffix=)=PivotRandWalk_C1_iteration7
Print timers			 (-time=)=3
Print debug information		 (-a=)=3

Loading graph
Graph loaded
Starting
Done

Writing timer output

Writing debug output
Done
Bootstrapping complete
SCC. build: 16:01:56, May 30 2019. Time: 00:50:39 [Apr  3 2019]
===============================================================
Input graph (directed)		 (-g=)=../graphs/Google.edges
Input number of trim levels	 (-t=)=3
Pivot selection			 (-p=)=3
Specify FW-BW variant		 (-m=)=1
Specify maximum workers		 (-w=)=1
Specify randwalk iterations	 (-rand=)=10
Specify trim cutoff point	 (-cutoff=)=0
Specify how often to trim	 (-steps=)=1
Print help section		 (-h=)=No
Print SCC output to file	 (-out=)=No
Name to append output file	 (-suffix=)=PivotRandWalk_C1_iteration8
Print timers			 (-time=)=3
Print debug information		 (-a=)=3

Loading graph
Graph loaded
Starting
Done

Writing timer output

Writing debug output
Done
Bootstrapping complete
SCC. build: 16:01:56, May 30 2019. Time: 00:51:57 [Apr  3 2019]
===============================================================
Input graph (directed)		 (-g=)=../graphs/Google.edges
Input number of trim levels	 (-t=)=3
Pivot selection			 (-p=)=3
Specify FW-BW variant		 (-m=)=1
Specify maximum workers		 (-w=)=1
Specify randwalk iterations	 (-rand=)=10
Specify trim cutoff point	 (-cutoff=)=0
Specify how often to trim	 (-steps=)=1
Print help section		 (-h=)=No
Print SCC output to file	 (-out=)=No
Name to append output file	 (-suffix=)=PivotRandWalk_C1_iteration9
Print timers			 (-time=)=3
Print debug information		 (-a=)=3

Loading graph
Graph loaded
Starting
Done

Writing timer output

Writing debug output
Done
Bootstrapping complete
SCC. build: 16:01:56, May 30 2019. Time: 00:53:15 [Apr  3 2019]
===============================================================
Input graph (directed)		 (-g=)=../graphs/Google.edges
Input number of trim levels	 (-t=)=3
Pivot selection			 (-p=)=3
Specify FW-BW variant		 (-m=)=1
Specify maximum workers		 (-w=)=1
Specify randwalk iterations	 (-rand=)=10
Specify trim cutoff point	 (-cutoff=)=0
Specify how often to trim	 (-steps=)=1
Print help section		 (-h=)=No
Print SCC output to file	 (-out=)=No
Name to append output file	 (-suffix=)=PivotRandWalk_C1_iteration10
Print timers			 (-time=)=3
Print debug information		 (-a=)=3

Loading graph
Graph loaded
Starting
Done

Writing timer output

Writing debug output
Done
Bootstrapping complete
SCC. build: 16:01:56, May 30 2019. Time: 00:54:33 [Apr  3 2019]
===============================================================
Input graph (directed)		 (-g=)=../graphs/Google.edges
Input number of trim levels	 (-t=)=3
Pivot selection			 (-p=)=3
Specify FW-BW variant		 (-m=)=1
Specify maximum workers		 (-w=)=2
Specify randwalk iterations	 (-rand=)=10
Specify trim cutoff point	 (-cutoff=)=0
Specify how often to trim	 (-steps=)=1
Print help section		 (-h=)=No
Print SCC output to file	 (-out=)=No
Name to append output file	 (-suffix=)=PivotRandWalk_C2_iteration1
Print timers			 (-time=)=3
Print debug information		 (-a=)=3

Loading graph
Graph loaded
Starting
Done

Writing timer output

Writing debug output
Done
Bootstrapping complete
SCC. build: 16:01:56, May 30 2019. Time: 00:55:20 [Apr  3 2019]
===============================================================
Input graph (directed)		 (-g=)=../graphs/Google.edges
Input number of trim levels	 (-t=)=3
Pivot selection			 (-p=)=3
Specify FW-BW variant		 (-m=)=1
Specify maximum workers		 (-w=)=2
Specify randwalk iterations	 (-rand=)=10
Specify trim cutoff point	 (-cutoff=)=0
Specify how often to trim	 (-steps=)=1
Print help section		 (-h=)=No
Print SCC output to file	 (-out=)=No
Name to append output file	 (-suffix=)=PivotRandWalk_C2_iteration2
Print timers			 (-time=)=3
Print debug information		 (-a=)=3

Loading graph
Graph loaded
Starting
Done

Writing timer output

Writing debug output
Done
Bootstrapping complete
SCC. build: 16:01:56, May 30 2019. Time: 00:56:07 [Apr  3 2019]
===============================================================
Input graph (directed)		 (-g=)=../graphs/Google.edges
Input number of trim levels	 (-t=)=3
Pivot selection			 (-p=)=3
Specify FW-BW variant		 (-m=)=1
Specify maximum workers		 (-w=)=2
Specify randwalk iterations	 (-rand=)=10
Specify trim cutoff point	 (-cutoff=)=0
Specify how often to trim	 (-steps=)=1
Print help section		 (-h=)=No
Print SCC output to file	 (-out=)=No
Name to append output file	 (-suffix=)=PivotRandWalk_C2_iteration3
Print timers			 (-time=)=3
Print debug information		 (-a=)=3

Loading graph
Graph loaded
Starting
Done

Writing timer output

Writing debug output
Done
Bootstrapping complete
SCC. build: 16:01:56, May 30 2019. Time: 00:56:53 [Apr  3 2019]
===============================================================
Input graph (directed)		 (-g=)=../graphs/Google.edges
Input number of trim levels	 (-t=)=3
Pivot selection			 (-p=)=3
Specify FW-BW variant		 (-m=)=1
Specify maximum workers		 (-w=)=2
Specify randwalk iterations	 (-rand=)=10
Specify trim cutoff point	 (-cutoff=)=0
Specify how often to trim	 (-steps=)=1
Print help section		 (-h=)=No
Print SCC output to file	 (-out=)=No
Name to append output file	 (-suffix=)=PivotRandWalk_C2_iteration4
Print timers			 (-time=)=3
Print debug information		 (-a=)=3

Loading graph
Graph loaded
Starting
Done

Writing timer output

Writing debug output
Done
Bootstrapping complete
SCC. build: 16:01:56, May 30 2019. Time: 00:57:40 [Apr  3 2019]
===============================================================
Input graph (directed)		 (-g=)=../graphs/Google.edges
Input number of trim levels	 (-t=)=3
Pivot selection			 (-p=)=3
Specify FW-BW variant		 (-m=)=1
Specify maximum workers		 (-w=)=2
Specify randwalk iterations	 (-rand=)=10
Specify trim cutoff point	 (-cutoff=)=0
Specify how often to trim	 (-steps=)=1
Print help section		 (-h=)=No
Print SCC output to file	 (-out=)=No
Name to append output file	 (-suffix=)=PivotRandWalk_C2_iteration5
Print timers			 (-time=)=3
Print debug information		 (-a=)=3

Loading graph
Graph loaded
Starting
Done

Writing timer output

Writing debug output
Done
Bootstrapping complete
SCC. build: 16:01:56, May 30 2019. Time: 00:58:27 [Apr  3 2019]
===============================================================
Input graph (directed)		 (-g=)=../graphs/Google.edges
Input number of trim levels	 (-t=)=3
Pivot selection			 (-p=)=3
Specify FW-BW variant		 (-m=)=1
Specify maximum workers		 (-w=)=2
Specify randwalk iterations	 (-rand=)=10
Specify trim cutoff point	 (-cutoff=)=0
Specify how often to trim	 (-steps=)=1
Print help section		 (-h=)=No
Print SCC output to file	 (-out=)=No
Name to append output file	 (-suffix=)=PivotRandWalk_C2_iteration6
Print timers			 (-time=)=3
Print debug information		 (-a=)=3

Loading graph
Graph loaded
Starting
Done

Writing timer output

Writing debug output
Done
Bootstrapping complete
SCC. build: 16:01:56, May 30 2019. Time: 00:59:14 [Apr  3 2019]
===============================================================
Input graph (directed)		 (-g=)=../graphs/Google.edges
Input number of trim levels	 (-t=)=3
Pivot selection			 (-p=)=3
Specify FW-BW variant		 (-m=)=1
Specify maximum workers		 (-w=)=2
Specify randwalk iterations	 (-rand=)=10
Specify trim cutoff point	 (-cutoff=)=0
Specify how often to trim	 (-steps=)=1
Print help section		 (-h=)=No
Print SCC output to file	 (-out=)=No
Name to append output file	 (-suffix=)=PivotRandWalk_C2_iteration7
Print timers			 (-time=)=3
Print debug information		 (-a=)=3

Loading graph
Graph loaded
Starting
Done

Writing timer output

Writing debug output
Done
Bootstrapping complete
SCC. build: 16:01:56, May 30 2019. Time: 01:00:00 [Apr  3 2019]
===============================================================
Input graph (directed)		 (-g=)=../graphs/Google.edges
Input number of trim levels	 (-t=)=3
Pivot selection			 (-p=)=3
Specify FW-BW variant		 (-m=)=1
Specify maximum workers		 (-w=)=2
Specify randwalk iterations	 (-rand=)=10
Specify trim cutoff point	 (-cutoff=)=0
Specify how often to trim	 (-steps=)=1
Print help section		 (-h=)=No
Print SCC output to file	 (-out=)=No
Name to append output file	 (-suffix=)=PivotRandWalk_C2_iteration8
Print timers			 (-time=)=3
Print debug information		 (-a=)=3

Loading graph
Graph loaded
Starting
Done

Writing timer output

Writing debug output
Done
Bootstrapping complete
SCC. build: 16:01:56, May 30 2019. Time: 01:00:48 [Apr  3 2019]
===============================================================
Input graph (directed)		 (-g=)=../graphs/Google.edges
Input number of trim levels	 (-t=)=3
Pivot selection			 (-p=)=3
Specify FW-BW variant		 (-m=)=1
Specify maximum workers		 (-w=)=2
Specify randwalk iterations	 (-rand=)=10
Specify trim cutoff point	 (-cutoff=)=0
Specify how often to trim	 (-steps=)=1
Print help section		 (-h=)=No
Print SCC output to file	 (-out=)=No
Name to append output file	 (-suffix=)=PivotRandWalk_C2_iteration9
Print timers			 (-time=)=3
Print debug information		 (-a=)=3

Loading graph
Graph loaded
Starting
Done

Writing timer output

Writing debug output
Done
Bootstrapping complete
SCC. build: 16:01:56, May 30 2019. Time: 01:01:34 [Apr  3 2019]
===============================================================
Input graph (directed)		 (-g=)=../graphs/Google.edges
Input number of trim levels	 (-t=)=3
Pivot selection			 (-p=)=3
Specify FW-BW variant		 (-m=)=1
Specify maximum workers		 (-w=)=2
Specify randwalk iterations	 (-rand=)=10
Specify trim cutoff point	 (-cutoff=)=0
Specify how often to trim	 (-steps=)=1
Print help section		 (-h=)=No
Print SCC output to file	 (-out=)=No
Name to append output file	 (-suffix=)=PivotRandWalk_C2_iteration10
Print timers			 (-time=)=3
Print debug information		 (-a=)=3

Loading graph
Graph loaded
Starting
Done

Writing timer output

Writing debug output
Done
Bootstrapping complete
SCC. build: 16:01:56, May 30 2019. Time: 01:02:21 [Apr  3 2019]
===============================================================
Input graph (directed)		 (-g=)=../graphs/Google.edges
Input number of trim levels	 (-t=)=3
Pivot selection			 (-p=)=3
Specify FW-BW variant		 (-m=)=1
Specify maximum workers		 (-w=)=4
Specify randwalk iterations	 (-rand=)=10
Specify trim cutoff point	 (-cutoff=)=0
Specify how often to trim	 (-steps=)=1
Print help section		 (-h=)=No
Print SCC output to file	 (-out=)=No
Name to append output file	 (-suffix=)=PivotRandWalk_C4_iteration1
Print timers			 (-time=)=3
Print debug information		 (-a=)=3

Loading graph
Graph loaded
Starting
Done

Writing timer output

Writing debug output
Done
Bootstrapping complete
SCC. build: 16:01:56, May 30 2019. Time: 01:02:55 [Apr  3 2019]
===============================================================
Input graph (directed)		 (-g=)=../graphs/Google.edges
Input number of trim levels	 (-t=)=3
Pivot selection			 (-p=)=3
Specify FW-BW variant		 (-m=)=1
Specify maximum workers		 (-w=)=4
Specify randwalk iterations	 (-rand=)=10
Specify trim cutoff point	 (-cutoff=)=0
Specify how often to trim	 (-steps=)=1
Print help section		 (-h=)=No
Print SCC output to file	 (-out=)=No
Name to append output file	 (-suffix=)=PivotRandWalk_C4_iteration2
Print timers			 (-time=)=3
Print debug information		 (-a=)=3

Loading graph
Graph loaded
Starting
Done

Writing timer output

Writing debug output
Done
Bootstrapping complete
SCC. build: 16:01:56, May 30 2019. Time: 01:03:25 [Apr  3 2019]
===============================================================
Input graph (directed)		 (-g=)=../graphs/Google.edges
Input number of trim levels	 (-t=)=3
Pivot selection			 (-p=)=3
Specify FW-BW variant		 (-m=)=1
Specify maximum workers		 (-w=)=4
Specify randwalk iterations	 (-rand=)=10
Specify trim cutoff point	 (-cutoff=)=0
Specify how often to trim	 (-steps=)=1
Print help section		 (-h=)=No
Print SCC output to file	 (-out=)=No
Name to append output file	 (-suffix=)=PivotRandWalk_C4_iteration3
Print timers			 (-time=)=3
Print debug information		 (-a=)=3

Loading graph
Graph loaded
Starting
Done

Writing timer output

Writing debug output
Done
Bootstrapping complete
SCC. build: 16:01:56, May 30 2019. Time: 01:03:55 [Apr  3 2019]
===============================================================
Input graph (directed)		 (-g=)=../graphs/Google.edges
Input number of trim levels	 (-t=)=3
Pivot selection			 (-p=)=3
Specify FW-BW variant		 (-m=)=1
Specify maximum workers		 (-w=)=4
Specify randwalk iterations	 (-rand=)=10
Specify trim cutoff point	 (-cutoff=)=0
Specify how often to trim	 (-steps=)=1
Print help section		 (-h=)=No
Print SCC output to file	 (-out=)=No
Name to append output file	 (-suffix=)=PivotRandWalk_C4_iteration4
Print timers			 (-time=)=3
Print debug information		 (-a=)=3

Loading graph
Graph loaded
Starting
Done

Writing timer output

Writing debug output
Done
Bootstrapping complete
SCC. build: 16:01:56, May 30 2019. Time: 01:04:26 [Apr  3 2019]
===============================================================
Input graph (directed)		 (-g=)=../graphs/Google.edges
Input number of trim levels	 (-t=)=3
Pivot selection			 (-p=)=3
Specify FW-BW variant		 (-m=)=1
Specify maximum workers		 (-w=)=4
Specify randwalk iterations	 (-rand=)=10
Specify trim cutoff point	 (-cutoff=)=0
Specify how often to trim	 (-steps=)=1
Print help section		 (-h=)=No
Print SCC output to file	 (-out=)=No
Name to append output file	 (-suffix=)=PivotRandWalk_C4_iteration5
Print timers			 (-time=)=3
Print debug information		 (-a=)=3

Loading graph
Graph loaded
Starting
Done

Writing timer output

Writing debug output
Done
Bootstrapping complete
SCC. build: 16:01:56, May 30 2019. Time: 01:04:55 [Apr  3 2019]
===============================================================
Input graph (directed)		 (-g=)=../graphs/Google.edges
Input number of trim levels	 (-t=)=3
Pivot selection			 (-p=)=3
Specify FW-BW variant		 (-m=)=1
Specify maximum workers		 (-w=)=4
Specify randwalk iterations	 (-rand=)=10
Specify trim cutoff point	 (-cutoff=)=0
Specify how often to trim	 (-steps=)=1
Print help section		 (-h=)=No
Print SCC output to file	 (-out=)=No
Name to append output file	 (-suffix=)=PivotRandWalk_C4_iteration6
Print timers			 (-time=)=3
Print debug information		 (-a=)=3

Loading graph
Graph loaded
Starting
Done

Writing timer output

Writing debug output
Done
Bootstrapping complete
SCC. build: 16:01:56, May 30 2019. Time: 01:05:29 [Apr  3 2019]
===============================================================
Input graph (directed)		 (-g=)=../graphs/Google.edges
Input number of trim levels	 (-t=)=3
Pivot selection			 (-p=)=3
Specify FW-BW variant		 (-m=)=1
Specify maximum workers		 (-w=)=4
Specify randwalk iterations	 (-rand=)=10
Specify trim cutoff point	 (-cutoff=)=0
Specify how often to trim	 (-steps=)=1
Print help section		 (-h=)=No
Print SCC output to file	 (-out=)=No
Name to append output file	 (-suffix=)=PivotRandWalk_C4_iteration7
Print timers			 (-time=)=3
Print debug information		 (-a=)=3

Loading graph
Graph loaded
Starting
Done

Writing timer output

Writing debug output
Done
Bootstrapping complete
SCC. build: 16:01:56, May 30 2019. Time: 01:05:58 [Apr  3 2019]
===============================================================
Input graph (directed)		 (-g=)=../graphs/Google.edges
Input number of trim levels	 (-t=)=3
Pivot selection			 (-p=)=3
Specify FW-BW variant		 (-m=)=1
Specify maximum workers		 (-w=)=4
Specify randwalk iterations	 (-rand=)=10
Specify trim cutoff point	 (-cutoff=)=0
Specify how often to trim	 (-steps=)=1
Print help section		 (-h=)=No
Print SCC output to file	 (-out=)=No
Name to append output file	 (-suffix=)=PivotRandWalk_C4_iteration8
Print timers			 (-time=)=3
Print debug information		 (-a=)=3

Loading graph
Graph loaded
Starting
Done

Writing timer output

Writing debug output
Done
Bootstrapping complete
SCC. build: 16:01:56, May 30 2019. Time: 01:06:29 [Apr  3 2019]
===============================================================
Input graph (directed)		 (-g=)=../graphs/Google.edges
Input number of trim levels	 (-t=)=3
Pivot selection			 (-p=)=3
Specify FW-BW variant		 (-m=)=1
Specify maximum workers		 (-w=)=4
Specify randwalk iterations	 (-rand=)=10
Specify trim cutoff point	 (-cutoff=)=0
Specify how often to trim	 (-steps=)=1
Print help section		 (-h=)=No
Print SCC output to file	 (-out=)=No
Name to append output file	 (-suffix=)=PivotRandWalk_C4_iteration9
Print timers			 (-time=)=3
Print debug information		 (-a=)=3

Loading graph
Graph loaded
Starting
Done

Writing timer output

Writing debug output
Done
Bootstrapping complete
SCC. build: 16:01:56, May 30 2019. Time: 01:06:59 [Apr  3 2019]
===============================================================
Input graph (directed)		 (-g=)=../graphs/Google.edges
Input number of trim levels	 (-t=)=3
Pivot selection			 (-p=)=3
Specify FW-BW variant		 (-m=)=1
Specify maximum workers		 (-w=)=4
Specify randwalk iterations	 (-rand=)=10
Specify trim cutoff point	 (-cutoff=)=0
Specify how often to trim	 (-steps=)=1
Print help section		 (-h=)=No
Print SCC output to file	 (-out=)=No
Name to append output file	 (-suffix=)=PivotRandWalk_C4_iteration10
Print timers			 (-time=)=3
Print debug information		 (-a=)=3

Loading graph
Graph loaded
Starting
Done

Writing timer output

Writing debug output
Done
Bootstrapping complete
SCC. build: 16:01:56, May 30 2019. Time: 01:07:29 [Apr  3 2019]
===============================================================
Input graph (directed)		 (-g=)=../graphs/Google.edges
Input number of trim levels	 (-t=)=3
Pivot selection			 (-p=)=3
Specify FW-BW variant		 (-m=)=1
Specify maximum workers		 (-w=)=8
Specify randwalk iterations	 (-rand=)=10
Specify trim cutoff point	 (-cutoff=)=0
Specify how often to trim	 (-steps=)=1
Print help section		 (-h=)=No
Print SCC output to file	 (-out=)=No
Name to append output file	 (-suffix=)=PivotRandWalk_C8_iteration1
Print timers			 (-time=)=3
Print debug information		 (-a=)=3

Loading graph
Graph loaded
Starting
Done

Writing timer output

Writing debug output
Done
Bootstrapping complete
SCC. build: 16:01:56, May 30 2019. Time: 01:07:49 [Apr  3 2019]
===============================================================
Input graph (directed)		 (-g=)=../graphs/Google.edges
Input number of trim levels	 (-t=)=3
Pivot selection			 (-p=)=3
Specify FW-BW variant		 (-m=)=1
Specify maximum workers		 (-w=)=8
Specify randwalk iterations	 (-rand=)=10
Specify trim cutoff point	 (-cutoff=)=0
Specify how often to trim	 (-steps=)=1
Print help section		 (-h=)=No
Print SCC output to file	 (-out=)=No
Name to append output file	 (-suffix=)=PivotRandWalk_C8_iteration2
Print timers			 (-time=)=3
Print debug information		 (-a=)=3

Loading graph
Graph loaded
Starting
Done

Writing timer output

Writing debug output
Done
Bootstrapping complete
SCC. build: 16:01:56, May 30 2019. Time: 01:08:08 [Apr  3 2019]
===============================================================
Input graph (directed)		 (-g=)=../graphs/Google.edges
Input number of trim levels	 (-t=)=3
Pivot selection			 (-p=)=3
Specify FW-BW variant		 (-m=)=1
Specify maximum workers		 (-w=)=8
Specify randwalk iterations	 (-rand=)=10
Specify trim cutoff point	 (-cutoff=)=0
Specify how often to trim	 (-steps=)=1
Print help section		 (-h=)=No
Print SCC output to file	 (-out=)=No
Name to append output file	 (-suffix=)=PivotRandWalk_C8_iteration3
Print timers			 (-time=)=3
Print debug information		 (-a=)=3

Loading graph
Graph loaded
Starting
Done

Writing timer output

Writing debug output
Done
Bootstrapping complete
SCC. build: 16:01:56, May 30 2019. Time: 01:08:28 [Apr  3 2019]
===============================================================
Input graph (directed)		 (-g=)=../graphs/Google.edges
Input number of trim levels	 (-t=)=3
Pivot selection			 (-p=)=3
Specify FW-BW variant		 (-m=)=1
Specify maximum workers		 (-w=)=8
Specify randwalk iterations	 (-rand=)=10
Specify trim cutoff point	 (-cutoff=)=0
Specify how often to trim	 (-steps=)=1
Print help section		 (-h=)=No
Print SCC output to file	 (-out=)=No
Name to append output file	 (-suffix=)=PivotRandWalk_C8_iteration4
Print timers			 (-time=)=3
Print debug information		 (-a=)=3

Loading graph
Graph loaded
Starting
Done

Writing timer output

Writing debug output
Done
Bootstrapping complete
SCC. build: 16:01:56, May 30 2019. Time: 01:08:50 [Apr  3 2019]
===============================================================
Input graph (directed)		 (-g=)=../graphs/Google.edges
Input number of trim levels	 (-t=)=3
Pivot selection			 (-p=)=3
Specify FW-BW variant		 (-m=)=1
Specify maximum workers		 (-w=)=8
Specify randwalk iterations	 (-rand=)=10
Specify trim cutoff point	 (-cutoff=)=0
Specify how often to trim	 (-steps=)=1
Print help section		 (-h=)=No
Print SCC output to file	 (-out=)=No
Name to append output file	 (-suffix=)=PivotRandWalk_C8_iteration5
Print timers			 (-time=)=3
Print debug information		 (-a=)=3

Loading graph
Graph loaded
Starting
Done

Writing timer output

Writing debug output
Done
Bootstrapping complete
SCC. build: 16:01:56, May 30 2019. Time: 01:09:12 [Apr  3 2019]
===============================================================
Input graph (directed)		 (-g=)=../graphs/Google.edges
Input number of trim levels	 (-t=)=3
Pivot selection			 (-p=)=3
Specify FW-BW variant		 (-m=)=1
Specify maximum workers		 (-w=)=8
Specify randwalk iterations	 (-rand=)=10
Specify trim cutoff point	 (-cutoff=)=0
Specify how often to trim	 (-steps=)=1
Print help section		 (-h=)=No
Print SCC output to file	 (-out=)=No
Name to append output file	 (-suffix=)=PivotRandWalk_C8_iteration6
Print timers			 (-time=)=3
Print debug information		 (-a=)=3

Loading graph
Graph loaded
Starting
Done

Writing timer output

Writing debug output
Done
Bootstrapping complete
SCC. build: 16:01:56, May 30 2019. Time: 01:09:32 [Apr  3 2019]
===============================================================
Input graph (directed)		 (-g=)=../graphs/Google.edges
Input number of trim levels	 (-t=)=3
Pivot selection			 (-p=)=3
Specify FW-BW variant		 (-m=)=1
Specify maximum workers		 (-w=)=8
Specify randwalk iterations	 (-rand=)=10
Specify trim cutoff point	 (-cutoff=)=0
Specify how often to trim	 (-steps=)=1
Print help section		 (-h=)=No
Print SCC output to file	 (-out=)=No
Name to append output file	 (-suffix=)=PivotRandWalk_C8_iteration7
Print timers			 (-time=)=3
Print debug information		 (-a=)=3

Loading graph
Graph loaded
Starting
Done

Writing timer output

Writing debug output
Done
Bootstrapping complete
SCC. build: 16:01:56, May 30 2019. Time: 01:09:52 [Apr  3 2019]
===============================================================
Input graph (directed)		 (-g=)=../graphs/Google.edges
Input number of trim levels	 (-t=)=3
Pivot selection			 (-p=)=3
Specify FW-BW variant		 (-m=)=1
Specify maximum workers		 (-w=)=8
Specify randwalk iterations	 (-rand=)=10
Specify trim cutoff point	 (-cutoff=)=0
Specify how often to trim	 (-steps=)=1
Print help section		 (-h=)=No
Print SCC output to file	 (-out=)=No
Name to append output file	 (-suffix=)=PivotRandWalk_C8_iteration8
Print timers			 (-time=)=3
Print debug information		 (-a=)=3

Loading graph
Graph loaded
Starting
Done

Writing timer output

Writing debug output
Done
Bootstrapping complete
SCC. build: 16:01:56, May 30 2019. Time: 01:10:15 [Apr  3 2019]
===============================================================
Input graph (directed)		 (-g=)=../graphs/Google.edges
Input number of trim levels	 (-t=)=3
Pivot selection			 (-p=)=3
Specify FW-BW variant		 (-m=)=1
Specify maximum workers		 (-w=)=8
Specify randwalk iterations	 (-rand=)=10
Specify trim cutoff point	 (-cutoff=)=0
Specify how often to trim	 (-steps=)=1
Print help section		 (-h=)=No
Print SCC output to file	 (-out=)=No
Name to append output file	 (-suffix=)=PivotRandWalk_C8_iteration9
Print timers			 (-time=)=3
Print debug information		 (-a=)=3

Loading graph
Graph loaded
Starting
Done

Writing timer output

Writing debug output
Done
Bootstrapping complete
SCC. build: 16:01:56, May 30 2019. Time: 01:10:39 [Apr  3 2019]
===============================================================
Input graph (directed)		 (-g=)=../graphs/Google.edges
Input number of trim levels	 (-t=)=3
Pivot selection			 (-p=)=3
Specify FW-BW variant		 (-m=)=1
Specify maximum workers		 (-w=)=8
Specify randwalk iterations	 (-rand=)=10
Specify trim cutoff point	 (-cutoff=)=0
Specify how often to trim	 (-steps=)=1
Print help section		 (-h=)=No
Print SCC output to file	 (-out=)=No
Name to append output file	 (-suffix=)=PivotRandWalk_C8_iteration10
Print timers			 (-time=)=3
Print debug information		 (-a=)=3

Loading graph
Graph loaded
Starting
Done

Writing timer output

Writing debug output
Done
Bootstrapping complete
SCC. build: 16:01:56, May 30 2019. Time: 01:11:01 [Apr  3 2019]
===============================================================
Input graph (directed)		 (-g=)=../graphs/Google.edges
Input number of trim levels	 (-t=)=3
Pivot selection			 (-p=)=3
Specify FW-BW variant		 (-m=)=1
Specify maximum workers		 (-w=)=16
Specify randwalk iterations	 (-rand=)=10
Specify trim cutoff point	 (-cutoff=)=0
Specify how often to trim	 (-steps=)=1
Print help section		 (-h=)=No
Print SCC output to file	 (-out=)=No
Name to append output file	 (-suffix=)=PivotRandWalk_C16_iteration1
Print timers			 (-time=)=3
Print debug information		 (-a=)=3

Loading graph
Graph loaded
Starting
Done

Writing timer output

Writing debug output
Done
Bootstrapping complete
SCC. build: 16:01:56, May 30 2019. Time: 01:11:20 [Apr  3 2019]
===============================================================
Input graph (directed)		 (-g=)=../graphs/Google.edges
Input number of trim levels	 (-t=)=3
Pivot selection			 (-p=)=3
Specify FW-BW variant		 (-m=)=1
Specify maximum workers		 (-w=)=16
Specify randwalk iterations	 (-rand=)=10
Specify trim cutoff point	 (-cutoff=)=0
Specify how often to trim	 (-steps=)=1
Print help section		 (-h=)=No
Print SCC output to file	 (-out=)=No
Name to append output file	 (-suffix=)=PivotRandWalk_C16_iteration2
Print timers			 (-time=)=3
Print debug information		 (-a=)=3

Loading graph
Graph loaded
Starting
Done

Writing timer output

Writing debug output
Done
Bootstrapping complete
SCC. build: 16:01:56, May 30 2019. Time: 01:11:38 [Apr  3 2019]
===============================================================
Input graph (directed)		 (-g=)=../graphs/Google.edges
Input number of trim levels	 (-t=)=3
Pivot selection			 (-p=)=3
Specify FW-BW variant		 (-m=)=1
Specify maximum workers		 (-w=)=16
Specify randwalk iterations	 (-rand=)=10
Specify trim cutoff point	 (-cutoff=)=0
Specify how often to trim	 (-steps=)=1
Print help section		 (-h=)=No
Print SCC output to file	 (-out=)=No
Name to append output file	 (-suffix=)=PivotRandWalk_C16_iteration3
Print timers			 (-time=)=3
Print debug information		 (-a=)=3

Loading graph
Graph loaded
Starting
Done

Writing timer output

Writing debug output
Done
Bootstrapping complete
SCC. build: 16:01:56, May 30 2019. Time: 01:11:56 [Apr  3 2019]
===============================================================
Input graph (directed)		 (-g=)=../graphs/Google.edges
Input number of trim levels	 (-t=)=3
Pivot selection			 (-p=)=3
Specify FW-BW variant		 (-m=)=1
Specify maximum workers		 (-w=)=16
Specify randwalk iterations	 (-rand=)=10
Specify trim cutoff point	 (-cutoff=)=0
Specify how often to trim	 (-steps=)=1
Print help section		 (-h=)=No
Print SCC output to file	 (-out=)=No
Name to append output file	 (-suffix=)=PivotRandWalk_C16_iteration4
Print timers			 (-time=)=3
Print debug information		 (-a=)=3

Loading graph
Graph loaded
Starting
Done

Writing timer output

Writing debug output
Done
Bootstrapping complete
SCC. build: 16:01:56, May 30 2019. Time: 01:12:15 [Apr  3 2019]
===============================================================
Input graph (directed)		 (-g=)=../graphs/Google.edges
Input number of trim levels	 (-t=)=3
Pivot selection			 (-p=)=3
Specify FW-BW variant		 (-m=)=1
Specify maximum workers		 (-w=)=16
Specify randwalk iterations	 (-rand=)=10
Specify trim cutoff point	 (-cutoff=)=0
Specify how often to trim	 (-steps=)=1
Print help section		 (-h=)=No
Print SCC output to file	 (-out=)=No
Name to append output file	 (-suffix=)=PivotRandWalk_C16_iteration5
Print timers			 (-time=)=3
Print debug information		 (-a=)=3

Loading graph
Graph loaded
Starting
Done

Writing timer output

Writing debug output
Done
Bootstrapping complete
SCC. build: 16:01:56, May 30 2019. Time: 01:12:33 [Apr  3 2019]
===============================================================
Input graph (directed)		 (-g=)=../graphs/Google.edges
Input number of trim levels	 (-t=)=3
Pivot selection			 (-p=)=3
Specify FW-BW variant		 (-m=)=1
Specify maximum workers		 (-w=)=16
Specify randwalk iterations	 (-rand=)=10
Specify trim cutoff point	 (-cutoff=)=0
Specify how often to trim	 (-steps=)=1
Print help section		 (-h=)=No
Print SCC output to file	 (-out=)=No
Name to append output file	 (-suffix=)=PivotRandWalk_C16_iteration6
Print timers			 (-time=)=3
Print debug information		 (-a=)=3

Loading graph
Graph loaded
Starting
Done

Writing timer output

Writing debug output
Done
Bootstrapping complete
SCC. build: 16:01:56, May 30 2019. Time: 01:12:50 [Apr  3 2019]
===============================================================
Input graph (directed)		 (-g=)=../graphs/Google.edges
Input number of trim levels	 (-t=)=3
Pivot selection			 (-p=)=3
Specify FW-BW variant		 (-m=)=1
Specify maximum workers		 (-w=)=16
Specify randwalk iterations	 (-rand=)=10
Specify trim cutoff point	 (-cutoff=)=0
Specify how often to trim	 (-steps=)=1
Print help section		 (-h=)=No
Print SCC output to file	 (-out=)=No
Name to append output file	 (-suffix=)=PivotRandWalk_C16_iteration7
Print timers			 (-time=)=3
Print debug information		 (-a=)=3

Loading graph
Graph loaded
Starting
Done

Writing timer output

Writing debug output
Done
Bootstrapping complete
SCC. build: 16:01:56, May 30 2019. Time: 01:13:06 [Apr  3 2019]
===============================================================
Input graph (directed)		 (-g=)=../graphs/Google.edges
Input number of trim levels	 (-t=)=3
Pivot selection			 (-p=)=3
Specify FW-BW variant		 (-m=)=1
Specify maximum workers		 (-w=)=16
Specify randwalk iterations	 (-rand=)=10
Specify trim cutoff point	 (-cutoff=)=0
Specify how often to trim	 (-steps=)=1
Print help section		 (-h=)=No
Print SCC output to file	 (-out=)=No
Name to append output file	 (-suffix=)=PivotRandWalk_C16_iteration8
Print timers			 (-time=)=3
Print debug information		 (-a=)=3

Loading graph
Graph loaded
Starting
Done

Writing timer output

Writing debug output
Done
Bootstrapping complete
SCC. build: 16:01:56, May 30 2019. Time: 01:13:23 [Apr  3 2019]
===============================================================
Input graph (directed)		 (-g=)=../graphs/Google.edges
Input number of trim levels	 (-t=)=3
Pivot selection			 (-p=)=3
Specify FW-BW variant		 (-m=)=1
Specify maximum workers		 (-w=)=16
Specify randwalk iterations	 (-rand=)=10
Specify trim cutoff point	 (-cutoff=)=0
Specify how often to trim	 (-steps=)=1
Print help section		 (-h=)=No
Print SCC output to file	 (-out=)=No
Name to append output file	 (-suffix=)=PivotRandWalk_C16_iteration9
Print timers			 (-time=)=3
Print debug information		 (-a=)=3

Loading graph
Graph loaded
Starting
Done

Writing timer output

Writing debug output
Done
Bootstrapping complete
SCC. build: 16:01:56, May 30 2019. Time: 01:13:39 [Apr  3 2019]
===============================================================
Input graph (directed)		 (-g=)=../graphs/Google.edges
Input number of trim levels	 (-t=)=3
Pivot selection			 (-p=)=3
Specify FW-BW variant		 (-m=)=1
Specify maximum workers		 (-w=)=16
Specify randwalk iterations	 (-rand=)=10
Specify trim cutoff point	 (-cutoff=)=0
Specify how often to trim	 (-steps=)=1
Print help section		 (-h=)=No
Print SCC output to file	 (-out=)=No
Name to append output file	 (-suffix=)=PivotRandWalk_C16_iteration10
Print timers			 (-time=)=3
Print debug information		 (-a=)=3

Loading graph
Graph loaded
Starting
Done

Writing timer output

Writing debug output
Done
