Bootstrapping complete
SCC. build: 16:35:40, Jun  1 2019. Time: 05:34:44 [Apr  3 2019]
===============================================================
Input graph (directed)		 (-g=)=../graphs/LiveJ.edges
Input number of trim levels	 (-t=)=3
Pivot selection			 (-p=)=3
Specify FW-BW variant		 (-m=)=1
Specify maximum workers		 (-w=)=1
Specify randwalk iterations	 (-rand=)=10
Specify trim cutoff point	 (-cutoff=)=0
Specify how often to trim	 (-steps=)=1
Print help section		 (-h=)=No
Print SCC output to file	 (-out=)=No
Name to append output file	 (-suffix=)=PivotRandWalk_C1_iteration1
Print timers			 (-time=)=3
Print debug information		 (-a=)=3
threads 32

Loading graph
Graph loaded
Starting
Done

Writing timer output

Writing debug output
Done
Bootstrapping complete
SCC. build: 16:35:40, Jun  1 2019. Time: 05:36:18 [Apr  3 2019]
===============================================================
Input graph (directed)		 (-g=)=../graphs/LiveJ.edges
Input number of trim levels	 (-t=)=3
Pivot selection			 (-p=)=3
Specify FW-BW variant		 (-m=)=1
Specify maximum workers		 (-w=)=1
Specify randwalk iterations	 (-rand=)=10
Specify trim cutoff point	 (-cutoff=)=0
Specify how often to trim	 (-steps=)=1
Print help section		 (-h=)=No
Print SCC output to file	 (-out=)=No
Name to append output file	 (-suffix=)=PivotRandWalk_C1_iteration2
Print timers			 (-time=)=3
Print debug information		 (-a=)=3
threads 32

Loading graph
Graph loaded
Starting
Done

Writing timer output

Writing debug output
Done
Bootstrapping complete
SCC. build: 16:35:40, Jun  1 2019. Time: 05:37:57 [Apr  3 2019]
===============================================================
Input graph (directed)		 (-g=)=../graphs/LiveJ.edges
Input number of trim levels	 (-t=)=3
Pivot selection			 (-p=)=3
Specify FW-BW variant		 (-m=)=1
Specify maximum workers		 (-w=)=1
Specify randwalk iterations	 (-rand=)=10
Specify trim cutoff point	 (-cutoff=)=0
Specify how often to trim	 (-steps=)=1
Print help section		 (-h=)=No
Print SCC output to file	 (-out=)=No
Name to append output file	 (-suffix=)=PivotRandWalk_C1_iteration3
Print timers			 (-time=)=3
Print debug information		 (-a=)=3
threads 32

Loading graph
Graph loaded
Starting
Done

Writing timer output

Writing debug output
Done
Bootstrapping complete
SCC. build: 16:35:40, Jun  1 2019. Time: 05:39:36 [Apr  3 2019]
===============================================================
Input graph (directed)		 (-g=)=../graphs/LiveJ.edges
Input number of trim levels	 (-t=)=3
Pivot selection			 (-p=)=3
Specify FW-BW variant		 (-m=)=1
Specify maximum workers		 (-w=)=1
Specify randwalk iterations	 (-rand=)=10
Specify trim cutoff point	 (-cutoff=)=0
Specify how often to trim	 (-steps=)=1
Print help section		 (-h=)=No
Print SCC output to file	 (-out=)=No
Name to append output file	 (-suffix=)=PivotRandWalk_C1_iteration4
Print timers			 (-time=)=3
Print debug information		 (-a=)=3
threads 32

Loading graph
Graph loaded
Starting
Done

Writing timer output

Writing debug output
Done
Bootstrapping complete
SCC. build: 16:35:40, Jun  1 2019. Time: 05:41:10 [Apr  3 2019]
===============================================================
Input graph (directed)		 (-g=)=../graphs/LiveJ.edges
Input number of trim levels	 (-t=)=3
Pivot selection			 (-p=)=3
Specify FW-BW variant		 (-m=)=1
Specify maximum workers		 (-w=)=1
Specify randwalk iterations	 (-rand=)=10
Specify trim cutoff point	 (-cutoff=)=0
Specify how often to trim	 (-steps=)=1
Print help section		 (-h=)=No
Print SCC output to file	 (-out=)=No
Name to append output file	 (-suffix=)=PivotRandWalk_C1_iteration5
Print timers			 (-time=)=3
Print debug information		 (-a=)=3
threads 32

Loading graph
Graph loaded
Starting
Done

Writing timer output

Writing debug output
Done
Bootstrapping complete
SCC. build: 16:35:40, Jun  1 2019. Time: 05:42:45 [Apr  3 2019]
===============================================================
Input graph (directed)		 (-g=)=../graphs/LiveJ.edges
Input number of trim levels	 (-t=)=3
Pivot selection			 (-p=)=3
Specify FW-BW variant		 (-m=)=1
Specify maximum workers		 (-w=)=1
Specify randwalk iterations	 (-rand=)=10
Specify trim cutoff point	 (-cutoff=)=0
Specify how often to trim	 (-steps=)=1
Print help section		 (-h=)=No
Print SCC output to file	 (-out=)=No
Name to append output file	 (-suffix=)=PivotRandWalk_C1_iteration6
Print timers			 (-time=)=3
Print debug information		 (-a=)=3
threads 32

Loading graph
Graph loaded
Starting
Done

Writing timer output

Writing debug output
Done
Bootstrapping complete
SCC. build: 16:35:40, Jun  1 2019. Time: 05:44:23 [Apr  3 2019]
===============================================================
Input graph (directed)		 (-g=)=../graphs/LiveJ.edges
Input number of trim levels	 (-t=)=3
Pivot selection			 (-p=)=3
Specify FW-BW variant		 (-m=)=1
Specify maximum workers		 (-w=)=1
Specify randwalk iterations	 (-rand=)=10
Specify trim cutoff point	 (-cutoff=)=0
Specify how often to trim	 (-steps=)=1
Print help section		 (-h=)=No
Print SCC output to file	 (-out=)=No
Name to append output file	 (-suffix=)=PivotRandWalk_C1_iteration7
Print timers			 (-time=)=3
Print debug information		 (-a=)=3
threads 32

Loading graph
Graph loaded
Starting
Done

Writing timer output

Writing debug output
Done
Bootstrapping complete
SCC. build: 16:35:40, Jun  1 2019. Time: 05:46:02 [Apr  3 2019]
===============================================================
Input graph (directed)		 (-g=)=../graphs/LiveJ.edges
Input number of trim levels	 (-t=)=3
Pivot selection			 (-p=)=3
Specify FW-BW variant		 (-m=)=1
Specify maximum workers		 (-w=)=1
Specify randwalk iterations	 (-rand=)=10
Specify trim cutoff point	 (-cutoff=)=0
Specify how often to trim	 (-steps=)=1
Print help section		 (-h=)=No
Print SCC output to file	 (-out=)=No
Name to append output file	 (-suffix=)=PivotRandWalk_C1_iteration8
Print timers			 (-time=)=3
Print debug information		 (-a=)=3
threads 32

Loading graph
Graph loaded
Starting
Done

Writing timer output

Writing debug output
Done
Bootstrapping complete
SCC. build: 16:35:40, Jun  1 2019. Time: 05:47:37 [Apr  3 2019]
===============================================================
Input graph (directed)		 (-g=)=../graphs/LiveJ.edges
Input number of trim levels	 (-t=)=3
Pivot selection			 (-p=)=3
Specify FW-BW variant		 (-m=)=1
Specify maximum workers		 (-w=)=1
Specify randwalk iterations	 (-rand=)=10
Specify trim cutoff point	 (-cutoff=)=0
Specify how often to trim	 (-steps=)=1
Print help section		 (-h=)=No
Print SCC output to file	 (-out=)=No
Name to append output file	 (-suffix=)=PivotRandWalk_C1_iteration9
Print timers			 (-time=)=3
Print debug information		 (-a=)=3
threads 32

Loading graph
Graph loaded
Starting
Done

Writing timer output

Writing debug output
Done
Bootstrapping complete
SCC. build: 16:35:40, Jun  1 2019. Time: 05:49:12 [Apr  3 2019]
===============================================================
Input graph (directed)		 (-g=)=../graphs/LiveJ.edges
Input number of trim levels	 (-t=)=3
Pivot selection			 (-p=)=3
Specify FW-BW variant		 (-m=)=1
Specify maximum workers		 (-w=)=1
Specify randwalk iterations	 (-rand=)=10
Specify trim cutoff point	 (-cutoff=)=0
Specify how often to trim	 (-steps=)=1
Print help section		 (-h=)=No
Print SCC output to file	 (-out=)=No
Name to append output file	 (-suffix=)=PivotRandWalk_C1_iteration10
Print timers			 (-time=)=3
Print debug information		 (-a=)=3
threads 32

Loading graph
Graph loaded
Starting
Done

Writing timer output

Writing debug output
Done
Bootstrapping complete
SCC. build: 16:35:40, Jun  1 2019. Time: 05:50:46 [Apr  3 2019]
===============================================================
Input graph (directed)		 (-g=)=../graphs/LiveJ.edges
Input number of trim levels	 (-t=)=3
Pivot selection			 (-p=)=3
Specify FW-BW variant		 (-m=)=1
Specify maximum workers		 (-w=)=2
Specify randwalk iterations	 (-rand=)=10
Specify trim cutoff point	 (-cutoff=)=0
Specify how often to trim	 (-steps=)=1
Print help section		 (-h=)=No
Print SCC output to file	 (-out=)=No
Name to append output file	 (-suffix=)=PivotRandWalk_C2_iteration1
Print timers			 (-time=)=3
Print debug information		 (-a=)=3
threads 32

Loading graph
Graph loaded
Starting
Done

Writing timer output

Writing debug output
Done
Bootstrapping complete
SCC. build: 16:35:40, Jun  1 2019. Time: 05:52:06 [Apr  3 2019]
===============================================================
Input graph (directed)		 (-g=)=../graphs/LiveJ.edges
Input number of trim levels	 (-t=)=3
Pivot selection			 (-p=)=3
Specify FW-BW variant		 (-m=)=1
Specify maximum workers		 (-w=)=2
Specify randwalk iterations	 (-rand=)=10
Specify trim cutoff point	 (-cutoff=)=0
Specify how often to trim	 (-steps=)=1
Print help section		 (-h=)=No
Print SCC output to file	 (-out=)=No
Name to append output file	 (-suffix=)=PivotRandWalk_C2_iteration2
Print timers			 (-time=)=3
Print debug information		 (-a=)=3
threads 32

Loading graph
Graph loaded
Starting
Done

Writing timer output

Writing debug output
Done
Bootstrapping complete
SCC. build: 16:35:40, Jun  1 2019. Time: 05:53:26 [Apr  3 2019]
===============================================================
Input graph (directed)		 (-g=)=../graphs/LiveJ.edges
Input number of trim levels	 (-t=)=3
Pivot selection			 (-p=)=3
Specify FW-BW variant		 (-m=)=1
Specify maximum workers		 (-w=)=2
Specify randwalk iterations	 (-rand=)=10
Specify trim cutoff point	 (-cutoff=)=0
Specify how often to trim	 (-steps=)=1
Print help section		 (-h=)=No
Print SCC output to file	 (-out=)=No
Name to append output file	 (-suffix=)=PivotRandWalk_C2_iteration3
Print timers			 (-time=)=3
Print debug information		 (-a=)=3
threads 32

Loading graph
Graph loaded
Starting
Done

Writing timer output

Writing debug output
Done
Bootstrapping complete
SCC. build: 16:35:40, Jun  1 2019. Time: 05:54:52 [Apr  3 2019]
===============================================================
Input graph (directed)		 (-g=)=../graphs/LiveJ.edges
Input number of trim levels	 (-t=)=3
Pivot selection			 (-p=)=3
Specify FW-BW variant		 (-m=)=1
Specify maximum workers		 (-w=)=2
Specify randwalk iterations	 (-rand=)=10
Specify trim cutoff point	 (-cutoff=)=0
Specify how often to trim	 (-steps=)=1
Print help section		 (-h=)=No
Print SCC output to file	 (-out=)=No
Name to append output file	 (-suffix=)=PivotRandWalk_C2_iteration4
Print timers			 (-time=)=3
Print debug information		 (-a=)=3
threads 32

Loading graph
Graph loaded
Starting
Done

Writing timer output

Writing debug output
Done
Bootstrapping complete
SCC. build: 16:35:40, Jun  1 2019. Time: 05:56:13 [Apr  3 2019]
===============================================================
Input graph (directed)		 (-g=)=../graphs/LiveJ.edges
Input number of trim levels	 (-t=)=3
Pivot selection			 (-p=)=3
Specify FW-BW variant		 (-m=)=1
Specify maximum workers		 (-w=)=2
Specify randwalk iterations	 (-rand=)=10
Specify trim cutoff point	 (-cutoff=)=0
Specify how often to trim	 (-steps=)=1
Print help section		 (-h=)=No
Print SCC output to file	 (-out=)=No
Name to append output file	 (-suffix=)=PivotRandWalk_C2_iteration5
Print timers			 (-time=)=3
Print debug information		 (-a=)=3
threads 32

Loading graph
Graph loaded
Starting
Done

Writing timer output

Writing debug output
Done
Bootstrapping complete
SCC. build: 16:35:40, Jun  1 2019. Time: 05:57:36 [Apr  3 2019]
===============================================================
Input graph (directed)		 (-g=)=../graphs/LiveJ.edges
Input number of trim levels	 (-t=)=3
Pivot selection			 (-p=)=3
Specify FW-BW variant		 (-m=)=1
Specify maximum workers		 (-w=)=2
Specify randwalk iterations	 (-rand=)=10
Specify trim cutoff point	 (-cutoff=)=0
Specify how often to trim	 (-steps=)=1
Print help section		 (-h=)=No
Print SCC output to file	 (-out=)=No
Name to append output file	 (-suffix=)=PivotRandWalk_C2_iteration6
Print timers			 (-time=)=3
Print debug information		 (-a=)=3
threads 32

Loading graph
Graph loaded
Starting
Done

Writing timer output

Writing debug output
Done
Bootstrapping complete
SCC. build: 16:35:40, Jun  1 2019. Time: 05:58:56 [Apr  3 2019]
===============================================================
Input graph (directed)		 (-g=)=../graphs/LiveJ.edges
Input number of trim levels	 (-t=)=3
Pivot selection			 (-p=)=3
Specify FW-BW variant		 (-m=)=1
Specify maximum workers		 (-w=)=2
Specify randwalk iterations	 (-rand=)=10
Specify trim cutoff point	 (-cutoff=)=0
Specify how often to trim	 (-steps=)=1
Print help section		 (-h=)=No
Print SCC output to file	 (-out=)=No
Name to append output file	 (-suffix=)=PivotRandWalk_C2_iteration7
Print timers			 (-time=)=3
Print debug information		 (-a=)=3
threads 32

Loading graph
Graph loaded
Starting
Done

Writing timer output

Writing debug output
Done
Bootstrapping complete
SCC. build: 16:35:40, Jun  1 2019. Time: 06:00:15 [Apr  3 2019]
===============================================================
Input graph (directed)		 (-g=)=../graphs/LiveJ.edges
Input number of trim levels	 (-t=)=3
Pivot selection			 (-p=)=3
Specify FW-BW variant		 (-m=)=1
Specify maximum workers		 (-w=)=2
Specify randwalk iterations	 (-rand=)=10
Specify trim cutoff point	 (-cutoff=)=0
Specify how often to trim	 (-steps=)=1
Print help section		 (-h=)=No
Print SCC output to file	 (-out=)=No
Name to append output file	 (-suffix=)=PivotRandWalk_C2_iteration8
Print timers			 (-time=)=3
Print debug information		 (-a=)=3
threads 32

Loading graph
Graph loaded
Starting
Done

Writing timer output

Writing debug output
Done
Bootstrapping complete
SCC. build: 16:35:40, Jun  1 2019. Time: 06:01:36 [Apr  3 2019]
===============================================================
Input graph (directed)		 (-g=)=../graphs/LiveJ.edges
Input number of trim levels	 (-t=)=3
Pivot selection			 (-p=)=3
Specify FW-BW variant		 (-m=)=1
Specify maximum workers		 (-w=)=2
Specify randwalk iterations	 (-rand=)=10
Specify trim cutoff point	 (-cutoff=)=0
Specify how often to trim	 (-steps=)=1
Print help section		 (-h=)=No
Print SCC output to file	 (-out=)=No
Name to append output file	 (-suffix=)=PivotRandWalk_C2_iteration9
Print timers			 (-time=)=3
Print debug information		 (-a=)=3
threads 32

Loading graph
Graph loaded
Starting
Done

Writing timer output

Writing debug output
Done
Bootstrapping complete
SCC. build: 16:35:40, Jun  1 2019. Time: 06:02:56 [Apr  3 2019]
===============================================================
Input graph (directed)		 (-g=)=../graphs/LiveJ.edges
Input number of trim levels	 (-t=)=3
Pivot selection			 (-p=)=3
Specify FW-BW variant		 (-m=)=1
Specify maximum workers		 (-w=)=2
Specify randwalk iterations	 (-rand=)=10
Specify trim cutoff point	 (-cutoff=)=0
Specify how often to trim	 (-steps=)=1
Print help section		 (-h=)=No
Print SCC output to file	 (-out=)=No
Name to append output file	 (-suffix=)=PivotRandWalk_C2_iteration10
Print timers			 (-time=)=3
Print debug information		 (-a=)=3
threads 32

Loading graph
Graph loaded
Starting
Done

Writing timer output

Writing debug output
Done
Bootstrapping complete
SCC. build: 16:35:40, Jun  1 2019. Time: 06:04:20 [Apr  3 2019]
===============================================================
Input graph (directed)		 (-g=)=../graphs/LiveJ.edges
Input number of trim levels	 (-t=)=3
Pivot selection			 (-p=)=3
Specify FW-BW variant		 (-m=)=1
Specify maximum workers		 (-w=)=4
Specify randwalk iterations	 (-rand=)=10
Specify trim cutoff point	 (-cutoff=)=0
Specify how often to trim	 (-steps=)=1
Print help section		 (-h=)=No
Print SCC output to file	 (-out=)=No
Name to append output file	 (-suffix=)=PivotRandWalk_C4_iteration1
Print timers			 (-time=)=3
Print debug information		 (-a=)=3
threads 32

Loading graph
Graph loaded
Starting
Done

Writing timer output

Writing debug output
Done
Bootstrapping complete
SCC. build: 16:35:40, Jun  1 2019. Time: 06:05:30 [Apr  3 2019]
===============================================================
Input graph (directed)		 (-g=)=../graphs/LiveJ.edges
Input number of trim levels	 (-t=)=3
Pivot selection			 (-p=)=3
Specify FW-BW variant		 (-m=)=1
Specify maximum workers		 (-w=)=4
Specify randwalk iterations	 (-rand=)=10
Specify trim cutoff point	 (-cutoff=)=0
Specify how often to trim	 (-steps=)=1
Print help section		 (-h=)=No
Print SCC output to file	 (-out=)=No
Name to append output file	 (-suffix=)=PivotRandWalk_C4_iteration2
Print timers			 (-time=)=3
Print debug information		 (-a=)=3
threads 32

Loading graph
Graph loaded
Starting
Done

Writing timer output

Writing debug output
Done
Bootstrapping complete
SCC. build: 16:35:40, Jun  1 2019. Time: 06:06:41 [Apr  3 2019]
===============================================================
Input graph (directed)		 (-g=)=../graphs/LiveJ.edges
Input number of trim levels	 (-t=)=3
Pivot selection			 (-p=)=3
Specify FW-BW variant		 (-m=)=1
Specify maximum workers		 (-w=)=4
Specify randwalk iterations	 (-rand=)=10
Specify trim cutoff point	 (-cutoff=)=0
Specify how often to trim	 (-steps=)=1
Print help section		 (-h=)=No
Print SCC output to file	 (-out=)=No
Name to append output file	 (-suffix=)=PivotRandWalk_C4_iteration3
Print timers			 (-time=)=3
Print debug information		 (-a=)=3
threads 32

Loading graph
Graph loaded
Starting
Done

Writing timer output

Writing debug output
Done
Bootstrapping complete
SCC. build: 16:35:40, Jun  1 2019. Time: 06:07:55 [Apr  3 2019]
===============================================================
Input graph (directed)		 (-g=)=../graphs/LiveJ.edges
Input number of trim levels	 (-t=)=3
Pivot selection			 (-p=)=3
Specify FW-BW variant		 (-m=)=1
Specify maximum workers		 (-w=)=4
Specify randwalk iterations	 (-rand=)=10
Specify trim cutoff point	 (-cutoff=)=0
Specify how often to trim	 (-steps=)=1
Print help section		 (-h=)=No
Print SCC output to file	 (-out=)=No
Name to append output file	 (-suffix=)=PivotRandWalk_C4_iteration4
Print timers			 (-time=)=3
Print debug information		 (-a=)=3
threads 32

Loading graph
Graph loaded
Starting
Done

Writing timer output

Writing debug output
Done
Bootstrapping complete
SCC. build: 16:35:40, Jun  1 2019. Time: 06:09:07 [Apr  3 2019]
===============================================================
Input graph (directed)		 (-g=)=../graphs/LiveJ.edges
Input number of trim levels	 (-t=)=3
Pivot selection			 (-p=)=3
Specify FW-BW variant		 (-m=)=1
Specify maximum workers		 (-w=)=4
Specify randwalk iterations	 (-rand=)=10
Specify trim cutoff point	 (-cutoff=)=0
Specify how often to trim	 (-steps=)=1
Print help section		 (-h=)=No
Print SCC output to file	 (-out=)=No
Name to append output file	 (-suffix=)=PivotRandWalk_C4_iteration5
Print timers			 (-time=)=3
Print debug information		 (-a=)=3
threads 32

Loading graph
Graph loaded
Starting
Done

Writing timer output

Writing debug output
Done
Bootstrapping complete
SCC. build: 16:35:40, Jun  1 2019. Time: 06:10:22 [Apr  3 2019]
===============================================================
Input graph (directed)		 (-g=)=../graphs/LiveJ.edges
Input number of trim levels	 (-t=)=3
Pivot selection			 (-p=)=3
Specify FW-BW variant		 (-m=)=1
Specify maximum workers		 (-w=)=4
Specify randwalk iterations	 (-rand=)=10
Specify trim cutoff point	 (-cutoff=)=0
Specify how often to trim	 (-steps=)=1
Print help section		 (-h=)=No
Print SCC output to file	 (-out=)=No
Name to append output file	 (-suffix=)=PivotRandWalk_C4_iteration6
Print timers			 (-time=)=3
Print debug information		 (-a=)=3
threads 32

Loading graph
Graph loaded
Starting
Done

Writing timer output

Writing debug output
Done
Bootstrapping complete
SCC. build: 16:35:40, Jun  1 2019. Time: 06:11:32 [Apr  3 2019]
===============================================================
Input graph (directed)		 (-g=)=../graphs/LiveJ.edges
Input number of trim levels	 (-t=)=3
Pivot selection			 (-p=)=3
Specify FW-BW variant		 (-m=)=1
Specify maximum workers		 (-w=)=4
Specify randwalk iterations	 (-rand=)=10
Specify trim cutoff point	 (-cutoff=)=0
Specify how often to trim	 (-steps=)=1
Print help section		 (-h=)=No
Print SCC output to file	 (-out=)=No
Name to append output file	 (-suffix=)=PivotRandWalk_C4_iteration7
Print timers			 (-time=)=3
Print debug information		 (-a=)=3
threads 32

Loading graph
Graph loaded
Starting
Done

Writing timer output

Writing debug output
Done
Bootstrapping complete
SCC. build: 16:35:40, Jun  1 2019. Time: 06:12:42 [Apr  3 2019]
===============================================================
Input graph (directed)		 (-g=)=../graphs/LiveJ.edges
Input number of trim levels	 (-t=)=3
Pivot selection			 (-p=)=3
Specify FW-BW variant		 (-m=)=1
Specify maximum workers		 (-w=)=4
Specify randwalk iterations	 (-rand=)=10
Specify trim cutoff point	 (-cutoff=)=0
Specify how often to trim	 (-steps=)=1
Print help section		 (-h=)=No
Print SCC output to file	 (-out=)=No
Name to append output file	 (-suffix=)=PivotRandWalk_C4_iteration8
Print timers			 (-time=)=3
Print debug information		 (-a=)=3
threads 32

Loading graph
Graph loaded
Starting
Done

Writing timer output

Writing debug output
Done
Bootstrapping complete
SCC. build: 16:35:40, Jun  1 2019. Time: 06:13:52 [Apr  3 2019]
===============================================================
Input graph (directed)		 (-g=)=../graphs/LiveJ.edges
Input number of trim levels	 (-t=)=3
Pivot selection			 (-p=)=3
Specify FW-BW variant		 (-m=)=1
Specify maximum workers		 (-w=)=4
Specify randwalk iterations	 (-rand=)=10
Specify trim cutoff point	 (-cutoff=)=0
Specify how often to trim	 (-steps=)=1
Print help section		 (-h=)=No
Print SCC output to file	 (-out=)=No
Name to append output file	 (-suffix=)=PivotRandWalk_C4_iteration9
Print timers			 (-time=)=3
Print debug information		 (-a=)=3
threads 32

Loading graph
Graph loaded
Starting
Done

Writing timer output

Writing debug output
Done
Bootstrapping complete
SCC. build: 16:35:40, Jun  1 2019. Time: 06:15:03 [Apr  3 2019]
===============================================================
Input graph (directed)		 (-g=)=../graphs/LiveJ.edges
Input number of trim levels	 (-t=)=3
Pivot selection			 (-p=)=3
Specify FW-BW variant		 (-m=)=1
Specify maximum workers		 (-w=)=4
Specify randwalk iterations	 (-rand=)=10
Specify trim cutoff point	 (-cutoff=)=0
Specify how often to trim	 (-steps=)=1
Print help section		 (-h=)=No
Print SCC output to file	 (-out=)=No
Name to append output file	 (-suffix=)=PivotRandWalk_C4_iteration10
Print timers			 (-time=)=3
Print debug information		 (-a=)=3
threads 32

Loading graph
Graph loaded
Starting
Done

Writing timer output

Writing debug output
Done
Bootstrapping complete
SCC. build: 16:35:40, Jun  1 2019. Time: 06:16:14 [Apr  3 2019]
===============================================================
Input graph (directed)		 (-g=)=../graphs/LiveJ.edges
Input number of trim levels	 (-t=)=3
Pivot selection			 (-p=)=3
Specify FW-BW variant		 (-m=)=1
Specify maximum workers		 (-w=)=8
Specify randwalk iterations	 (-rand=)=10
Specify trim cutoff point	 (-cutoff=)=0
Specify how often to trim	 (-steps=)=1
Print help section		 (-h=)=No
Print SCC output to file	 (-out=)=No
Name to append output file	 (-suffix=)=PivotRandWalk_C8_iteration1
Print timers			 (-time=)=3
Print debug information		 (-a=)=3
threads 32

Loading graph
Graph loaded
Starting
Done

Writing timer output

Writing debug output
Done
Bootstrapping complete
SCC. build: 16:35:40, Jun  1 2019. Time: 06:17:18 [Apr  3 2019]
===============================================================
Input graph (directed)		 (-g=)=../graphs/LiveJ.edges
Input number of trim levels	 (-t=)=3
Pivot selection			 (-p=)=3
Specify FW-BW variant		 (-m=)=1
Specify maximum workers		 (-w=)=8
Specify randwalk iterations	 (-rand=)=10
Specify trim cutoff point	 (-cutoff=)=0
Specify how often to trim	 (-steps=)=1
Print help section		 (-h=)=No
Print SCC output to file	 (-out=)=No
Name to append output file	 (-suffix=)=PivotRandWalk_C8_iteration2
Print timers			 (-time=)=3
Print debug information		 (-a=)=3
threads 32

Loading graph
Graph loaded
Starting
Done

Writing timer output

Writing debug output
Done
Bootstrapping complete
SCC. build: 16:35:40, Jun  1 2019. Time: 06:18:30 [Apr  3 2019]
===============================================================
Input graph (directed)		 (-g=)=../graphs/LiveJ.edges
Input number of trim levels	 (-t=)=3
Pivot selection			 (-p=)=3
Specify FW-BW variant		 (-m=)=1
Specify maximum workers		 (-w=)=8
Specify randwalk iterations	 (-rand=)=10
Specify trim cutoff point	 (-cutoff=)=0
Specify how often to trim	 (-steps=)=1
Print help section		 (-h=)=No
Print SCC output to file	 (-out=)=No
Name to append output file	 (-suffix=)=PivotRandWalk_C8_iteration3
Print timers			 (-time=)=3
Print debug information		 (-a=)=3
threads 32

Loading graph
Graph loaded
Starting
Done

Writing timer output

Writing debug output
Done
Bootstrapping complete
SCC. build: 16:35:40, Jun  1 2019. Time: 06:19:34 [Apr  3 2019]
===============================================================
Input graph (directed)		 (-g=)=../graphs/LiveJ.edges
Input number of trim levels	 (-t=)=3
Pivot selection			 (-p=)=3
Specify FW-BW variant		 (-m=)=1
Specify maximum workers		 (-w=)=8
Specify randwalk iterations	 (-rand=)=10
Specify trim cutoff point	 (-cutoff=)=0
Specify how often to trim	 (-steps=)=1
Print help section		 (-h=)=No
Print SCC output to file	 (-out=)=No
Name to append output file	 (-suffix=)=PivotRandWalk_C8_iteration4
Print timers			 (-time=)=3
Print debug information		 (-a=)=3
threads 32

Loading graph
Graph loaded
Starting
Done

Writing timer output

Writing debug output
Done
Bootstrapping complete
SCC. build: 16:35:40, Jun  1 2019. Time: 06:20:41 [Apr  3 2019]
===============================================================
Input graph (directed)		 (-g=)=../graphs/LiveJ.edges
Input number of trim levels	 (-t=)=3
Pivot selection			 (-p=)=3
Specify FW-BW variant		 (-m=)=1
Specify maximum workers		 (-w=)=8
Specify randwalk iterations	 (-rand=)=10
Specify trim cutoff point	 (-cutoff=)=0
Specify how often to trim	 (-steps=)=1
Print help section		 (-h=)=No
Print SCC output to file	 (-out=)=No
Name to append output file	 (-suffix=)=PivotRandWalk_C8_iteration5
Print timers			 (-time=)=3
Print debug information		 (-a=)=3
threads 32

Loading graph
Graph loaded
Starting
Done

Writing timer output

Writing debug output
Done
Bootstrapping complete
SCC. build: 16:35:40, Jun  1 2019. Time: 06:21:45 [Apr  3 2019]
===============================================================
Input graph (directed)		 (-g=)=../graphs/LiveJ.edges
Input number of trim levels	 (-t=)=3
Pivot selection			 (-p=)=3
Specify FW-BW variant		 (-m=)=1
Specify maximum workers		 (-w=)=8
Specify randwalk iterations	 (-rand=)=10
Specify trim cutoff point	 (-cutoff=)=0
Specify how often to trim	 (-steps=)=1
Print help section		 (-h=)=No
Print SCC output to file	 (-out=)=No
Name to append output file	 (-suffix=)=PivotRandWalk_C8_iteration6
Print timers			 (-time=)=3
Print debug information		 (-a=)=3
threads 32

Loading graph
Graph loaded
Starting
Done

Writing timer output

Writing debug output
Done
Bootstrapping complete
SCC. build: 16:35:40, Jun  1 2019. Time: 06:22:53 [Apr  3 2019]
===============================================================
Input graph (directed)		 (-g=)=../graphs/LiveJ.edges
Input number of trim levels	 (-t=)=3
Pivot selection			 (-p=)=3
Specify FW-BW variant		 (-m=)=1
Specify maximum workers		 (-w=)=8
Specify randwalk iterations	 (-rand=)=10
Specify trim cutoff point	 (-cutoff=)=0
Specify how often to trim	 (-steps=)=1
Print help section		 (-h=)=No
Print SCC output to file	 (-out=)=No
Name to append output file	 (-suffix=)=PivotRandWalk_C8_iteration7
Print timers			 (-time=)=3
Print debug information		 (-a=)=3
threads 32

Loading graph
Graph loaded
Starting
Done

Writing timer output

Writing debug output
Done
Bootstrapping complete
SCC. build: 16:35:40, Jun  1 2019. Time: 06:24:02 [Apr  3 2019]
===============================================================
Input graph (directed)		 (-g=)=../graphs/LiveJ.edges
Input number of trim levels	 (-t=)=3
Pivot selection			 (-p=)=3
Specify FW-BW variant		 (-m=)=1
Specify maximum workers		 (-w=)=8
Specify randwalk iterations	 (-rand=)=10
Specify trim cutoff point	 (-cutoff=)=0
Specify how often to trim	 (-steps=)=1
Print help section		 (-h=)=No
Print SCC output to file	 (-out=)=No
Name to append output file	 (-suffix=)=PivotRandWalk_C8_iteration8
Print timers			 (-time=)=3
Print debug information		 (-a=)=3
threads 32

Loading graph
Graph loaded
Starting
Done

Writing timer output

Writing debug output
Done
Bootstrapping complete
SCC. build: 16:35:40, Jun  1 2019. Time: 06:25:09 [Apr  3 2019]
===============================================================
Input graph (directed)		 (-g=)=../graphs/LiveJ.edges
Input number of trim levels	 (-t=)=3
Pivot selection			 (-p=)=3
Specify FW-BW variant		 (-m=)=1
Specify maximum workers		 (-w=)=8
Specify randwalk iterations	 (-rand=)=10
Specify trim cutoff point	 (-cutoff=)=0
Specify how often to trim	 (-steps=)=1
Print help section		 (-h=)=No
Print SCC output to file	 (-out=)=No
Name to append output file	 (-suffix=)=PivotRandWalk_C8_iteration9
Print timers			 (-time=)=3
Print debug information		 (-a=)=3
threads 32

Loading graph
Graph loaded
Starting
Done

Writing timer output

Writing debug output
Done
Bootstrapping complete
SCC. build: 16:35:40, Jun  1 2019. Time: 06:26:16 [Apr  3 2019]
===============================================================
Input graph (directed)		 (-g=)=../graphs/LiveJ.edges
Input number of trim levels	 (-t=)=3
Pivot selection			 (-p=)=3
Specify FW-BW variant		 (-m=)=1
Specify maximum workers		 (-w=)=8
Specify randwalk iterations	 (-rand=)=10
Specify trim cutoff point	 (-cutoff=)=0
Specify how often to trim	 (-steps=)=1
Print help section		 (-h=)=No
Print SCC output to file	 (-out=)=No
Name to append output file	 (-suffix=)=PivotRandWalk_C8_iteration10
Print timers			 (-time=)=3
Print debug information		 (-a=)=3
threads 32

Loading graph
Graph loaded
Starting
Done

Writing timer output

Writing debug output
Done
Bootstrapping complete
SCC. build: 16:35:40, Jun  1 2019. Time: 06:27:21 [Apr  3 2019]
===============================================================
Input graph (directed)		 (-g=)=../graphs/LiveJ.edges
Input number of trim levels	 (-t=)=3
Pivot selection			 (-p=)=3
Specify FW-BW variant		 (-m=)=1
Specify maximum workers		 (-w=)=16
Specify randwalk iterations	 (-rand=)=10
Specify trim cutoff point	 (-cutoff=)=0
Specify how often to trim	 (-steps=)=1
Print help section		 (-h=)=No
Print SCC output to file	 (-out=)=No
Name to append output file	 (-suffix=)=PivotRandWalk_C16_iteration1
Print timers			 (-time=)=3
Print debug information		 (-a=)=3
threads 32

Loading graph
Graph loaded
Starting
Done

Writing timer output

Writing debug output
Done
Bootstrapping complete
SCC. build: 16:35:40, Jun  1 2019. Time: 06:28:25 [Apr  3 2019]
===============================================================
Input graph (directed)		 (-g=)=../graphs/LiveJ.edges
Input number of trim levels	 (-t=)=3
Pivot selection			 (-p=)=3
Specify FW-BW variant		 (-m=)=1
Specify maximum workers		 (-w=)=16
Specify randwalk iterations	 (-rand=)=10
Specify trim cutoff point	 (-cutoff=)=0
Specify how often to trim	 (-steps=)=1
Print help section		 (-h=)=No
Print SCC output to file	 (-out=)=No
Name to append output file	 (-suffix=)=PivotRandWalk_C16_iteration2
Print timers			 (-time=)=3
Print debug information		 (-a=)=3
threads 32

Loading graph
Graph loaded
Starting
Done

Writing timer output

Writing debug output
Done
Bootstrapping complete
SCC. build: 16:35:40, Jun  1 2019. Time: 06:29:28 [Apr  3 2019]
===============================================================
Input graph (directed)		 (-g=)=../graphs/LiveJ.edges
Input number of trim levels	 (-t=)=3
Pivot selection			 (-p=)=3
Specify FW-BW variant		 (-m=)=1
Specify maximum workers		 (-w=)=16
Specify randwalk iterations	 (-rand=)=10
Specify trim cutoff point	 (-cutoff=)=0
Specify how often to trim	 (-steps=)=1
Print help section		 (-h=)=No
Print SCC output to file	 (-out=)=No
Name to append output file	 (-suffix=)=PivotRandWalk_C16_iteration3
Print timers			 (-time=)=3
Print debug information		 (-a=)=3
threads 32

Loading graph
Graph loaded
Starting
Done

Writing timer output

Writing debug output
Done
Bootstrapping complete
SCC. build: 16:35:40, Jun  1 2019. Time: 06:30:29 [Apr  3 2019]
===============================================================
Input graph (directed)		 (-g=)=../graphs/LiveJ.edges
Input number of trim levels	 (-t=)=3
Pivot selection			 (-p=)=3
Specify FW-BW variant		 (-m=)=1
Specify maximum workers		 (-w=)=16
Specify randwalk iterations	 (-rand=)=10
Specify trim cutoff point	 (-cutoff=)=0
Specify how often to trim	 (-steps=)=1
Print help section		 (-h=)=No
Print SCC output to file	 (-out=)=No
Name to append output file	 (-suffix=)=PivotRandWalk_C16_iteration4
Print timers			 (-time=)=3
Print debug information		 (-a=)=3
threads 32

Loading graph
Graph loaded
Starting
Done

Writing timer output

Writing debug output
Done
Bootstrapping complete
SCC. build: 16:35:40, Jun  1 2019. Time: 06:31:29 [Apr  3 2019]
===============================================================
Input graph (directed)		 (-g=)=../graphs/LiveJ.edges
Input number of trim levels	 (-t=)=3
Pivot selection			 (-p=)=3
Specify FW-BW variant		 (-m=)=1
Specify maximum workers		 (-w=)=16
Specify randwalk iterations	 (-rand=)=10
Specify trim cutoff point	 (-cutoff=)=0
Specify how often to trim	 (-steps=)=1
Print help section		 (-h=)=No
Print SCC output to file	 (-out=)=No
Name to append output file	 (-suffix=)=PivotRandWalk_C16_iteration5
Print timers			 (-time=)=3
Print debug information		 (-a=)=3
threads 32

Loading graph
Graph loaded
Starting
Done

Writing timer output

Writing debug output
Done
Bootstrapping complete
SCC. build: 16:35:40, Jun  1 2019. Time: 06:32:32 [Apr  3 2019]
===============================================================
Input graph (directed)		 (-g=)=../graphs/LiveJ.edges
Input number of trim levels	 (-t=)=3
Pivot selection			 (-p=)=3
Specify FW-BW variant		 (-m=)=1
Specify maximum workers		 (-w=)=16
Specify randwalk iterations	 (-rand=)=10
Specify trim cutoff point	 (-cutoff=)=0
Specify how often to trim	 (-steps=)=1
Print help section		 (-h=)=No
Print SCC output to file	 (-out=)=No
Name to append output file	 (-suffix=)=PivotRandWalk_C16_iteration6
Print timers			 (-time=)=3
Print debug information		 (-a=)=3
threads 32

Loading graph
Graph loaded
Starting
Done

Writing timer output

Writing debug output
Done
Bootstrapping complete
SCC. build: 16:35:40, Jun  1 2019. Time: 06:33:32 [Apr  3 2019]
===============================================================
Input graph (directed)		 (-g=)=../graphs/LiveJ.edges
Input number of trim levels	 (-t=)=3
Pivot selection			 (-p=)=3
Specify FW-BW variant		 (-m=)=1
Specify maximum workers		 (-w=)=16
Specify randwalk iterations	 (-rand=)=10
Specify trim cutoff point	 (-cutoff=)=0
Specify how often to trim	 (-steps=)=1
Print help section		 (-h=)=No
Print SCC output to file	 (-out=)=No
Name to append output file	 (-suffix=)=PivotRandWalk_C16_iteration7
Print timers			 (-time=)=3
Print debug information		 (-a=)=3
threads 32

Loading graph
Graph loaded
Starting
Done

Writing timer output

Writing debug output
Done
Bootstrapping complete
SCC. build: 16:35:40, Jun  1 2019. Time: 06:34:33 [Apr  3 2019]
===============================================================
Input graph (directed)		 (-g=)=../graphs/LiveJ.edges
Input number of trim levels	 (-t=)=3
Pivot selection			 (-p=)=3
Specify FW-BW variant		 (-m=)=1
Specify maximum workers		 (-w=)=16
Specify randwalk iterations	 (-rand=)=10
Specify trim cutoff point	 (-cutoff=)=0
Specify how often to trim	 (-steps=)=1
Print help section		 (-h=)=No
Print SCC output to file	 (-out=)=No
Name to append output file	 (-suffix=)=PivotRandWalk_C16_iteration8
Print timers			 (-time=)=3
Print debug information		 (-a=)=3
threads 32

Loading graph
Graph loaded
Starting
Done

Writing timer output

Writing debug output
Done
Bootstrapping complete
SCC. build: 16:35:40, Jun  1 2019. Time: 06:35:34 [Apr  3 2019]
===============================================================
Input graph (directed)		 (-g=)=../graphs/LiveJ.edges
Input number of trim levels	 (-t=)=3
Pivot selection			 (-p=)=3
Specify FW-BW variant		 (-m=)=1
Specify maximum workers		 (-w=)=16
Specify randwalk iterations	 (-rand=)=10
Specify trim cutoff point	 (-cutoff=)=0
Specify how often to trim	 (-steps=)=1
Print help section		 (-h=)=No
Print SCC output to file	 (-out=)=No
Name to append output file	 (-suffix=)=PivotRandWalk_C16_iteration9
Print timers			 (-time=)=3
Print debug information		 (-a=)=3
threads 32

Loading graph
Graph loaded
Starting
Done

Writing timer output

Writing debug output
Done
Bootstrapping complete
SCC. build: 16:35:40, Jun  1 2019. Time: 06:36:34 [Apr  3 2019]
===============================================================
Input graph (directed)		 (-g=)=../graphs/LiveJ.edges
Input number of trim levels	 (-t=)=3
Pivot selection			 (-p=)=3
Specify FW-BW variant		 (-m=)=1
Specify maximum workers		 (-w=)=16
Specify randwalk iterations	 (-rand=)=10
Specify trim cutoff point	 (-cutoff=)=0
Specify how often to trim	 (-steps=)=1
Print help section		 (-h=)=No
Print SCC output to file	 (-out=)=No
Name to append output file	 (-suffix=)=PivotRandWalk_C16_iteration10
Print timers			 (-time=)=3
Print debug information		 (-a=)=3
threads 32

Loading graph
Graph loaded
Starting
Done

Writing timer output

Writing debug output
Done
Bootstrapping complete
SCC. build: 16:35:40, Jun  1 2019. Time: 06:37:38 [Apr  3 2019]
===============================================================
Input graph (directed)		 (-g=)=../graphs/LiveJ.edges
Input number of trim levels	 (-t=)=3
Pivot selection			 (-p=)=3
Specify FW-BW variant		 (-m=)=1
Specify maximum workers		 (-w=)=24
Specify randwalk iterations	 (-rand=)=10
Specify trim cutoff point	 (-cutoff=)=0
Specify how often to trim	 (-steps=)=1
Print help section		 (-h=)=No
Print SCC output to file	 (-out=)=No
Name to append output file	 (-suffix=)=PivotRandWalk_C24_iteration1
Print timers			 (-time=)=3
Print debug information		 (-a=)=3
threads 32

Loading graph
Graph loaded
Starting
Done

Writing timer output

Writing debug output
Done
Bootstrapping complete
SCC. build: 16:35:40, Jun  1 2019. Time: 06:38:38 [Apr  3 2019]
===============================================================
Input graph (directed)		 (-g=)=../graphs/LiveJ.edges
Input number of trim levels	 (-t=)=3
Pivot selection			 (-p=)=3
Specify FW-BW variant		 (-m=)=1
Specify maximum workers		 (-w=)=24
Specify randwalk iterations	 (-rand=)=10
Specify trim cutoff point	 (-cutoff=)=0
Specify how often to trim	 (-steps=)=1
Print help section		 (-h=)=No
Print SCC output to file	 (-out=)=No
Name to append output file	 (-suffix=)=PivotRandWalk_C24_iteration2
Print timers			 (-time=)=3
Print debug information		 (-a=)=3
threads 32

Loading graph
Graph loaded
Starting
Done

Writing timer output

Writing debug output
Done
Bootstrapping complete
SCC. build: 16:35:40, Jun  1 2019. Time: 06:39:39 [Apr  3 2019]
===============================================================
Input graph (directed)		 (-g=)=../graphs/LiveJ.edges
Input number of trim levels	 (-t=)=3
Pivot selection			 (-p=)=3
Specify FW-BW variant		 (-m=)=1
Specify maximum workers		 (-w=)=24
Specify randwalk iterations	 (-rand=)=10
Specify trim cutoff point	 (-cutoff=)=0
Specify how often to trim	 (-steps=)=1
Print help section		 (-h=)=No
Print SCC output to file	 (-out=)=No
Name to append output file	 (-suffix=)=PivotRandWalk_C24_iteration3
Print timers			 (-time=)=3
Print debug information		 (-a=)=3
threads 32

Loading graph
Graph loaded
Starting
Done

Writing timer output

Writing debug output
Done
Bootstrapping complete
SCC. build: 16:35:40, Jun  1 2019. Time: 06:40:40 [Apr  3 2019]
===============================================================
Input graph (directed)		 (-g=)=../graphs/LiveJ.edges
Input number of trim levels	 (-t=)=3
Pivot selection			 (-p=)=3
Specify FW-BW variant		 (-m=)=1
Specify maximum workers		 (-w=)=24
Specify randwalk iterations	 (-rand=)=10
Specify trim cutoff point	 (-cutoff=)=0
Specify how often to trim	 (-steps=)=1
Print help section		 (-h=)=No
Print SCC output to file	 (-out=)=No
Name to append output file	 (-suffix=)=PivotRandWalk_C24_iteration4
Print timers			 (-time=)=3
Print debug information		 (-a=)=3
threads 32

Loading graph
Graph loaded
Starting
Done

Writing timer output

Writing debug output
Done
Bootstrapping complete
SCC. build: 16:35:40, Jun  1 2019. Time: 06:41:41 [Apr  3 2019]
===============================================================
Input graph (directed)		 (-g=)=../graphs/LiveJ.edges
Input number of trim levels	 (-t=)=3
Pivot selection			 (-p=)=3
Specify FW-BW variant		 (-m=)=1
Specify maximum workers		 (-w=)=24
Specify randwalk iterations	 (-rand=)=10
Specify trim cutoff point	 (-cutoff=)=0
Specify how often to trim	 (-steps=)=1
Print help section		 (-h=)=No
Print SCC output to file	 (-out=)=No
Name to append output file	 (-suffix=)=PivotRandWalk_C24_iteration5
Print timers			 (-time=)=3
Print debug information		 (-a=)=3
threads 32

Loading graph
Graph loaded
Starting
Done

Writing timer output

Writing debug output
Done
Bootstrapping complete
SCC. build: 16:35:40, Jun  1 2019. Time: 06:42:42 [Apr  3 2019]
===============================================================
Input graph (directed)		 (-g=)=../graphs/LiveJ.edges
Input number of trim levels	 (-t=)=3
Pivot selection			 (-p=)=3
Specify FW-BW variant		 (-m=)=1
Specify maximum workers		 (-w=)=24
Specify randwalk iterations	 (-rand=)=10
Specify trim cutoff point	 (-cutoff=)=0
Specify how often to trim	 (-steps=)=1
Print help section		 (-h=)=No
Print SCC output to file	 (-out=)=No
Name to append output file	 (-suffix=)=PivotRandWalk_C24_iteration6
Print timers			 (-time=)=3
Print debug information		 (-a=)=3
threads 32

Loading graph
Graph loaded
Starting
Done

Writing timer output

Writing debug output
Done
Bootstrapping complete
SCC. build: 16:35:40, Jun  1 2019. Time: 06:43:42 [Apr  3 2019]
===============================================================
Input graph (directed)		 (-g=)=../graphs/LiveJ.edges
Input number of trim levels	 (-t=)=3
Pivot selection			 (-p=)=3
Specify FW-BW variant		 (-m=)=1
Specify maximum workers		 (-w=)=24
Specify randwalk iterations	 (-rand=)=10
Specify trim cutoff point	 (-cutoff=)=0
Specify how often to trim	 (-steps=)=1
Print help section		 (-h=)=No
Print SCC output to file	 (-out=)=No
Name to append output file	 (-suffix=)=PivotRandWalk_C24_iteration7
Print timers			 (-time=)=3
Print debug information		 (-a=)=3
threads 32

Loading graph
Graph loaded
Starting
Done

Writing timer output

Writing debug output
Done
Bootstrapping complete
SCC. build: 16:35:40, Jun  1 2019. Time: 06:44:51 [Apr  3 2019]
===============================================================
Input graph (directed)		 (-g=)=../graphs/LiveJ.edges
Input number of trim levels	 (-t=)=3
Pivot selection			 (-p=)=3
Specify FW-BW variant		 (-m=)=1
Specify maximum workers		 (-w=)=24
Specify randwalk iterations	 (-rand=)=10
Specify trim cutoff point	 (-cutoff=)=0
Specify how often to trim	 (-steps=)=1
Print help section		 (-h=)=No
Print SCC output to file	 (-out=)=No
Name to append output file	 (-suffix=)=PivotRandWalk_C24_iteration8
Print timers			 (-time=)=3
Print debug information		 (-a=)=3
threads 32

Loading graph
Graph loaded
Starting
Done

Writing timer output

Writing debug output
Done
Bootstrapping complete
SCC. build: 16:35:40, Jun  1 2019. Time: 06:45:54 [Apr  3 2019]
===============================================================
Input graph (directed)		 (-g=)=../graphs/LiveJ.edges
Input number of trim levels	 (-t=)=3
Pivot selection			 (-p=)=3
Specify FW-BW variant		 (-m=)=1
Specify maximum workers		 (-w=)=24
Specify randwalk iterations	 (-rand=)=10
Specify trim cutoff point	 (-cutoff=)=0
Specify how often to trim	 (-steps=)=1
Print help section		 (-h=)=No
Print SCC output to file	 (-out=)=No
Name to append output file	 (-suffix=)=PivotRandWalk_C24_iteration9
Print timers			 (-time=)=3
Print debug information		 (-a=)=3
threads 32

Loading graph
Graph loaded
Starting
Done

Writing timer output

Writing debug output
Done
Bootstrapping complete
SCC. build: 16:35:40, Jun  1 2019. Time: 06:46:55 [Apr  3 2019]
===============================================================
Input graph (directed)		 (-g=)=../graphs/LiveJ.edges
Input number of trim levels	 (-t=)=3
Pivot selection			 (-p=)=3
Specify FW-BW variant		 (-m=)=1
Specify maximum workers		 (-w=)=24
Specify randwalk iterations	 (-rand=)=10
Specify trim cutoff point	 (-cutoff=)=0
Specify how often to trim	 (-steps=)=1
Print help section		 (-h=)=No
Print SCC output to file	 (-out=)=No
Name to append output file	 (-suffix=)=PivotRandWalk_C24_iteration10
Print timers			 (-time=)=3
Print debug information		 (-a=)=3
threads 32

Loading graph
Graph loaded
Starting
Done

Writing timer output

Writing debug output
Done
Bootstrapping complete
SCC. build: 16:35:40, Jun  1 2019. Time: 06:47:56 [Apr  3 2019]
===============================================================
Input graph (directed)		 (-g=)=../graphs/LiveJ.edges
Input number of trim levels	 (-t=)=3
Pivot selection			 (-p=)=3
Specify FW-BW variant		 (-m=)=1
Specify maximum workers		 (-w=)=32
Specify randwalk iterations	 (-rand=)=10
Specify trim cutoff point	 (-cutoff=)=0
Specify how often to trim	 (-steps=)=1
Print help section		 (-h=)=No
Print SCC output to file	 (-out=)=No
Name to append output file	 (-suffix=)=PivotRandWalk_C32_iteration1
Print timers			 (-time=)=3
Print debug information		 (-a=)=3
threads 32

Loading graph
Graph loaded
Starting
Done

Writing timer output

Writing debug output
Done
Bootstrapping complete
SCC. build: 16:35:40, Jun  1 2019. Time: 06:49:07 [Apr  3 2019]
===============================================================
Input graph (directed)		 (-g=)=../graphs/LiveJ.edges
Input number of trim levels	 (-t=)=3
Pivot selection			 (-p=)=3
Specify FW-BW variant		 (-m=)=1
Specify maximum workers		 (-w=)=32
Specify randwalk iterations	 (-rand=)=10
Specify trim cutoff point	 (-cutoff=)=0
Specify how often to trim	 (-steps=)=1
Print help section		 (-h=)=No
Print SCC output to file	 (-out=)=No
Name to append output file	 (-suffix=)=PivotRandWalk_C32_iteration2
Print timers			 (-time=)=3
Print debug information		 (-a=)=3
threads 32

Loading graph
Graph loaded
Starting
Done

Writing timer output

Writing debug output
Done
Bootstrapping complete
SCC. build: 16:35:40, Jun  1 2019. Time: 06:50:14 [Apr  3 2019]
===============================================================
Input graph (directed)		 (-g=)=../graphs/LiveJ.edges
Input number of trim levels	 (-t=)=3
Pivot selection			 (-p=)=3
Specify FW-BW variant		 (-m=)=1
Specify maximum workers		 (-w=)=32
Specify randwalk iterations	 (-rand=)=10
Specify trim cutoff point	 (-cutoff=)=0
Specify how often to trim	 (-steps=)=1
Print help section		 (-h=)=No
Print SCC output to file	 (-out=)=No
Name to append output file	 (-suffix=)=PivotRandWalk_C32_iteration3
Print timers			 (-time=)=3
Print debug information		 (-a=)=3
threads 32

Loading graph
Graph loaded
Starting
Done

Writing timer output

Writing debug output
Done
Bootstrapping complete
SCC. build: 16:35:40, Jun  1 2019. Time: 06:51:19 [Apr  3 2019]
===============================================================
Input graph (directed)		 (-g=)=../graphs/LiveJ.edges
Input number of trim levels	 (-t=)=3
Pivot selection			 (-p=)=3
Specify FW-BW variant		 (-m=)=1
Specify maximum workers		 (-w=)=32
Specify randwalk iterations	 (-rand=)=10
Specify trim cutoff point	 (-cutoff=)=0
Specify how often to trim	 (-steps=)=1
Print help section		 (-h=)=No
Print SCC output to file	 (-out=)=No
Name to append output file	 (-suffix=)=PivotRandWalk_C32_iteration4
Print timers			 (-time=)=3
Print debug information		 (-a=)=3
threads 32

Loading graph
Graph loaded
Starting
Done

Writing timer output

Writing debug output
Done
Bootstrapping complete
SCC. build: 16:35:40, Jun  1 2019. Time: 06:52:20 [Apr  3 2019]
===============================================================
Input graph (directed)		 (-g=)=../graphs/LiveJ.edges
Input number of trim levels	 (-t=)=3
Pivot selection			 (-p=)=3
Specify FW-BW variant		 (-m=)=1
Specify maximum workers		 (-w=)=32
Specify randwalk iterations	 (-rand=)=10
Specify trim cutoff point	 (-cutoff=)=0
Specify how often to trim	 (-steps=)=1
Print help section		 (-h=)=No
Print SCC output to file	 (-out=)=No
Name to append output file	 (-suffix=)=PivotRandWalk_C32_iteration5
Print timers			 (-time=)=3
Print debug information		 (-a=)=3
threads 32

Loading graph
Graph loaded
Starting
Done

Writing timer output

Writing debug output
Done
Bootstrapping complete
SCC. build: 16:35:40, Jun  1 2019. Time: 06:53:26 [Apr  3 2019]
===============================================================
Input graph (directed)		 (-g=)=../graphs/LiveJ.edges
Input number of trim levels	 (-t=)=3
Pivot selection			 (-p=)=3
Specify FW-BW variant		 (-m=)=1
Specify maximum workers		 (-w=)=32
Specify randwalk iterations	 (-rand=)=10
Specify trim cutoff point	 (-cutoff=)=0
Specify how often to trim	 (-steps=)=1
Print help section		 (-h=)=No
Print SCC output to file	 (-out=)=No
Name to append output file	 (-suffix=)=PivotRandWalk_C32_iteration6
Print timers			 (-time=)=3
Print debug information		 (-a=)=3
threads 32

Loading graph
Graph loaded
Starting
Done

Writing timer output

Writing debug output
Done
Bootstrapping complete
SCC. build: 16:35:40, Jun  1 2019. Time: 06:54:38 [Apr  3 2019]
===============================================================
Input graph (directed)		 (-g=)=../graphs/LiveJ.edges
Input number of trim levels	 (-t=)=3
Pivot selection			 (-p=)=3
Specify FW-BW variant		 (-m=)=1
Specify maximum workers		 (-w=)=32
Specify randwalk iterations	 (-rand=)=10
Specify trim cutoff point	 (-cutoff=)=0
Specify how often to trim	 (-steps=)=1
Print help section		 (-h=)=No
Print SCC output to file	 (-out=)=No
Name to append output file	 (-suffix=)=PivotRandWalk_C32_iteration7
Print timers			 (-time=)=3
Print debug information		 (-a=)=3
threads 32

Loading graph
Graph loaded
Starting
Done

Writing timer output

Writing debug output
Done
Bootstrapping complete
SCC. build: 16:35:40, Jun  1 2019. Time: 06:55:44 [Apr  3 2019]
===============================================================
Input graph (directed)		 (-g=)=../graphs/LiveJ.edges
Input number of trim levels	 (-t=)=3
Pivot selection			 (-p=)=3
Specify FW-BW variant		 (-m=)=1
Specify maximum workers		 (-w=)=32
Specify randwalk iterations	 (-rand=)=10
Specify trim cutoff point	 (-cutoff=)=0
Specify how often to trim	 (-steps=)=1
Print help section		 (-h=)=No
Print SCC output to file	 (-out=)=No
Name to append output file	 (-suffix=)=PivotRandWalk_C32_iteration8
Print timers			 (-time=)=3
Print debug information		 (-a=)=3
threads 32

Loading graph
Graph loaded
Starting
Done

Writing timer output

Writing debug output
Done
Bootstrapping complete
SCC. build: 16:35:40, Jun  1 2019. Time: 06:56:47 [Apr  3 2019]
===============================================================
Input graph (directed)		 (-g=)=../graphs/LiveJ.edges
Input number of trim levels	 (-t=)=3
Pivot selection			 (-p=)=3
Specify FW-BW variant		 (-m=)=1
Specify maximum workers		 (-w=)=32
Specify randwalk iterations	 (-rand=)=10
Specify trim cutoff point	 (-cutoff=)=0
Specify how often to trim	 (-steps=)=1
Print help section		 (-h=)=No
Print SCC output to file	 (-out=)=No
Name to append output file	 (-suffix=)=PivotRandWalk_C32_iteration9
Print timers			 (-time=)=3
Print debug information		 (-a=)=3
threads 32

Loading graph
Graph loaded
Starting
Done

Writing timer output

Writing debug output
Done
Bootstrapping complete
SCC. build: 16:35:40, Jun  1 2019. Time: 06:57:52 [Apr  3 2019]
===============================================================
Input graph (directed)		 (-g=)=../graphs/LiveJ.edges
Input number of trim levels	 (-t=)=3
Pivot selection			 (-p=)=3
Specify FW-BW variant		 (-m=)=1
Specify maximum workers		 (-w=)=32
Specify randwalk iterations	 (-rand=)=10
Specify trim cutoff point	 (-cutoff=)=0
Specify how often to trim	 (-steps=)=1
Print help section		 (-h=)=No
Print SCC output to file	 (-out=)=No
Name to append output file	 (-suffix=)=PivotRandWalk_C32_iteration10
Print timers			 (-time=)=3
Print debug information		 (-a=)=3
threads 32

Loading graph
Graph loaded
Starting
Done

Writing timer output

Writing debug output
Done
