Bootstrapping complete
SCC. build: 16:35:40, Jun  1 2019. Time: 17:52:24 [Apr  3 2019]
===============================================================
Input graph (directed)		 (-g=)=../graphs/Pokec.edges
Input number of trim levels	 (-t=)=1
Pivot selection			 (-p=)=2
Specify FW-BW variant		 (-m=)=1
Specify maximum workers		 (-w=)=1
Specify randwalk iterations	 (-rand=)=10
Specify trim cutoff point	 (-cutoff=)=0
Specify how often to trim	 (-steps=)=1
Print help section		 (-h=)=No
Print SCC output to file	 (-out=)=No
Name to append output file	 (-suffix=)=PivotMaxDeg_Col_C1_iteration1
Print timers			 (-time=)=3
Print debug information		 (-a=)=3
threads 32

Loading graph
Graph loaded
Starting
Done

Writing timer output

Writing debug output
Done
Bootstrapping complete
SCC. build: 16:35:40, Jun  1 2019. Time: 17:53:08 [Apr  3 2019]
===============================================================
Input graph (directed)		 (-g=)=../graphs/Pokec.edges
Input number of trim levels	 (-t=)=1
Pivot selection			 (-p=)=2
Specify FW-BW variant		 (-m=)=1
Specify maximum workers		 (-w=)=1
Specify randwalk iterations	 (-rand=)=10
Specify trim cutoff point	 (-cutoff=)=0
Specify how often to trim	 (-steps=)=1
Print help section		 (-h=)=No
Print SCC output to file	 (-out=)=No
Name to append output file	 (-suffix=)=PivotMaxDeg_Col_C1_iteration2
Print timers			 (-time=)=3
Print debug information		 (-a=)=3
threads 32

Loading graph
Graph loaded
Starting
Done

Writing timer output

Writing debug output
Done
Bootstrapping complete
SCC. build: 16:35:40, Jun  1 2019. Time: 17:53:52 [Apr  3 2019]
===============================================================
Input graph (directed)		 (-g=)=../graphs/Pokec.edges
Input number of trim levels	 (-t=)=1
Pivot selection			 (-p=)=2
Specify FW-BW variant		 (-m=)=1
Specify maximum workers		 (-w=)=1
Specify randwalk iterations	 (-rand=)=10
Specify trim cutoff point	 (-cutoff=)=0
Specify how often to trim	 (-steps=)=1
Print help section		 (-h=)=No
Print SCC output to file	 (-out=)=No
Name to append output file	 (-suffix=)=PivotMaxDeg_Col_C1_iteration3
Print timers			 (-time=)=3
Print debug information		 (-a=)=3
threads 32

Loading graph
Graph loaded
Starting
Done

Writing timer output

Writing debug output
Done
Bootstrapping complete
SCC. build: 16:35:40, Jun  1 2019. Time: 17:54:37 [Apr  3 2019]
===============================================================
Input graph (directed)		 (-g=)=../graphs/Pokec.edges
Input number of trim levels	 (-t=)=1
Pivot selection			 (-p=)=2
Specify FW-BW variant		 (-m=)=1
Specify maximum workers		 (-w=)=1
Specify randwalk iterations	 (-rand=)=10
Specify trim cutoff point	 (-cutoff=)=0
Specify how often to trim	 (-steps=)=1
Print help section		 (-h=)=No
Print SCC output to file	 (-out=)=No
Name to append output file	 (-suffix=)=PivotMaxDeg_Col_C1_iteration4
Print timers			 (-time=)=3
Print debug information		 (-a=)=3
threads 32

Loading graph
Graph loaded
Starting
Done

Writing timer output

Writing debug output
Done
Bootstrapping complete
SCC. build: 16:35:40, Jun  1 2019. Time: 17:55:22 [Apr  3 2019]
===============================================================
Input graph (directed)		 (-g=)=../graphs/Pokec.edges
Input number of trim levels	 (-t=)=1
Pivot selection			 (-p=)=2
Specify FW-BW variant		 (-m=)=1
Specify maximum workers		 (-w=)=1
Specify randwalk iterations	 (-rand=)=10
Specify trim cutoff point	 (-cutoff=)=0
Specify how often to trim	 (-steps=)=1
Print help section		 (-h=)=No
Print SCC output to file	 (-out=)=No
Name to append output file	 (-suffix=)=PivotMaxDeg_Col_C1_iteration5
Print timers			 (-time=)=3
Print debug information		 (-a=)=3
threads 32

Loading graph
Graph loaded
Starting
Done

Writing timer output

Writing debug output
Done
Bootstrapping complete
SCC. build: 16:35:40, Jun  1 2019. Time: 17:56:06 [Apr  3 2019]
===============================================================
Input graph (directed)		 (-g=)=../graphs/Pokec.edges
Input number of trim levels	 (-t=)=1
Pivot selection			 (-p=)=2
Specify FW-BW variant		 (-m=)=1
Specify maximum workers		 (-w=)=1
Specify randwalk iterations	 (-rand=)=10
Specify trim cutoff point	 (-cutoff=)=0
Specify how often to trim	 (-steps=)=1
Print help section		 (-h=)=No
Print SCC output to file	 (-out=)=No
Name to append output file	 (-suffix=)=PivotMaxDeg_Col_C1_iteration6
Print timers			 (-time=)=3
Print debug information		 (-a=)=3
threads 32

Loading graph
Graph loaded
Starting
Done

Writing timer output

Writing debug output
Done
Bootstrapping complete
SCC. build: 16:35:40, Jun  1 2019. Time: 17:56:51 [Apr  3 2019]
===============================================================
Input graph (directed)		 (-g=)=../graphs/Pokec.edges
Input number of trim levels	 (-t=)=1
Pivot selection			 (-p=)=2
Specify FW-BW variant		 (-m=)=1
Specify maximum workers		 (-w=)=1
Specify randwalk iterations	 (-rand=)=10
Specify trim cutoff point	 (-cutoff=)=0
Specify how often to trim	 (-steps=)=1
Print help section		 (-h=)=No
Print SCC output to file	 (-out=)=No
Name to append output file	 (-suffix=)=PivotMaxDeg_Col_C1_iteration7
Print timers			 (-time=)=3
Print debug information		 (-a=)=3
threads 32

Loading graph
Graph loaded
Starting
Done

Writing timer output

Writing debug output
Done
Bootstrapping complete
SCC. build: 16:35:40, Jun  1 2019. Time: 17:57:32 [Apr  3 2019]
===============================================================
Input graph (directed)		 (-g=)=../graphs/Pokec.edges
Input number of trim levels	 (-t=)=1
Pivot selection			 (-p=)=2
Specify FW-BW variant		 (-m=)=1
Specify maximum workers		 (-w=)=1
Specify randwalk iterations	 (-rand=)=10
Specify trim cutoff point	 (-cutoff=)=0
Specify how often to trim	 (-steps=)=1
Print help section		 (-h=)=No
Print SCC output to file	 (-out=)=No
Name to append output file	 (-suffix=)=PivotMaxDeg_Col_C1_iteration8
Print timers			 (-time=)=3
Print debug information		 (-a=)=3
threads 32

Loading graph
Graph loaded
Starting
Done

Writing timer output

Writing debug output
Done
Bootstrapping complete
SCC. build: 16:35:40, Jun  1 2019. Time: 17:58:12 [Apr  3 2019]
===============================================================
Input graph (directed)		 (-g=)=../graphs/Pokec.edges
Input number of trim levels	 (-t=)=1
Pivot selection			 (-p=)=2
Specify FW-BW variant		 (-m=)=1
Specify maximum workers		 (-w=)=1
Specify randwalk iterations	 (-rand=)=10
Specify trim cutoff point	 (-cutoff=)=0
Specify how often to trim	 (-steps=)=1
Print help section		 (-h=)=No
Print SCC output to file	 (-out=)=No
Name to append output file	 (-suffix=)=PivotMaxDeg_Col_C1_iteration9
Print timers			 (-time=)=3
Print debug information		 (-a=)=3
threads 32

Loading graph
Graph loaded
Starting
Done

Writing timer output

Writing debug output
Done
Bootstrapping complete
SCC. build: 16:35:40, Jun  1 2019. Time: 17:58:52 [Apr  3 2019]
===============================================================
Input graph (directed)		 (-g=)=../graphs/Pokec.edges
Input number of trim levels	 (-t=)=1
Pivot selection			 (-p=)=2
Specify FW-BW variant		 (-m=)=1
Specify maximum workers		 (-w=)=1
Specify randwalk iterations	 (-rand=)=10
Specify trim cutoff point	 (-cutoff=)=0
Specify how often to trim	 (-steps=)=1
Print help section		 (-h=)=No
Print SCC output to file	 (-out=)=No
Name to append output file	 (-suffix=)=PivotMaxDeg_Col_C1_iteration10
Print timers			 (-time=)=3
Print debug information		 (-a=)=3
threads 32

Loading graph
Graph loaded
Starting
Done

Writing timer output

Writing debug output
Done
Bootstrapping complete
SCC. build: 16:35:40, Jun  1 2019. Time: 17:59:34 [Apr  3 2019]
===============================================================
Input graph (directed)		 (-g=)=../graphs/Pokec.edges
Input number of trim levels	 (-t=)=1
Pivot selection			 (-p=)=2
Specify FW-BW variant		 (-m=)=1
Specify maximum workers		 (-w=)=2
Specify randwalk iterations	 (-rand=)=10
Specify trim cutoff point	 (-cutoff=)=0
Specify how often to trim	 (-steps=)=1
Print help section		 (-h=)=No
Print SCC output to file	 (-out=)=No
Name to append output file	 (-suffix=)=PivotMaxDeg_Col_C2_iteration1
Print timers			 (-time=)=3
Print debug information		 (-a=)=3
threads 32

Loading graph
Graph loaded
Starting
Done

Writing timer output

Writing debug output
Done
Bootstrapping complete
SCC. build: 16:35:40, Jun  1 2019. Time: 18:00:09 [Apr  3 2019]
===============================================================
Input graph (directed)		 (-g=)=../graphs/Pokec.edges
Input number of trim levels	 (-t=)=1
Pivot selection			 (-p=)=2
Specify FW-BW variant		 (-m=)=1
Specify maximum workers		 (-w=)=2
Specify randwalk iterations	 (-rand=)=10
Specify trim cutoff point	 (-cutoff=)=0
Specify how often to trim	 (-steps=)=1
Print help section		 (-h=)=No
Print SCC output to file	 (-out=)=No
Name to append output file	 (-suffix=)=PivotMaxDeg_Col_C2_iteration2
Print timers			 (-time=)=3
Print debug information		 (-a=)=3
threads 32

Loading graph
Graph loaded
Starting
Done

Writing timer output

Writing debug output
Done
Bootstrapping complete
SCC. build: 16:35:40, Jun  1 2019. Time: 18:00:42 [Apr  3 2019]
===============================================================
Input graph (directed)		 (-g=)=../graphs/Pokec.edges
Input number of trim levels	 (-t=)=1
Pivot selection			 (-p=)=2
Specify FW-BW variant		 (-m=)=1
Specify maximum workers		 (-w=)=2
Specify randwalk iterations	 (-rand=)=10
Specify trim cutoff point	 (-cutoff=)=0
Specify how often to trim	 (-steps=)=1
Print help section		 (-h=)=No
Print SCC output to file	 (-out=)=No
Name to append output file	 (-suffix=)=PivotMaxDeg_Col_C2_iteration3
Print timers			 (-time=)=3
Print debug information		 (-a=)=3
threads 32

Loading graph
Graph loaded
Starting
Done

Writing timer output

Writing debug output
Done
Bootstrapping complete
SCC. build: 16:35:40, Jun  1 2019. Time: 18:01:17 [Apr  3 2019]
===============================================================
Input graph (directed)		 (-g=)=../graphs/Pokec.edges
Input number of trim levels	 (-t=)=1
Pivot selection			 (-p=)=2
Specify FW-BW variant		 (-m=)=1
Specify maximum workers		 (-w=)=2
Specify randwalk iterations	 (-rand=)=10
Specify trim cutoff point	 (-cutoff=)=0
Specify how often to trim	 (-steps=)=1
Print help section		 (-h=)=No
Print SCC output to file	 (-out=)=No
Name to append output file	 (-suffix=)=PivotMaxDeg_Col_C2_iteration4
Print timers			 (-time=)=3
Print debug information		 (-a=)=3
threads 32

Loading graph
Graph loaded
Starting
Done

Writing timer output

Writing debug output
Done
Bootstrapping complete
SCC. build: 16:35:40, Jun  1 2019. Time: 18:01:50 [Apr  3 2019]
===============================================================
Input graph (directed)		 (-g=)=../graphs/Pokec.edges
Input number of trim levels	 (-t=)=1
Pivot selection			 (-p=)=2
Specify FW-BW variant		 (-m=)=1
Specify maximum workers		 (-w=)=2
Specify randwalk iterations	 (-rand=)=10
Specify trim cutoff point	 (-cutoff=)=0
Specify how often to trim	 (-steps=)=1
Print help section		 (-h=)=No
Print SCC output to file	 (-out=)=No
Name to append output file	 (-suffix=)=PivotMaxDeg_Col_C2_iteration5
Print timers			 (-time=)=3
Print debug information		 (-a=)=3
threads 32

Loading graph
Graph loaded
Starting
Done

Writing timer output

Writing debug output
Done
Bootstrapping complete
SCC. build: 16:35:40, Jun  1 2019. Time: 18:02:24 [Apr  3 2019]
===============================================================
Input graph (directed)		 (-g=)=../graphs/Pokec.edges
Input number of trim levels	 (-t=)=1
Pivot selection			 (-p=)=2
Specify FW-BW variant		 (-m=)=1
Specify maximum workers		 (-w=)=2
Specify randwalk iterations	 (-rand=)=10
Specify trim cutoff point	 (-cutoff=)=0
Specify how often to trim	 (-steps=)=1
Print help section		 (-h=)=No
Print SCC output to file	 (-out=)=No
Name to append output file	 (-suffix=)=PivotMaxDeg_Col_C2_iteration6
Print timers			 (-time=)=3
Print debug information		 (-a=)=3
threads 32

Loading graph
Graph loaded
Starting
Done

Writing timer output

Writing debug output
Done
Bootstrapping complete
SCC. build: 16:35:40, Jun  1 2019. Time: 18:02:57 [Apr  3 2019]
===============================================================
Input graph (directed)		 (-g=)=../graphs/Pokec.edges
Input number of trim levels	 (-t=)=1
Pivot selection			 (-p=)=2
Specify FW-BW variant		 (-m=)=1
Specify maximum workers		 (-w=)=2
Specify randwalk iterations	 (-rand=)=10
Specify trim cutoff point	 (-cutoff=)=0
Specify how often to trim	 (-steps=)=1
Print help section		 (-h=)=No
Print SCC output to file	 (-out=)=No
Name to append output file	 (-suffix=)=PivotMaxDeg_Col_C2_iteration7
Print timers			 (-time=)=3
Print debug information		 (-a=)=3
threads 32

Loading graph
Graph loaded
Starting
Done

Writing timer output

Writing debug output
Done
Bootstrapping complete
SCC. build: 16:35:40, Jun  1 2019. Time: 18:03:31 [Apr  3 2019]
===============================================================
Input graph (directed)		 (-g=)=../graphs/Pokec.edges
Input number of trim levels	 (-t=)=1
Pivot selection			 (-p=)=2
Specify FW-BW variant		 (-m=)=1
Specify maximum workers		 (-w=)=2
Specify randwalk iterations	 (-rand=)=10
Specify trim cutoff point	 (-cutoff=)=0
Specify how often to trim	 (-steps=)=1
Print help section		 (-h=)=No
Print SCC output to file	 (-out=)=No
Name to append output file	 (-suffix=)=PivotMaxDeg_Col_C2_iteration8
Print timers			 (-time=)=3
Print debug information		 (-a=)=3
threads 32

Loading graph
Graph loaded
Starting
Done

Writing timer output

Writing debug output
Done
Bootstrapping complete
SCC. build: 16:35:40, Jun  1 2019. Time: 18:04:03 [Apr  3 2019]
===============================================================
Input graph (directed)		 (-g=)=../graphs/Pokec.edges
Input number of trim levels	 (-t=)=1
Pivot selection			 (-p=)=2
Specify FW-BW variant		 (-m=)=1
Specify maximum workers		 (-w=)=2
Specify randwalk iterations	 (-rand=)=10
Specify trim cutoff point	 (-cutoff=)=0
Specify how often to trim	 (-steps=)=1
Print help section		 (-h=)=No
Print SCC output to file	 (-out=)=No
Name to append output file	 (-suffix=)=PivotMaxDeg_Col_C2_iteration9
Print timers			 (-time=)=3
Print debug information		 (-a=)=3
threads 32

Loading graph
Graph loaded
Starting
Done

Writing timer output

Writing debug output
Done
Bootstrapping complete
SCC. build: 16:35:40, Jun  1 2019. Time: 18:04:35 [Apr  3 2019]
===============================================================
Input graph (directed)		 (-g=)=../graphs/Pokec.edges
Input number of trim levels	 (-t=)=1
Pivot selection			 (-p=)=2
Specify FW-BW variant		 (-m=)=1
Specify maximum workers		 (-w=)=2
Specify randwalk iterations	 (-rand=)=10
Specify trim cutoff point	 (-cutoff=)=0
Specify how often to trim	 (-steps=)=1
Print help section		 (-h=)=No
Print SCC output to file	 (-out=)=No
Name to append output file	 (-suffix=)=PivotMaxDeg_Col_C2_iteration10
Print timers			 (-time=)=3
Print debug information		 (-a=)=3
threads 32

Loading graph
Graph loaded
Starting
Done

Writing timer output

Writing debug output
Done
Bootstrapping complete
SCC. build: 16:35:40, Jun  1 2019. Time: 18:05:09 [Apr  3 2019]
===============================================================
Input graph (directed)		 (-g=)=../graphs/Pokec.edges
Input number of trim levels	 (-t=)=1
Pivot selection			 (-p=)=2
Specify FW-BW variant		 (-m=)=1
Specify maximum workers		 (-w=)=4
Specify randwalk iterations	 (-rand=)=10
Specify trim cutoff point	 (-cutoff=)=0
Specify how often to trim	 (-steps=)=1
Print help section		 (-h=)=No
Print SCC output to file	 (-out=)=No
Name to append output file	 (-suffix=)=PivotMaxDeg_Col_C4_iteration1
Print timers			 (-time=)=3
Print debug information		 (-a=)=3
threads 32

Loading graph
Graph loaded
Starting
Done

Writing timer output

Writing debug output
Done
Bootstrapping complete
SCC. build: 16:35:40, Jun  1 2019. Time: 18:05:38 [Apr  3 2019]
===============================================================
Input graph (directed)		 (-g=)=../graphs/Pokec.edges
Input number of trim levels	 (-t=)=1
Pivot selection			 (-p=)=2
Specify FW-BW variant		 (-m=)=1
Specify maximum workers		 (-w=)=4
Specify randwalk iterations	 (-rand=)=10
Specify trim cutoff point	 (-cutoff=)=0
Specify how often to trim	 (-steps=)=1
Print help section		 (-h=)=No
Print SCC output to file	 (-out=)=No
Name to append output file	 (-suffix=)=PivotMaxDeg_Col_C4_iteration2
Print timers			 (-time=)=3
Print debug information		 (-a=)=3
threads 32

Loading graph
Graph loaded
Starting
Done

Writing timer output

Writing debug output
Done
Bootstrapping complete
SCC. build: 16:35:40, Jun  1 2019. Time: 18:06:07 [Apr  3 2019]
===============================================================
Input graph (directed)		 (-g=)=../graphs/Pokec.edges
Input number of trim levels	 (-t=)=1
Pivot selection			 (-p=)=2
Specify FW-BW variant		 (-m=)=1
Specify maximum workers		 (-w=)=4
Specify randwalk iterations	 (-rand=)=10
Specify trim cutoff point	 (-cutoff=)=0
Specify how often to trim	 (-steps=)=1
Print help section		 (-h=)=No
Print SCC output to file	 (-out=)=No
Name to append output file	 (-suffix=)=PivotMaxDeg_Col_C4_iteration3
Print timers			 (-time=)=3
Print debug information		 (-a=)=3
threads 32

Loading graph
Graph loaded
Starting
Done

Writing timer output

Writing debug output
Done
Bootstrapping complete
SCC. build: 16:35:40, Jun  1 2019. Time: 18:06:40 [Apr  3 2019]
===============================================================
Input graph (directed)		 (-g=)=../graphs/Pokec.edges
Input number of trim levels	 (-t=)=1
Pivot selection			 (-p=)=2
Specify FW-BW variant		 (-m=)=1
Specify maximum workers		 (-w=)=4
Specify randwalk iterations	 (-rand=)=10
Specify trim cutoff point	 (-cutoff=)=0
Specify how often to trim	 (-steps=)=1
Print help section		 (-h=)=No
Print SCC output to file	 (-out=)=No
Name to append output file	 (-suffix=)=PivotMaxDeg_Col_C4_iteration4
Print timers			 (-time=)=3
Print debug information		 (-a=)=3
threads 32

Loading graph
Graph loaded
Starting
Done

Writing timer output

Writing debug output
Done
Bootstrapping complete
SCC. build: 16:35:40, Jun  1 2019. Time: 18:07:10 [Apr  3 2019]
===============================================================
Input graph (directed)		 (-g=)=../graphs/Pokec.edges
Input number of trim levels	 (-t=)=1
Pivot selection			 (-p=)=2
Specify FW-BW variant		 (-m=)=1
Specify maximum workers		 (-w=)=4
Specify randwalk iterations	 (-rand=)=10
Specify trim cutoff point	 (-cutoff=)=0
Specify how often to trim	 (-steps=)=1
Print help section		 (-h=)=No
Print SCC output to file	 (-out=)=No
Name to append output file	 (-suffix=)=PivotMaxDeg_Col_C4_iteration5
Print timers			 (-time=)=3
Print debug information		 (-a=)=3
threads 32

Loading graph
Graph loaded
Starting
Done

Writing timer output

Writing debug output
Done
Bootstrapping complete
SCC. build: 16:35:40, Jun  1 2019. Time: 18:07:41 [Apr  3 2019]
===============================================================
Input graph (directed)		 (-g=)=../graphs/Pokec.edges
Input number of trim levels	 (-t=)=1
Pivot selection			 (-p=)=2
Specify FW-BW variant		 (-m=)=1
Specify maximum workers		 (-w=)=4
Specify randwalk iterations	 (-rand=)=10
Specify trim cutoff point	 (-cutoff=)=0
Specify how often to trim	 (-steps=)=1
Print help section		 (-h=)=No
Print SCC output to file	 (-out=)=No
Name to append output file	 (-suffix=)=PivotMaxDeg_Col_C4_iteration6
Print timers			 (-time=)=3
Print debug information		 (-a=)=3
threads 32

Loading graph
Graph loaded
Starting
Done

Writing timer output

Writing debug output
Done
Bootstrapping complete
SCC. build: 16:35:40, Jun  1 2019. Time: 18:08:12 [Apr  3 2019]
===============================================================
Input graph (directed)		 (-g=)=../graphs/Pokec.edges
Input number of trim levels	 (-t=)=1
Pivot selection			 (-p=)=2
Specify FW-BW variant		 (-m=)=1
Specify maximum workers		 (-w=)=4
Specify randwalk iterations	 (-rand=)=10
Specify trim cutoff point	 (-cutoff=)=0
Specify how often to trim	 (-steps=)=1
Print help section		 (-h=)=No
Print SCC output to file	 (-out=)=No
Name to append output file	 (-suffix=)=PivotMaxDeg_Col_C4_iteration7
Print timers			 (-time=)=3
Print debug information		 (-a=)=3
threads 32

Loading graph
Graph loaded
Starting
Done

Writing timer output

Writing debug output
Done
Bootstrapping complete
SCC. build: 16:35:40, Jun  1 2019. Time: 18:08:42 [Apr  3 2019]
===============================================================
Input graph (directed)		 (-g=)=../graphs/Pokec.edges
Input number of trim levels	 (-t=)=1
Pivot selection			 (-p=)=2
Specify FW-BW variant		 (-m=)=1
Specify maximum workers		 (-w=)=4
Specify randwalk iterations	 (-rand=)=10
Specify trim cutoff point	 (-cutoff=)=0
Specify how often to trim	 (-steps=)=1
Print help section		 (-h=)=No
Print SCC output to file	 (-out=)=No
Name to append output file	 (-suffix=)=PivotMaxDeg_Col_C4_iteration8
Print timers			 (-time=)=3
Print debug information		 (-a=)=3
threads 32

Loading graph
Graph loaded
Starting
Done

Writing timer output

Writing debug output
Done
Bootstrapping complete
SCC. build: 16:35:40, Jun  1 2019. Time: 18:09:14 [Apr  3 2019]
===============================================================
Input graph (directed)		 (-g=)=../graphs/Pokec.edges
Input number of trim levels	 (-t=)=1
Pivot selection			 (-p=)=2
Specify FW-BW variant		 (-m=)=1
Specify maximum workers		 (-w=)=4
Specify randwalk iterations	 (-rand=)=10
Specify trim cutoff point	 (-cutoff=)=0
Specify how often to trim	 (-steps=)=1
Print help section		 (-h=)=No
Print SCC output to file	 (-out=)=No
Name to append output file	 (-suffix=)=PivotMaxDeg_Col_C4_iteration9
Print timers			 (-time=)=3
Print debug information		 (-a=)=3
threads 32

Loading graph
Graph loaded
Starting
Done

Writing timer output

Writing debug output
Done
Bootstrapping complete
SCC. build: 16:35:40, Jun  1 2019. Time: 18:09:45 [Apr  3 2019]
===============================================================
Input graph (directed)		 (-g=)=../graphs/Pokec.edges
Input number of trim levels	 (-t=)=1
Pivot selection			 (-p=)=2
Specify FW-BW variant		 (-m=)=1
Specify maximum workers		 (-w=)=4
Specify randwalk iterations	 (-rand=)=10
Specify trim cutoff point	 (-cutoff=)=0
Specify how often to trim	 (-steps=)=1
Print help section		 (-h=)=No
Print SCC output to file	 (-out=)=No
Name to append output file	 (-suffix=)=PivotMaxDeg_Col_C4_iteration10
Print timers			 (-time=)=3
Print debug information		 (-a=)=3
threads 32

Loading graph
Graph loaded
Starting
Done

Writing timer output

Writing debug output
Done
Bootstrapping complete
SCC. build: 16:35:40, Jun  1 2019. Time: 18:10:18 [Apr  3 2019]
===============================================================
Input graph (directed)		 (-g=)=../graphs/Pokec.edges
Input number of trim levels	 (-t=)=1
Pivot selection			 (-p=)=2
Specify FW-BW variant		 (-m=)=1
Specify maximum workers		 (-w=)=8
Specify randwalk iterations	 (-rand=)=10
Specify trim cutoff point	 (-cutoff=)=0
Specify how often to trim	 (-steps=)=1
Print help section		 (-h=)=No
Print SCC output to file	 (-out=)=No
Name to append output file	 (-suffix=)=PivotMaxDeg_Col_C8_iteration1
Print timers			 (-time=)=3
Print debug information		 (-a=)=3
threads 32

Loading graph
Graph loaded
Starting
Done

Writing timer output

Writing debug output
Done
Bootstrapping complete
SCC. build: 16:35:40, Jun  1 2019. Time: 18:10:45 [Apr  3 2019]
===============================================================
Input graph (directed)		 (-g=)=../graphs/Pokec.edges
Input number of trim levels	 (-t=)=1
Pivot selection			 (-p=)=2
Specify FW-BW variant		 (-m=)=1
Specify maximum workers		 (-w=)=8
Specify randwalk iterations	 (-rand=)=10
Specify trim cutoff point	 (-cutoff=)=0
Specify how often to trim	 (-steps=)=1
Print help section		 (-h=)=No
Print SCC output to file	 (-out=)=No
Name to append output file	 (-suffix=)=PivotMaxDeg_Col_C8_iteration2
Print timers			 (-time=)=3
Print debug information		 (-a=)=3
threads 32

Loading graph
Graph loaded
Starting
Done

Writing timer output

Writing debug output
Done
Bootstrapping complete
SCC. build: 16:35:40, Jun  1 2019. Time: 18:11:13 [Apr  3 2019]
===============================================================
Input graph (directed)		 (-g=)=../graphs/Pokec.edges
Input number of trim levels	 (-t=)=1
Pivot selection			 (-p=)=2
Specify FW-BW variant		 (-m=)=1
Specify maximum workers		 (-w=)=8
Specify randwalk iterations	 (-rand=)=10
Specify trim cutoff point	 (-cutoff=)=0
Specify how often to trim	 (-steps=)=1
Print help section		 (-h=)=No
Print SCC output to file	 (-out=)=No
Name to append output file	 (-suffix=)=PivotMaxDeg_Col_C8_iteration3
Print timers			 (-time=)=3
Print debug information		 (-a=)=3
threads 32

Loading graph
Graph loaded
Starting
Done

Writing timer output

Writing debug output
Done
Bootstrapping complete
SCC. build: 16:35:40, Jun  1 2019. Time: 18:11:41 [Apr  3 2019]
===============================================================
Input graph (directed)		 (-g=)=../graphs/Pokec.edges
Input number of trim levels	 (-t=)=1
Pivot selection			 (-p=)=2
Specify FW-BW variant		 (-m=)=1
Specify maximum workers		 (-w=)=8
Specify randwalk iterations	 (-rand=)=10
Specify trim cutoff point	 (-cutoff=)=0
Specify how often to trim	 (-steps=)=1
Print help section		 (-h=)=No
Print SCC output to file	 (-out=)=No
Name to append output file	 (-suffix=)=PivotMaxDeg_Col_C8_iteration4
Print timers			 (-time=)=3
Print debug information		 (-a=)=3
threads 32

Loading graph
Graph loaded
Starting
Done

Writing timer output

Writing debug output
Done
Bootstrapping complete
SCC. build: 16:35:40, Jun  1 2019. Time: 18:12:07 [Apr  3 2019]
===============================================================
Input graph (directed)		 (-g=)=../graphs/Pokec.edges
Input number of trim levels	 (-t=)=1
Pivot selection			 (-p=)=2
Specify FW-BW variant		 (-m=)=1
Specify maximum workers		 (-w=)=8
Specify randwalk iterations	 (-rand=)=10
Specify trim cutoff point	 (-cutoff=)=0
Specify how often to trim	 (-steps=)=1
Print help section		 (-h=)=No
Print SCC output to file	 (-out=)=No
Name to append output file	 (-suffix=)=PivotMaxDeg_Col_C8_iteration5
Print timers			 (-time=)=3
Print debug information		 (-a=)=3
threads 32

Loading graph
Graph loaded
Starting
Done

Writing timer output

Writing debug output
Done
Bootstrapping complete
SCC. build: 16:35:40, Jun  1 2019. Time: 18:12:33 [Apr  3 2019]
===============================================================
Input graph (directed)		 (-g=)=../graphs/Pokec.edges
Input number of trim levels	 (-t=)=1
Pivot selection			 (-p=)=2
Specify FW-BW variant		 (-m=)=1
Specify maximum workers		 (-w=)=8
Specify randwalk iterations	 (-rand=)=10
Specify trim cutoff point	 (-cutoff=)=0
Specify how often to trim	 (-steps=)=1
Print help section		 (-h=)=No
Print SCC output to file	 (-out=)=No
Name to append output file	 (-suffix=)=PivotMaxDeg_Col_C8_iteration6
Print timers			 (-time=)=3
Print debug information		 (-a=)=3
threads 32

Loading graph
Graph loaded
Starting
Done

Writing timer output

Writing debug output
Done
Bootstrapping complete
SCC. build: 16:35:40, Jun  1 2019. Time: 18:13:02 [Apr  3 2019]
===============================================================
Input graph (directed)		 (-g=)=../graphs/Pokec.edges
Input number of trim levels	 (-t=)=1
Pivot selection			 (-p=)=2
Specify FW-BW variant		 (-m=)=1
Specify maximum workers		 (-w=)=8
Specify randwalk iterations	 (-rand=)=10
Specify trim cutoff point	 (-cutoff=)=0
Specify how often to trim	 (-steps=)=1
Print help section		 (-h=)=No
Print SCC output to file	 (-out=)=No
Name to append output file	 (-suffix=)=PivotMaxDeg_Col_C8_iteration7
Print timers			 (-time=)=3
Print debug information		 (-a=)=3
threads 32

Loading graph
Graph loaded
Starting
Done

Writing timer output

Writing debug output
Done
Bootstrapping complete
SCC. build: 16:35:40, Jun  1 2019. Time: 18:13:31 [Apr  3 2019]
===============================================================
Input graph (directed)		 (-g=)=../graphs/Pokec.edges
Input number of trim levels	 (-t=)=1
Pivot selection			 (-p=)=2
Specify FW-BW variant		 (-m=)=1
Specify maximum workers		 (-w=)=8
Specify randwalk iterations	 (-rand=)=10
Specify trim cutoff point	 (-cutoff=)=0
Specify how often to trim	 (-steps=)=1
Print help section		 (-h=)=No
Print SCC output to file	 (-out=)=No
Name to append output file	 (-suffix=)=PivotMaxDeg_Col_C8_iteration8
Print timers			 (-time=)=3
Print debug information		 (-a=)=3
threads 32

Loading graph
Graph loaded
Starting
Done

Writing timer output

Writing debug output
Done
Bootstrapping complete
SCC. build: 16:35:40, Jun  1 2019. Time: 18:14:01 [Apr  3 2019]
===============================================================
Input graph (directed)		 (-g=)=../graphs/Pokec.edges
Input number of trim levels	 (-t=)=1
Pivot selection			 (-p=)=2
Specify FW-BW variant		 (-m=)=1
Specify maximum workers		 (-w=)=8
Specify randwalk iterations	 (-rand=)=10
Specify trim cutoff point	 (-cutoff=)=0
Specify how often to trim	 (-steps=)=1
Print help section		 (-h=)=No
Print SCC output to file	 (-out=)=No
Name to append output file	 (-suffix=)=PivotMaxDeg_Col_C8_iteration9
Print timers			 (-time=)=3
Print debug information		 (-a=)=3
threads 32

Loading graph
Graph loaded
Starting
Done

Writing timer output

Writing debug output
Done
Bootstrapping complete
SCC. build: 16:35:40, Jun  1 2019. Time: 18:14:30 [Apr  3 2019]
===============================================================
Input graph (directed)		 (-g=)=../graphs/Pokec.edges
Input number of trim levels	 (-t=)=1
Pivot selection			 (-p=)=2
Specify FW-BW variant		 (-m=)=1
Specify maximum workers		 (-w=)=8
Specify randwalk iterations	 (-rand=)=10
Specify trim cutoff point	 (-cutoff=)=0
Specify how often to trim	 (-steps=)=1
Print help section		 (-h=)=No
Print SCC output to file	 (-out=)=No
Name to append output file	 (-suffix=)=PivotMaxDeg_Col_C8_iteration10
Print timers			 (-time=)=3
Print debug information		 (-a=)=3
threads 32

Loading graph
Graph loaded
Starting
Done

Writing timer output

Writing debug output
Done
Bootstrapping complete
SCC. build: 16:35:40, Jun  1 2019. Time: 18:14:59 [Apr  3 2019]
===============================================================
Input graph (directed)		 (-g=)=../graphs/Pokec.edges
Input number of trim levels	 (-t=)=1
Pivot selection			 (-p=)=2
Specify FW-BW variant		 (-m=)=1
Specify maximum workers		 (-w=)=16
Specify randwalk iterations	 (-rand=)=10
Specify trim cutoff point	 (-cutoff=)=0
Specify how often to trim	 (-steps=)=1
Print help section		 (-h=)=No
Print SCC output to file	 (-out=)=No
Name to append output file	 (-suffix=)=PivotMaxDeg_Col_C16_iteration1
Print timers			 (-time=)=3
Print debug information		 (-a=)=3
threads 32

Loading graph
Graph loaded
Starting
Done

Writing timer output

Writing debug output
Done
Bootstrapping complete
SCC. build: 16:35:40, Jun  1 2019. Time: 18:15:27 [Apr  3 2019]
===============================================================
Input graph (directed)		 (-g=)=../graphs/Pokec.edges
Input number of trim levels	 (-t=)=1
Pivot selection			 (-p=)=2
Specify FW-BW variant		 (-m=)=1
Specify maximum workers		 (-w=)=16
Specify randwalk iterations	 (-rand=)=10
Specify trim cutoff point	 (-cutoff=)=0
Specify how often to trim	 (-steps=)=1
Print help section		 (-h=)=No
Print SCC output to file	 (-out=)=No
Name to append output file	 (-suffix=)=PivotMaxDeg_Col_C16_iteration2
Print timers			 (-time=)=3
Print debug information		 (-a=)=3
threads 32

Loading graph
Graph loaded
Starting
Done

Writing timer output

Writing debug output
Done
Bootstrapping complete
SCC. build: 16:35:40, Jun  1 2019. Time: 18:15:55 [Apr  3 2019]
===============================================================
Input graph (directed)		 (-g=)=../graphs/Pokec.edges
Input number of trim levels	 (-t=)=1
Pivot selection			 (-p=)=2
Specify FW-BW variant		 (-m=)=1
Specify maximum workers		 (-w=)=16
Specify randwalk iterations	 (-rand=)=10
Specify trim cutoff point	 (-cutoff=)=0
Specify how often to trim	 (-steps=)=1
Print help section		 (-h=)=No
Print SCC output to file	 (-out=)=No
Name to append output file	 (-suffix=)=PivotMaxDeg_Col_C16_iteration3
Print timers			 (-time=)=3
Print debug information		 (-a=)=3
threads 32

Loading graph
Graph loaded
Starting
Done

Writing timer output

Writing debug output
Done
Bootstrapping complete
SCC. build: 16:35:40, Jun  1 2019. Time: 18:16:24 [Apr  3 2019]
===============================================================
Input graph (directed)		 (-g=)=../graphs/Pokec.edges
Input number of trim levels	 (-t=)=1
Pivot selection			 (-p=)=2
Specify FW-BW variant		 (-m=)=1
Specify maximum workers		 (-w=)=16
Specify randwalk iterations	 (-rand=)=10
Specify trim cutoff point	 (-cutoff=)=0
Specify how often to trim	 (-steps=)=1
Print help section		 (-h=)=No
Print SCC output to file	 (-out=)=No
Name to append output file	 (-suffix=)=PivotMaxDeg_Col_C16_iteration4
Print timers			 (-time=)=3
Print debug information		 (-a=)=3
threads 32

Loading graph
Graph loaded
Starting
Done

Writing timer output

Writing debug output
Done
Bootstrapping complete
SCC. build: 16:35:40, Jun  1 2019. Time: 18:16:49 [Apr  3 2019]
===============================================================
Input graph (directed)		 (-g=)=../graphs/Pokec.edges
Input number of trim levels	 (-t=)=1
Pivot selection			 (-p=)=2
Specify FW-BW variant		 (-m=)=1
Specify maximum workers		 (-w=)=16
Specify randwalk iterations	 (-rand=)=10
Specify trim cutoff point	 (-cutoff=)=0
Specify how often to trim	 (-steps=)=1
Print help section		 (-h=)=No
Print SCC output to file	 (-out=)=No
Name to append output file	 (-suffix=)=PivotMaxDeg_Col_C16_iteration5
Print timers			 (-time=)=3
Print debug information		 (-a=)=3
threads 32

Loading graph
Graph loaded
Starting
Done

Writing timer output

Writing debug output
Done
Bootstrapping complete
SCC. build: 16:35:40, Jun  1 2019. Time: 18:17:14 [Apr  3 2019]
===============================================================
Input graph (directed)		 (-g=)=../graphs/Pokec.edges
Input number of trim levels	 (-t=)=1
Pivot selection			 (-p=)=2
Specify FW-BW variant		 (-m=)=1
Specify maximum workers		 (-w=)=16
Specify randwalk iterations	 (-rand=)=10
Specify trim cutoff point	 (-cutoff=)=0
Specify how often to trim	 (-steps=)=1
Print help section		 (-h=)=No
Print SCC output to file	 (-out=)=No
Name to append output file	 (-suffix=)=PivotMaxDeg_Col_C16_iteration6
Print timers			 (-time=)=3
Print debug information		 (-a=)=3
threads 32

Loading graph
Graph loaded
Starting
Done

Writing timer output

Writing debug output
Done
Bootstrapping complete
SCC. build: 16:35:40, Jun  1 2019. Time: 18:17:38 [Apr  3 2019]
===============================================================
Input graph (directed)		 (-g=)=../graphs/Pokec.edges
Input number of trim levels	 (-t=)=1
Pivot selection			 (-p=)=2
Specify FW-BW variant		 (-m=)=1
Specify maximum workers		 (-w=)=16
Specify randwalk iterations	 (-rand=)=10
Specify trim cutoff point	 (-cutoff=)=0
Specify how often to trim	 (-steps=)=1
Print help section		 (-h=)=No
Print SCC output to file	 (-out=)=No
Name to append output file	 (-suffix=)=PivotMaxDeg_Col_C16_iteration7
Print timers			 (-time=)=3
Print debug information		 (-a=)=3
threads 32

Loading graph
Graph loaded
Starting
Done

Writing timer output

Writing debug output
Done
Bootstrapping complete
SCC. build: 16:35:40, Jun  1 2019. Time: 18:18:04 [Apr  3 2019]
===============================================================
Input graph (directed)		 (-g=)=../graphs/Pokec.edges
Input number of trim levels	 (-t=)=1
Pivot selection			 (-p=)=2
Specify FW-BW variant		 (-m=)=1
Specify maximum workers		 (-w=)=16
Specify randwalk iterations	 (-rand=)=10
Specify trim cutoff point	 (-cutoff=)=0
Specify how often to trim	 (-steps=)=1
Print help section		 (-h=)=No
Print SCC output to file	 (-out=)=No
Name to append output file	 (-suffix=)=PivotMaxDeg_Col_C16_iteration8
Print timers			 (-time=)=3
Print debug information		 (-a=)=3
threads 32

Loading graph
Graph loaded
Starting
Done

Writing timer output

Writing debug output
Done
Bootstrapping complete
SCC. build: 16:35:40, Jun  1 2019. Time: 18:18:29 [Apr  3 2019]
===============================================================
Input graph (directed)		 (-g=)=../graphs/Pokec.edges
Input number of trim levels	 (-t=)=1
Pivot selection			 (-p=)=2
Specify FW-BW variant		 (-m=)=1
Specify maximum workers		 (-w=)=16
Specify randwalk iterations	 (-rand=)=10
Specify trim cutoff point	 (-cutoff=)=0
Specify how often to trim	 (-steps=)=1
Print help section		 (-h=)=No
Print SCC output to file	 (-out=)=No
Name to append output file	 (-suffix=)=PivotMaxDeg_Col_C16_iteration9
Print timers			 (-time=)=3
Print debug information		 (-a=)=3
threads 32

Loading graph
Graph loaded
Starting
Done

Writing timer output

Writing debug output
Done
Bootstrapping complete
SCC. build: 16:35:40, Jun  1 2019. Time: 18:18:54 [Apr  3 2019]
===============================================================
Input graph (directed)		 (-g=)=../graphs/Pokec.edges
Input number of trim levels	 (-t=)=1
Pivot selection			 (-p=)=2
Specify FW-BW variant		 (-m=)=1
Specify maximum workers		 (-w=)=16
Specify randwalk iterations	 (-rand=)=10
Specify trim cutoff point	 (-cutoff=)=0
Specify how often to trim	 (-steps=)=1
Print help section		 (-h=)=No
Print SCC output to file	 (-out=)=No
Name to append output file	 (-suffix=)=PivotMaxDeg_Col_C16_iteration10
Print timers			 (-time=)=3
Print debug information		 (-a=)=3
threads 32

Loading graph
Graph loaded
Starting
Done

Writing timer output

Writing debug output
Done
Bootstrapping complete
SCC. build: 16:35:40, Jun  1 2019. Time: 18:19:20 [Apr  3 2019]
===============================================================
Input graph (directed)		 (-g=)=../graphs/Pokec.edges
Input number of trim levels	 (-t=)=1
Pivot selection			 (-p=)=2
Specify FW-BW variant		 (-m=)=1
Specify maximum workers		 (-w=)=24
Specify randwalk iterations	 (-rand=)=10
Specify trim cutoff point	 (-cutoff=)=0
Specify how often to trim	 (-steps=)=1
Print help section		 (-h=)=No
Print SCC output to file	 (-out=)=No
Name to append output file	 (-suffix=)=PivotMaxDeg_Col_C24_iteration1
Print timers			 (-time=)=3
Print debug information		 (-a=)=3
threads 32

Loading graph
Graph loaded
Starting
Done

Writing timer output

Writing debug output
Done
Bootstrapping complete
SCC. build: 16:35:40, Jun  1 2019. Time: 18:19:45 [Apr  3 2019]
===============================================================
Input graph (directed)		 (-g=)=../graphs/Pokec.edges
Input number of trim levels	 (-t=)=1
Pivot selection			 (-p=)=2
Specify FW-BW variant		 (-m=)=1
Specify maximum workers		 (-w=)=24
Specify randwalk iterations	 (-rand=)=10
Specify trim cutoff point	 (-cutoff=)=0
Specify how often to trim	 (-steps=)=1
Print help section		 (-h=)=No
Print SCC output to file	 (-out=)=No
Name to append output file	 (-suffix=)=PivotMaxDeg_Col_C24_iteration2
Print timers			 (-time=)=3
Print debug information		 (-a=)=3
threads 32

Loading graph
Graph loaded
Starting
Done

Writing timer output

Writing debug output
Done
Bootstrapping complete
SCC. build: 16:35:40, Jun  1 2019. Time: 18:20:10 [Apr  3 2019]
===============================================================
Input graph (directed)		 (-g=)=../graphs/Pokec.edges
Input number of trim levels	 (-t=)=1
Pivot selection			 (-p=)=2
Specify FW-BW variant		 (-m=)=1
Specify maximum workers		 (-w=)=24
Specify randwalk iterations	 (-rand=)=10
Specify trim cutoff point	 (-cutoff=)=0
Specify how often to trim	 (-steps=)=1
Print help section		 (-h=)=No
Print SCC output to file	 (-out=)=No
Name to append output file	 (-suffix=)=PivotMaxDeg_Col_C24_iteration3
Print timers			 (-time=)=3
Print debug information		 (-a=)=3
threads 32

Loading graph
Graph loaded
Starting
Done

Writing timer output

Writing debug output
Done
Bootstrapping complete
SCC. build: 16:35:40, Jun  1 2019. Time: 18:20:35 [Apr  3 2019]
===============================================================
Input graph (directed)		 (-g=)=../graphs/Pokec.edges
Input number of trim levels	 (-t=)=1
Pivot selection			 (-p=)=2
Specify FW-BW variant		 (-m=)=1
Specify maximum workers		 (-w=)=24
Specify randwalk iterations	 (-rand=)=10
Specify trim cutoff point	 (-cutoff=)=0
Specify how often to trim	 (-steps=)=1
Print help section		 (-h=)=No
Print SCC output to file	 (-out=)=No
Name to append output file	 (-suffix=)=PivotMaxDeg_Col_C24_iteration4
Print timers			 (-time=)=3
Print debug information		 (-a=)=3
threads 32

Loading graph
Graph loaded
Starting
Done

Writing timer output

Writing debug output
Done
Bootstrapping complete
SCC. build: 16:35:40, Jun  1 2019. Time: 18:21:01 [Apr  3 2019]
===============================================================
Input graph (directed)		 (-g=)=../graphs/Pokec.edges
Input number of trim levels	 (-t=)=1
Pivot selection			 (-p=)=2
Specify FW-BW variant		 (-m=)=1
Specify maximum workers		 (-w=)=24
Specify randwalk iterations	 (-rand=)=10
Specify trim cutoff point	 (-cutoff=)=0
Specify how often to trim	 (-steps=)=1
Print help section		 (-h=)=No
Print SCC output to file	 (-out=)=No
Name to append output file	 (-suffix=)=PivotMaxDeg_Col_C24_iteration5
Print timers			 (-time=)=3
Print debug information		 (-a=)=3
threads 32

Loading graph
Graph loaded
Starting
Done

Writing timer output

Writing debug output
Done
Bootstrapping complete
SCC. build: 16:35:40, Jun  1 2019. Time: 18:21:25 [Apr  3 2019]
===============================================================
Input graph (directed)		 (-g=)=../graphs/Pokec.edges
Input number of trim levels	 (-t=)=1
Pivot selection			 (-p=)=2
Specify FW-BW variant		 (-m=)=1
Specify maximum workers		 (-w=)=24
Specify randwalk iterations	 (-rand=)=10
Specify trim cutoff point	 (-cutoff=)=0
Specify how often to trim	 (-steps=)=1
Print help section		 (-h=)=No
Print SCC output to file	 (-out=)=No
Name to append output file	 (-suffix=)=PivotMaxDeg_Col_C24_iteration6
Print timers			 (-time=)=3
Print debug information		 (-a=)=3
threads 32

Loading graph
Graph loaded
Starting
Done

Writing timer output

Writing debug output
Done
Bootstrapping complete
SCC. build: 16:35:40, Jun  1 2019. Time: 18:21:49 [Apr  3 2019]
===============================================================
Input graph (directed)		 (-g=)=../graphs/Pokec.edges
Input number of trim levels	 (-t=)=1
Pivot selection			 (-p=)=2
Specify FW-BW variant		 (-m=)=1
Specify maximum workers		 (-w=)=24
Specify randwalk iterations	 (-rand=)=10
Specify trim cutoff point	 (-cutoff=)=0
Specify how often to trim	 (-steps=)=1
Print help section		 (-h=)=No
Print SCC output to file	 (-out=)=No
Name to append output file	 (-suffix=)=PivotMaxDeg_Col_C24_iteration7
Print timers			 (-time=)=3
Print debug information		 (-a=)=3
threads 32

Loading graph
Graph loaded
Starting
Done

Writing timer output

Writing debug output
Done
Bootstrapping complete
SCC. build: 16:35:40, Jun  1 2019. Time: 18:22:14 [Apr  3 2019]
===============================================================
Input graph (directed)		 (-g=)=../graphs/Pokec.edges
Input number of trim levels	 (-t=)=1
Pivot selection			 (-p=)=2
Specify FW-BW variant		 (-m=)=1
Specify maximum workers		 (-w=)=24
Specify randwalk iterations	 (-rand=)=10
Specify trim cutoff point	 (-cutoff=)=0
Specify how often to trim	 (-steps=)=1
Print help section		 (-h=)=No
Print SCC output to file	 (-out=)=No
Name to append output file	 (-suffix=)=PivotMaxDeg_Col_C24_iteration8
Print timers			 (-time=)=3
Print debug information		 (-a=)=3
threads 32

Loading graph
Graph loaded
Starting
Done

Writing timer output

Writing debug output
Done
Bootstrapping complete
SCC. build: 16:35:40, Jun  1 2019. Time: 18:22:38 [Apr  3 2019]
===============================================================
Input graph (directed)		 (-g=)=../graphs/Pokec.edges
Input number of trim levels	 (-t=)=1
Pivot selection			 (-p=)=2
Specify FW-BW variant		 (-m=)=1
Specify maximum workers		 (-w=)=24
Specify randwalk iterations	 (-rand=)=10
Specify trim cutoff point	 (-cutoff=)=0
Specify how often to trim	 (-steps=)=1
Print help section		 (-h=)=No
Print SCC output to file	 (-out=)=No
Name to append output file	 (-suffix=)=PivotMaxDeg_Col_C24_iteration9
Print timers			 (-time=)=3
Print debug information		 (-a=)=3
threads 32

Loading graph
Graph loaded
Starting
Done

Writing timer output

Writing debug output
Done
Bootstrapping complete
SCC. build: 16:35:40, Jun  1 2019. Time: 18:23:02 [Apr  3 2019]
===============================================================
Input graph (directed)		 (-g=)=../graphs/Pokec.edges
Input number of trim levels	 (-t=)=1
Pivot selection			 (-p=)=2
Specify FW-BW variant		 (-m=)=1
Specify maximum workers		 (-w=)=24
Specify randwalk iterations	 (-rand=)=10
Specify trim cutoff point	 (-cutoff=)=0
Specify how often to trim	 (-steps=)=1
Print help section		 (-h=)=No
Print SCC output to file	 (-out=)=No
Name to append output file	 (-suffix=)=PivotMaxDeg_Col_C24_iteration10
Print timers			 (-time=)=3
Print debug information		 (-a=)=3
threads 32

Loading graph
Graph loaded
Starting
Done

Writing timer output

Writing debug output
Done
Bootstrapping complete
SCC. build: 16:35:40, Jun  1 2019. Time: 18:23:27 [Apr  3 2019]
===============================================================
Input graph (directed)		 (-g=)=../graphs/Pokec.edges
Input number of trim levels	 (-t=)=1
Pivot selection			 (-p=)=2
Specify FW-BW variant		 (-m=)=1
Specify maximum workers		 (-w=)=32
Specify randwalk iterations	 (-rand=)=10
Specify trim cutoff point	 (-cutoff=)=0
Specify how often to trim	 (-steps=)=1
Print help section		 (-h=)=No
Print SCC output to file	 (-out=)=No
Name to append output file	 (-suffix=)=PivotMaxDeg_Col_C32_iteration1
Print timers			 (-time=)=3
Print debug information		 (-a=)=3
threads 32

Loading graph
Graph loaded
Starting
Done

Writing timer output

Writing debug output
Done
Bootstrapping complete
SCC. build: 16:35:40, Jun  1 2019. Time: 18:23:54 [Apr  3 2019]
===============================================================
Input graph (directed)		 (-g=)=../graphs/Pokec.edges
Input number of trim levels	 (-t=)=1
Pivot selection			 (-p=)=2
Specify FW-BW variant		 (-m=)=1
Specify maximum workers		 (-w=)=32
Specify randwalk iterations	 (-rand=)=10
Specify trim cutoff point	 (-cutoff=)=0
Specify how often to trim	 (-steps=)=1
Print help section		 (-h=)=No
Print SCC output to file	 (-out=)=No
Name to append output file	 (-suffix=)=PivotMaxDeg_Col_C32_iteration2
Print timers			 (-time=)=3
Print debug information		 (-a=)=3
threads 32

Loading graph
Graph loaded
Starting
Done

Writing timer output

Writing debug output
Done
Bootstrapping complete
SCC. build: 16:35:40, Jun  1 2019. Time: 18:24:43 [Apr  3 2019]
===============================================================
Input graph (directed)		 (-g=)=../graphs/Pokec.edges
Input number of trim levels	 (-t=)=1
Pivot selection			 (-p=)=2
Specify FW-BW variant		 (-m=)=1
Specify maximum workers		 (-w=)=32
Specify randwalk iterations	 (-rand=)=10
Specify trim cutoff point	 (-cutoff=)=0
Specify how often to trim	 (-steps=)=1
Print help section		 (-h=)=No
Print SCC output to file	 (-out=)=No
Name to append output file	 (-suffix=)=PivotMaxDeg_Col_C32_iteration3
Print timers			 (-time=)=3
Print debug information		 (-a=)=3
threads 32

Loading graph
Graph loaded
Starting
Done

Writing timer output

Writing debug output
Done
Bootstrapping complete
SCC. build: 16:35:40, Jun  1 2019. Time: 18:25:10 [Apr  3 2019]
===============================================================
Input graph (directed)		 (-g=)=../graphs/Pokec.edges
Input number of trim levels	 (-t=)=1
Pivot selection			 (-p=)=2
Specify FW-BW variant		 (-m=)=1
Specify maximum workers		 (-w=)=32
Specify randwalk iterations	 (-rand=)=10
Specify trim cutoff point	 (-cutoff=)=0
Specify how often to trim	 (-steps=)=1
Print help section		 (-h=)=No
Print SCC output to file	 (-out=)=No
Name to append output file	 (-suffix=)=PivotMaxDeg_Col_C32_iteration4
Print timers			 (-time=)=3
Print debug information		 (-a=)=3
threads 32

Loading graph
Graph loaded
Starting
Done

Writing timer output

Writing debug output
Done
Bootstrapping complete
SCC. build: 16:35:40, Jun  1 2019. Time: 18:25:39 [Apr  3 2019]
===============================================================
Input graph (directed)		 (-g=)=../graphs/Pokec.edges
Input number of trim levels	 (-t=)=1
Pivot selection			 (-p=)=2
Specify FW-BW variant		 (-m=)=1
Specify maximum workers		 (-w=)=32
Specify randwalk iterations	 (-rand=)=10
Specify trim cutoff point	 (-cutoff=)=0
Specify how often to trim	 (-steps=)=1
Print help section		 (-h=)=No
Print SCC output to file	 (-out=)=No
Name to append output file	 (-suffix=)=PivotMaxDeg_Col_C32_iteration5
Print timers			 (-time=)=3
Print debug information		 (-a=)=3
threads 32

Loading graph
Graph loaded
Starting
Done

Writing timer output

Writing debug output
Done
Bootstrapping complete
SCC. build: 16:35:40, Jun  1 2019. Time: 18:26:06 [Apr  3 2019]
===============================================================
Input graph (directed)		 (-g=)=../graphs/Pokec.edges
Input number of trim levels	 (-t=)=1
Pivot selection			 (-p=)=2
Specify FW-BW variant		 (-m=)=1
Specify maximum workers		 (-w=)=32
Specify randwalk iterations	 (-rand=)=10
Specify trim cutoff point	 (-cutoff=)=0
Specify how often to trim	 (-steps=)=1
Print help section		 (-h=)=No
Print SCC output to file	 (-out=)=No
Name to append output file	 (-suffix=)=PivotMaxDeg_Col_C32_iteration6
Print timers			 (-time=)=3
Print debug information		 (-a=)=3
threads 32

Loading graph
Graph loaded
Starting
Done

Writing timer output

Writing debug output
Done
Bootstrapping complete
SCC. build: 16:35:40, Jun  1 2019. Time: 18:26:34 [Apr  3 2019]
===============================================================
Input graph (directed)		 (-g=)=../graphs/Pokec.edges
Input number of trim levels	 (-t=)=1
Pivot selection			 (-p=)=2
Specify FW-BW variant		 (-m=)=1
Specify maximum workers		 (-w=)=32
Specify randwalk iterations	 (-rand=)=10
Specify trim cutoff point	 (-cutoff=)=0
Specify how often to trim	 (-steps=)=1
Print help section		 (-h=)=No
Print SCC output to file	 (-out=)=No
Name to append output file	 (-suffix=)=PivotMaxDeg_Col_C32_iteration7
Print timers			 (-time=)=3
Print debug information		 (-a=)=3
threads 32

Loading graph
Graph loaded
Starting
Done

Writing timer output

Writing debug output
Done
Bootstrapping complete
SCC. build: 16:35:40, Jun  1 2019. Time: 18:27:01 [Apr  3 2019]
===============================================================
Input graph (directed)		 (-g=)=../graphs/Pokec.edges
Input number of trim levels	 (-t=)=1
Pivot selection			 (-p=)=2
Specify FW-BW variant		 (-m=)=1
Specify maximum workers		 (-w=)=32
Specify randwalk iterations	 (-rand=)=10
Specify trim cutoff point	 (-cutoff=)=0
Specify how often to trim	 (-steps=)=1
Print help section		 (-h=)=No
Print SCC output to file	 (-out=)=No
Name to append output file	 (-suffix=)=PivotMaxDeg_Col_C32_iteration8
Print timers			 (-time=)=3
Print debug information		 (-a=)=3
threads 32

Loading graph
Graph loaded
Starting
Done

Writing timer output

Writing debug output
Done
Bootstrapping complete
SCC. build: 16:35:40, Jun  1 2019. Time: 18:27:25 [Apr  3 2019]
===============================================================
Input graph (directed)		 (-g=)=../graphs/Pokec.edges
Input number of trim levels	 (-t=)=1
Pivot selection			 (-p=)=2
Specify FW-BW variant		 (-m=)=1
Specify maximum workers		 (-w=)=32
Specify randwalk iterations	 (-rand=)=10
Specify trim cutoff point	 (-cutoff=)=0
Specify how often to trim	 (-steps=)=1
Print help section		 (-h=)=No
Print SCC output to file	 (-out=)=No
Name to append output file	 (-suffix=)=PivotMaxDeg_Col_C32_iteration9
Print timers			 (-time=)=3
Print debug information		 (-a=)=3
threads 32

Loading graph
Graph loaded
Starting
Done

Writing timer output

Writing debug output
Done
Bootstrapping complete
SCC. build: 16:35:40, Jun  1 2019. Time: 18:27:49 [Apr  3 2019]
===============================================================
Input graph (directed)		 (-g=)=../graphs/Pokec.edges
Input number of trim levels	 (-t=)=1
Pivot selection			 (-p=)=2
Specify FW-BW variant		 (-m=)=1
Specify maximum workers		 (-w=)=32
Specify randwalk iterations	 (-rand=)=10
Specify trim cutoff point	 (-cutoff=)=0
Specify how often to trim	 (-steps=)=1
Print help section		 (-h=)=No
Print SCC output to file	 (-out=)=No
Name to append output file	 (-suffix=)=PivotMaxDeg_Col_C32_iteration10
Print timers			 (-time=)=3
Print debug information		 (-a=)=3
threads 32

Loading graph
Graph loaded
Starting
Done

Writing timer output

Writing debug output
Done
