Bootstrapping complete
SCC. build: 20:18:54, May 31 2019. Time: 20:59:00 [Apr  3 2019]
===============================================================
Input graph (directed)		 (-g=)=../graphs/Slashdot.edges
Input number of trim levels	 (-t=)=0
Pivot selection			 (-p=)=3
Specify FW-BW variant		 (-m=)=1
Specify maximum workers		 (-w=)=1
Specify randwalk iterations	 (-rand=)=50
Specify trim cutoff point	 (-cutoff=)=0
Specify how often to trim	 (-steps=)=1
Print help section		 (-h=)=No
Print SCC output to file	 (-out=)=No
Name to append output file	 (-suffix=)=PivotRandWalk2_C1_iteration1
Print timers			 (-time=)=3
Print debug information		 (-a=)=3
threads 32
Loading graph
Graph loaded
Starting
Done

Writing timer output

Writing debug output
Done
Bootstrapping complete
SCC. build: 20:18:54, May 31 2019. Time: 20:59:01 [Apr  3 2019]
===============================================================
Input graph (directed)		 (-g=)=../graphs/Slashdot.edges
Input number of trim levels	 (-t=)=0
Pivot selection			 (-p=)=3
Specify FW-BW variant		 (-m=)=1
Specify maximum workers		 (-w=)=1
Specify randwalk iterations	 (-rand=)=50
Specify trim cutoff point	 (-cutoff=)=0
Specify how often to trim	 (-steps=)=1
Print help section		 (-h=)=No
Print SCC output to file	 (-out=)=No
Name to append output file	 (-suffix=)=PivotRandWalk2_C1_iteration2
Print timers			 (-time=)=3
Print debug information		 (-a=)=3
threads 32
Loading graph
Graph loaded
Starting
Done

Writing timer output

Writing debug output
Done
Bootstrapping complete
SCC. build: 20:18:54, May 31 2019. Time: 20:59:02 [Apr  3 2019]
===============================================================
Input graph (directed)		 (-g=)=../graphs/Slashdot.edges
Input number of trim levels	 (-t=)=0
Pivot selection			 (-p=)=3
Specify FW-BW variant		 (-m=)=1
Specify maximum workers		 (-w=)=1
Specify randwalk iterations	 (-rand=)=50
Specify trim cutoff point	 (-cutoff=)=0
Specify how often to trim	 (-steps=)=1
Print help section		 (-h=)=No
Print SCC output to file	 (-out=)=No
Name to append output file	 (-suffix=)=PivotRandWalk2_C1_iteration3
Print timers			 (-time=)=3
Print debug information		 (-a=)=3
threads 32
Loading graph
Graph loaded
Starting
Done

Writing timer output

Writing debug output
Done
Bootstrapping complete
SCC. build: 20:18:54, May 31 2019. Time: 20:59:03 [Apr  3 2019]
===============================================================
Input graph (directed)		 (-g=)=../graphs/Slashdot.edges
Input number of trim levels	 (-t=)=0
Pivot selection			 (-p=)=3
Specify FW-BW variant		 (-m=)=1
Specify maximum workers		 (-w=)=1
Specify randwalk iterations	 (-rand=)=50
Specify trim cutoff point	 (-cutoff=)=0
Specify how often to trim	 (-steps=)=1
Print help section		 (-h=)=No
Print SCC output to file	 (-out=)=No
Name to append output file	 (-suffix=)=PivotRandWalk2_C1_iteration4
Print timers			 (-time=)=3
Print debug information		 (-a=)=3
threads 32
Loading graph
Graph loaded
Starting
Done

Writing timer output

Writing debug output
Done
Bootstrapping complete
SCC. build: 20:18:54, May 31 2019. Time: 20:59:04 [Apr  3 2019]
===============================================================
Input graph (directed)		 (-g=)=../graphs/Slashdot.edges
Input number of trim levels	 (-t=)=0
Pivot selection			 (-p=)=3
Specify FW-BW variant		 (-m=)=1
Specify maximum workers		 (-w=)=1
Specify randwalk iterations	 (-rand=)=50
Specify trim cutoff point	 (-cutoff=)=0
Specify how often to trim	 (-steps=)=1
Print help section		 (-h=)=No
Print SCC output to file	 (-out=)=No
Name to append output file	 (-suffix=)=PivotRandWalk2_C1_iteration5
Print timers			 (-time=)=3
Print debug information		 (-a=)=3
threads 32
Loading graph
Graph loaded
Starting
Done

Writing timer output

Writing debug output
Done
Bootstrapping complete
SCC. build: 20:18:54, May 31 2019. Time: 20:59:06 [Apr  3 2019]
===============================================================
Input graph (directed)		 (-g=)=../graphs/Slashdot.edges
Input number of trim levels	 (-t=)=0
Pivot selection			 (-p=)=3
Specify FW-BW variant		 (-m=)=1
Specify maximum workers		 (-w=)=1
Specify randwalk iterations	 (-rand=)=50
Specify trim cutoff point	 (-cutoff=)=0
Specify how often to trim	 (-steps=)=1
Print help section		 (-h=)=No
Print SCC output to file	 (-out=)=No
Name to append output file	 (-suffix=)=PivotRandWalk2_C1_iteration6
Print timers			 (-time=)=3
Print debug information		 (-a=)=3
threads 32
Loading graph
Graph loaded
Starting
Done

Writing timer output

Writing debug output
Done
Bootstrapping complete
SCC. build: 20:18:54, May 31 2019. Time: 20:59:07 [Apr  3 2019]
===============================================================
Input graph (directed)		 (-g=)=../graphs/Slashdot.edges
Input number of trim levels	 (-t=)=0
Pivot selection			 (-p=)=3
Specify FW-BW variant		 (-m=)=1
Specify maximum workers		 (-w=)=1
Specify randwalk iterations	 (-rand=)=50
Specify trim cutoff point	 (-cutoff=)=0
Specify how often to trim	 (-steps=)=1
Print help section		 (-h=)=No
Print SCC output to file	 (-out=)=No
Name to append output file	 (-suffix=)=PivotRandWalk2_C1_iteration7
Print timers			 (-time=)=3
Print debug information		 (-a=)=3
threads 32
Loading graph
Graph loaded
Starting
Done

Writing timer output

Writing debug output
Done
Bootstrapping complete
SCC. build: 20:18:54, May 31 2019. Time: 20:59:08 [Apr  3 2019]
===============================================================
Input graph (directed)		 (-g=)=../graphs/Slashdot.edges
Input number of trim levels	 (-t=)=0
Pivot selection			 (-p=)=3
Specify FW-BW variant		 (-m=)=1
Specify maximum workers		 (-w=)=1
Specify randwalk iterations	 (-rand=)=50
Specify trim cutoff point	 (-cutoff=)=0
Specify how often to trim	 (-steps=)=1
Print help section		 (-h=)=No
Print SCC output to file	 (-out=)=No
Name to append output file	 (-suffix=)=PivotRandWalk2_C1_iteration8
Print timers			 (-time=)=3
Print debug information		 (-a=)=3
threads 32
Loading graph
Graph loaded
Starting
Done

Writing timer output

Writing debug output
Done
Bootstrapping complete
SCC. build: 20:18:54, May 31 2019. Time: 20:59:09 [Apr  3 2019]
===============================================================
Input graph (directed)		 (-g=)=../graphs/Slashdot.edges
Input number of trim levels	 (-t=)=0
Pivot selection			 (-p=)=3
Specify FW-BW variant		 (-m=)=1
Specify maximum workers		 (-w=)=1
Specify randwalk iterations	 (-rand=)=50
Specify trim cutoff point	 (-cutoff=)=0
Specify how often to trim	 (-steps=)=1
Print help section		 (-h=)=No
Print SCC output to file	 (-out=)=No
Name to append output file	 (-suffix=)=PivotRandWalk2_C1_iteration9
Print timers			 (-time=)=3
Print debug information		 (-a=)=3
threads 32
Loading graph
Graph loaded
Starting
Done

Writing timer output

Writing debug output
Done
Bootstrapping complete
SCC. build: 20:18:54, May 31 2019. Time: 20:59:11 [Apr  3 2019]
===============================================================
Input graph (directed)		 (-g=)=../graphs/Slashdot.edges
Input number of trim levels	 (-t=)=0
Pivot selection			 (-p=)=3
Specify FW-BW variant		 (-m=)=1
Specify maximum workers		 (-w=)=1
Specify randwalk iterations	 (-rand=)=50
Specify trim cutoff point	 (-cutoff=)=0
Specify how often to trim	 (-steps=)=1
Print help section		 (-h=)=No
Print SCC output to file	 (-out=)=No
Name to append output file	 (-suffix=)=PivotRandWalk2_C1_iteration10
Print timers			 (-time=)=3
Print debug information		 (-a=)=3
threads 32
Loading graph
Graph loaded
Starting
Done

Writing timer output

Writing debug output
Done
Bootstrapping complete
SCC. build: 20:18:54, May 31 2019. Time: 20:59:12 [Apr  3 2019]
===============================================================
Input graph (directed)		 (-g=)=../graphs/Slashdot.edges
Input number of trim levels	 (-t=)=0
Pivot selection			 (-p=)=3
Specify FW-BW variant		 (-m=)=1
Specify maximum workers		 (-w=)=2
Specify randwalk iterations	 (-rand=)=50
Specify trim cutoff point	 (-cutoff=)=0
Specify how often to trim	 (-steps=)=1
Print help section		 (-h=)=No
Print SCC output to file	 (-out=)=No
Name to append output file	 (-suffix=)=PivotRandWalk2_C2_iteration1
Print timers			 (-time=)=3
Print debug information		 (-a=)=3
threads 32
Loading graph
Graph loaded
Starting
Done

Writing timer output

Writing debug output
Done
Bootstrapping complete
SCC. build: 20:18:54, May 31 2019. Time: 20:59:12 [Apr  3 2019]
===============================================================
Input graph (directed)		 (-g=)=../graphs/Slashdot.edges
Input number of trim levels	 (-t=)=0
Pivot selection			 (-p=)=3
Specify FW-BW variant		 (-m=)=1
Specify maximum workers		 (-w=)=2
Specify randwalk iterations	 (-rand=)=50
Specify trim cutoff point	 (-cutoff=)=0
Specify how often to trim	 (-steps=)=1
Print help section		 (-h=)=No
Print SCC output to file	 (-out=)=No
Name to append output file	 (-suffix=)=PivotRandWalk2_C2_iteration2
Print timers			 (-time=)=3
Print debug information		 (-a=)=3
threads 32
Loading graph
Graph loaded
Starting
Done

Writing timer output

Writing debug output
Done
Bootstrapping complete
SCC. build: 20:18:54, May 31 2019. Time: 20:59:13 [Apr  3 2019]
===============================================================
Input graph (directed)		 (-g=)=../graphs/Slashdot.edges
Input number of trim levels	 (-t=)=0
Pivot selection			 (-p=)=3
Specify FW-BW variant		 (-m=)=1
Specify maximum workers		 (-w=)=2
Specify randwalk iterations	 (-rand=)=50
Specify trim cutoff point	 (-cutoff=)=0
Specify how often to trim	 (-steps=)=1
Print help section		 (-h=)=No
Print SCC output to file	 (-out=)=No
Name to append output file	 (-suffix=)=PivotRandWalk2_C2_iteration3
Print timers			 (-time=)=3
Print debug information		 (-a=)=3
threads 32
Loading graph
Graph loaded
Starting
Done

Writing timer output

Writing debug output
Done
Bootstrapping complete
SCC. build: 20:18:54, May 31 2019. Time: 20:59:14 [Apr  3 2019]
===============================================================
Input graph (directed)		 (-g=)=../graphs/Slashdot.edges
Input number of trim levels	 (-t=)=0
Pivot selection			 (-p=)=3
Specify FW-BW variant		 (-m=)=1
Specify maximum workers		 (-w=)=2
Specify randwalk iterations	 (-rand=)=50
Specify trim cutoff point	 (-cutoff=)=0
Specify how often to trim	 (-steps=)=1
Print help section		 (-h=)=No
Print SCC output to file	 (-out=)=No
Name to append output file	 (-suffix=)=PivotRandWalk2_C2_iteration4
Print timers			 (-time=)=3
Print debug information		 (-a=)=3
threads 32
Loading graph
Graph loaded
Starting
Done

Writing timer output

Writing debug output
Done
Bootstrapping complete
SCC. build: 20:18:54, May 31 2019. Time: 20:59:15 [Apr  3 2019]
===============================================================
Input graph (directed)		 (-g=)=../graphs/Slashdot.edges
Input number of trim levels	 (-t=)=0
Pivot selection			 (-p=)=3
Specify FW-BW variant		 (-m=)=1
Specify maximum workers		 (-w=)=2
Specify randwalk iterations	 (-rand=)=50
Specify trim cutoff point	 (-cutoff=)=0
Specify how often to trim	 (-steps=)=1
Print help section		 (-h=)=No
Print SCC output to file	 (-out=)=No
Name to append output file	 (-suffix=)=PivotRandWalk2_C2_iteration5
Print timers			 (-time=)=3
Print debug information		 (-a=)=3
threads 32
Loading graph
Graph loaded
Starting
Done

Writing timer output

Writing debug output
Done
Bootstrapping complete
SCC. build: 20:18:54, May 31 2019. Time: 20:59:16 [Apr  3 2019]
===============================================================
Input graph (directed)		 (-g=)=../graphs/Slashdot.edges
Input number of trim levels	 (-t=)=0
Pivot selection			 (-p=)=3
Specify FW-BW variant		 (-m=)=1
Specify maximum workers		 (-w=)=2
Specify randwalk iterations	 (-rand=)=50
Specify trim cutoff point	 (-cutoff=)=0
Specify how often to trim	 (-steps=)=1
Print help section		 (-h=)=No
Print SCC output to file	 (-out=)=No
Name to append output file	 (-suffix=)=PivotRandWalk2_C2_iteration6
Print timers			 (-time=)=3
Print debug information		 (-a=)=3
threads 32
Loading graph
Graph loaded
Starting
Done

Writing timer output

Writing debug output
Done
Bootstrapping complete
SCC. build: 20:18:54, May 31 2019. Time: 20:59:17 [Apr  3 2019]
===============================================================
Input graph (directed)		 (-g=)=../graphs/Slashdot.edges
Input number of trim levels	 (-t=)=0
Pivot selection			 (-p=)=3
Specify FW-BW variant		 (-m=)=1
Specify maximum workers		 (-w=)=2
Specify randwalk iterations	 (-rand=)=50
Specify trim cutoff point	 (-cutoff=)=0
Specify how often to trim	 (-steps=)=1
Print help section		 (-h=)=No
Print SCC output to file	 (-out=)=No
Name to append output file	 (-suffix=)=PivotRandWalk2_C2_iteration7
Print timers			 (-time=)=3
Print debug information		 (-a=)=3
threads 32
Loading graph
Graph loaded
Starting
Done

Writing timer output

Writing debug output
Done
Bootstrapping complete
SCC. build: 20:18:54, May 31 2019. Time: 20:59:18 [Apr  3 2019]
===============================================================
Input graph (directed)		 (-g=)=../graphs/Slashdot.edges
Input number of trim levels	 (-t=)=0
Pivot selection			 (-p=)=3
Specify FW-BW variant		 (-m=)=1
Specify maximum workers		 (-w=)=2
Specify randwalk iterations	 (-rand=)=50
Specify trim cutoff point	 (-cutoff=)=0
Specify how often to trim	 (-steps=)=1
Print help section		 (-h=)=No
Print SCC output to file	 (-out=)=No
Name to append output file	 (-suffix=)=PivotRandWalk2_C2_iteration8
Print timers			 (-time=)=3
Print debug information		 (-a=)=3
threads 32
Loading graph
Graph loaded
Starting
Done

Writing timer output

Writing debug output
Done
Bootstrapping complete
SCC. build: 20:18:54, May 31 2019. Time: 20:59:18 [Apr  3 2019]
===============================================================
Input graph (directed)		 (-g=)=../graphs/Slashdot.edges
Input number of trim levels	 (-t=)=0
Pivot selection			 (-p=)=3
Specify FW-BW variant		 (-m=)=1
Specify maximum workers		 (-w=)=2
Specify randwalk iterations	 (-rand=)=50
Specify trim cutoff point	 (-cutoff=)=0
Specify how often to trim	 (-steps=)=1
Print help section		 (-h=)=No
Print SCC output to file	 (-out=)=No
Name to append output file	 (-suffix=)=PivotRandWalk2_C2_iteration9
Print timers			 (-time=)=3
Print debug information		 (-a=)=3
threads 32
Loading graph
Graph loaded
Starting
Done

Writing timer output

Writing debug output
Done
Bootstrapping complete
SCC. build: 20:18:54, May 31 2019. Time: 20:59:19 [Apr  3 2019]
===============================================================
Input graph (directed)		 (-g=)=../graphs/Slashdot.edges
Input number of trim levels	 (-t=)=0
Pivot selection			 (-p=)=3
Specify FW-BW variant		 (-m=)=1
Specify maximum workers		 (-w=)=2
Specify randwalk iterations	 (-rand=)=50
Specify trim cutoff point	 (-cutoff=)=0
Specify how often to trim	 (-steps=)=1
Print help section		 (-h=)=No
Print SCC output to file	 (-out=)=No
Name to append output file	 (-suffix=)=PivotRandWalk2_C2_iteration10
Print timers			 (-time=)=3
Print debug information		 (-a=)=3
threads 32
Loading graph
Graph loaded
Starting
Done

Writing timer output

Writing debug output
Done
Bootstrapping complete
SCC. build: 20:18:54, May 31 2019. Time: 20:59:20 [Apr  3 2019]
===============================================================
Input graph (directed)		 (-g=)=../graphs/Slashdot.edges
Input number of trim levels	 (-t=)=0
Pivot selection			 (-p=)=3
Specify FW-BW variant		 (-m=)=1
Specify maximum workers		 (-w=)=4
Specify randwalk iterations	 (-rand=)=50
Specify trim cutoff point	 (-cutoff=)=0
Specify how often to trim	 (-steps=)=1
Print help section		 (-h=)=No
Print SCC output to file	 (-out=)=No
Name to append output file	 (-suffix=)=PivotRandWalk2_C4_iteration1
Print timers			 (-time=)=3
Print debug information		 (-a=)=3
threads 32
Loading graph
Graph loaded
Starting
Done

Writing timer output

Writing debug output
Done
Bootstrapping complete
SCC. build: 20:18:54, May 31 2019. Time: 20:59:21 [Apr  3 2019]
===============================================================
Input graph (directed)		 (-g=)=../graphs/Slashdot.edges
Input number of trim levels	 (-t=)=0
Pivot selection			 (-p=)=3
Specify FW-BW variant		 (-m=)=1
Specify maximum workers		 (-w=)=4
Specify randwalk iterations	 (-rand=)=50
Specify trim cutoff point	 (-cutoff=)=0
Specify how often to trim	 (-steps=)=1
Print help section		 (-h=)=No
Print SCC output to file	 (-out=)=No
Name to append output file	 (-suffix=)=PivotRandWalk2_C4_iteration2
Print timers			 (-time=)=3
Print debug information		 (-a=)=3
threads 32
Loading graph
Graph loaded
Starting
Done

Writing timer output

Writing debug output
Done
Bootstrapping complete
SCC. build: 20:18:54, May 31 2019. Time: 20:59:21 [Apr  3 2019]
===============================================================
Input graph (directed)		 (-g=)=../graphs/Slashdot.edges
Input number of trim levels	 (-t=)=0
Pivot selection			 (-p=)=3
Specify FW-BW variant		 (-m=)=1
Specify maximum workers		 (-w=)=4
Specify randwalk iterations	 (-rand=)=50
Specify trim cutoff point	 (-cutoff=)=0
Specify how often to trim	 (-steps=)=1
Print help section		 (-h=)=No
Print SCC output to file	 (-out=)=No
Name to append output file	 (-suffix=)=PivotRandWalk2_C4_iteration3
Print timers			 (-time=)=3
Print debug information		 (-a=)=3
threads 32
Loading graph
Graph loaded
Starting
Done

Writing timer output

Writing debug output
Done
Bootstrapping complete
SCC. build: 20:18:54, May 31 2019. Time: 20:59:22 [Apr  3 2019]
===============================================================
Input graph (directed)		 (-g=)=../graphs/Slashdot.edges
Input number of trim levels	 (-t=)=0
Pivot selection			 (-p=)=3
Specify FW-BW variant		 (-m=)=1
Specify maximum workers		 (-w=)=4
Specify randwalk iterations	 (-rand=)=50
Specify trim cutoff point	 (-cutoff=)=0
Specify how often to trim	 (-steps=)=1
Print help section		 (-h=)=No
Print SCC output to file	 (-out=)=No
Name to append output file	 (-suffix=)=PivotRandWalk2_C4_iteration4
Print timers			 (-time=)=3
Print debug information		 (-a=)=3
threads 32
Loading graph
Graph loaded
Starting
Done

Writing timer output

Writing debug output
Done
Bootstrapping complete
SCC. build: 20:18:54, May 31 2019. Time: 20:59:23 [Apr  3 2019]
===============================================================
Input graph (directed)		 (-g=)=../graphs/Slashdot.edges
Input number of trim levels	 (-t=)=0
Pivot selection			 (-p=)=3
Specify FW-BW variant		 (-m=)=1
Specify maximum workers		 (-w=)=4
Specify randwalk iterations	 (-rand=)=50
Specify trim cutoff point	 (-cutoff=)=0
Specify how often to trim	 (-steps=)=1
Print help section		 (-h=)=No
Print SCC output to file	 (-out=)=No
Name to append output file	 (-suffix=)=PivotRandWalk2_C4_iteration5
Print timers			 (-time=)=3
Print debug information		 (-a=)=3
threads 32
Loading graph
Graph loaded
Starting
Done

Writing timer output

Writing debug output
Done
Bootstrapping complete
SCC. build: 20:18:54, May 31 2019. Time: 20:59:23 [Apr  3 2019]
===============================================================
Input graph (directed)		 (-g=)=../graphs/Slashdot.edges
Input number of trim levels	 (-t=)=0
Pivot selection			 (-p=)=3
Specify FW-BW variant		 (-m=)=1
Specify maximum workers		 (-w=)=4
Specify randwalk iterations	 (-rand=)=50
Specify trim cutoff point	 (-cutoff=)=0
Specify how often to trim	 (-steps=)=1
Print help section		 (-h=)=No
Print SCC output to file	 (-out=)=No
Name to append output file	 (-suffix=)=PivotRandWalk2_C4_iteration6
Print timers			 (-time=)=3
Print debug information		 (-a=)=3
threads 32
Loading graph
Graph loaded
Starting
Done

Writing timer output

Writing debug output
Done
Bootstrapping complete
SCC. build: 20:18:54, May 31 2019. Time: 20:59:24 [Apr  3 2019]
===============================================================
Input graph (directed)		 (-g=)=../graphs/Slashdot.edges
Input number of trim levels	 (-t=)=0
Pivot selection			 (-p=)=3
Specify FW-BW variant		 (-m=)=1
Specify maximum workers		 (-w=)=4
Specify randwalk iterations	 (-rand=)=50
Specify trim cutoff point	 (-cutoff=)=0
Specify how often to trim	 (-steps=)=1
Print help section		 (-h=)=No
Print SCC output to file	 (-out=)=No
Name to append output file	 (-suffix=)=PivotRandWalk2_C4_iteration7
Print timers			 (-time=)=3
Print debug information		 (-a=)=3
threads 32
Loading graph
Graph loaded
Starting
Done

Writing timer output

Writing debug output
Done
Bootstrapping complete
SCC. build: 20:18:54, May 31 2019. Time: 20:59:25 [Apr  3 2019]
===============================================================
Input graph (directed)		 (-g=)=../graphs/Slashdot.edges
Input number of trim levels	 (-t=)=0
Pivot selection			 (-p=)=3
Specify FW-BW variant		 (-m=)=1
Specify maximum workers		 (-w=)=4
Specify randwalk iterations	 (-rand=)=50
Specify trim cutoff point	 (-cutoff=)=0
Specify how often to trim	 (-steps=)=1
Print help section		 (-h=)=No
Print SCC output to file	 (-out=)=No
Name to append output file	 (-suffix=)=PivotRandWalk2_C4_iteration8
Print timers			 (-time=)=3
Print debug information		 (-a=)=3
threads 32
Loading graph
Graph loaded
Starting
Done

Writing timer output

Writing debug output
Done
Bootstrapping complete
SCC. build: 20:18:54, May 31 2019. Time: 20:59:25 [Apr  3 2019]
===============================================================
Input graph (directed)		 (-g=)=../graphs/Slashdot.edges
Input number of trim levels	 (-t=)=0
Pivot selection			 (-p=)=3
Specify FW-BW variant		 (-m=)=1
Specify maximum workers		 (-w=)=4
Specify randwalk iterations	 (-rand=)=50
Specify trim cutoff point	 (-cutoff=)=0
Specify how often to trim	 (-steps=)=1
Print help section		 (-h=)=No
Print SCC output to file	 (-out=)=No
Name to append output file	 (-suffix=)=PivotRandWalk2_C4_iteration9
Print timers			 (-time=)=3
Print debug information		 (-a=)=3
threads 32
Loading graph
Graph loaded
Starting
Done

Writing timer output

Writing debug output
Done
Bootstrapping complete
SCC. build: 20:18:54, May 31 2019. Time: 20:59:26 [Apr  3 2019]
===============================================================
Input graph (directed)		 (-g=)=../graphs/Slashdot.edges
Input number of trim levels	 (-t=)=0
Pivot selection			 (-p=)=3
Specify FW-BW variant		 (-m=)=1
Specify maximum workers		 (-w=)=4
Specify randwalk iterations	 (-rand=)=50
Specify trim cutoff point	 (-cutoff=)=0
Specify how often to trim	 (-steps=)=1
Print help section		 (-h=)=No
Print SCC output to file	 (-out=)=No
Name to append output file	 (-suffix=)=PivotRandWalk2_C4_iteration10
Print timers			 (-time=)=3
Print debug information		 (-a=)=3
threads 32
Loading graph
Graph loaded
Starting
Done

Writing timer output

Writing debug output
Done
Bootstrapping complete
SCC. build: 20:18:54, May 31 2019. Time: 20:59:27 [Apr  3 2019]
===============================================================
Input graph (directed)		 (-g=)=../graphs/Slashdot.edges
Input number of trim levels	 (-t=)=0
Pivot selection			 (-p=)=3
Specify FW-BW variant		 (-m=)=1
Specify maximum workers		 (-w=)=8
Specify randwalk iterations	 (-rand=)=50
Specify trim cutoff point	 (-cutoff=)=0
Specify how often to trim	 (-steps=)=1
Print help section		 (-h=)=No
Print SCC output to file	 (-out=)=No
Name to append output file	 (-suffix=)=PivotRandWalk2_C8_iteration1
Print timers			 (-time=)=3
Print debug information		 (-a=)=3
threads 32
Loading graph
Graph loaded
Starting
Done

Writing timer output

Writing debug output
Done
Bootstrapping complete
SCC. build: 20:18:54, May 31 2019. Time: 20:59:27 [Apr  3 2019]
===============================================================
Input graph (directed)		 (-g=)=../graphs/Slashdot.edges
Input number of trim levels	 (-t=)=0
Pivot selection			 (-p=)=3
Specify FW-BW variant		 (-m=)=1
Specify maximum workers		 (-w=)=8
Specify randwalk iterations	 (-rand=)=50
Specify trim cutoff point	 (-cutoff=)=0
Specify how often to trim	 (-steps=)=1
Print help section		 (-h=)=No
Print SCC output to file	 (-out=)=No
Name to append output file	 (-suffix=)=PivotRandWalk2_C8_iteration2
Print timers			 (-time=)=3
Print debug information		 (-a=)=3
threads 32
Loading graph
Graph loaded
Starting
Done

Writing timer output

Writing debug output
Done
Bootstrapping complete
SCC. build: 20:18:54, May 31 2019. Time: 20:59:28 [Apr  3 2019]
===============================================================
Input graph (directed)		 (-g=)=../graphs/Slashdot.edges
Input number of trim levels	 (-t=)=0
Pivot selection			 (-p=)=3
Specify FW-BW variant		 (-m=)=1
Specify maximum workers		 (-w=)=8
Specify randwalk iterations	 (-rand=)=50
Specify trim cutoff point	 (-cutoff=)=0
Specify how often to trim	 (-steps=)=1
Print help section		 (-h=)=No
Print SCC output to file	 (-out=)=No
Name to append output file	 (-suffix=)=PivotRandWalk2_C8_iteration3
Print timers			 (-time=)=3
Print debug information		 (-a=)=3
threads 32
Loading graph
Graph loaded
Starting
Done

Writing timer output

Writing debug output
Done
Bootstrapping complete
SCC. build: 20:18:54, May 31 2019. Time: 20:59:29 [Apr  3 2019]
===============================================================
Input graph (directed)		 (-g=)=../graphs/Slashdot.edges
Input number of trim levels	 (-t=)=0
Pivot selection			 (-p=)=3
Specify FW-BW variant		 (-m=)=1
Specify maximum workers		 (-w=)=8
Specify randwalk iterations	 (-rand=)=50
Specify trim cutoff point	 (-cutoff=)=0
Specify how often to trim	 (-steps=)=1
Print help section		 (-h=)=No
Print SCC output to file	 (-out=)=No
Name to append output file	 (-suffix=)=PivotRandWalk2_C8_iteration4
Print timers			 (-time=)=3
Print debug information		 (-a=)=3
threads 32
Loading graph
Graph loaded
Starting
Done

Writing timer output

Writing debug output
Done
Bootstrapping complete
SCC. build: 20:18:54, May 31 2019. Time: 20:59:29 [Apr  3 2019]
===============================================================
Input graph (directed)		 (-g=)=../graphs/Slashdot.edges
Input number of trim levels	 (-t=)=0
Pivot selection			 (-p=)=3
Specify FW-BW variant		 (-m=)=1
Specify maximum workers		 (-w=)=8
Specify randwalk iterations	 (-rand=)=50
Specify trim cutoff point	 (-cutoff=)=0
Specify how often to trim	 (-steps=)=1
Print help section		 (-h=)=No
Print SCC output to file	 (-out=)=No
Name to append output file	 (-suffix=)=PivotRandWalk2_C8_iteration5
Print timers			 (-time=)=3
Print debug information		 (-a=)=3
threads 32
Loading graph
Graph loaded
Starting
Done

Writing timer output

Writing debug output
Done
Bootstrapping complete
SCC. build: 20:18:54, May 31 2019. Time: 20:59:30 [Apr  3 2019]
===============================================================
Input graph (directed)		 (-g=)=../graphs/Slashdot.edges
Input number of trim levels	 (-t=)=0
Pivot selection			 (-p=)=3
Specify FW-BW variant		 (-m=)=1
Specify maximum workers		 (-w=)=8
Specify randwalk iterations	 (-rand=)=50
Specify trim cutoff point	 (-cutoff=)=0
Specify how often to trim	 (-steps=)=1
Print help section		 (-h=)=No
Print SCC output to file	 (-out=)=No
Name to append output file	 (-suffix=)=PivotRandWalk2_C8_iteration6
Print timers			 (-time=)=3
Print debug information		 (-a=)=3
threads 32
Loading graph
Graph loaded
Starting
Done

Writing timer output

Writing debug output
Done
Bootstrapping complete
SCC. build: 20:18:54, May 31 2019. Time: 20:59:30 [Apr  3 2019]
===============================================================
Input graph (directed)		 (-g=)=../graphs/Slashdot.edges
Input number of trim levels	 (-t=)=0
Pivot selection			 (-p=)=3
Specify FW-BW variant		 (-m=)=1
Specify maximum workers		 (-w=)=8
Specify randwalk iterations	 (-rand=)=50
Specify trim cutoff point	 (-cutoff=)=0
Specify how often to trim	 (-steps=)=1
Print help section		 (-h=)=No
Print SCC output to file	 (-out=)=No
Name to append output file	 (-suffix=)=PivotRandWalk2_C8_iteration7
Print timers			 (-time=)=3
Print debug information		 (-a=)=3
threads 32
Loading graph
Graph loaded
Starting
Done

Writing timer output

Writing debug output
Done
Bootstrapping complete
SCC. build: 20:18:54, May 31 2019. Time: 20:59:31 [Apr  3 2019]
===============================================================
Input graph (directed)		 (-g=)=../graphs/Slashdot.edges
Input number of trim levels	 (-t=)=0
Pivot selection			 (-p=)=3
Specify FW-BW variant		 (-m=)=1
Specify maximum workers		 (-w=)=8
Specify randwalk iterations	 (-rand=)=50
Specify trim cutoff point	 (-cutoff=)=0
Specify how often to trim	 (-steps=)=1
Print help section		 (-h=)=No
Print SCC output to file	 (-out=)=No
Name to append output file	 (-suffix=)=PivotRandWalk2_C8_iteration8
Print timers			 (-time=)=3
Print debug information		 (-a=)=3
threads 32
Loading graph
Graph loaded
Starting
Done

Writing timer output

Writing debug output
Done
Bootstrapping complete
SCC. build: 20:18:54, May 31 2019. Time: 20:59:32 [Apr  3 2019]
===============================================================
Input graph (directed)		 (-g=)=../graphs/Slashdot.edges
Input number of trim levels	 (-t=)=0
Pivot selection			 (-p=)=3
Specify FW-BW variant		 (-m=)=1
Specify maximum workers		 (-w=)=8
Specify randwalk iterations	 (-rand=)=50
Specify trim cutoff point	 (-cutoff=)=0
Specify how often to trim	 (-steps=)=1
Print help section		 (-h=)=No
Print SCC output to file	 (-out=)=No
Name to append output file	 (-suffix=)=PivotRandWalk2_C8_iteration9
Print timers			 (-time=)=3
Print debug information		 (-a=)=3
threads 32
Loading graph
Graph loaded
Starting
Done

Writing timer output

Writing debug output
Done
Bootstrapping complete
SCC. build: 20:18:54, May 31 2019. Time: 20:59:32 [Apr  3 2019]
===============================================================
Input graph (directed)		 (-g=)=../graphs/Slashdot.edges
Input number of trim levels	 (-t=)=0
Pivot selection			 (-p=)=3
Specify FW-BW variant		 (-m=)=1
Specify maximum workers		 (-w=)=8
Specify randwalk iterations	 (-rand=)=50
Specify trim cutoff point	 (-cutoff=)=0
Specify how often to trim	 (-steps=)=1
Print help section		 (-h=)=No
Print SCC output to file	 (-out=)=No
Name to append output file	 (-suffix=)=PivotRandWalk2_C8_iteration10
Print timers			 (-time=)=3
Print debug information		 (-a=)=3
threads 32
Loading graph
Graph loaded
Starting
Done

Writing timer output

Writing debug output
Done
Bootstrapping complete
SCC. build: 20:18:54, May 31 2019. Time: 20:59:33 [Apr  3 2019]
===============================================================
Input graph (directed)		 (-g=)=../graphs/Slashdot.edges
Input number of trim levels	 (-t=)=0
Pivot selection			 (-p=)=3
Specify FW-BW variant		 (-m=)=1
Specify maximum workers		 (-w=)=16
Specify randwalk iterations	 (-rand=)=50
Specify trim cutoff point	 (-cutoff=)=0
Specify how often to trim	 (-steps=)=1
Print help section		 (-h=)=No
Print SCC output to file	 (-out=)=No
Name to append output file	 (-suffix=)=PivotRandWalk2_C16_iteration1
Print timers			 (-time=)=3
Print debug information		 (-a=)=3
threads 32
Loading graph
Graph loaded
Starting
Done

Writing timer output

Writing debug output
Done
Bootstrapping complete
SCC. build: 20:18:54, May 31 2019. Time: 20:59:34 [Apr  3 2019]
===============================================================
Input graph (directed)		 (-g=)=../graphs/Slashdot.edges
Input number of trim levels	 (-t=)=0
Pivot selection			 (-p=)=3
Specify FW-BW variant		 (-m=)=1
Specify maximum workers		 (-w=)=16
Specify randwalk iterations	 (-rand=)=50
Specify trim cutoff point	 (-cutoff=)=0
Specify how often to trim	 (-steps=)=1
Print help section		 (-h=)=No
Print SCC output to file	 (-out=)=No
Name to append output file	 (-suffix=)=PivotRandWalk2_C16_iteration2
Print timers			 (-time=)=3
Print debug information		 (-a=)=3
threads 32
Loading graph
Graph loaded
Starting
Done

Writing timer output

Writing debug output
Done
Bootstrapping complete
SCC. build: 20:18:54, May 31 2019. Time: 20:59:34 [Apr  3 2019]
===============================================================
Input graph (directed)		 (-g=)=../graphs/Slashdot.edges
Input number of trim levels	 (-t=)=0
Pivot selection			 (-p=)=3
Specify FW-BW variant		 (-m=)=1
Specify maximum workers		 (-w=)=16
Specify randwalk iterations	 (-rand=)=50
Specify trim cutoff point	 (-cutoff=)=0
Specify how often to trim	 (-steps=)=1
Print help section		 (-h=)=No
Print SCC output to file	 (-out=)=No
Name to append output file	 (-suffix=)=PivotRandWalk2_C16_iteration3
Print timers			 (-time=)=3
Print debug information		 (-a=)=3
threads 32
Loading graph
Graph loaded
Starting
Done

Writing timer output

Writing debug output
Done
Bootstrapping complete
SCC. build: 20:18:54, May 31 2019. Time: 20:59:35 [Apr  3 2019]
===============================================================
Input graph (directed)		 (-g=)=../graphs/Slashdot.edges
Input number of trim levels	 (-t=)=0
Pivot selection			 (-p=)=3
Specify FW-BW variant		 (-m=)=1
Specify maximum workers		 (-w=)=16
Specify randwalk iterations	 (-rand=)=50
Specify trim cutoff point	 (-cutoff=)=0
Specify how often to trim	 (-steps=)=1
Print help section		 (-h=)=No
Print SCC output to file	 (-out=)=No
Name to append output file	 (-suffix=)=PivotRandWalk2_C16_iteration4
Print timers			 (-time=)=3
Print debug information		 (-a=)=3
threads 32
Loading graph
Graph loaded
Starting
Done

Writing timer output

Writing debug output
Done
Bootstrapping complete
SCC. build: 20:18:54, May 31 2019. Time: 20:59:35 [Apr  3 2019]
===============================================================
Input graph (directed)		 (-g=)=../graphs/Slashdot.edges
Input number of trim levels	 (-t=)=0
Pivot selection			 (-p=)=3
Specify FW-BW variant		 (-m=)=1
Specify maximum workers		 (-w=)=16
Specify randwalk iterations	 (-rand=)=50
Specify trim cutoff point	 (-cutoff=)=0
Specify how often to trim	 (-steps=)=1
Print help section		 (-h=)=No
Print SCC output to file	 (-out=)=No
Name to append output file	 (-suffix=)=PivotRandWalk2_C16_iteration5
Print timers			 (-time=)=3
Print debug information		 (-a=)=3
threads 32
Loading graph
Graph loaded
Starting
Done

Writing timer output

Writing debug output
Done
Bootstrapping complete
SCC. build: 20:18:54, May 31 2019. Time: 20:59:36 [Apr  3 2019]
===============================================================
Input graph (directed)		 (-g=)=../graphs/Slashdot.edges
Input number of trim levels	 (-t=)=0
Pivot selection			 (-p=)=3
Specify FW-BW variant		 (-m=)=1
Specify maximum workers		 (-w=)=16
Specify randwalk iterations	 (-rand=)=50
Specify trim cutoff point	 (-cutoff=)=0
Specify how often to trim	 (-steps=)=1
Print help section		 (-h=)=No
Print SCC output to file	 (-out=)=No
Name to append output file	 (-suffix=)=PivotRandWalk2_C16_iteration6
Print timers			 (-time=)=3
Print debug information		 (-a=)=3
threads 32
Loading graph
Graph loaded
Starting
Done

Writing timer output

Writing debug output
Done
Bootstrapping complete
SCC. build: 20:18:54, May 31 2019. Time: 20:59:37 [Apr  3 2019]
===============================================================
Input graph (directed)		 (-g=)=../graphs/Slashdot.edges
Input number of trim levels	 (-t=)=0
Pivot selection			 (-p=)=3
Specify FW-BW variant		 (-m=)=1
Specify maximum workers		 (-w=)=16
Specify randwalk iterations	 (-rand=)=50
Specify trim cutoff point	 (-cutoff=)=0
Specify how often to trim	 (-steps=)=1
Print help section		 (-h=)=No
Print SCC output to file	 (-out=)=No
Name to append output file	 (-suffix=)=PivotRandWalk2_C16_iteration7
Print timers			 (-time=)=3
Print debug information		 (-a=)=3
threads 32
Loading graph
Graph loaded
Starting
Done

Writing timer output

Writing debug output
Done
Bootstrapping complete
SCC. build: 20:18:54, May 31 2019. Time: 20:59:37 [Apr  3 2019]
===============================================================
Input graph (directed)		 (-g=)=../graphs/Slashdot.edges
Input number of trim levels	 (-t=)=0
Pivot selection			 (-p=)=3
Specify FW-BW variant		 (-m=)=1
Specify maximum workers		 (-w=)=16
Specify randwalk iterations	 (-rand=)=50
Specify trim cutoff point	 (-cutoff=)=0
Specify how often to trim	 (-steps=)=1
Print help section		 (-h=)=No
Print SCC output to file	 (-out=)=No
Name to append output file	 (-suffix=)=PivotRandWalk2_C16_iteration8
Print timers			 (-time=)=3
Print debug information		 (-a=)=3
threads 32
Loading graph
Graph loaded
Starting
Done

Writing timer output

Writing debug output
Done
Bootstrapping complete
SCC. build: 20:18:54, May 31 2019. Time: 20:59:38 [Apr  3 2019]
===============================================================
Input graph (directed)		 (-g=)=../graphs/Slashdot.edges
Input number of trim levels	 (-t=)=0
Pivot selection			 (-p=)=3
Specify FW-BW variant		 (-m=)=1
Specify maximum workers		 (-w=)=16
Specify randwalk iterations	 (-rand=)=50
Specify trim cutoff point	 (-cutoff=)=0
Specify how often to trim	 (-steps=)=1
Print help section		 (-h=)=No
Print SCC output to file	 (-out=)=No
Name to append output file	 (-suffix=)=PivotRandWalk2_C16_iteration9
Print timers			 (-time=)=3
Print debug information		 (-a=)=3
threads 32
Loading graph
Graph loaded
Starting
Done

Writing timer output

Writing debug output
Done
Bootstrapping complete
SCC. build: 20:18:54, May 31 2019. Time: 20:59:38 [Apr  3 2019]
===============================================================
Input graph (directed)		 (-g=)=../graphs/Slashdot.edges
Input number of trim levels	 (-t=)=0
Pivot selection			 (-p=)=3
Specify FW-BW variant		 (-m=)=1
Specify maximum workers		 (-w=)=16
Specify randwalk iterations	 (-rand=)=50
Specify trim cutoff point	 (-cutoff=)=0
Specify how often to trim	 (-steps=)=1
Print help section		 (-h=)=No
Print SCC output to file	 (-out=)=No
Name to append output file	 (-suffix=)=PivotRandWalk2_C16_iteration10
Print timers			 (-time=)=3
Print debug information		 (-a=)=3
threads 32
Loading graph
Graph loaded
Starting
Done

Writing timer output

Writing debug output
Done
Bootstrapping complete
SCC. build: 20:18:54, May 31 2019. Time: 20:59:39 [Apr  3 2019]
===============================================================
Input graph (directed)		 (-g=)=../graphs/Slashdot.edges
Input number of trim levels	 (-t=)=0
Pivot selection			 (-p=)=3
Specify FW-BW variant		 (-m=)=1
Specify maximum workers		 (-w=)=24
Specify randwalk iterations	 (-rand=)=50
Specify trim cutoff point	 (-cutoff=)=0
Specify how often to trim	 (-steps=)=1
Print help section		 (-h=)=No
Print SCC output to file	 (-out=)=No
Name to append output file	 (-suffix=)=PivotRandWalk2_C24_iteration1
Print timers			 (-time=)=3
Print debug information		 (-a=)=3
threads 32
Loading graph
Graph loaded
Starting
Done

Writing timer output

Writing debug output
Done
Bootstrapping complete
SCC. build: 20:18:54, May 31 2019. Time: 20:59:40 [Apr  3 2019]
===============================================================
Input graph (directed)		 (-g=)=../graphs/Slashdot.edges
Input number of trim levels	 (-t=)=0
Pivot selection			 (-p=)=3
Specify FW-BW variant		 (-m=)=1
Specify maximum workers		 (-w=)=24
Specify randwalk iterations	 (-rand=)=50
Specify trim cutoff point	 (-cutoff=)=0
Specify how often to trim	 (-steps=)=1
Print help section		 (-h=)=No
Print SCC output to file	 (-out=)=No
Name to append output file	 (-suffix=)=PivotRandWalk2_C24_iteration2
Print timers			 (-time=)=3
Print debug information		 (-a=)=3
threads 32
Loading graph
Graph loaded
Starting
Done

Writing timer output

Writing debug output
Done
Bootstrapping complete
SCC. build: 20:18:54, May 31 2019. Time: 20:59:41 [Apr  3 2019]
===============================================================
Input graph (directed)		 (-g=)=../graphs/Slashdot.edges
Input number of trim levels	 (-t=)=0
Pivot selection			 (-p=)=3
Specify FW-BW variant		 (-m=)=1
Specify maximum workers		 (-w=)=24
Specify randwalk iterations	 (-rand=)=50
Specify trim cutoff point	 (-cutoff=)=0
Specify how often to trim	 (-steps=)=1
Print help section		 (-h=)=No
Print SCC output to file	 (-out=)=No
Name to append output file	 (-suffix=)=PivotRandWalk2_C24_iteration3
Print timers			 (-time=)=3
Print debug information		 (-a=)=3
threads 32
Loading graph
Graph loaded
Starting
Done

Writing timer output

Writing debug output
Done
Bootstrapping complete
SCC. build: 20:18:54, May 31 2019. Time: 20:59:41 [Apr  3 2019]
===============================================================
Input graph (directed)		 (-g=)=../graphs/Slashdot.edges
Input number of trim levels	 (-t=)=0
Pivot selection			 (-p=)=3
Specify FW-BW variant		 (-m=)=1
Specify maximum workers		 (-w=)=24
Specify randwalk iterations	 (-rand=)=50
Specify trim cutoff point	 (-cutoff=)=0
Specify how often to trim	 (-steps=)=1
Print help section		 (-h=)=No
Print SCC output to file	 (-out=)=No
Name to append output file	 (-suffix=)=PivotRandWalk2_C24_iteration4
Print timers			 (-time=)=3
Print debug information		 (-a=)=3
threads 32
Loading graph
Graph loaded
Starting
Done

Writing timer output

Writing debug output
Done
Bootstrapping complete
SCC. build: 20:18:54, May 31 2019. Time: 20:59:44 [Apr  3 2019]
===============================================================
Input graph (directed)		 (-g=)=../graphs/Slashdot.edges
Input number of trim levels	 (-t=)=0
Pivot selection			 (-p=)=3
Specify FW-BW variant		 (-m=)=1
Specify maximum workers		 (-w=)=24
Specify randwalk iterations	 (-rand=)=50
Specify trim cutoff point	 (-cutoff=)=0
Specify how often to trim	 (-steps=)=1
Print help section		 (-h=)=No
Print SCC output to file	 (-out=)=No
Name to append output file	 (-suffix=)=PivotRandWalk2_C24_iteration5
Print timers			 (-time=)=3
Print debug information		 (-a=)=3
threads 32
Loading graph
Graph loaded
Starting
Done

Writing timer output

Writing debug output
Done
Bootstrapping complete
SCC. build: 20:18:54, May 31 2019. Time: 20:59:44 [Apr  3 2019]
===============================================================
Input graph (directed)		 (-g=)=../graphs/Slashdot.edges
Input number of trim levels	 (-t=)=0
Pivot selection			 (-p=)=3
Specify FW-BW variant		 (-m=)=1
Specify maximum workers		 (-w=)=24
Specify randwalk iterations	 (-rand=)=50
Specify trim cutoff point	 (-cutoff=)=0
Specify how often to trim	 (-steps=)=1
Print help section		 (-h=)=No
Print SCC output to file	 (-out=)=No
Name to append output file	 (-suffix=)=PivotRandWalk2_C24_iteration6
Print timers			 (-time=)=3
Print debug information		 (-a=)=3
threads 32
Loading graph
Graph loaded
Starting
Done

Writing timer output

Writing debug output
Done
Bootstrapping complete
SCC. build: 20:18:54, May 31 2019. Time: 20:59:45 [Apr  3 2019]
===============================================================
Input graph (directed)		 (-g=)=../graphs/Slashdot.edges
Input number of trim levels	 (-t=)=0
Pivot selection			 (-p=)=3
Specify FW-BW variant		 (-m=)=1
Specify maximum workers		 (-w=)=24
Specify randwalk iterations	 (-rand=)=50
Specify trim cutoff point	 (-cutoff=)=0
Specify how often to trim	 (-steps=)=1
Print help section		 (-h=)=No
Print SCC output to file	 (-out=)=No
Name to append output file	 (-suffix=)=PivotRandWalk2_C24_iteration7
Print timers			 (-time=)=3
Print debug information		 (-a=)=3
threads 32
Loading graph
Graph loaded
Starting
Done

Writing timer output

Writing debug output
Done
Bootstrapping complete
SCC. build: 20:18:54, May 31 2019. Time: 20:59:46 [Apr  3 2019]
===============================================================
Input graph (directed)		 (-g=)=../graphs/Slashdot.edges
Input number of trim levels	 (-t=)=0
Pivot selection			 (-p=)=3
Specify FW-BW variant		 (-m=)=1
Specify maximum workers		 (-w=)=24
Specify randwalk iterations	 (-rand=)=50
Specify trim cutoff point	 (-cutoff=)=0
Specify how often to trim	 (-steps=)=1
Print help section		 (-h=)=No
Print SCC output to file	 (-out=)=No
Name to append output file	 (-suffix=)=PivotRandWalk2_C24_iteration8
Print timers			 (-time=)=3
Print debug information		 (-a=)=3
threads 32
Loading graph
Graph loaded
Starting
Done

Writing timer output

Writing debug output
Done
Bootstrapping complete
SCC. build: 20:18:54, May 31 2019. Time: 20:59:47 [Apr  3 2019]
===============================================================
Input graph (directed)		 (-g=)=../graphs/Slashdot.edges
Input number of trim levels	 (-t=)=0
Pivot selection			 (-p=)=3
Specify FW-BW variant		 (-m=)=1
Specify maximum workers		 (-w=)=24
Specify randwalk iterations	 (-rand=)=50
Specify trim cutoff point	 (-cutoff=)=0
Specify how often to trim	 (-steps=)=1
Print help section		 (-h=)=No
Print SCC output to file	 (-out=)=No
Name to append output file	 (-suffix=)=PivotRandWalk2_C24_iteration9
Print timers			 (-time=)=3
Print debug information		 (-a=)=3
threads 32
Loading graph
Graph loaded
Starting
Done

Writing timer output

Writing debug output
Done
Bootstrapping complete
SCC. build: 20:18:54, May 31 2019. Time: 20:59:47 [Apr  3 2019]
===============================================================
Input graph (directed)		 (-g=)=../graphs/Slashdot.edges
Input number of trim levels	 (-t=)=0
Pivot selection			 (-p=)=3
Specify FW-BW variant		 (-m=)=1
Specify maximum workers		 (-w=)=24
Specify randwalk iterations	 (-rand=)=50
Specify trim cutoff point	 (-cutoff=)=0
Specify how often to trim	 (-steps=)=1
Print help section		 (-h=)=No
Print SCC output to file	 (-out=)=No
Name to append output file	 (-suffix=)=PivotRandWalk2_C24_iteration10
Print timers			 (-time=)=3
Print debug information		 (-a=)=3
threads 32
Loading graph
Graph loaded
Starting
Done

Writing timer output

Writing debug output
Done
Bootstrapping complete
SCC. build: 20:18:54, May 31 2019. Time: 20:59:48 [Apr  3 2019]
===============================================================
Input graph (directed)		 (-g=)=../graphs/Slashdot.edges
Input number of trim levels	 (-t=)=0
Pivot selection			 (-p=)=3
Specify FW-BW variant		 (-m=)=1
Specify maximum workers		 (-w=)=32
Specify randwalk iterations	 (-rand=)=50
Specify trim cutoff point	 (-cutoff=)=0
Specify how often to trim	 (-steps=)=1
Print help section		 (-h=)=No
Print SCC output to file	 (-out=)=No
Name to append output file	 (-suffix=)=PivotRandWalk2_C32_iteration1
Print timers			 (-time=)=3
Print debug information		 (-a=)=3
threads 32
Loading graph
Graph loaded
Starting
Done

Writing timer output

Writing debug output
Done
Bootstrapping complete
SCC. build: 20:18:54, May 31 2019. Time: 21:00:54 [Apr  3 2019]
===============================================================
Input graph (directed)		 (-g=)=../graphs/Slashdot.edges
Input number of trim levels	 (-t=)=0
Pivot selection			 (-p=)=3
Specify FW-BW variant		 (-m=)=1
Specify maximum workers		 (-w=)=32
Specify randwalk iterations	 (-rand=)=50
Specify trim cutoff point	 (-cutoff=)=0
Specify how often to trim	 (-steps=)=1
Print help section		 (-h=)=No
Print SCC output to file	 (-out=)=No
Name to append output file	 (-suffix=)=PivotRandWalk2_C32_iteration2
Print timers			 (-time=)=3
Print debug information		 (-a=)=3
threads 32
Loading graph
Graph loaded
Starting
Done

Writing timer output

Writing debug output
Done
Bootstrapping complete
SCC. build: 20:18:54, May 31 2019. Time: 21:01:33 [Apr  3 2019]
===============================================================
Input graph (directed)		 (-g=)=../graphs/Slashdot.edges
Input number of trim levels	 (-t=)=0
Pivot selection			 (-p=)=3
Specify FW-BW variant		 (-m=)=1
Specify maximum workers		 (-w=)=32
Specify randwalk iterations	 (-rand=)=50
Specify trim cutoff point	 (-cutoff=)=0
Specify how often to trim	 (-steps=)=1
Print help section		 (-h=)=No
Print SCC output to file	 (-out=)=No
Name to append output file	 (-suffix=)=PivotRandWalk2_C32_iteration3
Print timers			 (-time=)=3
Print debug information		 (-a=)=3
threads 32
Loading graph
Graph loaded
Starting
Done

Writing timer output

Writing debug output
Done
Bootstrapping complete
SCC. build: 20:18:54, May 31 2019. Time: 21:02:22 [Apr  3 2019]
===============================================================
Input graph (directed)		 (-g=)=../graphs/Slashdot.edges
Input number of trim levels	 (-t=)=0
Pivot selection			 (-p=)=3
Specify FW-BW variant		 (-m=)=1
Specify maximum workers		 (-w=)=32
Specify randwalk iterations	 (-rand=)=50
Specify trim cutoff point	 (-cutoff=)=0
Specify how often to trim	 (-steps=)=1
Print help section		 (-h=)=No
Print SCC output to file	 (-out=)=No
Name to append output file	 (-suffix=)=PivotRandWalk2_C32_iteration4
Print timers			 (-time=)=3
Print debug information		 (-a=)=3
threads 32
Loading graph
Graph loaded
Starting
Done

Writing timer output

Writing debug output
Done
Bootstrapping complete
SCC. build: 20:18:54, May 31 2019. Time: 21:04:45 [Apr  3 2019]
===============================================================
Input graph (directed)		 (-g=)=../graphs/Slashdot.edges
Input number of trim levels	 (-t=)=0
Pivot selection			 (-p=)=3
Specify FW-BW variant		 (-m=)=1
Specify maximum workers		 (-w=)=32
Specify randwalk iterations	 (-rand=)=50
Specify trim cutoff point	 (-cutoff=)=0
Specify how often to trim	 (-steps=)=1
Print help section		 (-h=)=No
Print SCC output to file	 (-out=)=No
Name to append output file	 (-suffix=)=PivotRandWalk2_C32_iteration5
Print timers			 (-time=)=3
Print debug information		 (-a=)=3
threads 32
Loading graph
Graph loaded
Starting
Done

Writing timer output

Writing debug output
Done
Bootstrapping complete
SCC. build: 20:18:54, May 31 2019. Time: 21:05:23 [Apr  3 2019]
===============================================================
Input graph (directed)		 (-g=)=../graphs/Slashdot.edges
Input number of trim levels	 (-t=)=0
Pivot selection			 (-p=)=3
Specify FW-BW variant		 (-m=)=1
Specify maximum workers		 (-w=)=32
Specify randwalk iterations	 (-rand=)=50
Specify trim cutoff point	 (-cutoff=)=0
Specify how often to trim	 (-steps=)=1
Print help section		 (-h=)=No
Print SCC output to file	 (-out=)=No
Name to append output file	 (-suffix=)=PivotRandWalk2_C32_iteration6
Print timers			 (-time=)=3
Print debug information		 (-a=)=3
threads 32
Loading graph
Graph loaded
Starting
Done

Writing timer output

Writing debug output
Done
Bootstrapping complete
SCC. build: 20:18:54, May 31 2019. Time: 21:05:31 [Apr  3 2019]
===============================================================
Input graph (directed)		 (-g=)=../graphs/Slashdot.edges
Input number of trim levels	 (-t=)=0
Pivot selection			 (-p=)=3
Specify FW-BW variant		 (-m=)=1
Specify maximum workers		 (-w=)=32
Specify randwalk iterations	 (-rand=)=50
Specify trim cutoff point	 (-cutoff=)=0
Specify how often to trim	 (-steps=)=1
Print help section		 (-h=)=No
Print SCC output to file	 (-out=)=No
Name to append output file	 (-suffix=)=PivotRandWalk2_C32_iteration7
Print timers			 (-time=)=3
Print debug information		 (-a=)=3
threads 32
Loading graph
Graph loaded
Starting
Done

Writing timer output

Writing debug output
Done
Bootstrapping complete
SCC. build: 20:18:54, May 31 2019. Time: 21:05:32 [Apr  3 2019]
===============================================================
Input graph (directed)		 (-g=)=../graphs/Slashdot.edges
Input number of trim levels	 (-t=)=0
Pivot selection			 (-p=)=3
Specify FW-BW variant		 (-m=)=1
Specify maximum workers		 (-w=)=32
Specify randwalk iterations	 (-rand=)=50
Specify trim cutoff point	 (-cutoff=)=0
Specify how often to trim	 (-steps=)=1
Print help section		 (-h=)=No
Print SCC output to file	 (-out=)=No
Name to append output file	 (-suffix=)=PivotRandWalk2_C32_iteration8
Print timers			 (-time=)=3
Print debug information		 (-a=)=3
threads 32
Loading graph
Graph loaded
Starting
Done

Writing timer output

Writing debug output
Done
Bootstrapping complete
SCC. build: 20:18:54, May 31 2019. Time: 21:05:33 [Apr  3 2019]
===============================================================
Input graph (directed)		 (-g=)=../graphs/Slashdot.edges
Input number of trim levels	 (-t=)=0
Pivot selection			 (-p=)=3
Specify FW-BW variant		 (-m=)=1
Specify maximum workers		 (-w=)=32
Specify randwalk iterations	 (-rand=)=50
Specify trim cutoff point	 (-cutoff=)=0
Specify how often to trim	 (-steps=)=1
Print help section		 (-h=)=No
Print SCC output to file	 (-out=)=No
Name to append output file	 (-suffix=)=PivotRandWalk2_C32_iteration9
Print timers			 (-time=)=3
Print debug information		 (-a=)=3
threads 32
Loading graph
Graph loaded
Starting
Done

Writing timer output

Writing debug output
Done
Bootstrapping complete
SCC. build: 20:18:54, May 31 2019. Time: 21:05:33 [Apr  3 2019]
===============================================================
Input graph (directed)		 (-g=)=../graphs/Slashdot.edges
Input number of trim levels	 (-t=)=0
Pivot selection			 (-p=)=3
Specify FW-BW variant		 (-m=)=1
Specify maximum workers		 (-w=)=32
Specify randwalk iterations	 (-rand=)=50
Specify trim cutoff point	 (-cutoff=)=0
Specify how often to trim	 (-steps=)=1
Print help section		 (-h=)=No
Print SCC output to file	 (-out=)=No
Name to append output file	 (-suffix=)=PivotRandWalk2_C32_iteration10
Print timers			 (-time=)=3
Print debug information		 (-a=)=3
threads 32
Loading graph
Graph loaded
Starting
Done

Writing timer output

Writing debug output
Done
