Bootstrapping complete
SCC. build: 16:35:40, Jun  1 2019. Time: 16:36:57 [Apr  3 2019]
===============================================================
Input graph (directed)		 (-g=)=../graphs/Pokec.edges
Input number of trim levels	 (-t=)=1
Pivot selection			 (-p=)=0
Specify FW-BW variant		 (-m=)=1
Specify maximum workers		 (-w=)=1
Specify randwalk iterations	 (-rand=)=10
Specify trim cutoff point	 (-cutoff=)=0
Specify how often to trim	 (-steps=)=1
Print help section		 (-h=)=No
Print SCC output to file	 (-out=)=No
Name to append output file	 (-suffix=)=PivotRandom_C1_iteration1
Print timers			 (-time=)=3
Print debug information		 (-a=)=3
threads 32

Loading graph
Graph loaded
Starting
Done

Writing timer output

Writing debug output
Done
Bootstrapping complete
SCC. build: 16:35:40, Jun  1 2019. Time: 16:37:24 [Apr  3 2019]
===============================================================
Input graph (directed)		 (-g=)=../graphs/Pokec.edges
Input number of trim levels	 (-t=)=1
Pivot selection			 (-p=)=0
Specify FW-BW variant		 (-m=)=1
Specify maximum workers		 (-w=)=1
Specify randwalk iterations	 (-rand=)=10
Specify trim cutoff point	 (-cutoff=)=0
Specify how often to trim	 (-steps=)=1
Print help section		 (-h=)=No
Print SCC output to file	 (-out=)=No
Name to append output file	 (-suffix=)=PivotRandom_C1_iteration2
Print timers			 (-time=)=3
Print debug information		 (-a=)=3
threads 32

Loading graph
Graph loaded
Starting
Done

Writing timer output

Writing debug output
Done
Bootstrapping complete
SCC. build: 16:35:40, Jun  1 2019. Time: 16:37:51 [Apr  3 2019]
===============================================================
Input graph (directed)		 (-g=)=../graphs/Pokec.edges
Input number of trim levels	 (-t=)=1
Pivot selection			 (-p=)=0
Specify FW-BW variant		 (-m=)=1
Specify maximum workers		 (-w=)=1
Specify randwalk iterations	 (-rand=)=10
Specify trim cutoff point	 (-cutoff=)=0
Specify how often to trim	 (-steps=)=1
Print help section		 (-h=)=No
Print SCC output to file	 (-out=)=No
Name to append output file	 (-suffix=)=PivotRandom_C1_iteration3
Print timers			 (-time=)=3
Print debug information		 (-a=)=3
threads 32

Loading graph
Graph loaded
Starting
Done

Writing timer output

Writing debug output
Done
Bootstrapping complete
SCC. build: 16:35:40, Jun  1 2019. Time: 16:38:17 [Apr  3 2019]
===============================================================
Input graph (directed)		 (-g=)=../graphs/Pokec.edges
Input number of trim levels	 (-t=)=1
Pivot selection			 (-p=)=0
Specify FW-BW variant		 (-m=)=1
Specify maximum workers		 (-w=)=1
Specify randwalk iterations	 (-rand=)=10
Specify trim cutoff point	 (-cutoff=)=0
Specify how often to trim	 (-steps=)=1
Print help section		 (-h=)=No
Print SCC output to file	 (-out=)=No
Name to append output file	 (-suffix=)=PivotRandom_C1_iteration4
Print timers			 (-time=)=3
Print debug information		 (-a=)=3
threads 32

Loading graph
Graph loaded
Starting
Done

Writing timer output

Writing debug output
Done
Bootstrapping complete
SCC. build: 16:35:40, Jun  1 2019. Time: 16:38:43 [Apr  3 2019]
===============================================================
Input graph (directed)		 (-g=)=../graphs/Pokec.edges
Input number of trim levels	 (-t=)=1
Pivot selection			 (-p=)=0
Specify FW-BW variant		 (-m=)=1
Specify maximum workers		 (-w=)=1
Specify randwalk iterations	 (-rand=)=10
Specify trim cutoff point	 (-cutoff=)=0
Specify how often to trim	 (-steps=)=1
Print help section		 (-h=)=No
Print SCC output to file	 (-out=)=No
Name to append output file	 (-suffix=)=PivotRandom_C1_iteration5
Print timers			 (-time=)=3
Print debug information		 (-a=)=3
threads 32

Loading graph
Graph loaded
Starting
Done

Writing timer output

Writing debug output
Done
Bootstrapping complete
SCC. build: 16:35:40, Jun  1 2019. Time: 16:39:09 [Apr  3 2019]
===============================================================
Input graph (directed)		 (-g=)=../graphs/Pokec.edges
Input number of trim levels	 (-t=)=1
Pivot selection			 (-p=)=0
Specify FW-BW variant		 (-m=)=1
Specify maximum workers		 (-w=)=1
Specify randwalk iterations	 (-rand=)=10
Specify trim cutoff point	 (-cutoff=)=0
Specify how often to trim	 (-steps=)=1
Print help section		 (-h=)=No
Print SCC output to file	 (-out=)=No
Name to append output file	 (-suffix=)=PivotRandom_C1_iteration6
Print timers			 (-time=)=3
Print debug information		 (-a=)=3
threads 32

Loading graph
Graph loaded
Starting
Done

Writing timer output

Writing debug output
Done
Bootstrapping complete
SCC. build: 16:35:40, Jun  1 2019. Time: 16:39:36 [Apr  3 2019]
===============================================================
Input graph (directed)		 (-g=)=../graphs/Pokec.edges
Input number of trim levels	 (-t=)=1
Pivot selection			 (-p=)=0
Specify FW-BW variant		 (-m=)=1
Specify maximum workers		 (-w=)=1
Specify randwalk iterations	 (-rand=)=10
Specify trim cutoff point	 (-cutoff=)=0
Specify how often to trim	 (-steps=)=1
Print help section		 (-h=)=No
Print SCC output to file	 (-out=)=No
Name to append output file	 (-suffix=)=PivotRandom_C1_iteration7
Print timers			 (-time=)=3
Print debug information		 (-a=)=3
threads 32

Loading graph
Graph loaded
Starting
Done

Writing timer output

Writing debug output
Done
Bootstrapping complete
SCC. build: 16:35:40, Jun  1 2019. Time: 16:40:03 [Apr  3 2019]
===============================================================
Input graph (directed)		 (-g=)=../graphs/Pokec.edges
Input number of trim levels	 (-t=)=1
Pivot selection			 (-p=)=0
Specify FW-BW variant		 (-m=)=1
Specify maximum workers		 (-w=)=1
Specify randwalk iterations	 (-rand=)=10
Specify trim cutoff point	 (-cutoff=)=0
Specify how often to trim	 (-steps=)=1
Print help section		 (-h=)=No
Print SCC output to file	 (-out=)=No
Name to append output file	 (-suffix=)=PivotRandom_C1_iteration8
Print timers			 (-time=)=3
Print debug information		 (-a=)=3
threads 32

Loading graph
Graph loaded
Starting
Done

Writing timer output

Writing debug output
Done
Bootstrapping complete
SCC. build: 16:35:40, Jun  1 2019. Time: 16:40:29 [Apr  3 2019]
===============================================================
Input graph (directed)		 (-g=)=../graphs/Pokec.edges
Input number of trim levels	 (-t=)=1
Pivot selection			 (-p=)=0
Specify FW-BW variant		 (-m=)=1
Specify maximum workers		 (-w=)=1
Specify randwalk iterations	 (-rand=)=10
Specify trim cutoff point	 (-cutoff=)=0
Specify how often to trim	 (-steps=)=1
Print help section		 (-h=)=No
Print SCC output to file	 (-out=)=No
Name to append output file	 (-suffix=)=PivotRandom_C1_iteration9
Print timers			 (-time=)=3
Print debug information		 (-a=)=3
threads 32

Loading graph
Graph loaded
Starting
Done

Writing timer output

Writing debug output
Done
Bootstrapping complete
SCC. build: 16:35:40, Jun  1 2019. Time: 16:40:55 [Apr  3 2019]
===============================================================
Input graph (directed)		 (-g=)=../graphs/Pokec.edges
Input number of trim levels	 (-t=)=1
Pivot selection			 (-p=)=0
Specify FW-BW variant		 (-m=)=1
Specify maximum workers		 (-w=)=1
Specify randwalk iterations	 (-rand=)=10
Specify trim cutoff point	 (-cutoff=)=0
Specify how often to trim	 (-steps=)=1
Print help section		 (-h=)=No
Print SCC output to file	 (-out=)=No
Name to append output file	 (-suffix=)=PivotRandom_C1_iteration10
Print timers			 (-time=)=3
Print debug information		 (-a=)=3
threads 32

Loading graph
Graph loaded
Starting
Done

Writing timer output

Writing debug output
Done
Bootstrapping complete
SCC. build: 16:35:40, Jun  1 2019. Time: 16:41:23 [Apr  3 2019]
===============================================================
Input graph (directed)		 (-g=)=../graphs/Pokec.edges
Input number of trim levels	 (-t=)=1
Pivot selection			 (-p=)=0
Specify FW-BW variant		 (-m=)=1
Specify maximum workers		 (-w=)=2
Specify randwalk iterations	 (-rand=)=10
Specify trim cutoff point	 (-cutoff=)=0
Specify how often to trim	 (-steps=)=1
Print help section		 (-h=)=No
Print SCC output to file	 (-out=)=No
Name to append output file	 (-suffix=)=PivotRandom_C2_iteration1
Print timers			 (-time=)=3
Print debug information		 (-a=)=3
threads 32

Loading graph
Graph loaded
Starting
Done

Writing timer output

Writing debug output
Done
Bootstrapping complete
SCC. build: 16:35:40, Jun  1 2019. Time: 16:41:49 [Apr  3 2019]
===============================================================
Input graph (directed)		 (-g=)=../graphs/Pokec.edges
Input number of trim levels	 (-t=)=1
Pivot selection			 (-p=)=0
Specify FW-BW variant		 (-m=)=1
Specify maximum workers		 (-w=)=2
Specify randwalk iterations	 (-rand=)=10
Specify trim cutoff point	 (-cutoff=)=0
Specify how often to trim	 (-steps=)=1
Print help section		 (-h=)=No
Print SCC output to file	 (-out=)=No
Name to append output file	 (-suffix=)=PivotRandom_C2_iteration2
Print timers			 (-time=)=3
Print debug information		 (-a=)=3
threads 32

Loading graph
Graph loaded
Starting
Done

Writing timer output

Writing debug output
Done
Bootstrapping complete
SCC. build: 16:35:40, Jun  1 2019. Time: 16:42:13 [Apr  3 2019]
===============================================================
Input graph (directed)		 (-g=)=../graphs/Pokec.edges
Input number of trim levels	 (-t=)=1
Pivot selection			 (-p=)=0
Specify FW-BW variant		 (-m=)=1
Specify maximum workers		 (-w=)=2
Specify randwalk iterations	 (-rand=)=10
Specify trim cutoff point	 (-cutoff=)=0
Specify how often to trim	 (-steps=)=1
Print help section		 (-h=)=No
Print SCC output to file	 (-out=)=No
Name to append output file	 (-suffix=)=PivotRandom_C2_iteration3
Print timers			 (-time=)=3
Print debug information		 (-a=)=3
threads 32

Loading graph
Graph loaded
Starting
Done

Writing timer output

Writing debug output
Done
Bootstrapping complete
SCC. build: 16:35:40, Jun  1 2019. Time: 16:42:39 [Apr  3 2019]
===============================================================
Input graph (directed)		 (-g=)=../graphs/Pokec.edges
Input number of trim levels	 (-t=)=1
Pivot selection			 (-p=)=0
Specify FW-BW variant		 (-m=)=1
Specify maximum workers		 (-w=)=2
Specify randwalk iterations	 (-rand=)=10
Specify trim cutoff point	 (-cutoff=)=0
Specify how often to trim	 (-steps=)=1
Print help section		 (-h=)=No
Print SCC output to file	 (-out=)=No
Name to append output file	 (-suffix=)=PivotRandom_C2_iteration4
Print timers			 (-time=)=3
Print debug information		 (-a=)=3
threads 32

Loading graph
Graph loaded
Starting
Done

Writing timer output

Writing debug output
Done
Bootstrapping complete
SCC. build: 16:35:40, Jun  1 2019. Time: 16:43:04 [Apr  3 2019]
===============================================================
Input graph (directed)		 (-g=)=../graphs/Pokec.edges
Input number of trim levels	 (-t=)=1
Pivot selection			 (-p=)=0
Specify FW-BW variant		 (-m=)=1
Specify maximum workers		 (-w=)=2
Specify randwalk iterations	 (-rand=)=10
Specify trim cutoff point	 (-cutoff=)=0
Specify how often to trim	 (-steps=)=1
Print help section		 (-h=)=No
Print SCC output to file	 (-out=)=No
Name to append output file	 (-suffix=)=PivotRandom_C2_iteration5
Print timers			 (-time=)=3
Print debug information		 (-a=)=3
threads 32

Loading graph
Graph loaded
Starting
Done

Writing timer output

Writing debug output
Done
Bootstrapping complete
SCC. build: 16:35:40, Jun  1 2019. Time: 16:43:31 [Apr  3 2019]
===============================================================
Input graph (directed)		 (-g=)=../graphs/Pokec.edges
Input number of trim levels	 (-t=)=1
Pivot selection			 (-p=)=0
Specify FW-BW variant		 (-m=)=1
Specify maximum workers		 (-w=)=2
Specify randwalk iterations	 (-rand=)=10
Specify trim cutoff point	 (-cutoff=)=0
Specify how often to trim	 (-steps=)=1
Print help section		 (-h=)=No
Print SCC output to file	 (-out=)=No
Name to append output file	 (-suffix=)=PivotRandom_C2_iteration6
Print timers			 (-time=)=3
Print debug information		 (-a=)=3
threads 32

Loading graph
Graph loaded
Starting
Done

Writing timer output

Writing debug output
Done
Bootstrapping complete
SCC. build: 16:35:40, Jun  1 2019. Time: 16:43:57 [Apr  3 2019]
===============================================================
Input graph (directed)		 (-g=)=../graphs/Pokec.edges
Input number of trim levels	 (-t=)=1
Pivot selection			 (-p=)=0
Specify FW-BW variant		 (-m=)=1
Specify maximum workers		 (-w=)=2
Specify randwalk iterations	 (-rand=)=10
Specify trim cutoff point	 (-cutoff=)=0
Specify how often to trim	 (-steps=)=1
Print help section		 (-h=)=No
Print SCC output to file	 (-out=)=No
Name to append output file	 (-suffix=)=PivotRandom_C2_iteration7
Print timers			 (-time=)=3
Print debug information		 (-a=)=3
threads 32

Loading graph
Graph loaded
Starting
Done

Writing timer output

Writing debug output
Done
Bootstrapping complete
SCC. build: 16:35:40, Jun  1 2019. Time: 16:44:23 [Apr  3 2019]
===============================================================
Input graph (directed)		 (-g=)=../graphs/Pokec.edges
Input number of trim levels	 (-t=)=1
Pivot selection			 (-p=)=0
Specify FW-BW variant		 (-m=)=1
Specify maximum workers		 (-w=)=2
Specify randwalk iterations	 (-rand=)=10
Specify trim cutoff point	 (-cutoff=)=0
Specify how often to trim	 (-steps=)=1
Print help section		 (-h=)=No
Print SCC output to file	 (-out=)=No
Name to append output file	 (-suffix=)=PivotRandom_C2_iteration8
Print timers			 (-time=)=3
Print debug information		 (-a=)=3
threads 32

Loading graph
Graph loaded
Starting
Done

Writing timer output

Writing debug output
Done
Bootstrapping complete
SCC. build: 16:35:40, Jun  1 2019. Time: 16:44:49 [Apr  3 2019]
===============================================================
Input graph (directed)		 (-g=)=../graphs/Pokec.edges
Input number of trim levels	 (-t=)=1
Pivot selection			 (-p=)=0
Specify FW-BW variant		 (-m=)=1
Specify maximum workers		 (-w=)=2
Specify randwalk iterations	 (-rand=)=10
Specify trim cutoff point	 (-cutoff=)=0
Specify how often to trim	 (-steps=)=1
Print help section		 (-h=)=No
Print SCC output to file	 (-out=)=No
Name to append output file	 (-suffix=)=PivotRandom_C2_iteration9
Print timers			 (-time=)=3
Print debug information		 (-a=)=3
threads 32

Loading graph
Graph loaded
Starting
Done

Writing timer output

Writing debug output
Done
Bootstrapping complete
SCC. build: 16:35:40, Jun  1 2019. Time: 16:45:14 [Apr  3 2019]
===============================================================
Input graph (directed)		 (-g=)=../graphs/Pokec.edges
Input number of trim levels	 (-t=)=1
Pivot selection			 (-p=)=0
Specify FW-BW variant		 (-m=)=1
Specify maximum workers		 (-w=)=2
Specify randwalk iterations	 (-rand=)=10
Specify trim cutoff point	 (-cutoff=)=0
Specify how often to trim	 (-steps=)=1
Print help section		 (-h=)=No
Print SCC output to file	 (-out=)=No
Name to append output file	 (-suffix=)=PivotRandom_C2_iteration10
Print timers			 (-time=)=3
Print debug information		 (-a=)=3
threads 32

Loading graph
Graph loaded
Starting
Done

Writing timer output

Writing debug output
Done
Bootstrapping complete
SCC. build: 16:35:40, Jun  1 2019. Time: 16:45:38 [Apr  3 2019]
===============================================================
Input graph (directed)		 (-g=)=../graphs/Pokec.edges
Input number of trim levels	 (-t=)=1
Pivot selection			 (-p=)=0
Specify FW-BW variant		 (-m=)=1
Specify maximum workers		 (-w=)=4
Specify randwalk iterations	 (-rand=)=10
Specify trim cutoff point	 (-cutoff=)=0
Specify how often to trim	 (-steps=)=1
Print help section		 (-h=)=No
Print SCC output to file	 (-out=)=No
Name to append output file	 (-suffix=)=PivotRandom_C4_iteration1
Print timers			 (-time=)=3
Print debug information		 (-a=)=3
threads 32

Loading graph
Graph loaded
Starting
Done

Writing timer output

Writing debug output
Done
Bootstrapping complete
SCC. build: 16:35:40, Jun  1 2019. Time: 16:46:02 [Apr  3 2019]
===============================================================
Input graph (directed)		 (-g=)=../graphs/Pokec.edges
Input number of trim levels	 (-t=)=1
Pivot selection			 (-p=)=0
Specify FW-BW variant		 (-m=)=1
Specify maximum workers		 (-w=)=4
Specify randwalk iterations	 (-rand=)=10
Specify trim cutoff point	 (-cutoff=)=0
Specify how often to trim	 (-steps=)=1
Print help section		 (-h=)=No
Print SCC output to file	 (-out=)=No
Name to append output file	 (-suffix=)=PivotRandom_C4_iteration2
Print timers			 (-time=)=3
Print debug information		 (-a=)=3
threads 32

Loading graph
Graph loaded
Starting
Done

Writing timer output

Writing debug output
Done
Bootstrapping complete
SCC. build: 16:35:40, Jun  1 2019. Time: 16:46:26 [Apr  3 2019]
===============================================================
Input graph (directed)		 (-g=)=../graphs/Pokec.edges
Input number of trim levels	 (-t=)=1
Pivot selection			 (-p=)=0
Specify FW-BW variant		 (-m=)=1
Specify maximum workers		 (-w=)=4
Specify randwalk iterations	 (-rand=)=10
Specify trim cutoff point	 (-cutoff=)=0
Specify how often to trim	 (-steps=)=1
Print help section		 (-h=)=No
Print SCC output to file	 (-out=)=No
Name to append output file	 (-suffix=)=PivotRandom_C4_iteration3
Print timers			 (-time=)=3
Print debug information		 (-a=)=3
threads 32

Loading graph
Graph loaded
Starting
Done

Writing timer output

Writing debug output
Done
Bootstrapping complete
SCC. build: 16:35:40, Jun  1 2019. Time: 16:46:49 [Apr  3 2019]
===============================================================
Input graph (directed)		 (-g=)=../graphs/Pokec.edges
Input number of trim levels	 (-t=)=1
Pivot selection			 (-p=)=0
Specify FW-BW variant		 (-m=)=1
Specify maximum workers		 (-w=)=4
Specify randwalk iterations	 (-rand=)=10
Specify trim cutoff point	 (-cutoff=)=0
Specify how often to trim	 (-steps=)=1
Print help section		 (-h=)=No
Print SCC output to file	 (-out=)=No
Name to append output file	 (-suffix=)=PivotRandom_C4_iteration4
Print timers			 (-time=)=3
Print debug information		 (-a=)=3
threads 32

Loading graph
Graph loaded
Starting
Done

Writing timer output

Writing debug output
Done
Bootstrapping complete
SCC. build: 16:35:40, Jun  1 2019. Time: 16:47:12 [Apr  3 2019]
===============================================================
Input graph (directed)		 (-g=)=../graphs/Pokec.edges
Input number of trim levels	 (-t=)=1
Pivot selection			 (-p=)=0
Specify FW-BW variant		 (-m=)=1
Specify maximum workers		 (-w=)=4
Specify randwalk iterations	 (-rand=)=10
Specify trim cutoff point	 (-cutoff=)=0
Specify how often to trim	 (-steps=)=1
Print help section		 (-h=)=No
Print SCC output to file	 (-out=)=No
Name to append output file	 (-suffix=)=PivotRandom_C4_iteration5
Print timers			 (-time=)=3
Print debug information		 (-a=)=3
threads 32

Loading graph
Graph loaded
Starting
Done

Writing timer output

Writing debug output
Done
Bootstrapping complete
SCC. build: 16:35:40, Jun  1 2019. Time: 16:47:36 [Apr  3 2019]
===============================================================
Input graph (directed)		 (-g=)=../graphs/Pokec.edges
Input number of trim levels	 (-t=)=1
Pivot selection			 (-p=)=0
Specify FW-BW variant		 (-m=)=1
Specify maximum workers		 (-w=)=4
Specify randwalk iterations	 (-rand=)=10
Specify trim cutoff point	 (-cutoff=)=0
Specify how often to trim	 (-steps=)=1
Print help section		 (-h=)=No
Print SCC output to file	 (-out=)=No
Name to append output file	 (-suffix=)=PivotRandom_C4_iteration6
Print timers			 (-time=)=3
Print debug information		 (-a=)=3
threads 32

Loading graph
Graph loaded
Starting
Done

Writing timer output

Writing debug output
Done
Bootstrapping complete
SCC. build: 16:35:40, Jun  1 2019. Time: 16:48:00 [Apr  3 2019]
===============================================================
Input graph (directed)		 (-g=)=../graphs/Pokec.edges
Input number of trim levels	 (-t=)=1
Pivot selection			 (-p=)=0
Specify FW-BW variant		 (-m=)=1
Specify maximum workers		 (-w=)=4
Specify randwalk iterations	 (-rand=)=10
Specify trim cutoff point	 (-cutoff=)=0
Specify how often to trim	 (-steps=)=1
Print help section		 (-h=)=No
Print SCC output to file	 (-out=)=No
Name to append output file	 (-suffix=)=PivotRandom_C4_iteration7
Print timers			 (-time=)=3
Print debug information		 (-a=)=3
threads 32

Loading graph
Graph loaded
Starting
Done

Writing timer output

Writing debug output
Done
Bootstrapping complete
SCC. build: 16:35:40, Jun  1 2019. Time: 16:48:24 [Apr  3 2019]
===============================================================
Input graph (directed)		 (-g=)=../graphs/Pokec.edges
Input number of trim levels	 (-t=)=1
Pivot selection			 (-p=)=0
Specify FW-BW variant		 (-m=)=1
Specify maximum workers		 (-w=)=4
Specify randwalk iterations	 (-rand=)=10
Specify trim cutoff point	 (-cutoff=)=0
Specify how often to trim	 (-steps=)=1
Print help section		 (-h=)=No
Print SCC output to file	 (-out=)=No
Name to append output file	 (-suffix=)=PivotRandom_C4_iteration8
Print timers			 (-time=)=3
Print debug information		 (-a=)=3
threads 32

Loading graph
Graph loaded
Starting
Done

Writing timer output

Writing debug output
Done
Bootstrapping complete
SCC. build: 16:35:40, Jun  1 2019. Time: 16:48:47 [Apr  3 2019]
===============================================================
Input graph (directed)		 (-g=)=../graphs/Pokec.edges
Input number of trim levels	 (-t=)=1
Pivot selection			 (-p=)=0
Specify FW-BW variant		 (-m=)=1
Specify maximum workers		 (-w=)=4
Specify randwalk iterations	 (-rand=)=10
Specify trim cutoff point	 (-cutoff=)=0
Specify how often to trim	 (-steps=)=1
Print help section		 (-h=)=No
Print SCC output to file	 (-out=)=No
Name to append output file	 (-suffix=)=PivotRandom_C4_iteration9
Print timers			 (-time=)=3
Print debug information		 (-a=)=3
threads 32

Loading graph
Graph loaded
Starting
Done

Writing timer output

Writing debug output
Done
Bootstrapping complete
SCC. build: 16:35:40, Jun  1 2019. Time: 16:49:11 [Apr  3 2019]
===============================================================
Input graph (directed)		 (-g=)=../graphs/Pokec.edges
Input number of trim levels	 (-t=)=1
Pivot selection			 (-p=)=0
Specify FW-BW variant		 (-m=)=1
Specify maximum workers		 (-w=)=4
Specify randwalk iterations	 (-rand=)=10
Specify trim cutoff point	 (-cutoff=)=0
Specify how often to trim	 (-steps=)=1
Print help section		 (-h=)=No
Print SCC output to file	 (-out=)=No
Name to append output file	 (-suffix=)=PivotRandom_C4_iteration10
Print timers			 (-time=)=3
Print debug information		 (-a=)=3
threads 32

Loading graph
Graph loaded
Starting
Done

Writing timer output

Writing debug output
Done
Bootstrapping complete
SCC. build: 16:35:40, Jun  1 2019. Time: 16:49:33 [Apr  3 2019]
===============================================================
Input graph (directed)		 (-g=)=../graphs/Pokec.edges
Input number of trim levels	 (-t=)=1
Pivot selection			 (-p=)=0
Specify FW-BW variant		 (-m=)=1
Specify maximum workers		 (-w=)=8
Specify randwalk iterations	 (-rand=)=10
Specify trim cutoff point	 (-cutoff=)=0
Specify how often to trim	 (-steps=)=1
Print help section		 (-h=)=No
Print SCC output to file	 (-out=)=No
Name to append output file	 (-suffix=)=PivotRandom_C8_iteration1
Print timers			 (-time=)=3
Print debug information		 (-a=)=3
threads 32

Loading graph
Graph loaded
Starting
Done

Writing timer output

Writing debug output
Done
Bootstrapping complete
SCC. build: 16:35:40, Jun  1 2019. Time: 16:49:58 [Apr  3 2019]
===============================================================
Input graph (directed)		 (-g=)=../graphs/Pokec.edges
Input number of trim levels	 (-t=)=1
Pivot selection			 (-p=)=0
Specify FW-BW variant		 (-m=)=1
Specify maximum workers		 (-w=)=8
Specify randwalk iterations	 (-rand=)=10
Specify trim cutoff point	 (-cutoff=)=0
Specify how often to trim	 (-steps=)=1
Print help section		 (-h=)=No
Print SCC output to file	 (-out=)=No
Name to append output file	 (-suffix=)=PivotRandom_C8_iteration2
Print timers			 (-time=)=3
Print debug information		 (-a=)=3
threads 32

Loading graph
Graph loaded
Starting
Done

Writing timer output

Writing debug output
Done
Bootstrapping complete
SCC. build: 16:35:40, Jun  1 2019. Time: 16:50:22 [Apr  3 2019]
===============================================================
Input graph (directed)		 (-g=)=../graphs/Pokec.edges
Input number of trim levels	 (-t=)=1
Pivot selection			 (-p=)=0
Specify FW-BW variant		 (-m=)=1
Specify maximum workers		 (-w=)=8
Specify randwalk iterations	 (-rand=)=10
Specify trim cutoff point	 (-cutoff=)=0
Specify how often to trim	 (-steps=)=1
Print help section		 (-h=)=No
Print SCC output to file	 (-out=)=No
Name to append output file	 (-suffix=)=PivotRandom_C8_iteration3
Print timers			 (-time=)=3
Print debug information		 (-a=)=3
threads 32

Loading graph
Graph loaded
Starting
Done

Writing timer output

Writing debug output
Done
Bootstrapping complete
SCC. build: 16:35:40, Jun  1 2019. Time: 16:50:45 [Apr  3 2019]
===============================================================
Input graph (directed)		 (-g=)=../graphs/Pokec.edges
Input number of trim levels	 (-t=)=1
Pivot selection			 (-p=)=0
Specify FW-BW variant		 (-m=)=1
Specify maximum workers		 (-w=)=8
Specify randwalk iterations	 (-rand=)=10
Specify trim cutoff point	 (-cutoff=)=0
Specify how often to trim	 (-steps=)=1
Print help section		 (-h=)=No
Print SCC output to file	 (-out=)=No
Name to append output file	 (-suffix=)=PivotRandom_C8_iteration4
Print timers			 (-time=)=3
Print debug information		 (-a=)=3
threads 32

Loading graph
Graph loaded
Starting
Done

Writing timer output

Writing debug output
Done
Bootstrapping complete
SCC. build: 16:35:40, Jun  1 2019. Time: 16:51:08 [Apr  3 2019]
===============================================================
Input graph (directed)		 (-g=)=../graphs/Pokec.edges
Input number of trim levels	 (-t=)=1
Pivot selection			 (-p=)=0
Specify FW-BW variant		 (-m=)=1
Specify maximum workers		 (-w=)=8
Specify randwalk iterations	 (-rand=)=10
Specify trim cutoff point	 (-cutoff=)=0
Specify how often to trim	 (-steps=)=1
Print help section		 (-h=)=No
Print SCC output to file	 (-out=)=No
Name to append output file	 (-suffix=)=PivotRandom_C8_iteration5
Print timers			 (-time=)=3
Print debug information		 (-a=)=3
threads 32

Loading graph
Graph loaded
Starting
Done

Writing timer output

Writing debug output
Done
Bootstrapping complete
SCC. build: 16:35:40, Jun  1 2019. Time: 16:51:30 [Apr  3 2019]
===============================================================
Input graph (directed)		 (-g=)=../graphs/Pokec.edges
Input number of trim levels	 (-t=)=1
Pivot selection			 (-p=)=0
Specify FW-BW variant		 (-m=)=1
Specify maximum workers		 (-w=)=8
Specify randwalk iterations	 (-rand=)=10
Specify trim cutoff point	 (-cutoff=)=0
Specify how often to trim	 (-steps=)=1
Print help section		 (-h=)=No
Print SCC output to file	 (-out=)=No
Name to append output file	 (-suffix=)=PivotRandom_C8_iteration6
Print timers			 (-time=)=3
Print debug information		 (-a=)=3
threads 32

Loading graph
Graph loaded
Starting
Done

Writing timer output

Writing debug output
Done
Bootstrapping complete
SCC. build: 16:35:40, Jun  1 2019. Time: 16:51:53 [Apr  3 2019]
===============================================================
Input graph (directed)		 (-g=)=../graphs/Pokec.edges
Input number of trim levels	 (-t=)=1
Pivot selection			 (-p=)=0
Specify FW-BW variant		 (-m=)=1
Specify maximum workers		 (-w=)=8
Specify randwalk iterations	 (-rand=)=10
Specify trim cutoff point	 (-cutoff=)=0
Specify how often to trim	 (-steps=)=1
Print help section		 (-h=)=No
Print SCC output to file	 (-out=)=No
Name to append output file	 (-suffix=)=PivotRandom_C8_iteration7
Print timers			 (-time=)=3
Print debug information		 (-a=)=3
threads 32

Loading graph
Graph loaded
Starting
Done

Writing timer output

Writing debug output
Done
Bootstrapping complete
SCC. build: 16:35:40, Jun  1 2019. Time: 16:52:15 [Apr  3 2019]
===============================================================
Input graph (directed)		 (-g=)=../graphs/Pokec.edges
Input number of trim levels	 (-t=)=1
Pivot selection			 (-p=)=0
Specify FW-BW variant		 (-m=)=1
Specify maximum workers		 (-w=)=8
Specify randwalk iterations	 (-rand=)=10
Specify trim cutoff point	 (-cutoff=)=0
Specify how often to trim	 (-steps=)=1
Print help section		 (-h=)=No
Print SCC output to file	 (-out=)=No
Name to append output file	 (-suffix=)=PivotRandom_C8_iteration8
Print timers			 (-time=)=3
Print debug information		 (-a=)=3
threads 32

Loading graph
Graph loaded
Starting
Done

Writing timer output

Writing debug output
Done
Bootstrapping complete
SCC. build: 16:35:40, Jun  1 2019. Time: 16:52:40 [Apr  3 2019]
===============================================================
Input graph (directed)		 (-g=)=../graphs/Pokec.edges
Input number of trim levels	 (-t=)=1
Pivot selection			 (-p=)=0
Specify FW-BW variant		 (-m=)=1
Specify maximum workers		 (-w=)=8
Specify randwalk iterations	 (-rand=)=10
Specify trim cutoff point	 (-cutoff=)=0
Specify how often to trim	 (-steps=)=1
Print help section		 (-h=)=No
Print SCC output to file	 (-out=)=No
Name to append output file	 (-suffix=)=PivotRandom_C8_iteration9
Print timers			 (-time=)=3
Print debug information		 (-a=)=3
threads 32

Loading graph
Graph loaded
Starting
Done

Writing timer output

Writing debug output
Done
Bootstrapping complete
SCC. build: 16:35:40, Jun  1 2019. Time: 16:53:04 [Apr  3 2019]
===============================================================
Input graph (directed)		 (-g=)=../graphs/Pokec.edges
Input number of trim levels	 (-t=)=1
Pivot selection			 (-p=)=0
Specify FW-BW variant		 (-m=)=1
Specify maximum workers		 (-w=)=8
Specify randwalk iterations	 (-rand=)=10
Specify trim cutoff point	 (-cutoff=)=0
Specify how often to trim	 (-steps=)=1
Print help section		 (-h=)=No
Print SCC output to file	 (-out=)=No
Name to append output file	 (-suffix=)=PivotRandom_C8_iteration10
Print timers			 (-time=)=3
Print debug information		 (-a=)=3
threads 32

Loading graph
Graph loaded
Starting
Done

Writing timer output

Writing debug output
Done
Bootstrapping complete
SCC. build: 16:35:40, Jun  1 2019. Time: 16:53:26 [Apr  3 2019]
===============================================================
Input graph (directed)		 (-g=)=../graphs/Pokec.edges
Input number of trim levels	 (-t=)=1
Pivot selection			 (-p=)=0
Specify FW-BW variant		 (-m=)=1
Specify maximum workers		 (-w=)=16
Specify randwalk iterations	 (-rand=)=10
Specify trim cutoff point	 (-cutoff=)=0
Specify how often to trim	 (-steps=)=1
Print help section		 (-h=)=No
Print SCC output to file	 (-out=)=No
Name to append output file	 (-suffix=)=PivotRandom_C16_iteration1
Print timers			 (-time=)=3
Print debug information		 (-a=)=3
threads 32

Loading graph
Graph loaded
Starting
Done

Writing timer output

Writing debug output
Done
Bootstrapping complete
SCC. build: 16:35:40, Jun  1 2019. Time: 16:53:48 [Apr  3 2019]
===============================================================
Input graph (directed)		 (-g=)=../graphs/Pokec.edges
Input number of trim levels	 (-t=)=1
Pivot selection			 (-p=)=0
Specify FW-BW variant		 (-m=)=1
Specify maximum workers		 (-w=)=16
Specify randwalk iterations	 (-rand=)=10
Specify trim cutoff point	 (-cutoff=)=0
Specify how often to trim	 (-steps=)=1
Print help section		 (-h=)=No
Print SCC output to file	 (-out=)=No
Name to append output file	 (-suffix=)=PivotRandom_C16_iteration2
Print timers			 (-time=)=3
Print debug information		 (-a=)=3
threads 32

Loading graph
Graph loaded
Starting
Done

Writing timer output

Writing debug output
Done
Bootstrapping complete
SCC. build: 16:35:40, Jun  1 2019. Time: 16:54:10 [Apr  3 2019]
===============================================================
Input graph (directed)		 (-g=)=../graphs/Pokec.edges
Input number of trim levels	 (-t=)=1
Pivot selection			 (-p=)=0
Specify FW-BW variant		 (-m=)=1
Specify maximum workers		 (-w=)=16
Specify randwalk iterations	 (-rand=)=10
Specify trim cutoff point	 (-cutoff=)=0
Specify how often to trim	 (-steps=)=1
Print help section		 (-h=)=No
Print SCC output to file	 (-out=)=No
Name to append output file	 (-suffix=)=PivotRandom_C16_iteration3
Print timers			 (-time=)=3
Print debug information		 (-a=)=3
threads 32

Loading graph
Graph loaded
Starting
Done

Writing timer output

Writing debug output
Done
Bootstrapping complete
SCC. build: 16:35:40, Jun  1 2019. Time: 16:54:32 [Apr  3 2019]
===============================================================
Input graph (directed)		 (-g=)=../graphs/Pokec.edges
Input number of trim levels	 (-t=)=1
Pivot selection			 (-p=)=0
Specify FW-BW variant		 (-m=)=1
Specify maximum workers		 (-w=)=16
Specify randwalk iterations	 (-rand=)=10
Specify trim cutoff point	 (-cutoff=)=0
Specify how often to trim	 (-steps=)=1
Print help section		 (-h=)=No
Print SCC output to file	 (-out=)=No
Name to append output file	 (-suffix=)=PivotRandom_C16_iteration4
Print timers			 (-time=)=3
Print debug information		 (-a=)=3
threads 32

Loading graph
Graph loaded
Starting
Done

Writing timer output

Writing debug output
Done
Bootstrapping complete
SCC. build: 16:35:40, Jun  1 2019. Time: 16:54:53 [Apr  3 2019]
===============================================================
Input graph (directed)		 (-g=)=../graphs/Pokec.edges
Input number of trim levels	 (-t=)=1
Pivot selection			 (-p=)=0
Specify FW-BW variant		 (-m=)=1
Specify maximum workers		 (-w=)=16
Specify randwalk iterations	 (-rand=)=10
Specify trim cutoff point	 (-cutoff=)=0
Specify how often to trim	 (-steps=)=1
Print help section		 (-h=)=No
Print SCC output to file	 (-out=)=No
Name to append output file	 (-suffix=)=PivotRandom_C16_iteration5
Print timers			 (-time=)=3
Print debug information		 (-a=)=3
threads 32

Loading graph
Graph loaded
Starting
Done

Writing timer output

Writing debug output
Done
Bootstrapping complete
SCC. build: 16:35:40, Jun  1 2019. Time: 16:55:15 [Apr  3 2019]
===============================================================
Input graph (directed)		 (-g=)=../graphs/Pokec.edges
Input number of trim levels	 (-t=)=1
Pivot selection			 (-p=)=0
Specify FW-BW variant		 (-m=)=1
Specify maximum workers		 (-w=)=16
Specify randwalk iterations	 (-rand=)=10
Specify trim cutoff point	 (-cutoff=)=0
Specify how often to trim	 (-steps=)=1
Print help section		 (-h=)=No
Print SCC output to file	 (-out=)=No
Name to append output file	 (-suffix=)=PivotRandom_C16_iteration6
Print timers			 (-time=)=3
Print debug information		 (-a=)=3
threads 32

Loading graph
Graph loaded
Starting
Done

Writing timer output

Writing debug output
Done
Bootstrapping complete
SCC. build: 16:35:40, Jun  1 2019. Time: 16:55:37 [Apr  3 2019]
===============================================================
Input graph (directed)		 (-g=)=../graphs/Pokec.edges
Input number of trim levels	 (-t=)=1
Pivot selection			 (-p=)=0
Specify FW-BW variant		 (-m=)=1
Specify maximum workers		 (-w=)=16
Specify randwalk iterations	 (-rand=)=10
Specify trim cutoff point	 (-cutoff=)=0
Specify how often to trim	 (-steps=)=1
Print help section		 (-h=)=No
Print SCC output to file	 (-out=)=No
Name to append output file	 (-suffix=)=PivotRandom_C16_iteration7
Print timers			 (-time=)=3
Print debug information		 (-a=)=3
threads 32

Loading graph
Graph loaded
Starting
Done

Writing timer output

Writing debug output
Done
Bootstrapping complete
SCC. build: 16:35:40, Jun  1 2019. Time: 16:55:59 [Apr  3 2019]
===============================================================
Input graph (directed)		 (-g=)=../graphs/Pokec.edges
Input number of trim levels	 (-t=)=1
Pivot selection			 (-p=)=0
Specify FW-BW variant		 (-m=)=1
Specify maximum workers		 (-w=)=16
Specify randwalk iterations	 (-rand=)=10
Specify trim cutoff point	 (-cutoff=)=0
Specify how often to trim	 (-steps=)=1
Print help section		 (-h=)=No
Print SCC output to file	 (-out=)=No
Name to append output file	 (-suffix=)=PivotRandom_C16_iteration8
Print timers			 (-time=)=3
Print debug information		 (-a=)=3
threads 32

Loading graph
Graph loaded
Starting
Done

Writing timer output

Writing debug output
Done
Bootstrapping complete
SCC. build: 16:35:40, Jun  1 2019. Time: 16:56:20 [Apr  3 2019]
===============================================================
Input graph (directed)		 (-g=)=../graphs/Pokec.edges
Input number of trim levels	 (-t=)=1
Pivot selection			 (-p=)=0
Specify FW-BW variant		 (-m=)=1
Specify maximum workers		 (-w=)=16
Specify randwalk iterations	 (-rand=)=10
Specify trim cutoff point	 (-cutoff=)=0
Specify how often to trim	 (-steps=)=1
Print help section		 (-h=)=No
Print SCC output to file	 (-out=)=No
Name to append output file	 (-suffix=)=PivotRandom_C16_iteration9
Print timers			 (-time=)=3
Print debug information		 (-a=)=3
threads 32

Loading graph
Graph loaded
Starting
Done

Writing timer output

Writing debug output
Done
Bootstrapping complete
SCC. build: 16:35:40, Jun  1 2019. Time: 16:56:44 [Apr  3 2019]
===============================================================
Input graph (directed)		 (-g=)=../graphs/Pokec.edges
Input number of trim levels	 (-t=)=1
Pivot selection			 (-p=)=0
Specify FW-BW variant		 (-m=)=1
Specify maximum workers		 (-w=)=16
Specify randwalk iterations	 (-rand=)=10
Specify trim cutoff point	 (-cutoff=)=0
Specify how often to trim	 (-steps=)=1
Print help section		 (-h=)=No
Print SCC output to file	 (-out=)=No
Name to append output file	 (-suffix=)=PivotRandom_C16_iteration10
Print timers			 (-time=)=3
Print debug information		 (-a=)=3
threads 32

Loading graph
Graph loaded
Starting
Done

Writing timer output

Writing debug output
Done
Bootstrapping complete
SCC. build: 16:35:40, Jun  1 2019. Time: 16:57:07 [Apr  3 2019]
===============================================================
Input graph (directed)		 (-g=)=../graphs/Pokec.edges
Input number of trim levels	 (-t=)=1
Pivot selection			 (-p=)=0
Specify FW-BW variant		 (-m=)=1
Specify maximum workers		 (-w=)=24
Specify randwalk iterations	 (-rand=)=10
Specify trim cutoff point	 (-cutoff=)=0
Specify how often to trim	 (-steps=)=1
Print help section		 (-h=)=No
Print SCC output to file	 (-out=)=No
Name to append output file	 (-suffix=)=PivotRandom_C24_iteration1
Print timers			 (-time=)=3
Print debug information		 (-a=)=3
threads 32

Loading graph
Graph loaded
Starting
Done

Writing timer output

Writing debug output
Done
Bootstrapping complete
SCC. build: 16:35:40, Jun  1 2019. Time: 16:57:30 [Apr  3 2019]
===============================================================
Input graph (directed)		 (-g=)=../graphs/Pokec.edges
Input number of trim levels	 (-t=)=1
Pivot selection			 (-p=)=0
Specify FW-BW variant		 (-m=)=1
Specify maximum workers		 (-w=)=24
Specify randwalk iterations	 (-rand=)=10
Specify trim cutoff point	 (-cutoff=)=0
Specify how often to trim	 (-steps=)=1
Print help section		 (-h=)=No
Print SCC output to file	 (-out=)=No
Name to append output file	 (-suffix=)=PivotRandom_C24_iteration2
Print timers			 (-time=)=3
Print debug information		 (-a=)=3
threads 32

Loading graph
Graph loaded
Starting
Done

Writing timer output

Writing debug output
Done
Bootstrapping complete
SCC. build: 16:35:40, Jun  1 2019. Time: 16:57:53 [Apr  3 2019]
===============================================================
Input graph (directed)		 (-g=)=../graphs/Pokec.edges
Input number of trim levels	 (-t=)=1
Pivot selection			 (-p=)=0
Specify FW-BW variant		 (-m=)=1
Specify maximum workers		 (-w=)=24
Specify randwalk iterations	 (-rand=)=10
Specify trim cutoff point	 (-cutoff=)=0
Specify how often to trim	 (-steps=)=1
Print help section		 (-h=)=No
Print SCC output to file	 (-out=)=No
Name to append output file	 (-suffix=)=PivotRandom_C24_iteration3
Print timers			 (-time=)=3
Print debug information		 (-a=)=3
threads 32

Loading graph
Graph loaded
Starting
Done

Writing timer output

Writing debug output
Done
Bootstrapping complete
SCC. build: 16:35:40, Jun  1 2019. Time: 16:58:14 [Apr  3 2019]
===============================================================
Input graph (directed)		 (-g=)=../graphs/Pokec.edges
Input number of trim levels	 (-t=)=1
Pivot selection			 (-p=)=0
Specify FW-BW variant		 (-m=)=1
Specify maximum workers		 (-w=)=24
Specify randwalk iterations	 (-rand=)=10
Specify trim cutoff point	 (-cutoff=)=0
Specify how often to trim	 (-steps=)=1
Print help section		 (-h=)=No
Print SCC output to file	 (-out=)=No
Name to append output file	 (-suffix=)=PivotRandom_C24_iteration4
Print timers			 (-time=)=3
Print debug information		 (-a=)=3
threads 32

Loading graph
Graph loaded
Starting
Done

Writing timer output

Writing debug output
Done
Bootstrapping complete
SCC. build: 16:35:40, Jun  1 2019. Time: 16:58:37 [Apr  3 2019]
===============================================================
Input graph (directed)		 (-g=)=../graphs/Pokec.edges
Input number of trim levels	 (-t=)=1
Pivot selection			 (-p=)=0
Specify FW-BW variant		 (-m=)=1
Specify maximum workers		 (-w=)=24
Specify randwalk iterations	 (-rand=)=10
Specify trim cutoff point	 (-cutoff=)=0
Specify how often to trim	 (-steps=)=1
Print help section		 (-h=)=No
Print SCC output to file	 (-out=)=No
Name to append output file	 (-suffix=)=PivotRandom_C24_iteration5
Print timers			 (-time=)=3
Print debug information		 (-a=)=3
threads 32

Loading graph
Graph loaded
Starting
Done

Writing timer output

Writing debug output
Done
Bootstrapping complete
SCC. build: 16:35:40, Jun  1 2019. Time: 16:58:59 [Apr  3 2019]
===============================================================
Input graph (directed)		 (-g=)=../graphs/Pokec.edges
Input number of trim levels	 (-t=)=1
Pivot selection			 (-p=)=0
Specify FW-BW variant		 (-m=)=1
Specify maximum workers		 (-w=)=24
Specify randwalk iterations	 (-rand=)=10
Specify trim cutoff point	 (-cutoff=)=0
Specify how often to trim	 (-steps=)=1
Print help section		 (-h=)=No
Print SCC output to file	 (-out=)=No
Name to append output file	 (-suffix=)=PivotRandom_C24_iteration6
Print timers			 (-time=)=3
Print debug information		 (-a=)=3
threads 32

Loading graph
Graph loaded
Starting
Done

Writing timer output

Writing debug output
Done
Bootstrapping complete
SCC. build: 16:35:40, Jun  1 2019. Time: 16:59:21 [Apr  3 2019]
===============================================================
Input graph (directed)		 (-g=)=../graphs/Pokec.edges
Input number of trim levels	 (-t=)=1
Pivot selection			 (-p=)=0
Specify FW-BW variant		 (-m=)=1
Specify maximum workers		 (-w=)=24
Specify randwalk iterations	 (-rand=)=10
Specify trim cutoff point	 (-cutoff=)=0
Specify how often to trim	 (-steps=)=1
Print help section		 (-h=)=No
Print SCC output to file	 (-out=)=No
Name to append output file	 (-suffix=)=PivotRandom_C24_iteration7
Print timers			 (-time=)=3
Print debug information		 (-a=)=3
threads 32

Loading graph
Graph loaded
Starting
Done

Writing timer output

Writing debug output
Done
Bootstrapping complete
SCC. build: 16:35:40, Jun  1 2019. Time: 16:59:45 [Apr  3 2019]
===============================================================
Input graph (directed)		 (-g=)=../graphs/Pokec.edges
Input number of trim levels	 (-t=)=1
Pivot selection			 (-p=)=0
Specify FW-BW variant		 (-m=)=1
Specify maximum workers		 (-w=)=24
Specify randwalk iterations	 (-rand=)=10
Specify trim cutoff point	 (-cutoff=)=0
Specify how often to trim	 (-steps=)=1
Print help section		 (-h=)=No
Print SCC output to file	 (-out=)=No
Name to append output file	 (-suffix=)=PivotRandom_C24_iteration8
Print timers			 (-time=)=3
Print debug information		 (-a=)=3
threads 32

Loading graph
Graph loaded
Starting
Done

Writing timer output

Writing debug output
Done
Bootstrapping complete
SCC. build: 16:35:40, Jun  1 2019. Time: 17:00:10 [Apr  3 2019]
===============================================================
Input graph (directed)		 (-g=)=../graphs/Pokec.edges
Input number of trim levels	 (-t=)=1
Pivot selection			 (-p=)=0
Specify FW-BW variant		 (-m=)=1
Specify maximum workers		 (-w=)=24
Specify randwalk iterations	 (-rand=)=10
Specify trim cutoff point	 (-cutoff=)=0
Specify how often to trim	 (-steps=)=1
Print help section		 (-h=)=No
Print SCC output to file	 (-out=)=No
Name to append output file	 (-suffix=)=PivotRandom_C24_iteration9
Print timers			 (-time=)=3
Print debug information		 (-a=)=3
threads 32

Loading graph
Graph loaded
Starting
Done

Writing timer output

Writing debug output
Done
Bootstrapping complete
SCC. build: 16:35:40, Jun  1 2019. Time: 17:00:32 [Apr  3 2019]
===============================================================
Input graph (directed)		 (-g=)=../graphs/Pokec.edges
Input number of trim levels	 (-t=)=1
Pivot selection			 (-p=)=0
Specify FW-BW variant		 (-m=)=1
Specify maximum workers		 (-w=)=24
Specify randwalk iterations	 (-rand=)=10
Specify trim cutoff point	 (-cutoff=)=0
Specify how often to trim	 (-steps=)=1
Print help section		 (-h=)=No
Print SCC output to file	 (-out=)=No
Name to append output file	 (-suffix=)=PivotRandom_C24_iteration10
Print timers			 (-time=)=3
Print debug information		 (-a=)=3
threads 32

Loading graph
Graph loaded
Starting
Done

Writing timer output

Writing debug output
Done
Bootstrapping complete
SCC. build: 16:35:40, Jun  1 2019. Time: 17:00:57 [Apr  3 2019]
===============================================================
Input graph (directed)		 (-g=)=../graphs/Pokec.edges
Input number of trim levels	 (-t=)=1
Pivot selection			 (-p=)=0
Specify FW-BW variant		 (-m=)=1
Specify maximum workers		 (-w=)=32
Specify randwalk iterations	 (-rand=)=10
Specify trim cutoff point	 (-cutoff=)=0
Specify how often to trim	 (-steps=)=1
Print help section		 (-h=)=No
Print SCC output to file	 (-out=)=No
Name to append output file	 (-suffix=)=PivotRandom_C32_iteration1
Print timers			 (-time=)=3
Print debug information		 (-a=)=3
threads 32

Loading graph
Graph loaded
Starting
Done

Writing timer output

Writing debug output
Done
Bootstrapping complete
SCC. build: 16:35:40, Jun  1 2019. Time: 17:01:57 [Apr  3 2019]
===============================================================
Input graph (directed)		 (-g=)=../graphs/Pokec.edges
Input number of trim levels	 (-t=)=1
Pivot selection			 (-p=)=0
Specify FW-BW variant		 (-m=)=1
Specify maximum workers		 (-w=)=32
Specify randwalk iterations	 (-rand=)=10
Specify trim cutoff point	 (-cutoff=)=0
Specify how often to trim	 (-steps=)=1
Print help section		 (-h=)=No
Print SCC output to file	 (-out=)=No
Name to append output file	 (-suffix=)=PivotRandom_C32_iteration2
Print timers			 (-time=)=3
Print debug information		 (-a=)=3
threads 32

Loading graph
Graph loaded
Starting
Done

Writing timer output

Writing debug output
Done
Bootstrapping complete
SCC. build: 16:35:40, Jun  1 2019. Time: 17:02:57 [Apr  3 2019]
===============================================================
Input graph (directed)		 (-g=)=../graphs/Pokec.edges
Input number of trim levels	 (-t=)=1
Pivot selection			 (-p=)=0
Specify FW-BW variant		 (-m=)=1
Specify maximum workers		 (-w=)=32
Specify randwalk iterations	 (-rand=)=10
Specify trim cutoff point	 (-cutoff=)=0
Specify how often to trim	 (-steps=)=1
Print help section		 (-h=)=No
Print SCC output to file	 (-out=)=No
Name to append output file	 (-suffix=)=PivotRandom_C32_iteration3
Print timers			 (-time=)=3
Print debug information		 (-a=)=3
threads 32

Loading graph
Graph loaded
Starting
Done

Writing timer output

Writing debug output
Done
Bootstrapping complete
SCC. build: 16:35:40, Jun  1 2019. Time: 17:03:58 [Apr  3 2019]
===============================================================
Input graph (directed)		 (-g=)=../graphs/Pokec.edges
Input number of trim levels	 (-t=)=1
Pivot selection			 (-p=)=0
Specify FW-BW variant		 (-m=)=1
Specify maximum workers		 (-w=)=32
Specify randwalk iterations	 (-rand=)=10
Specify trim cutoff point	 (-cutoff=)=0
Specify how often to trim	 (-steps=)=1
Print help section		 (-h=)=No
Print SCC output to file	 (-out=)=No
Name to append output file	 (-suffix=)=PivotRandom_C32_iteration4
Print timers			 (-time=)=3
Print debug information		 (-a=)=3
threads 32

Loading graph
Graph loaded
Starting
Done

Writing timer output

Writing debug output
Done
Bootstrapping complete
SCC. build: 16:35:40, Jun  1 2019. Time: 17:04:59 [Apr  3 2019]
===============================================================
Input graph (directed)		 (-g=)=../graphs/Pokec.edges
Input number of trim levels	 (-t=)=1
Pivot selection			 (-p=)=0
Specify FW-BW variant		 (-m=)=1
Specify maximum workers		 (-w=)=32
Specify randwalk iterations	 (-rand=)=10
Specify trim cutoff point	 (-cutoff=)=0
Specify how often to trim	 (-steps=)=1
Print help section		 (-h=)=No
Print SCC output to file	 (-out=)=No
Name to append output file	 (-suffix=)=PivotRandom_C32_iteration5
Print timers			 (-time=)=3
Print debug information		 (-a=)=3
threads 32

Loading graph
Graph loaded
Starting
Done

Writing timer output

Writing debug output
Done
Bootstrapping complete
SCC. build: 16:35:40, Jun  1 2019. Time: 17:06:00 [Apr  3 2019]
===============================================================
Input graph (directed)		 (-g=)=../graphs/Pokec.edges
Input number of trim levels	 (-t=)=1
Pivot selection			 (-p=)=0
Specify FW-BW variant		 (-m=)=1
Specify maximum workers		 (-w=)=32
Specify randwalk iterations	 (-rand=)=10
Specify trim cutoff point	 (-cutoff=)=0
Specify how often to trim	 (-steps=)=1
Print help section		 (-h=)=No
Print SCC output to file	 (-out=)=No
Name to append output file	 (-suffix=)=PivotRandom_C32_iteration6
Print timers			 (-time=)=3
Print debug information		 (-a=)=3
threads 32

Loading graph
Graph loaded
Starting
Done

Writing timer output

Writing debug output
Done
Bootstrapping complete
SCC. build: 16:35:40, Jun  1 2019. Time: 17:07:01 [Apr  3 2019]
===============================================================
Input graph (directed)		 (-g=)=../graphs/Pokec.edges
Input number of trim levels	 (-t=)=1
Pivot selection			 (-p=)=0
Specify FW-BW variant		 (-m=)=1
Specify maximum workers		 (-w=)=32
Specify randwalk iterations	 (-rand=)=10
Specify trim cutoff point	 (-cutoff=)=0
Specify how often to trim	 (-steps=)=1
Print help section		 (-h=)=No
Print SCC output to file	 (-out=)=No
Name to append output file	 (-suffix=)=PivotRandom_C32_iteration7
Print timers			 (-time=)=3
Print debug information		 (-a=)=3
threads 32

Loading graph
Graph loaded
Starting
Done

Writing timer output

Writing debug output
Done
Bootstrapping complete
SCC. build: 16:35:40, Jun  1 2019. Time: 17:07:21 [Apr  3 2019]
===============================================================
Input graph (directed)		 (-g=)=../graphs/Pokec.edges
Input number of trim levels	 (-t=)=1
Pivot selection			 (-p=)=0
Specify FW-BW variant		 (-m=)=1
Specify maximum workers		 (-w=)=32
Specify randwalk iterations	 (-rand=)=10
Specify trim cutoff point	 (-cutoff=)=0
Specify how often to trim	 (-steps=)=1
Print help section		 (-h=)=No
Print SCC output to file	 (-out=)=No
Name to append output file	 (-suffix=)=PivotRandom_C32_iteration8
Print timers			 (-time=)=3
Print debug information		 (-a=)=3
threads 32

Loading graph
Graph loaded
Starting
Done

Writing timer output

Writing debug output
Done
Bootstrapping complete
SCC. build: 16:35:40, Jun  1 2019. Time: 17:07:45 [Apr  3 2019]
===============================================================
Input graph (directed)		 (-g=)=../graphs/Pokec.edges
Input number of trim levels	 (-t=)=1
Pivot selection			 (-p=)=0
Specify FW-BW variant		 (-m=)=1
Specify maximum workers		 (-w=)=32
Specify randwalk iterations	 (-rand=)=10
Specify trim cutoff point	 (-cutoff=)=0
Specify how often to trim	 (-steps=)=1
Print help section		 (-h=)=No
Print SCC output to file	 (-out=)=No
Name to append output file	 (-suffix=)=PivotRandom_C32_iteration9
Print timers			 (-time=)=3
Print debug information		 (-a=)=3
threads 32

Loading graph
Graph loaded
Starting
Done

Writing timer output

Writing debug output
Done
Bootstrapping complete
SCC. build: 16:35:40, Jun  1 2019. Time: 17:08:47 [Apr  3 2019]
===============================================================
Input graph (directed)		 (-g=)=../graphs/Pokec.edges
Input number of trim levels	 (-t=)=1
Pivot selection			 (-p=)=0
Specify FW-BW variant		 (-m=)=1
Specify maximum workers		 (-w=)=32
Specify randwalk iterations	 (-rand=)=10
Specify trim cutoff point	 (-cutoff=)=0
Specify how often to trim	 (-steps=)=1
Print help section		 (-h=)=No
Print SCC output to file	 (-out=)=No
Name to append output file	 (-suffix=)=PivotRandom_C32_iteration10
Print timers			 (-time=)=3
Print debug information		 (-a=)=3
threads 32

Loading graph
Graph loaded
Starting
Done

Writing timer output

Writing debug output
Done
