Bootstrapping complete
SCC. build: 20:18:54, May 31 2019. Time: 22:15:45 [Apr  3 2019]
===============================================================
Input graph (directed)		 (-g=)=../graphs/Stanford.edges
Input number of trim levels	 (-t=)=0
Pivot selection			 (-p=)=2
Specify FW-BW variant		 (-m=)=1
Specify maximum workers		 (-w=)=1
Specify randwalk iterations	 (-rand=)=10
Specify trim cutoff point	 (-cutoff=)=0
Specify how often to trim	 (-steps=)=1
Print help section		 (-h=)=No
Print SCC output to file	 (-out=)=No
Name to append output file	 (-suffix=)=PivotMaxDeg_Col_C1_iteration1
Print timers			 (-time=)=3
Print debug information		 (-a=)=3
threads 32
Loading graph
Graph loaded
Starting
Done

Writing timer output

Writing debug output
Done
Bootstrapping complete
SCC. build: 20:18:54, May 31 2019. Time: 22:17:42 [Apr  3 2019]
===============================================================
Input graph (directed)		 (-g=)=../graphs/Stanford.edges
Input number of trim levels	 (-t=)=0
Pivot selection			 (-p=)=2
Specify FW-BW variant		 (-m=)=1
Specify maximum workers		 (-w=)=1
Specify randwalk iterations	 (-rand=)=10
Specify trim cutoff point	 (-cutoff=)=0
Specify how often to trim	 (-steps=)=1
Print help section		 (-h=)=No
Print SCC output to file	 (-out=)=No
Name to append output file	 (-suffix=)=PivotMaxDeg_Col_C1_iteration2
Print timers			 (-time=)=3
Print debug information		 (-a=)=3
threads 32
Loading graph
Graph loaded
Starting
Done

Writing timer output

Writing debug output
Done
Bootstrapping complete
SCC. build: 20:18:54, May 31 2019. Time: 22:19:35 [Apr  3 2019]
===============================================================
Input graph (directed)		 (-g=)=../graphs/Stanford.edges
Input number of trim levels	 (-t=)=0
Pivot selection			 (-p=)=2
Specify FW-BW variant		 (-m=)=1
Specify maximum workers		 (-w=)=1
Specify randwalk iterations	 (-rand=)=10
Specify trim cutoff point	 (-cutoff=)=0
Specify how often to trim	 (-steps=)=1
Print help section		 (-h=)=No
Print SCC output to file	 (-out=)=No
Name to append output file	 (-suffix=)=PivotMaxDeg_Col_C1_iteration3
Print timers			 (-time=)=3
Print debug information		 (-a=)=3
threads 32
Loading graph
Graph loaded
Starting
Done

Writing timer output

Writing debug output
Done
Bootstrapping complete
SCC. build: 20:18:54, May 31 2019. Time: 22:21:29 [Apr  3 2019]
===============================================================
Input graph (directed)		 (-g=)=../graphs/Stanford.edges
Input number of trim levels	 (-t=)=0
Pivot selection			 (-p=)=2
Specify FW-BW variant		 (-m=)=1
Specify maximum workers		 (-w=)=1
Specify randwalk iterations	 (-rand=)=10
Specify trim cutoff point	 (-cutoff=)=0
Specify how often to trim	 (-steps=)=1
Print help section		 (-h=)=No
Print SCC output to file	 (-out=)=No
Name to append output file	 (-suffix=)=PivotMaxDeg_Col_C1_iteration4
Print timers			 (-time=)=3
Print debug information		 (-a=)=3
threads 32
Loading graph
Graph loaded
Starting
Done

Writing timer output

Writing debug output
Done
Bootstrapping complete
SCC. build: 20:18:54, May 31 2019. Time: 22:23:24 [Apr  3 2019]
===============================================================
Input graph (directed)		 (-g=)=../graphs/Stanford.edges
Input number of trim levels	 (-t=)=0
Pivot selection			 (-p=)=2
Specify FW-BW variant		 (-m=)=1
Specify maximum workers		 (-w=)=1
Specify randwalk iterations	 (-rand=)=10
Specify trim cutoff point	 (-cutoff=)=0
Specify how often to trim	 (-steps=)=1
Print help section		 (-h=)=No
Print SCC output to file	 (-out=)=No
Name to append output file	 (-suffix=)=PivotMaxDeg_Col_C1_iteration5
Print timers			 (-time=)=3
Print debug information		 (-a=)=3
threads 32
Loading graph
Graph loaded
Starting
Done

Writing timer output

Writing debug output
Done
Bootstrapping complete
SCC. build: 20:18:54, May 31 2019. Time: 22:25:17 [Apr  3 2019]
===============================================================
Input graph (directed)		 (-g=)=../graphs/Stanford.edges
Input number of trim levels	 (-t=)=0
Pivot selection			 (-p=)=2
Specify FW-BW variant		 (-m=)=1
Specify maximum workers		 (-w=)=1
Specify randwalk iterations	 (-rand=)=10
Specify trim cutoff point	 (-cutoff=)=0
Specify how often to trim	 (-steps=)=1
Print help section		 (-h=)=No
Print SCC output to file	 (-out=)=No
Name to append output file	 (-suffix=)=PivotMaxDeg_Col_C1_iteration6
Print timers			 (-time=)=3
Print debug information		 (-a=)=3
threads 32
Loading graph
Graph loaded
Starting
Done

Writing timer output

Writing debug output
Done
Bootstrapping complete
SCC. build: 20:18:54, May 31 2019. Time: 22:27:10 [Apr  3 2019]
===============================================================
Input graph (directed)		 (-g=)=../graphs/Stanford.edges
Input number of trim levels	 (-t=)=0
Pivot selection			 (-p=)=2
Specify FW-BW variant		 (-m=)=1
Specify maximum workers		 (-w=)=1
Specify randwalk iterations	 (-rand=)=10
Specify trim cutoff point	 (-cutoff=)=0
Specify how often to trim	 (-steps=)=1
Print help section		 (-h=)=No
Print SCC output to file	 (-out=)=No
Name to append output file	 (-suffix=)=PivotMaxDeg_Col_C1_iteration7
Print timers			 (-time=)=3
Print debug information		 (-a=)=3
threads 32
Loading graph
Graph loaded
Starting
Done

Writing timer output

Writing debug output
Done
Bootstrapping complete
SCC. build: 20:18:54, May 31 2019. Time: 22:29:05 [Apr  3 2019]
===============================================================
Input graph (directed)		 (-g=)=../graphs/Stanford.edges
Input number of trim levels	 (-t=)=0
Pivot selection			 (-p=)=2
Specify FW-BW variant		 (-m=)=1
Specify maximum workers		 (-w=)=1
Specify randwalk iterations	 (-rand=)=10
Specify trim cutoff point	 (-cutoff=)=0
Specify how often to trim	 (-steps=)=1
Print help section		 (-h=)=No
Print SCC output to file	 (-out=)=No
Name to append output file	 (-suffix=)=PivotMaxDeg_Col_C1_iteration8
Print timers			 (-time=)=3
Print debug information		 (-a=)=3
threads 32
Loading graph
Graph loaded
Starting
Done

Writing timer output

Writing debug output
Done
Bootstrapping complete
SCC. build: 20:18:54, May 31 2019. Time: 22:31:01 [Apr  3 2019]
===============================================================
Input graph (directed)		 (-g=)=../graphs/Stanford.edges
Input number of trim levels	 (-t=)=0
Pivot selection			 (-p=)=2
Specify FW-BW variant		 (-m=)=1
Specify maximum workers		 (-w=)=1
Specify randwalk iterations	 (-rand=)=10
Specify trim cutoff point	 (-cutoff=)=0
Specify how often to trim	 (-steps=)=1
Print help section		 (-h=)=No
Print SCC output to file	 (-out=)=No
Name to append output file	 (-suffix=)=PivotMaxDeg_Col_C1_iteration9
Print timers			 (-time=)=3
Print debug information		 (-a=)=3
threads 32
Loading graph
Graph loaded
Starting
Done

Writing timer output

Writing debug output
Done
Bootstrapping complete
SCC. build: 20:18:54, May 31 2019. Time: 22:32:56 [Apr  3 2019]
===============================================================
Input graph (directed)		 (-g=)=../graphs/Stanford.edges
Input number of trim levels	 (-t=)=0
Pivot selection			 (-p=)=2
Specify FW-BW variant		 (-m=)=1
Specify maximum workers		 (-w=)=1
Specify randwalk iterations	 (-rand=)=10
Specify trim cutoff point	 (-cutoff=)=0
Specify how often to trim	 (-steps=)=1
Print help section		 (-h=)=No
Print SCC output to file	 (-out=)=No
Name to append output file	 (-suffix=)=PivotMaxDeg_Col_C1_iteration10
Print timers			 (-time=)=3
Print debug information		 (-a=)=3
threads 32
Loading graph
Graph loaded
Starting
Done

Writing timer output

Writing debug output
Done
Bootstrapping complete
SCC. build: 20:18:54, May 31 2019. Time: 22:34:50 [Apr  3 2019]
===============================================================
Input graph (directed)		 (-g=)=../graphs/Stanford.edges
Input number of trim levels	 (-t=)=0
Pivot selection			 (-p=)=2
Specify FW-BW variant		 (-m=)=1
Specify maximum workers		 (-w=)=2
Specify randwalk iterations	 (-rand=)=10
Specify trim cutoff point	 (-cutoff=)=0
Specify how often to trim	 (-steps=)=1
Print help section		 (-h=)=No
Print SCC output to file	 (-out=)=No
Name to append output file	 (-suffix=)=PivotMaxDeg_Col_C2_iteration1
Print timers			 (-time=)=3
Print debug information		 (-a=)=3
threads 32
Loading graph
Graph loaded
Starting
Done

Writing timer output

Writing debug output
Done
Bootstrapping complete
SCC. build: 20:18:54, May 31 2019. Time: 22:36:00 [Apr  3 2019]
===============================================================
Input graph (directed)		 (-g=)=../graphs/Stanford.edges
Input number of trim levels	 (-t=)=0
Pivot selection			 (-p=)=2
Specify FW-BW variant		 (-m=)=1
Specify maximum workers		 (-w=)=2
Specify randwalk iterations	 (-rand=)=10
Specify trim cutoff point	 (-cutoff=)=0
Specify how often to trim	 (-steps=)=1
Print help section		 (-h=)=No
Print SCC output to file	 (-out=)=No
Name to append output file	 (-suffix=)=PivotMaxDeg_Col_C2_iteration2
Print timers			 (-time=)=3
Print debug information		 (-a=)=3
threads 32
Loading graph
Graph loaded
Starting
Done

Writing timer output

Writing debug output
Done
Bootstrapping complete
SCC. build: 20:18:54, May 31 2019. Time: 22:37:09 [Apr  3 2019]
===============================================================
Input graph (directed)		 (-g=)=../graphs/Stanford.edges
Input number of trim levels	 (-t=)=0
Pivot selection			 (-p=)=2
Specify FW-BW variant		 (-m=)=1
Specify maximum workers		 (-w=)=2
Specify randwalk iterations	 (-rand=)=10
Specify trim cutoff point	 (-cutoff=)=0
Specify how often to trim	 (-steps=)=1
Print help section		 (-h=)=No
Print SCC output to file	 (-out=)=No
Name to append output file	 (-suffix=)=PivotMaxDeg_Col_C2_iteration3
Print timers			 (-time=)=3
Print debug information		 (-a=)=3
threads 32
Loading graph
Graph loaded
Starting
Done

Writing timer output

Writing debug output
Done
Bootstrapping complete
SCC. build: 20:18:54, May 31 2019. Time: 22:38:19 [Apr  3 2019]
===============================================================
Input graph (directed)		 (-g=)=../graphs/Stanford.edges
Input number of trim levels	 (-t=)=0
Pivot selection			 (-p=)=2
Specify FW-BW variant		 (-m=)=1
Specify maximum workers		 (-w=)=2
Specify randwalk iterations	 (-rand=)=10
Specify trim cutoff point	 (-cutoff=)=0
Specify how often to trim	 (-steps=)=1
Print help section		 (-h=)=No
Print SCC output to file	 (-out=)=No
Name to append output file	 (-suffix=)=PivotMaxDeg_Col_C2_iteration4
Print timers			 (-time=)=3
Print debug information		 (-a=)=3
threads 32
Loading graph
Graph loaded
Starting
Done

Writing timer output

Writing debug output
Done
Bootstrapping complete
SCC. build: 20:18:54, May 31 2019. Time: 22:39:29 [Apr  3 2019]
===============================================================
Input graph (directed)		 (-g=)=../graphs/Stanford.edges
Input number of trim levels	 (-t=)=0
Pivot selection			 (-p=)=2
Specify FW-BW variant		 (-m=)=1
Specify maximum workers		 (-w=)=2
Specify randwalk iterations	 (-rand=)=10
Specify trim cutoff point	 (-cutoff=)=0
Specify how often to trim	 (-steps=)=1
Print help section		 (-h=)=No
Print SCC output to file	 (-out=)=No
Name to append output file	 (-suffix=)=PivotMaxDeg_Col_C2_iteration5
Print timers			 (-time=)=3
Print debug information		 (-a=)=3
threads 32
Loading graph
Graph loaded
Starting
Done

Writing timer output

Writing debug output
Done
Bootstrapping complete
SCC. build: 20:18:54, May 31 2019. Time: 22:40:37 [Apr  3 2019]
===============================================================
Input graph (directed)		 (-g=)=../graphs/Stanford.edges
Input number of trim levels	 (-t=)=0
Pivot selection			 (-p=)=2
Specify FW-BW variant		 (-m=)=1
Specify maximum workers		 (-w=)=2
Specify randwalk iterations	 (-rand=)=10
Specify trim cutoff point	 (-cutoff=)=0
Specify how often to trim	 (-steps=)=1
Print help section		 (-h=)=No
Print SCC output to file	 (-out=)=No
Name to append output file	 (-suffix=)=PivotMaxDeg_Col_C2_iteration6
Print timers			 (-time=)=3
Print debug information		 (-a=)=3
threads 32
Loading graph
Graph loaded
Starting
Done

Writing timer output

Writing debug output
Done
Bootstrapping complete
SCC. build: 20:18:54, May 31 2019. Time: 22:41:56 [Apr  3 2019]
===============================================================
Input graph (directed)		 (-g=)=../graphs/Stanford.edges
Input number of trim levels	 (-t=)=0
Pivot selection			 (-p=)=2
Specify FW-BW variant		 (-m=)=1
Specify maximum workers		 (-w=)=2
Specify randwalk iterations	 (-rand=)=10
Specify trim cutoff point	 (-cutoff=)=0
Specify how often to trim	 (-steps=)=1
Print help section		 (-h=)=No
Print SCC output to file	 (-out=)=No
Name to append output file	 (-suffix=)=PivotMaxDeg_Col_C2_iteration7
Print timers			 (-time=)=3
Print debug information		 (-a=)=3
threads 32
Loading graph
Graph loaded
Starting
Done

Writing timer output

Writing debug output
Done
Bootstrapping complete
SCC. build: 20:18:54, May 31 2019. Time: 22:43:04 [Apr  3 2019]
===============================================================
Input graph (directed)		 (-g=)=../graphs/Stanford.edges
Input number of trim levels	 (-t=)=0
Pivot selection			 (-p=)=2
Specify FW-BW variant		 (-m=)=1
Specify maximum workers		 (-w=)=2
Specify randwalk iterations	 (-rand=)=10
Specify trim cutoff point	 (-cutoff=)=0
Specify how often to trim	 (-steps=)=1
Print help section		 (-h=)=No
Print SCC output to file	 (-out=)=No
Name to append output file	 (-suffix=)=PivotMaxDeg_Col_C2_iteration8
Print timers			 (-time=)=3
Print debug information		 (-a=)=3
threads 32
Loading graph
Graph loaded
Starting
Done

Writing timer output

Writing debug output
Done
Bootstrapping complete
SCC. build: 20:18:54, May 31 2019. Time: 22:44:12 [Apr  3 2019]
===============================================================
Input graph (directed)		 (-g=)=../graphs/Stanford.edges
Input number of trim levels	 (-t=)=0
Pivot selection			 (-p=)=2
Specify FW-BW variant		 (-m=)=1
Specify maximum workers		 (-w=)=2
Specify randwalk iterations	 (-rand=)=10
Specify trim cutoff point	 (-cutoff=)=0
Specify how often to trim	 (-steps=)=1
Print help section		 (-h=)=No
Print SCC output to file	 (-out=)=No
Name to append output file	 (-suffix=)=PivotMaxDeg_Col_C2_iteration9
Print timers			 (-time=)=3
Print debug information		 (-a=)=3
threads 32
Loading graph
Graph loaded
Starting
Done

Writing timer output

Writing debug output
Done
Bootstrapping complete
SCC. build: 20:18:54, May 31 2019. Time: 22:45:21 [Apr  3 2019]
===============================================================
Input graph (directed)		 (-g=)=../graphs/Stanford.edges
Input number of trim levels	 (-t=)=0
Pivot selection			 (-p=)=2
Specify FW-BW variant		 (-m=)=1
Specify maximum workers		 (-w=)=2
Specify randwalk iterations	 (-rand=)=10
Specify trim cutoff point	 (-cutoff=)=0
Specify how often to trim	 (-steps=)=1
Print help section		 (-h=)=No
Print SCC output to file	 (-out=)=No
Name to append output file	 (-suffix=)=PivotMaxDeg_Col_C2_iteration10
Print timers			 (-time=)=3
Print debug information		 (-a=)=3
threads 32
Loading graph
Graph loaded
Starting
Done

Writing timer output

Writing debug output
Done
Bootstrapping complete
SCC. build: 20:18:54, May 31 2019. Time: 22:46:31 [Apr  3 2019]
===============================================================
Input graph (directed)		 (-g=)=../graphs/Stanford.edges
Input number of trim levels	 (-t=)=0
Pivot selection			 (-p=)=2
Specify FW-BW variant		 (-m=)=1
Specify maximum workers		 (-w=)=4
Specify randwalk iterations	 (-rand=)=10
Specify trim cutoff point	 (-cutoff=)=0
Specify how often to trim	 (-steps=)=1
Print help section		 (-h=)=No
Print SCC output to file	 (-out=)=No
Name to append output file	 (-suffix=)=PivotMaxDeg_Col_C4_iteration1
Print timers			 (-time=)=3
Print debug information		 (-a=)=3
threads 32
Loading graph
Graph loaded
Starting
Done

Writing timer output

Writing debug output
Done
Bootstrapping complete
SCC. build: 20:18:54, May 31 2019. Time: 22:47:28 [Apr  3 2019]
===============================================================
Input graph (directed)		 (-g=)=../graphs/Stanford.edges
Input number of trim levels	 (-t=)=0
Pivot selection			 (-p=)=2
Specify FW-BW variant		 (-m=)=1
Specify maximum workers		 (-w=)=4
Specify randwalk iterations	 (-rand=)=10
Specify trim cutoff point	 (-cutoff=)=0
Specify how often to trim	 (-steps=)=1
Print help section		 (-h=)=No
Print SCC output to file	 (-out=)=No
Name to append output file	 (-suffix=)=PivotMaxDeg_Col_C4_iteration2
Print timers			 (-time=)=3
Print debug information		 (-a=)=3
threads 32
Loading graph
Graph loaded
Starting
Done

Writing timer output

Writing debug output
Done
Bootstrapping complete
SCC. build: 20:18:54, May 31 2019. Time: 22:48:24 [Apr  3 2019]
===============================================================
Input graph (directed)		 (-g=)=../graphs/Stanford.edges
Input number of trim levels	 (-t=)=0
Pivot selection			 (-p=)=2
Specify FW-BW variant		 (-m=)=1
Specify maximum workers		 (-w=)=4
Specify randwalk iterations	 (-rand=)=10
Specify trim cutoff point	 (-cutoff=)=0
Specify how often to trim	 (-steps=)=1
Print help section		 (-h=)=No
Print SCC output to file	 (-out=)=No
Name to append output file	 (-suffix=)=PivotMaxDeg_Col_C4_iteration3
Print timers			 (-time=)=3
Print debug information		 (-a=)=3
threads 32
Loading graph
Graph loaded
Starting
Done

Writing timer output

Writing debug output
Done
Bootstrapping complete
SCC. build: 20:18:54, May 31 2019. Time: 22:49:22 [Apr  3 2019]
===============================================================
Input graph (directed)		 (-g=)=../graphs/Stanford.edges
Input number of trim levels	 (-t=)=0
Pivot selection			 (-p=)=2
Specify FW-BW variant		 (-m=)=1
Specify maximum workers		 (-w=)=4
Specify randwalk iterations	 (-rand=)=10
Specify trim cutoff point	 (-cutoff=)=0
Specify how often to trim	 (-steps=)=1
Print help section		 (-h=)=No
Print SCC output to file	 (-out=)=No
Name to append output file	 (-suffix=)=PivotMaxDeg_Col_C4_iteration4
Print timers			 (-time=)=3
Print debug information		 (-a=)=3
threads 32
Loading graph
Graph loaded
Starting
Done

Writing timer output

Writing debug output
Done
Bootstrapping complete
SCC. build: 20:18:54, May 31 2019. Time: 22:50:20 [Apr  3 2019]
===============================================================
Input graph (directed)		 (-g=)=../graphs/Stanford.edges
Input number of trim levels	 (-t=)=0
Pivot selection			 (-p=)=2
Specify FW-BW variant		 (-m=)=1
Specify maximum workers		 (-w=)=4
Specify randwalk iterations	 (-rand=)=10
Specify trim cutoff point	 (-cutoff=)=0
Specify how often to trim	 (-steps=)=1
Print help section		 (-h=)=No
Print SCC output to file	 (-out=)=No
Name to append output file	 (-suffix=)=PivotMaxDeg_Col_C4_iteration5
Print timers			 (-time=)=3
Print debug information		 (-a=)=3
threads 32
Loading graph
Graph loaded
Starting
Done

Writing timer output

Writing debug output
Done
Bootstrapping complete
SCC. build: 20:18:54, May 31 2019. Time: 22:51:23 [Apr  3 2019]
===============================================================
Input graph (directed)		 (-g=)=../graphs/Stanford.edges
Input number of trim levels	 (-t=)=0
Pivot selection			 (-p=)=2
Specify FW-BW variant		 (-m=)=1
Specify maximum workers		 (-w=)=4
Specify randwalk iterations	 (-rand=)=10
Specify trim cutoff point	 (-cutoff=)=0
Specify how often to trim	 (-steps=)=1
Print help section		 (-h=)=No
Print SCC output to file	 (-out=)=No
Name to append output file	 (-suffix=)=PivotMaxDeg_Col_C4_iteration6
Print timers			 (-time=)=3
Print debug information		 (-a=)=3
threads 32
Loading graph
Graph loaded
Starting
Done

Writing timer output

Writing debug output
Done
Bootstrapping complete
SCC. build: 20:18:54, May 31 2019. Time: 22:52:27 [Apr  3 2019]
===============================================================
Input graph (directed)		 (-g=)=../graphs/Stanford.edges
Input number of trim levels	 (-t=)=0
Pivot selection			 (-p=)=2
Specify FW-BW variant		 (-m=)=1
Specify maximum workers		 (-w=)=4
Specify randwalk iterations	 (-rand=)=10
Specify trim cutoff point	 (-cutoff=)=0
Specify how often to trim	 (-steps=)=1
Print help section		 (-h=)=No
Print SCC output to file	 (-out=)=No
Name to append output file	 (-suffix=)=PivotMaxDeg_Col_C4_iteration7
Print timers			 (-time=)=3
Print debug information		 (-a=)=3
threads 32
Loading graph
Graph loaded
Starting
Done

Writing timer output

Writing debug output
Done
Bootstrapping complete
SCC. build: 20:18:54, May 31 2019. Time: 22:53:30 [Apr  3 2019]
===============================================================
Input graph (directed)		 (-g=)=../graphs/Stanford.edges
Input number of trim levels	 (-t=)=0
Pivot selection			 (-p=)=2
Specify FW-BW variant		 (-m=)=1
Specify maximum workers		 (-w=)=4
Specify randwalk iterations	 (-rand=)=10
Specify trim cutoff point	 (-cutoff=)=0
Specify how often to trim	 (-steps=)=1
Print help section		 (-h=)=No
Print SCC output to file	 (-out=)=No
Name to append output file	 (-suffix=)=PivotMaxDeg_Col_C4_iteration8
Print timers			 (-time=)=3
Print debug information		 (-a=)=3
threads 32
Loading graph
Graph loaded
Starting
Done

Writing timer output

Writing debug output
Done
Bootstrapping complete
SCC. build: 20:18:54, May 31 2019. Time: 22:54:33 [Apr  3 2019]
===============================================================
Input graph (directed)		 (-g=)=../graphs/Stanford.edges
Input number of trim levels	 (-t=)=0
Pivot selection			 (-p=)=2
Specify FW-BW variant		 (-m=)=1
Specify maximum workers		 (-w=)=4
Specify randwalk iterations	 (-rand=)=10
Specify trim cutoff point	 (-cutoff=)=0
Specify how often to trim	 (-steps=)=1
Print help section		 (-h=)=No
Print SCC output to file	 (-out=)=No
Name to append output file	 (-suffix=)=PivotMaxDeg_Col_C4_iteration9
Print timers			 (-time=)=3
Print debug information		 (-a=)=3
threads 32
Loading graph
Graph loaded
Starting
Done

Writing timer output

Writing debug output
Done
Bootstrapping complete
SCC. build: 20:18:54, May 31 2019. Time: 22:55:39 [Apr  3 2019]
===============================================================
Input graph (directed)		 (-g=)=../graphs/Stanford.edges
Input number of trim levels	 (-t=)=0
Pivot selection			 (-p=)=2
Specify FW-BW variant		 (-m=)=1
Specify maximum workers		 (-w=)=4
Specify randwalk iterations	 (-rand=)=10
Specify trim cutoff point	 (-cutoff=)=0
Specify how often to trim	 (-steps=)=1
Print help section		 (-h=)=No
Print SCC output to file	 (-out=)=No
Name to append output file	 (-suffix=)=PivotMaxDeg_Col_C4_iteration10
Print timers			 (-time=)=3
Print debug information		 (-a=)=3
threads 32
Loading graph
Graph loaded
Starting
Done

Writing timer output

Writing debug output
Done
Bootstrapping complete
SCC. build: 20:18:54, May 31 2019. Time: 22:56:40 [Apr  3 2019]
===============================================================
Input graph (directed)		 (-g=)=../graphs/Stanford.edges
Input number of trim levels	 (-t=)=0
Pivot selection			 (-p=)=2
Specify FW-BW variant		 (-m=)=1
Specify maximum workers		 (-w=)=8
Specify randwalk iterations	 (-rand=)=10
Specify trim cutoff point	 (-cutoff=)=0
Specify how often to trim	 (-steps=)=1
Print help section		 (-h=)=No
Print SCC output to file	 (-out=)=No
Name to append output file	 (-suffix=)=PivotMaxDeg_Col_C8_iteration1
Print timers			 (-time=)=3
Print debug information		 (-a=)=3
threads 32
Loading graph
Graph loaded
Starting
Done

Writing timer output

Writing debug output
Done
Bootstrapping complete
SCC. build: 20:18:54, May 31 2019. Time: 22:57:16 [Apr  3 2019]
===============================================================
Input graph (directed)		 (-g=)=../graphs/Stanford.edges
Input number of trim levels	 (-t=)=0
Pivot selection			 (-p=)=2
Specify FW-BW variant		 (-m=)=1
Specify maximum workers		 (-w=)=8
Specify randwalk iterations	 (-rand=)=10
Specify trim cutoff point	 (-cutoff=)=0
Specify how often to trim	 (-steps=)=1
Print help section		 (-h=)=No
Print SCC output to file	 (-out=)=No
Name to append output file	 (-suffix=)=PivotMaxDeg_Col_C8_iteration2
Print timers			 (-time=)=3
Print debug information		 (-a=)=3
threads 32
Loading graph
Graph loaded
Starting
Done

Writing timer output

Writing debug output
Done
Bootstrapping complete
SCC. build: 20:18:54, May 31 2019. Time: 22:57:56 [Apr  3 2019]
===============================================================
Input graph (directed)		 (-g=)=../graphs/Stanford.edges
Input number of trim levels	 (-t=)=0
Pivot selection			 (-p=)=2
Specify FW-BW variant		 (-m=)=1
Specify maximum workers		 (-w=)=8
Specify randwalk iterations	 (-rand=)=10
Specify trim cutoff point	 (-cutoff=)=0
Specify how often to trim	 (-steps=)=1
Print help section		 (-h=)=No
Print SCC output to file	 (-out=)=No
Name to append output file	 (-suffix=)=PivotMaxDeg_Col_C8_iteration3
Print timers			 (-time=)=3
Print debug information		 (-a=)=3
threads 32
Loading graph
Graph loaded
Starting
Done

Writing timer output

Writing debug output
Done
Bootstrapping complete
SCC. build: 20:18:54, May 31 2019. Time: 22:58:34 [Apr  3 2019]
===============================================================
Input graph (directed)		 (-g=)=../graphs/Stanford.edges
Input number of trim levels	 (-t=)=0
Pivot selection			 (-p=)=2
Specify FW-BW variant		 (-m=)=1
Specify maximum workers		 (-w=)=8
Specify randwalk iterations	 (-rand=)=10
Specify trim cutoff point	 (-cutoff=)=0
Specify how often to trim	 (-steps=)=1
Print help section		 (-h=)=No
Print SCC output to file	 (-out=)=No
Name to append output file	 (-suffix=)=PivotMaxDeg_Col_C8_iteration4
Print timers			 (-time=)=3
Print debug information		 (-a=)=3
threads 32
Loading graph
Graph loaded
Starting
Done

Writing timer output

Writing debug output
Done
Bootstrapping complete
SCC. build: 20:18:54, May 31 2019. Time: 22:59:12 [Apr  3 2019]
===============================================================
Input graph (directed)		 (-g=)=../graphs/Stanford.edges
Input number of trim levels	 (-t=)=0
Pivot selection			 (-p=)=2
Specify FW-BW variant		 (-m=)=1
Specify maximum workers		 (-w=)=8
Specify randwalk iterations	 (-rand=)=10
Specify trim cutoff point	 (-cutoff=)=0
Specify how often to trim	 (-steps=)=1
Print help section		 (-h=)=No
Print SCC output to file	 (-out=)=No
Name to append output file	 (-suffix=)=PivotMaxDeg_Col_C8_iteration5
Print timers			 (-time=)=3
Print debug information		 (-a=)=3
threads 32
Loading graph
Graph loaded
Starting
Done

Writing timer output

Writing debug output
Done
Bootstrapping complete
SCC. build: 20:18:54, May 31 2019. Time: 22:59:50 [Apr  3 2019]
===============================================================
Input graph (directed)		 (-g=)=../graphs/Stanford.edges
Input number of trim levels	 (-t=)=0
Pivot selection			 (-p=)=2
Specify FW-BW variant		 (-m=)=1
Specify maximum workers		 (-w=)=8
Specify randwalk iterations	 (-rand=)=10
Specify trim cutoff point	 (-cutoff=)=0
Specify how often to trim	 (-steps=)=1
Print help section		 (-h=)=No
Print SCC output to file	 (-out=)=No
Name to append output file	 (-suffix=)=PivotMaxDeg_Col_C8_iteration6
Print timers			 (-time=)=3
Print debug information		 (-a=)=3
threads 32
Loading graph
Graph loaded
Starting
Done

Writing timer output

Writing debug output
Done
Bootstrapping complete
SCC. build: 20:18:54, May 31 2019. Time: 23:00:28 [Apr  3 2019]
===============================================================
Input graph (directed)		 (-g=)=../graphs/Stanford.edges
Input number of trim levels	 (-t=)=0
Pivot selection			 (-p=)=2
Specify FW-BW variant		 (-m=)=1
Specify maximum workers		 (-w=)=8
Specify randwalk iterations	 (-rand=)=10
Specify trim cutoff point	 (-cutoff=)=0
Specify how often to trim	 (-steps=)=1
Print help section		 (-h=)=No
Print SCC output to file	 (-out=)=No
Name to append output file	 (-suffix=)=PivotMaxDeg_Col_C8_iteration7
Print timers			 (-time=)=3
Print debug information		 (-a=)=3
threads 32
Loading graph
Graph loaded
Starting
Done

Writing timer output

Writing debug output
Done
Bootstrapping complete
SCC. build: 20:18:54, May 31 2019. Time: 23:01:05 [Apr  3 2019]
===============================================================
Input graph (directed)		 (-g=)=../graphs/Stanford.edges
Input number of trim levels	 (-t=)=0
Pivot selection			 (-p=)=2
Specify FW-BW variant		 (-m=)=1
Specify maximum workers		 (-w=)=8
Specify randwalk iterations	 (-rand=)=10
Specify trim cutoff point	 (-cutoff=)=0
Specify how often to trim	 (-steps=)=1
Print help section		 (-h=)=No
Print SCC output to file	 (-out=)=No
Name to append output file	 (-suffix=)=PivotMaxDeg_Col_C8_iteration8
Print timers			 (-time=)=3
Print debug information		 (-a=)=3
threads 32
Loading graph
Graph loaded
Starting
Done

Writing timer output

Writing debug output
Done
Bootstrapping complete
SCC. build: 20:18:54, May 31 2019. Time: 23:01:43 [Apr  3 2019]
===============================================================
Input graph (directed)		 (-g=)=../graphs/Stanford.edges
Input number of trim levels	 (-t=)=0
Pivot selection			 (-p=)=2
Specify FW-BW variant		 (-m=)=1
Specify maximum workers		 (-w=)=8
Specify randwalk iterations	 (-rand=)=10
Specify trim cutoff point	 (-cutoff=)=0
Specify how often to trim	 (-steps=)=1
Print help section		 (-h=)=No
Print SCC output to file	 (-out=)=No
Name to append output file	 (-suffix=)=PivotMaxDeg_Col_C8_iteration9
Print timers			 (-time=)=3
Print debug information		 (-a=)=3
threads 32
Loading graph
Graph loaded
Starting
Done

Writing timer output

Writing debug output
Done
Bootstrapping complete
SCC. build: 20:18:54, May 31 2019. Time: 23:02:23 [Apr  3 2019]
===============================================================
Input graph (directed)		 (-g=)=../graphs/Stanford.edges
Input number of trim levels	 (-t=)=0
Pivot selection			 (-p=)=2
Specify FW-BW variant		 (-m=)=1
Specify maximum workers		 (-w=)=8
Specify randwalk iterations	 (-rand=)=10
Specify trim cutoff point	 (-cutoff=)=0
Specify how often to trim	 (-steps=)=1
Print help section		 (-h=)=No
Print SCC output to file	 (-out=)=No
Name to append output file	 (-suffix=)=PivotMaxDeg_Col_C8_iteration10
Print timers			 (-time=)=3
Print debug information		 (-a=)=3
threads 32
Loading graph
Graph loaded
Starting
Done

Writing timer output

Writing debug output
Done
Bootstrapping complete
SCC. build: 20:18:54, May 31 2019. Time: 23:03:02 [Apr  3 2019]
===============================================================
Input graph (directed)		 (-g=)=../graphs/Stanford.edges
Input number of trim levels	 (-t=)=0
Pivot selection			 (-p=)=2
Specify FW-BW variant		 (-m=)=1
Specify maximum workers		 (-w=)=16
Specify randwalk iterations	 (-rand=)=10
Specify trim cutoff point	 (-cutoff=)=0
Specify how often to trim	 (-steps=)=1
Print help section		 (-h=)=No
Print SCC output to file	 (-out=)=No
Name to append output file	 (-suffix=)=PivotMaxDeg_Col_C16_iteration1
Print timers			 (-time=)=3
Print debug information		 (-a=)=3
threads 32
Loading graph
Graph loaded
Starting
Done

Writing timer output

Writing debug output
Done
Bootstrapping complete
SCC. build: 20:18:54, May 31 2019. Time: 23:03:26 [Apr  3 2019]
===============================================================
Input graph (directed)		 (-g=)=../graphs/Stanford.edges
Input number of trim levels	 (-t=)=0
Pivot selection			 (-p=)=2
Specify FW-BW variant		 (-m=)=1
Specify maximum workers		 (-w=)=16
Specify randwalk iterations	 (-rand=)=10
Specify trim cutoff point	 (-cutoff=)=0
Specify how often to trim	 (-steps=)=1
Print help section		 (-h=)=No
Print SCC output to file	 (-out=)=No
Name to append output file	 (-suffix=)=PivotMaxDeg_Col_C16_iteration2
Print timers			 (-time=)=3
Print debug information		 (-a=)=3
threads 32
Loading graph
Graph loaded
Starting
Done

Writing timer output

Writing debug output
Done
Bootstrapping complete
SCC. build: 20:18:54, May 31 2019. Time: 23:03:50 [Apr  3 2019]
===============================================================
Input graph (directed)		 (-g=)=../graphs/Stanford.edges
Input number of trim levels	 (-t=)=0
Pivot selection			 (-p=)=2
Specify FW-BW variant		 (-m=)=1
Specify maximum workers		 (-w=)=16
Specify randwalk iterations	 (-rand=)=10
Specify trim cutoff point	 (-cutoff=)=0
Specify how often to trim	 (-steps=)=1
Print help section		 (-h=)=No
Print SCC output to file	 (-out=)=No
Name to append output file	 (-suffix=)=PivotMaxDeg_Col_C16_iteration3
Print timers			 (-time=)=3
Print debug information		 (-a=)=3
threads 32
Loading graph
Graph loaded
Starting
Done

Writing timer output

Writing debug output
Done
Bootstrapping complete
SCC. build: 20:18:54, May 31 2019. Time: 23:04:20 [Apr  3 2019]
===============================================================
Input graph (directed)		 (-g=)=../graphs/Stanford.edges
Input number of trim levels	 (-t=)=0
Pivot selection			 (-p=)=2
Specify FW-BW variant		 (-m=)=1
Specify maximum workers		 (-w=)=16
Specify randwalk iterations	 (-rand=)=10
Specify trim cutoff point	 (-cutoff=)=0
Specify how often to trim	 (-steps=)=1
Print help section		 (-h=)=No
Print SCC output to file	 (-out=)=No
Name to append output file	 (-suffix=)=PivotMaxDeg_Col_C16_iteration4
Print timers			 (-time=)=3
Print debug information		 (-a=)=3
threads 32
Loading graph
Graph loaded
Starting
Done

Writing timer output

Writing debug output
Done
Bootstrapping complete
SCC. build: 20:18:54, May 31 2019. Time: 23:04:47 [Apr  3 2019]
===============================================================
Input graph (directed)		 (-g=)=../graphs/Stanford.edges
Input number of trim levels	 (-t=)=0
Pivot selection			 (-p=)=2
Specify FW-BW variant		 (-m=)=1
Specify maximum workers		 (-w=)=16
Specify randwalk iterations	 (-rand=)=10
Specify trim cutoff point	 (-cutoff=)=0
Specify how often to trim	 (-steps=)=1
Print help section		 (-h=)=No
Print SCC output to file	 (-out=)=No
Name to append output file	 (-suffix=)=PivotMaxDeg_Col_C16_iteration5
Print timers			 (-time=)=3
Print debug information		 (-a=)=3
threads 32
Loading graph
Graph loaded
Starting
Done

Writing timer output

Writing debug output
Done
Bootstrapping complete
SCC. build: 20:18:54, May 31 2019. Time: 23:05:11 [Apr  3 2019]
===============================================================
Input graph (directed)		 (-g=)=../graphs/Stanford.edges
Input number of trim levels	 (-t=)=0
Pivot selection			 (-p=)=2
Specify FW-BW variant		 (-m=)=1
Specify maximum workers		 (-w=)=16
Specify randwalk iterations	 (-rand=)=10
Specify trim cutoff point	 (-cutoff=)=0
Specify how often to trim	 (-steps=)=1
Print help section		 (-h=)=No
Print SCC output to file	 (-out=)=No
Name to append output file	 (-suffix=)=PivotMaxDeg_Col_C16_iteration6
Print timers			 (-time=)=3
Print debug information		 (-a=)=3
threads 32
Loading graph
Graph loaded
Starting
Done

Writing timer output

Writing debug output
Done
Bootstrapping complete
SCC. build: 20:18:54, May 31 2019. Time: 23:05:42 [Apr  3 2019]
===============================================================
Input graph (directed)		 (-g=)=../graphs/Stanford.edges
Input number of trim levels	 (-t=)=0
Pivot selection			 (-p=)=2
Specify FW-BW variant		 (-m=)=1
Specify maximum workers		 (-w=)=16
Specify randwalk iterations	 (-rand=)=10
Specify trim cutoff point	 (-cutoff=)=0
Specify how often to trim	 (-steps=)=1
Print help section		 (-h=)=No
Print SCC output to file	 (-out=)=No
Name to append output file	 (-suffix=)=PivotMaxDeg_Col_C16_iteration7
Print timers			 (-time=)=3
Print debug information		 (-a=)=3
threads 32
Loading graph
Graph loaded
Starting
Done

Writing timer output

Writing debug output
Done
Bootstrapping complete
SCC. build: 20:18:54, May 31 2019. Time: 23:06:11 [Apr  3 2019]
===============================================================
Input graph (directed)		 (-g=)=../graphs/Stanford.edges
Input number of trim levels	 (-t=)=0
Pivot selection			 (-p=)=2
Specify FW-BW variant		 (-m=)=1
Specify maximum workers		 (-w=)=16
Specify randwalk iterations	 (-rand=)=10
Specify trim cutoff point	 (-cutoff=)=0
Specify how often to trim	 (-steps=)=1
Print help section		 (-h=)=No
Print SCC output to file	 (-out=)=No
Name to append output file	 (-suffix=)=PivotMaxDeg_Col_C16_iteration8
Print timers			 (-time=)=3
Print debug information		 (-a=)=3
threads 32
Loading graph
Graph loaded
Starting
Done

Writing timer output

Writing debug output
Done
Bootstrapping complete
SCC. build: 20:18:54, May 31 2019. Time: 23:06:35 [Apr  3 2019]
===============================================================
Input graph (directed)		 (-g=)=../graphs/Stanford.edges
Input number of trim levels	 (-t=)=0
Pivot selection			 (-p=)=2
Specify FW-BW variant		 (-m=)=1
Specify maximum workers		 (-w=)=16
Specify randwalk iterations	 (-rand=)=10
Specify trim cutoff point	 (-cutoff=)=0
Specify how often to trim	 (-steps=)=1
Print help section		 (-h=)=No
Print SCC output to file	 (-out=)=No
Name to append output file	 (-suffix=)=PivotMaxDeg_Col_C16_iteration9
Print timers			 (-time=)=3
Print debug information		 (-a=)=3
threads 32
Loading graph
Graph loaded
Starting
Done

Writing timer output

Writing debug output
Done
Bootstrapping complete
SCC. build: 20:18:54, May 31 2019. Time: 23:06:58 [Apr  3 2019]
===============================================================
Input graph (directed)		 (-g=)=../graphs/Stanford.edges
Input number of trim levels	 (-t=)=0
Pivot selection			 (-p=)=2
Specify FW-BW variant		 (-m=)=1
Specify maximum workers		 (-w=)=16
Specify randwalk iterations	 (-rand=)=10
Specify trim cutoff point	 (-cutoff=)=0
Specify how often to trim	 (-steps=)=1
Print help section		 (-h=)=No
Print SCC output to file	 (-out=)=No
Name to append output file	 (-suffix=)=PivotMaxDeg_Col_C16_iteration10
Print timers			 (-time=)=3
Print debug information		 (-a=)=3
threads 32
Loading graph
Graph loaded
Starting
Done

Writing timer output

Writing debug output
Done
Bootstrapping complete
SCC. build: 20:18:54, May 31 2019. Time: 23:07:22 [Apr  3 2019]
===============================================================
Input graph (directed)		 (-g=)=../graphs/Stanford.edges
Input number of trim levels	 (-t=)=0
Pivot selection			 (-p=)=2
Specify FW-BW variant		 (-m=)=1
Specify maximum workers		 (-w=)=24
Specify randwalk iterations	 (-rand=)=10
Specify trim cutoff point	 (-cutoff=)=0
Specify how often to trim	 (-steps=)=1
Print help section		 (-h=)=No
Print SCC output to file	 (-out=)=No
Name to append output file	 (-suffix=)=PivotMaxDeg_Col_C24_iteration1
Print timers			 (-time=)=3
Print debug information		 (-a=)=3
threads 32
Loading graph
Graph loaded
Starting
Done

Writing timer output

Writing debug output
Done
Bootstrapping complete
SCC. build: 20:18:54, May 31 2019. Time: 23:07:46 [Apr  3 2019]
===============================================================
Input graph (directed)		 (-g=)=../graphs/Stanford.edges
Input number of trim levels	 (-t=)=0
Pivot selection			 (-p=)=2
Specify FW-BW variant		 (-m=)=1
Specify maximum workers		 (-w=)=24
Specify randwalk iterations	 (-rand=)=10
Specify trim cutoff point	 (-cutoff=)=0
Specify how often to trim	 (-steps=)=1
Print help section		 (-h=)=No
Print SCC output to file	 (-out=)=No
Name to append output file	 (-suffix=)=PivotMaxDeg_Col_C24_iteration2
Print timers			 (-time=)=3
Print debug information		 (-a=)=3
threads 32
Loading graph
Graph loaded
Starting
Done

Writing timer output

Writing debug output
Done
Bootstrapping complete
SCC. build: 20:18:54, May 31 2019. Time: 23:08:12 [Apr  3 2019]
===============================================================
Input graph (directed)		 (-g=)=../graphs/Stanford.edges
Input number of trim levels	 (-t=)=0
Pivot selection			 (-p=)=2
Specify FW-BW variant		 (-m=)=1
Specify maximum workers		 (-w=)=24
Specify randwalk iterations	 (-rand=)=10
Specify trim cutoff point	 (-cutoff=)=0
Specify how often to trim	 (-steps=)=1
Print help section		 (-h=)=No
Print SCC output to file	 (-out=)=No
Name to append output file	 (-suffix=)=PivotMaxDeg_Col_C24_iteration3
Print timers			 (-time=)=3
Print debug information		 (-a=)=3
threads 32
Loading graph
Graph loaded
Starting
Done

Writing timer output

Writing debug output
Done
Bootstrapping complete
SCC. build: 20:18:54, May 31 2019. Time: 23:08:37 [Apr  3 2019]
===============================================================
Input graph (directed)		 (-g=)=../graphs/Stanford.edges
Input number of trim levels	 (-t=)=0
Pivot selection			 (-p=)=2
Specify FW-BW variant		 (-m=)=1
Specify maximum workers		 (-w=)=24
Specify randwalk iterations	 (-rand=)=10
Specify trim cutoff point	 (-cutoff=)=0
Specify how often to trim	 (-steps=)=1
Print help section		 (-h=)=No
Print SCC output to file	 (-out=)=No
Name to append output file	 (-suffix=)=PivotMaxDeg_Col_C24_iteration4
Print timers			 (-time=)=3
Print debug information		 (-a=)=3
threads 32
Loading graph
Graph loaded
Starting
Done

Writing timer output

Writing debug output
Done
Bootstrapping complete
SCC. build: 20:18:54, May 31 2019. Time: 23:09:01 [Apr  3 2019]
===============================================================
Input graph (directed)		 (-g=)=../graphs/Stanford.edges
Input number of trim levels	 (-t=)=0
Pivot selection			 (-p=)=2
Specify FW-BW variant		 (-m=)=1
Specify maximum workers		 (-w=)=24
Specify randwalk iterations	 (-rand=)=10
Specify trim cutoff point	 (-cutoff=)=0
Specify how often to trim	 (-steps=)=1
Print help section		 (-h=)=No
Print SCC output to file	 (-out=)=No
Name to append output file	 (-suffix=)=PivotMaxDeg_Col_C24_iteration5
Print timers			 (-time=)=3
Print debug information		 (-a=)=3
threads 32
Loading graph
Graph loaded
Starting
Done

Writing timer output

Writing debug output
Done
Bootstrapping complete
SCC. build: 20:18:54, May 31 2019. Time: 23:09:27 [Apr  3 2019]
===============================================================
Input graph (directed)		 (-g=)=../graphs/Stanford.edges
Input number of trim levels	 (-t=)=0
Pivot selection			 (-p=)=2
Specify FW-BW variant		 (-m=)=1
Specify maximum workers		 (-w=)=24
Specify randwalk iterations	 (-rand=)=10
Specify trim cutoff point	 (-cutoff=)=0
Specify how often to trim	 (-steps=)=1
Print help section		 (-h=)=No
Print SCC output to file	 (-out=)=No
Name to append output file	 (-suffix=)=PivotMaxDeg_Col_C24_iteration6
Print timers			 (-time=)=3
Print debug information		 (-a=)=3
threads 32
Loading graph
Graph loaded
Starting
Done

Writing timer output

Writing debug output
Done
Bootstrapping complete
SCC. build: 20:18:54, May 31 2019. Time: 23:09:52 [Apr  3 2019]
===============================================================
Input graph (directed)		 (-g=)=../graphs/Stanford.edges
Input number of trim levels	 (-t=)=0
Pivot selection			 (-p=)=2
Specify FW-BW variant		 (-m=)=1
Specify maximum workers		 (-w=)=24
Specify randwalk iterations	 (-rand=)=10
Specify trim cutoff point	 (-cutoff=)=0
Specify how often to trim	 (-steps=)=1
Print help section		 (-h=)=No
Print SCC output to file	 (-out=)=No
Name to append output file	 (-suffix=)=PivotMaxDeg_Col_C24_iteration7
Print timers			 (-time=)=3
Print debug information		 (-a=)=3
threads 32
Loading graph
Graph loaded
Starting
Done

Writing timer output

Writing debug output
Done
Bootstrapping complete
SCC. build: 20:18:54, May 31 2019. Time: 23:10:17 [Apr  3 2019]
===============================================================
Input graph (directed)		 (-g=)=../graphs/Stanford.edges
Input number of trim levels	 (-t=)=0
Pivot selection			 (-p=)=2
Specify FW-BW variant		 (-m=)=1
Specify maximum workers		 (-w=)=24
Specify randwalk iterations	 (-rand=)=10
Specify trim cutoff point	 (-cutoff=)=0
Specify how often to trim	 (-steps=)=1
Print help section		 (-h=)=No
Print SCC output to file	 (-out=)=No
Name to append output file	 (-suffix=)=PivotMaxDeg_Col_C24_iteration8
Print timers			 (-time=)=3
Print debug information		 (-a=)=3
threads 32
Loading graph
Graph loaded
Starting
Done

Writing timer output

Writing debug output
Done
Bootstrapping complete
SCC. build: 20:18:54, May 31 2019. Time: 23:10:42 [Apr  3 2019]
===============================================================
Input graph (directed)		 (-g=)=../graphs/Stanford.edges
Input number of trim levels	 (-t=)=0
Pivot selection			 (-p=)=2
Specify FW-BW variant		 (-m=)=1
Specify maximum workers		 (-w=)=24
Specify randwalk iterations	 (-rand=)=10
Specify trim cutoff point	 (-cutoff=)=0
Specify how often to trim	 (-steps=)=1
Print help section		 (-h=)=No
Print SCC output to file	 (-out=)=No
Name to append output file	 (-suffix=)=PivotMaxDeg_Col_C24_iteration9
Print timers			 (-time=)=3
Print debug information		 (-a=)=3
threads 32
Loading graph
Graph loaded
Starting
Done

Writing timer output

Writing debug output
Done
Bootstrapping complete
SCC. build: 20:18:54, May 31 2019. Time: 23:11:08 [Apr  3 2019]
===============================================================
Input graph (directed)		 (-g=)=../graphs/Stanford.edges
Input number of trim levels	 (-t=)=0
Pivot selection			 (-p=)=2
Specify FW-BW variant		 (-m=)=1
Specify maximum workers		 (-w=)=24
Specify randwalk iterations	 (-rand=)=10
Specify trim cutoff point	 (-cutoff=)=0
Specify how often to trim	 (-steps=)=1
Print help section		 (-h=)=No
Print SCC output to file	 (-out=)=No
Name to append output file	 (-suffix=)=PivotMaxDeg_Col_C24_iteration10
Print timers			 (-time=)=3
Print debug information		 (-a=)=3
threads 32
Loading graph
Graph loaded
Starting
Done

Writing timer output

Writing debug output
Done
Bootstrapping complete
SCC. build: 20:18:54, May 31 2019. Time: 23:11:34 [Apr  3 2019]
===============================================================
Input graph (directed)		 (-g=)=../graphs/Stanford.edges
Input number of trim levels	 (-t=)=0
Pivot selection			 (-p=)=2
Specify FW-BW variant		 (-m=)=1
Specify maximum workers		 (-w=)=32
Specify randwalk iterations	 (-rand=)=10
Specify trim cutoff point	 (-cutoff=)=0
Specify how often to trim	 (-steps=)=1
Print help section		 (-h=)=No
Print SCC output to file	 (-out=)=No
Name to append output file	 (-suffix=)=PivotMaxDeg_Col_C32_iteration1
Print timers			 (-time=)=3
Print debug information		 (-a=)=3
threads 32
Loading graph
Graph loaded
Starting
Done

Writing timer output

Writing debug output
Done
Bootstrapping complete
SCC. build: 20:18:54, May 31 2019. Time: 23:14:57 [Apr  3 2019]
===============================================================
Input graph (directed)		 (-g=)=../graphs/Stanford.edges
Input number of trim levels	 (-t=)=0
Pivot selection			 (-p=)=2
Specify FW-BW variant		 (-m=)=1
Specify maximum workers		 (-w=)=32
Specify randwalk iterations	 (-rand=)=10
Specify trim cutoff point	 (-cutoff=)=0
Specify how often to trim	 (-steps=)=1
Print help section		 (-h=)=No
Print SCC output to file	 (-out=)=No
Name to append output file	 (-suffix=)=PivotMaxDeg_Col_C32_iteration2
Print timers			 (-time=)=3
Print debug information		 (-a=)=3
threads 32
Loading graph
Graph loaded
Starting
Done

Writing timer output

Writing debug output
Done
Bootstrapping complete
SCC. build: 20:18:54, May 31 2019. Time: 23:15:18 [Apr  3 2019]
===============================================================
Input graph (directed)		 (-g=)=../graphs/Stanford.edges
Input number of trim levels	 (-t=)=0
Pivot selection			 (-p=)=2
Specify FW-BW variant		 (-m=)=1
Specify maximum workers		 (-w=)=32
Specify randwalk iterations	 (-rand=)=10
Specify trim cutoff point	 (-cutoff=)=0
Specify how often to trim	 (-steps=)=1
Print help section		 (-h=)=No
Print SCC output to file	 (-out=)=No
Name to append output file	 (-suffix=)=PivotMaxDeg_Col_C32_iteration3
Print timers			 (-time=)=3
Print debug information		 (-a=)=3
threads 32
Loading graph
Graph loaded
Starting
Done

Writing timer output

Writing debug output
Done
Bootstrapping complete
SCC. build: 20:18:54, May 31 2019. Time: 23:21:48 [Apr  3 2019]
===============================================================
Input graph (directed)		 (-g=)=../graphs/Stanford.edges
Input number of trim levels	 (-t=)=0
Pivot selection			 (-p=)=2
Specify FW-BW variant		 (-m=)=1
Specify maximum workers		 (-w=)=32
Specify randwalk iterations	 (-rand=)=10
Specify trim cutoff point	 (-cutoff=)=0
Specify how often to trim	 (-steps=)=1
Print help section		 (-h=)=No
Print SCC output to file	 (-out=)=No
Name to append output file	 (-suffix=)=PivotMaxDeg_Col_C32_iteration4
Print timers			 (-time=)=3
Print debug information		 (-a=)=3
threads 32
Loading graph
Graph loaded
Starting
Done

Writing timer output

Writing debug output
Done
Bootstrapping complete
SCC. build: 20:18:54, May 31 2019. Time: 23:26:42 [Apr  3 2019]
===============================================================
Input graph (directed)		 (-g=)=../graphs/Stanford.edges
Input number of trim levels	 (-t=)=0
Pivot selection			 (-p=)=2
Specify FW-BW variant		 (-m=)=1
Specify maximum workers		 (-w=)=32
Specify randwalk iterations	 (-rand=)=10
Specify trim cutoff point	 (-cutoff=)=0
Specify how often to trim	 (-steps=)=1
Print help section		 (-h=)=No
Print SCC output to file	 (-out=)=No
Name to append output file	 (-suffix=)=PivotMaxDeg_Col_C32_iteration5
Print timers			 (-time=)=3
Print debug information		 (-a=)=3
threads 32
Loading graph
Graph loaded
Starting
Done

Writing timer output

Writing debug output
Done
Bootstrapping complete
SCC. build: 20:18:54, May 31 2019. Time: 23:29:44 [Apr  3 2019]
===============================================================
Input graph (directed)		 (-g=)=../graphs/Stanford.edges
Input number of trim levels	 (-t=)=0
Pivot selection			 (-p=)=2
Specify FW-BW variant		 (-m=)=1
Specify maximum workers		 (-w=)=32
Specify randwalk iterations	 (-rand=)=10
Specify trim cutoff point	 (-cutoff=)=0
Specify how often to trim	 (-steps=)=1
Print help section		 (-h=)=No
Print SCC output to file	 (-out=)=No
Name to append output file	 (-suffix=)=PivotMaxDeg_Col_C32_iteration6
Print timers			 (-time=)=3
Print debug information		 (-a=)=3
threads 32
Loading graph
Graph loaded
Starting
Done

Writing timer output

Writing debug output
Done
Bootstrapping complete
SCC. build: 20:18:54, May 31 2019. Time: 23:30:07 [Apr  3 2019]
===============================================================
Input graph (directed)		 (-g=)=../graphs/Stanford.edges
Input number of trim levels	 (-t=)=0
Pivot selection			 (-p=)=2
Specify FW-BW variant		 (-m=)=1
Specify maximum workers		 (-w=)=32
Specify randwalk iterations	 (-rand=)=10
Specify trim cutoff point	 (-cutoff=)=0
Specify how often to trim	 (-steps=)=1
Print help section		 (-h=)=No
Print SCC output to file	 (-out=)=No
Name to append output file	 (-suffix=)=PivotMaxDeg_Col_C32_iteration7
Print timers			 (-time=)=3
Print debug information		 (-a=)=3
threads 32
Loading graph
Graph loaded
Starting
Done

Writing timer output

Writing debug output
Done
Bootstrapping complete
SCC. build: 20:18:54, May 31 2019. Time: 23:30:29 [Apr  3 2019]
===============================================================
Input graph (directed)		 (-g=)=../graphs/Stanford.edges
Input number of trim levels	 (-t=)=0
Pivot selection			 (-p=)=2
Specify FW-BW variant		 (-m=)=1
Specify maximum workers		 (-w=)=32
Specify randwalk iterations	 (-rand=)=10
Specify trim cutoff point	 (-cutoff=)=0
Specify how often to trim	 (-steps=)=1
Print help section		 (-h=)=No
Print SCC output to file	 (-out=)=No
Name to append output file	 (-suffix=)=PivotMaxDeg_Col_C32_iteration8
Print timers			 (-time=)=3
Print debug information		 (-a=)=3
threads 32
Loading graph
Graph loaded
Starting
Done

Writing timer output

Writing debug output
Done
Bootstrapping complete
SCC. build: 20:18:54, May 31 2019. Time: 23:30:53 [Apr  3 2019]
===============================================================
Input graph (directed)		 (-g=)=../graphs/Stanford.edges
Input number of trim levels	 (-t=)=0
Pivot selection			 (-p=)=2
Specify FW-BW variant		 (-m=)=1
Specify maximum workers		 (-w=)=32
Specify randwalk iterations	 (-rand=)=10
Specify trim cutoff point	 (-cutoff=)=0
Specify how often to trim	 (-steps=)=1
Print help section		 (-h=)=No
Print SCC output to file	 (-out=)=No
Name to append output file	 (-suffix=)=PivotMaxDeg_Col_C32_iteration9
Print timers			 (-time=)=3
Print debug information		 (-a=)=3
threads 32
Loading graph
Graph loaded
Starting
Done

Writing timer output

Writing debug output
Done
Bootstrapping complete
SCC. build: 20:18:54, May 31 2019. Time: 23:31:14 [Apr  3 2019]
===============================================================
Input graph (directed)		 (-g=)=../graphs/Stanford.edges
Input number of trim levels	 (-t=)=0
Pivot selection			 (-p=)=2
Specify FW-BW variant		 (-m=)=1
Specify maximum workers		 (-w=)=32
Specify randwalk iterations	 (-rand=)=10
Specify trim cutoff point	 (-cutoff=)=0
Specify how often to trim	 (-steps=)=1
Print help section		 (-h=)=No
Print SCC output to file	 (-out=)=No
Name to append output file	 (-suffix=)=PivotMaxDeg_Col_C32_iteration10
Print timers			 (-time=)=3
Print debug information		 (-a=)=3
threads 32
Loading graph
Graph loaded
Starting
Done

Writing timer output

Writing debug output
Done
